#
# There is insufficient memory for the Java Runtime Environment to continue.
# Native memory allocation (malloc) failed to allocate 32744 bytes for ChunkPool::allocate
# Possible reasons:
#   The system is out of physical RAM or swap space
#   The process is running with CompressedOops enabled, and the Java Heap may be blocking the growth of the native heap
# Possible solutions:
#   Reduce memory load on the system
#   Increase physical memory or swap space
#   Check if swap backing store is full
#   Decrease Java heap size (-Xmx/-Xms)
#   Decrease number of Java threads
#   Decrease Java thread stack sizes (-Xss)
#   Set larger code cache with -XX:ReservedCodeCacheSize=
#   JVM is running with Unscaled Compressed Oops mode in which the Java heap is
#     placed in the first 4GB address space. The Java Heap base address is the
#     maximum limit for the native heap growth. Please use -XX:HeapBaseMinAddress
#     to set the Java Heap base and to place the Java Heap above 4GB virtual address.
# This output file may be truncated or incomplete.
#
#  Out of Memory Error (arena.cpp:78), pid=7208, tid=8044
#
# JRE version: OpenJDK Runtime Environment (17.0.6) (build 17.0.6+0-b2043.56-10027231)
# Java VM: OpenJDK 64-Bit Server VM (17.0.6+0-b2043.56-10027231, mixed mode, tiered, compressed oops, compressed class ptrs, g1 gc, windows-amd64)
# No core dump will be written. Minidumps are not enabled by default on client versions of Windows
#

---------------  S U M M A R Y ------------

Command Line: --add-opens=java.base/java.util=ALL-UNNAMED --add-opens=java.base/java.lang=ALL-UNNAMED --add-opens=java.base/java.lang.invoke=ALL-UNNAMED --add-opens=java.prefs/java.util.prefs=ALL-UNNAMED --add-opens=java.base/java.nio.charset=ALL-UNNAMED --add-opens=java.base/java.net=ALL-UNNAMED --add-opens=java.base/java.util.concurrent.atomic=ALL-UNNAMED -Xmx2048m -Dfile.encoding=UTF-8 -Duser.country=ID -Duser.language=en -Duser.variant org.gradle.launcher.daemon.bootstrap.GradleDaemon 8.0

Host: AMD A9-9420 RADEON R5, 5 COMPUTE CORES 2C+3G   , 2 cores, 11G,  Windows 10 , 64 bit Build 19041 (10.0.19041.5438)
Time: Sun Apr  6 01:23:31 2025 SE Asia Standard Time elapsed time: 519.870137 seconds (0d 0h 8m 39s)

---------------  T H R E A D  ---------------

Current thread (0x000001a7d4832ab0):  JavaThread "C2 CompilerThread0" daemon [_thread_in_native, id=8044, stack(0x000000848c000000,0x000000848c100000)]


Current CompileTask:
C2: 519870 14566       4       org.gradle.internal.service.DefaultServiceRegistry$ClassInspector::getDetailsForClass (50 bytes)

Stack: [0x000000848c000000,0x000000848c100000]
Native frames: (J=compiled Java code, j=interpreted, Vv=VM code, C=native code)
V  [jvm.dll+0x683c9a]
V  [jvm.dll+0x8427a4]
V  [jvm.dll+0x843f9e]
V  [jvm.dll+0x844603]
V  [jvm.dll+0x249b75]
V  [jvm.dll+0xabecc]
V  [jvm.dll+0xac27c]
V  [jvm.dll+0xabdbb]
V  [jvm.dll+0x82bedc]
V  [jvm.dll+0x58f45d]
V  [jvm.dll+0x58b693]
V  [jvm.dll+0x58b444]
V  [jvm.dll+0x58a688]
V  [jvm.dll+0x2243b2]
V  [jvm.dll+0x21dbe9]
V  [jvm.dll+0x21b51b]
V  [jvm.dll+0x1a4fdd]
V  [jvm.dll+0x22b098]
V  [jvm.dll+0x229159]
V  [jvm.dll+0x7f81ec]
V  [jvm.dll+0x7f274a]
V  [jvm.dll+0x682ad5]
C  [ucrtbase.dll+0x21bb2]
C  [KERNEL32.DLL+0x17374]
C  [ntdll.dll+0x4cc91]


---------------  P R O C E S S  ---------------

Threads class SMR info:
_java_thread_list=0x000001a7d8d8e1d0, length=35, elements={
0x000001a7bac61660, 0x000001a7d480d6c0, 0x000001a7d480e6c0, 0x000001a7d482d3b0,
0x000001a7d4830c90, 0x000001a7d4831550, 0x000001a7d4831e10, 0x000001a7d4832ab0,
0x000001a7d48a3c90, 0x000001a7d48a81c0, 0x000001a7d49c4420, 0x000001a7d49c48f0,
0x000001a7d5d75020, 0x000001a7d4f01030, 0x000001a7d53f7760, 0x000001a7d5cf9890,
0x000001a7d5cfb570, 0x000001a7d5cf8a20, 0x000001a7d5cfabd0, 0x000001a7d5cf8550,
0x000001a7d5cfa230, 0x000001a7d7168f00, 0x000001a7d71698a0, 0x000001a7d7168090,
0x000001a7d716c3f0, 0x000001a7d74143f0, 0x000001a7d74195c0, 0x000001a7d74148c0,
0x000001a7d7414d90, 0x000001a7d7415730, 0x000001a7d7415c00, 0x000001a7d7416f40,
0x000001a7d74160d0, 0x000001a7d7417410, 0x000001a7dbc3d020
}

Java Threads: ( => current thread )
  0x000001a7bac61660 JavaThread "main" [_thread_blocked, id=11584, stack(0x000000848b300000,0x000000848b400000)]
  0x000001a7d480d6c0 JavaThread "Reference Handler" daemon [_thread_blocked, id=2684, stack(0x000000848ba00000,0x000000848bb00000)]
  0x000001a7d480e6c0 JavaThread "Finalizer" daemon [_thread_blocked, id=12608, stack(0x000000848bb00000,0x000000848bc00000)]
  0x000001a7d482d3b0 JavaThread "Signal Dispatcher" daemon [_thread_blocked, id=1040, stack(0x000000848bc00000,0x000000848bd00000)]
  0x000001a7d4830c90 JavaThread "Attach Listener" daemon [_thread_blocked, id=8860, stack(0x000000848bd00000,0x000000848be00000)]
  0x000001a7d4831550 JavaThread "Service Thread" daemon [_thread_blocked, id=10872, stack(0x000000848be00000,0x000000848bf00000)]
  0x000001a7d4831e10 JavaThread "Monitor Deflation Thread" daemon [_thread_blocked, id=10532, stack(0x000000848bf00000,0x000000848c000000)]
=>0x000001a7d4832ab0 JavaThread "C2 CompilerThread0" daemon [_thread_in_native, id=8044, stack(0x000000848c000000,0x000000848c100000)]
  0x000001a7d48a3c90 JavaThread "C1 CompilerThread0" daemon [_thread_in_native, id=9476, stack(0x000000848c100000,0x000000848c200000)]
  0x000001a7d48a81c0 JavaThread "Sweeper thread" daemon [_thread_blocked, id=8528, stack(0x000000848c200000,0x000000848c300000)]
  0x000001a7d49c4420 JavaThread "Common-Cleaner" daemon [_thread_blocked, id=12052, stack(0x000000848c300000,0x000000848c400000)]
  0x000001a7d49c48f0 JavaThread "Notification Thread" daemon [_thread_blocked, id=10176, stack(0x000000848c400000,0x000000848c500000)]
  0x000001a7d5d75020 JavaThread "Daemon health stats" [_thread_blocked, id=7700, stack(0x000000848c700000,0x000000848c800000)]
  0x000001a7d4f01030 JavaThread "Incoming local TCP Connector on port 63188" [_thread_in_native, id=10072, stack(0x000000848c800000,0x000000848c900000)]
  0x000001a7d53f7760 JavaThread "Daemon periodic checks" [_thread_blocked, id=12652, stack(0x000000848c900000,0x000000848ca00000)]
  0x000001a7d5cf9890 JavaThread "Cache worker for journal cache (C:\Users\LENOVO\.gradle\caches\journal-1)" [_thread_blocked, id=7408, stack(0x000000848d100000,0x000000848d200000)]
  0x000001a7d5cfb570 JavaThread "File lock request listener" [_thread_in_native, id=12388, stack(0x000000848d200000,0x000000848d300000)]
  0x000001a7d5cf8a20 JavaThread "Cache worker for file hash cache (C:\Users\LENOVO\.gradle\caches\8.0\fileHashes)" [_thread_blocked, id=7124, stack(0x000000848d300000,0x000000848d400000)]
  0x000001a7d5cfabd0 JavaThread "File watcher server" daemon [_thread_in_native, id=8872, stack(0x000000848d400000,0x000000848d500000)]
  0x000001a7d5cf8550 JavaThread "File watcher consumer" daemon [_thread_blocked, id=12460, stack(0x000000848d500000,0x000000848d600000)]
  0x000001a7d5cfa230 JavaThread "Cache worker for file content cache (C:\Users\LENOVO\.gradle\caches\8.0\fileContent)" [_thread_blocked, id=3152, stack(0x000000848d800000,0x000000848d900000)]
  0x000001a7d7168f00 JavaThread "Cache worker for execution history cache (C:\Users\LENOVO\.gradle\caches\8.0\executionHistory)" [_thread_blocked, id=9724, stack(0x000000848db00000,0x000000848dc00000)]
  0x000001a7d71698a0 JavaThread "jar transforms" [_thread_blocked, id=6656, stack(0x000000848dc00000,0x000000848dd00000)]
  0x000001a7d7168090 JavaThread "jar transforms Thread 2" [_thread_blocked, id=3664, stack(0x000000848dd00000,0x000000848de00000)]
  0x000001a7d716c3f0 JavaThread "Cache worker for kotlin-dsl (C:\Users\LENOVO\.gradle\caches\8.0\kotlin-dsl)" [_thread_blocked, id=10632, stack(0x000000848df00000,0x000000848e000000)]
  0x000001a7d74143f0 JavaThread "Memory manager" [_thread_blocked, id=9888, stack(0x000000848f700000,0x000000848f800000)]
  0x000001a7d74195c0 JavaThread "Daemon Thread 2" [_thread_blocked, id=4804, stack(0x000000848b100000,0x000000848b200000)]
  0x000001a7d74148c0 JavaThread "Handler for socket connection from /127.0.0.1:63188 to /127.0.0.1:63359" [_thread_in_native, id=4464, stack(0x000000848b200000,0x000000848b300000)]
  0x000001a7d7414d90 JavaThread "Cancel handler" [_thread_blocked, id=13048, stack(0x000000848ca00000,0x000000848cb00000)]
  0x000001a7d7415730 JavaThread "Daemon worker Thread 2" [_thread_in_native, id=5288, stack(0x000000848cb00000,0x000000848cc00000)]
  0x000001a7d7415c00 JavaThread "Asynchronous log dispatcher for DefaultDaemonConnection: socket connection from /127.0.0.1:63188 to /127.0.0.1:63359" [_thread_blocked, id=5536, stack(0x000000848cc00000,0x000000848cd00000)]
  0x000001a7d7416f40 JavaThread "Stdin handler" [_thread_blocked, id=12892, stack(0x000000848cd00000,0x000000848ce00000)]
  0x000001a7d74160d0 JavaThread "Daemon client event forwarder" [_thread_blocked, id=11560, stack(0x000000848ce00000,0x000000848cf00000)]
  0x000001a7d7417410 JavaThread "Cache worker for checksums cache (G:\Skripsi\WidyaAksara\.gradle\8.0\checksums)" [_thread_blocked, id=10192, stack(0x000000848cf00000,0x000000848d000000)]
  0x000001a7dbc3d020 JavaThread "Cache worker for cache directory md-rule (C:\Users\LENOVO\.gradle\caches\8.0\md-rule)" [_thread_blocked, id=13216, stack(0x000000848d000000,0x000000848d100000)]

Other Threads:
  0x000001a7d3d342d0 VMThread "VM Thread" [stack: 0x000000848b900000,0x000000848ba00000] [id=12584]
  0x000001a7d49c20f0 WatcherThread [stack: 0x000000848c500000,0x000000848c600000] [id=9328]
  0x000001a7bacbcea0 GCTaskThread "GC Thread#0" [stack: 0x000000848b400000,0x000000848b500000] [id=2476]
  0x000001a7d4b19c70 GCTaskThread "GC Thread#1" [stack: 0x000000848c600000,0x000000848c700000] [id=12188]
  0x000001a7baccdcf0 ConcurrentGCThread "G1 Main Marker" [stack: 0x000000848b500000,0x000000848b600000] [id=10596]
  0x000001a7bacce610 ConcurrentGCThread "G1 Conc#0" [stack: 0x000000848b600000,0x000000848b700000] [id=12268]
  0x000001a7d3b780e0 ConcurrentGCThread "G1 Refine#0" [stack: 0x000000848b700000,0x000000848b800000] [id=12216]
  0x000001a7d6111d40 ConcurrentGCThread "G1 Refine#1" [stack: 0x000000848de00000,0x000000848df00000] [id=11604]
  0x000001a7d3b78910 ConcurrentGCThread "G1 Service" [stack: 0x000000848b800000,0x000000848b900000] [id=12552]

Threads with active compile tasks:
C2 CompilerThread0   519914 14566       4       org.gradle.internal.service.DefaultServiceRegistry$ClassInspector::getDetailsForClass (50 bytes)

VM state: not at safepoint (normal execution)

VM Mutex/Monitor currently owned by a thread: None

OutOfMemory and StackOverflow Exception counts:
OutOfMemoryError java_heap_errors=1
LinkageErrors=158

Heap address: 0x0000000080000000, size: 2048 MB, Compressed Oops mode: 32-bit

CDS archive(s) not mapped
Compressed class space mapped at: 0x0000000100000000-0x0000000140000000, reserved size: 1073741824
Narrow klass base: 0x0000000000000000, Narrow klass shift: 3, Narrow klass range: 0x140000000

GC Precious Log:
 CPUs: 2 total, 2 available
 Memory: 11680M
 Large Page Support: Disabled
 NUMA Support: Disabled
 Compressed Oops: Enabled (32-bit)
 Heap Region Size: 1M
 Heap Min Capacity: 8M
 Heap Initial Capacity: 184M
 Heap Max Capacity: 2G
 Pre-touch: Disabled
 Parallel Workers: 2
 Concurrent Workers: 1
 Concurrent Refinement Workers: 2
 Periodic GC: Disabled

Heap:
 garbage-first heap   total 280576K, used 230839K [0x0000000080000000, 0x0000000100000000)
  region size 1024K, 119 young (121856K), 6 survivors (6144K)
 Metaspace       used 102161K, committed 102912K, reserved 1138688K
  class space    used 13694K, committed 14080K, reserved 1048576K

Heap Regions: E=young(eden), S=young(survivor), O=old, HS=humongous(starts), HC=humongous(continues), CS=collection set, F=free, OA=open archive, CA=closed archive, TAMS=top-at-mark-start (previous, next)
|   0|0x0000000080000000, 0x0000000080100000, 0x0000000080100000|100%|HS|  |TAMS 0x0000000080100000, 0x0000000080000000| Complete 
|   1|0x0000000080100000, 0x0000000080200000, 0x0000000080200000|100%|HC|  |TAMS 0x0000000080200000, 0x0000000080100000| Complete 
|   2|0x0000000080200000, 0x0000000080300000, 0x0000000080300000|100%|HC|  |TAMS 0x0000000080300000, 0x0000000080200000| Complete 
|   3|0x0000000080300000, 0x0000000080400000, 0x0000000080400000|100%|HC|  |TAMS 0x0000000080400000, 0x0000000080300000| Complete 
|   4|0x0000000080400000, 0x0000000080500000, 0x0000000080500000|100%| O|  |TAMS 0x0000000080500000, 0x0000000080400000| Untracked 
|   5|0x0000000080500000, 0x0000000080600000, 0x0000000080600000|100%| O|  |TAMS 0x0000000080600000, 0x0000000080500000| Untracked 
|   6|0x0000000080600000, 0x0000000080700000, 0x0000000080700000|100%| O|  |TAMS 0x0000000080700000, 0x0000000080600000| Untracked 
|   7|0x0000000080700000, 0x0000000080800000, 0x0000000080800000|100%| O|  |TAMS 0x0000000080800000, 0x0000000080700000| Untracked 
|   8|0x0000000080800000, 0x0000000080900000, 0x0000000080900000|100%| O|  |TAMS 0x0000000080900000, 0x0000000080800000| Untracked 
|   9|0x0000000080900000, 0x0000000080a00000, 0x0000000080a00000|100%| O|  |TAMS 0x0000000080a00000, 0x0000000080900000| Untracked 
|  10|0x0000000080a00000, 0x0000000080b00000, 0x0000000080b00000|100%| O|  |TAMS 0x0000000080b00000, 0x0000000080a00000| Untracked 
|  11|0x0000000080b00000, 0x0000000080c00000, 0x0000000080c00000|100%| O|  |TAMS 0x0000000080c00000, 0x0000000080b00000| Untracked 
|  12|0x0000000080c00000, 0x0000000080d00000, 0x0000000080d00000|100%| O|  |TAMS 0x0000000080d00000, 0x0000000080c00000| Untracked 
|  13|0x0000000080d00000, 0x0000000080e00000, 0x0000000080e00000|100%| O|  |TAMS 0x0000000080e00000, 0x0000000080d00000| Untracked 
|  14|0x0000000080e00000, 0x0000000080f00000, 0x0000000080f00000|100%| O|  |TAMS 0x0000000080f00000, 0x0000000080e00000| Untracked 
|  15|0x0000000080f00000, 0x0000000081000000, 0x0000000081000000|100%| O|  |TAMS 0x0000000081000000, 0x0000000080f00000| Untracked 
|  16|0x0000000081000000, 0x0000000081100000, 0x0000000081100000|100%| O|  |TAMS 0x0000000081100000, 0x0000000081000000| Untracked 
|  17|0x0000000081100000, 0x0000000081200000, 0x0000000081200000|100%| O|  |TAMS 0x0000000081200000, 0x0000000081100000| Untracked 
|  18|0x0000000081200000, 0x0000000081300000, 0x0000000081300000|100%| O|  |TAMS 0x0000000081300000, 0x0000000081200000| Untracked 
|  19|0x0000000081300000, 0x0000000081400000, 0x0000000081400000|100%| O|  |TAMS 0x0000000081400000, 0x0000000081300000| Untracked 
|  20|0x0000000081400000, 0x0000000081500000, 0x0000000081500000|100%| O|  |TAMS 0x0000000081500000, 0x0000000081400000| Untracked 
|  21|0x0000000081500000, 0x0000000081600000, 0x0000000081600000|100%| O|  |TAMS 0x0000000081600000, 0x0000000081500000| Untracked 
|  22|0x0000000081600000, 0x0000000081700000, 0x0000000081700000|100%| O|  |TAMS 0x0000000081700000, 0x0000000081600000| Untracked 
|  23|0x0000000081700000, 0x0000000081800000, 0x0000000081800000|100%| O|  |TAMS 0x0000000081800000, 0x0000000081700000| Untracked 
|  24|0x0000000081800000, 0x0000000081900000, 0x0000000081900000|100%| O|  |TAMS 0x0000000081900000, 0x0000000081800000| Untracked 
|  25|0x0000000081900000, 0x0000000081a00000, 0x0000000081a00000|100%| O|  |TAMS 0x0000000081a00000, 0x0000000081900000| Untracked 
|  26|0x0000000081a00000, 0x0000000081b00000, 0x0000000081b00000|100%| O|  |TAMS 0x0000000081b00000, 0x0000000081a00000| Untracked 
|  27|0x0000000081b00000, 0x0000000081c00000, 0x0000000081c00000|100%| O|  |TAMS 0x0000000081c00000, 0x0000000081b00000| Untracked 
|  28|0x0000000081c00000, 0x0000000081d00000, 0x0000000081d00000|100%| O|  |TAMS 0x0000000081d00000, 0x0000000081c00000| Untracked 
|  29|0x0000000081d00000, 0x0000000081e00000, 0x0000000081e00000|100%| O|  |TAMS 0x0000000081e00000, 0x0000000081d00000| Untracked 
|  30|0x0000000081e00000, 0x0000000081f00000, 0x0000000081f00000|100%| O|  |TAMS 0x0000000081f00000, 0x0000000081e00000| Untracked 
|  31|0x0000000081f00000, 0x0000000082000000, 0x0000000082000000|100%|HS|  |TAMS 0x0000000082000000, 0x0000000081f00000| Complete 
|  32|0x0000000082000000, 0x0000000082100000, 0x0000000082100000|100%|HS|  |TAMS 0x0000000082100000, 0x0000000082000000| Complete 
|  33|0x0000000082100000, 0x0000000082200000, 0x0000000082200000|100%|HS|  |TAMS 0x0000000082200000, 0x0000000082100000| Complete 
|  34|0x0000000082200000, 0x0000000082300000, 0x0000000082300000|100%|HC|  |TAMS 0x0000000082300000, 0x0000000082200000| Complete 
|  35|0x0000000082300000, 0x0000000082400000, 0x0000000082400000|100%|HS|  |TAMS 0x0000000082400000, 0x0000000082300000| Complete 
|  36|0x0000000082400000, 0x0000000082500000, 0x0000000082500000|100%| O|  |TAMS 0x0000000082500000, 0x0000000082400000| Untracked 
|  37|0x0000000082500000, 0x0000000082600000, 0x0000000082600000|100%| O|  |TAMS 0x0000000082600000, 0x0000000082500000| Untracked 
|  38|0x0000000082600000, 0x0000000082700000, 0x0000000082700000|100%| O|  |TAMS 0x0000000082700000, 0x0000000082600000| Untracked 
|  39|0x0000000082700000, 0x0000000082800000, 0x0000000082800000|100%| O|  |TAMS 0x0000000082800000, 0x0000000082700000| Untracked 
|  40|0x0000000082800000, 0x0000000082900000, 0x0000000082900000|100%|HS|  |TAMS 0x0000000082900000, 0x0000000082800000| Complete 
|  41|0x0000000082900000, 0x0000000082a00000, 0x0000000082a00000|100%|HC|  |TAMS 0x0000000082a00000, 0x0000000082900000| Complete 
|  42|0x0000000082a00000, 0x0000000082b00000, 0x0000000082b00000|100%|HC|  |TAMS 0x0000000082b00000, 0x0000000082a00000| Complete 
|  43|0x0000000082b00000, 0x0000000082c00000, 0x0000000082c00000|100%|HC|  |TAMS 0x0000000082c00000, 0x0000000082b00000| Complete 
|  44|0x0000000082c00000, 0x0000000082d00000, 0x0000000082d00000|100%| O|  |TAMS 0x0000000082d00000, 0x0000000082c00000| Untracked 
|  45|0x0000000082d00000, 0x0000000082e00000, 0x0000000082e00000|100%| O|  |TAMS 0x0000000082e00000, 0x0000000082d00000| Untracked 
|  46|0x0000000082e00000, 0x0000000082f00000, 0x0000000082f00000|100%| O|  |TAMS 0x0000000082f00000, 0x0000000082e00000| Untracked 
|  47|0x0000000082f00000, 0x0000000083000000, 0x0000000083000000|100%| O|  |TAMS 0x0000000083000000, 0x0000000082f00000| Untracked 
|  48|0x0000000083000000, 0x0000000083100000, 0x0000000083100000|100%| O|  |TAMS 0x0000000083100000, 0x0000000083000000| Untracked 
|  49|0x0000000083100000, 0x0000000083200000, 0x0000000083200000|100%| O|  |TAMS 0x0000000083200000, 0x0000000083100000| Untracked 
|  50|0x0000000083200000, 0x0000000083300000, 0x0000000083300000|100%|HS|  |TAMS 0x0000000083200000, 0x0000000083200000| Complete 
|  51|0x0000000083300000, 0x0000000083400000, 0x0000000083400000|100%| O|  |TAMS 0x0000000083400000, 0x0000000083300000| Untracked 
|  52|0x0000000083400000, 0x0000000083500000, 0x0000000083500000|100%| O|  |TAMS 0x0000000083500000, 0x0000000083400000| Untracked 
|  53|0x0000000083500000, 0x0000000083600000, 0x0000000083600000|100%| O|  |TAMS 0x0000000083600000, 0x0000000083500000| Untracked 
|  54|0x0000000083600000, 0x0000000083700000, 0x0000000083700000|100%| O|  |TAMS 0x0000000083700000, 0x0000000083600000| Untracked 
|  55|0x0000000083700000, 0x0000000083800000, 0x0000000083800000|100%| O|  |TAMS 0x0000000083800000, 0x0000000083700000| Untracked 
|  56|0x0000000083800000, 0x0000000083900000, 0x0000000083900000|100%| O|  |TAMS 0x0000000083900000, 0x0000000083800000| Untracked 
|  57|0x0000000083900000, 0x0000000083a00000, 0x0000000083a00000|100%| O|  |TAMS 0x0000000083a00000, 0x0000000083900000| Untracked 
|  58|0x0000000083a00000, 0x0000000083b00000, 0x0000000083b00000|100%| O|  |TAMS 0x0000000083b00000, 0x0000000083a00000| Untracked 
|  59|0x0000000083b00000, 0x0000000083c00000, 0x0000000083c00000|100%| O|  |TAMS 0x0000000083c00000, 0x0000000083b00000| Untracked 
|  60|0x0000000083c00000, 0x0000000083d00000, 0x0000000083d00000|100%| O|  |TAMS 0x0000000083d00000, 0x0000000083c00000| Untracked 
|  61|0x0000000083d00000, 0x0000000083e00000, 0x0000000083e00000|100%| O|  |TAMS 0x0000000083e00000, 0x0000000083d00000| Untracked 
|  62|0x0000000083e00000, 0x0000000083f00000, 0x0000000083f00000|100%| O|  |TAMS 0x0000000083f00000, 0x0000000083e00000| Untracked 
|  63|0x0000000083f00000, 0x0000000084000000, 0x0000000084000000|100%| O|  |TAMS 0x0000000084000000, 0x0000000083f00000| Untracked 
|  64|0x0000000084000000, 0x0000000084100000, 0x0000000084100000|100%| O|  |TAMS 0x0000000084100000, 0x0000000084000000| Untracked 
|  65|0x0000000084100000, 0x0000000084200000, 0x0000000084200000|100%| O|  |TAMS 0x0000000084200000, 0x0000000084100000| Untracked 
|  66|0x0000000084200000, 0x0000000084300000, 0x0000000084300000|100%| O|  |TAMS 0x0000000084300000, 0x0000000084200000| Untracked 
|  67|0x0000000084300000, 0x0000000084400000, 0x0000000084400000|100%| O|  |TAMS 0x0000000084400000, 0x0000000084300000| Untracked 
|  68|0x0000000084400000, 0x0000000084500000, 0x0000000084500000|100%| O|  |TAMS 0x0000000084500000, 0x0000000084400000| Untracked 
|  69|0x0000000084500000, 0x0000000084600000, 0x0000000084600000|100%| O|  |TAMS 0x0000000084600000, 0x0000000084500000| Untracked 
|  70|0x0000000084600000, 0x0000000084700000, 0x0000000084700000|100%| O|  |TAMS 0x0000000084700000, 0x0000000084600000| Untracked 
|  71|0x0000000084700000, 0x0000000084800000, 0x0000000084800000|100%| O|  |TAMS 0x0000000084800000, 0x0000000084700000| Untracked 
|  72|0x0000000084800000, 0x0000000084900000, 0x0000000084900000|100%| O|  |TAMS 0x0000000084900000, 0x0000000084800000| Untracked 
|  73|0x0000000084900000, 0x0000000084a00000, 0x0000000084a00000|100%| O|  |TAMS 0x0000000084a00000, 0x0000000084900000| Complete 
|  74|0x0000000084a00000, 0x0000000084b00000, 0x0000000084b00000|100%| O|  |TAMS 0x0000000084b00000, 0x0000000084a00000| Untracked 
|  75|0x0000000084b00000, 0x0000000084c00000, 0x0000000084c00000|100%| O|  |TAMS 0x0000000084c00000, 0x0000000084b00000| Untracked 
|  76|0x0000000084c00000, 0x0000000084d00000, 0x0000000084d00000|100%| O|  |TAMS 0x0000000084d00000, 0x0000000084c00000| Untracked 
|  77|0x0000000084d00000, 0x0000000084e00000, 0x0000000084e00000|100%| O|  |TAMS 0x0000000084e00000, 0x0000000084d00000| Untracked 
|  78|0x0000000084e00000, 0x0000000084f00000, 0x0000000084f00000|100%| O|  |TAMS 0x0000000084f00000, 0x0000000084e00000| Untracked 
|  79|0x0000000084f00000, 0x0000000085000000, 0x0000000085000000|100%| O|  |TAMS 0x0000000085000000, 0x0000000084f00000| Untracked 
|  80|0x0000000085000000, 0x0000000085100000, 0x0000000085100000|100%| O|  |TAMS 0x0000000085100000, 0x0000000085000000| Untracked 
|  81|0x0000000085100000, 0x0000000085200000, 0x0000000085200000|100%| O|  |TAMS 0x0000000085200000, 0x0000000085100000| Untracked 
|  82|0x0000000085200000, 0x0000000085300000, 0x0000000085300000|100%| O|  |TAMS 0x0000000085300000, 0x0000000085200000| Untracked 
|  83|0x0000000085300000, 0x0000000085400000, 0x0000000085400000|100%| O|  |TAMS 0x0000000085400000, 0x0000000085300000| Untracked 
|  84|0x0000000085400000, 0x0000000085500000, 0x0000000085500000|100%| O|  |TAMS 0x0000000085500000, 0x0000000085400000| Untracked 
|  85|0x0000000085500000, 0x0000000085600000, 0x0000000085600000|100%| O|  |TAMS 0x0000000085600000, 0x0000000085500000| Untracked 
|  86|0x0000000085600000, 0x0000000085700000, 0x0000000085700000|100%| O|  |TAMS 0x0000000085700000, 0x0000000085600000| Untracked 
|  87|0x0000000085700000, 0x0000000085800000, 0x0000000085800000|100%| O|  |TAMS 0x0000000085800000, 0x0000000085700000| Untracked 
|  88|0x0000000085800000, 0x0000000085900000, 0x0000000085900000|100%| O|  |TAMS 0x0000000085900000, 0x0000000085800000| Untracked 
|  89|0x0000000085900000, 0x0000000085a00000, 0x0000000085a00000|100%| O|  |TAMS 0x0000000085a00000, 0x0000000085900000| Untracked 
|  90|0x0000000085a00000, 0x0000000085b00000, 0x0000000085b00000|100%| O|  |TAMS 0x0000000085b00000, 0x0000000085a00000| Untracked 
|  91|0x0000000085b00000, 0x0000000085c00000, 0x0000000085c00000|100%| O|  |TAMS 0x0000000085c00000, 0x0000000085b00000| Untracked 
|  92|0x0000000085c00000, 0x0000000085d00000, 0x0000000085d00000|100%| O|  |TAMS 0x0000000085d00000, 0x0000000085c00000| Untracked 
|  93|0x0000000085d00000, 0x0000000085e00000, 0x0000000085e00000|100%| O|  |TAMS 0x0000000085e00000, 0x0000000085d00000| Untracked 
|  94|0x0000000085e00000, 0x0000000085f00000, 0x0000000085f00000|100%| O|  |TAMS 0x0000000085f00000, 0x0000000085e00000| Untracked 
|  95|0x0000000085f00000, 0x0000000085f78800, 0x0000000086000000| 47%| O|  |TAMS 0x0000000085f78800, 0x0000000085f00000| Untracked 
|  96|0x0000000086000000, 0x0000000086100000, 0x0000000086100000|100%|HS|  |TAMS 0x0000000086100000, 0x0000000086000000| Complete 
|  97|0x0000000086100000, 0x0000000086200000, 0x0000000086200000|100%|HC|  |TAMS 0x0000000086200000, 0x0000000086100000| Complete 
|  98|0x0000000086200000, 0x0000000086300000, 0x0000000086300000|100%|HS|  |TAMS 0x0000000086200000, 0x0000000086200000| Complete 
|  99|0x0000000086300000, 0x0000000086400000, 0x0000000086400000|100%|HC|  |TAMS 0x0000000086300000, 0x0000000086300000| Complete 
| 100|0x0000000086400000, 0x0000000086500000, 0x0000000086500000|100%|HS|  |TAMS 0x0000000086400000, 0x0000000086400000| Complete 
| 101|0x0000000086500000, 0x0000000086600000, 0x0000000086600000|100%|HC|  |TAMS 0x0000000086500000, 0x0000000086500000| Complete 
| 102|0x0000000086600000, 0x0000000086700000, 0x0000000086700000|100%|HS|  |TAMS 0x0000000086600000, 0x0000000086600000| Complete 
| 103|0x0000000086700000, 0x0000000086800000, 0x0000000086800000|100%|HC|  |TAMS 0x0000000086700000, 0x0000000086700000| Complete 
| 104|0x0000000086800000, 0x0000000086900000, 0x0000000086900000|100%|HS|  |TAMS 0x0000000086800000, 0x0000000086800000| Complete 
| 105|0x0000000086900000, 0x0000000086a00000, 0x0000000086a00000|100%|HC|  |TAMS 0x0000000086900000, 0x0000000086900000| Complete 
| 106|0x0000000086a00000, 0x0000000086b00000, 0x0000000086b00000|100%|HS|  |TAMS 0x0000000086a00000, 0x0000000086a00000| Complete 
| 107|0x0000000086b00000, 0x0000000086c00000, 0x0000000086c00000|100%|HC|  |TAMS 0x0000000086b00000, 0x0000000086b00000| Complete 
| 108|0x0000000086c00000, 0x0000000086c00000, 0x0000000086d00000|  0%| F|  |TAMS 0x0000000086c00000, 0x0000000086c00000| Untracked 
| 109|0x0000000086d00000, 0x0000000086d00000, 0x0000000086e00000|  0%| F|  |TAMS 0x0000000086d00000, 0x0000000086d00000| Untracked 
| 110|0x0000000086e00000, 0x0000000086e00000, 0x0000000086f00000|  0%| F|  |TAMS 0x0000000086e00000, 0x0000000086e00000| Untracked 
| 111|0x0000000086f00000, 0x0000000086f00000, 0x0000000087000000|  0%| F|  |TAMS 0x0000000086f00000, 0x0000000086f00000| Untracked 
| 112|0x0000000087000000, 0x0000000087000000, 0x0000000087100000|  0%| F|  |TAMS 0x0000000087000000, 0x0000000087000000| Untracked 
| 113|0x0000000087100000, 0x0000000087100000, 0x0000000087200000|  0%| F|  |TAMS 0x0000000087100000, 0x0000000087100000| Untracked 
| 114|0x0000000087200000, 0x0000000087200000, 0x0000000087300000|  0%| F|  |TAMS 0x0000000087200000, 0x0000000087200000| Untracked 
| 115|0x0000000087300000, 0x0000000087300000, 0x0000000087400000|  0%| F|  |TAMS 0x0000000087300000, 0x0000000087300000| Untracked 
| 116|0x0000000087400000, 0x0000000087400000, 0x0000000087500000|  0%| F|  |TAMS 0x0000000087400000, 0x0000000087400000| Untracked 
| 117|0x0000000087500000, 0x0000000087500000, 0x0000000087600000|  0%| F|  |TAMS 0x0000000087500000, 0x0000000087500000| Untracked 
| 118|0x0000000087600000, 0x0000000087600000, 0x0000000087700000|  0%| F|  |TAMS 0x0000000087600000, 0x0000000087600000| Untracked 
| 119|0x0000000087700000, 0x0000000087700000, 0x0000000087800000|  0%| F|  |TAMS 0x0000000087700000, 0x0000000087700000| Untracked 
| 120|0x0000000087800000, 0x0000000087800000, 0x0000000087900000|  0%| F|  |TAMS 0x0000000087800000, 0x0000000087800000| Untracked 
| 121|0x0000000087900000, 0x0000000087900000, 0x0000000087a00000|  0%| F|  |TAMS 0x0000000087900000, 0x0000000087900000| Untracked 
| 122|0x0000000087a00000, 0x0000000087a00000, 0x0000000087b00000|  0%| F|  |TAMS 0x0000000087a00000, 0x0000000087a00000| Untracked 
| 123|0x0000000087b00000, 0x0000000087b00000, 0x0000000087c00000|  0%| F|  |TAMS 0x0000000087b00000, 0x0000000087b00000| Untracked 
| 124|0x0000000087c00000, 0x0000000087c00000, 0x0000000087d00000|  0%| F|  |TAMS 0x0000000087c00000, 0x0000000087c00000| Untracked 
| 125|0x0000000087d00000, 0x0000000087d00000, 0x0000000087e00000|  0%| F|  |TAMS 0x0000000087d00000, 0x0000000087d00000| Untracked 
| 126|0x0000000087e00000, 0x0000000087e00000, 0x0000000087f00000|  0%| F|  |TAMS 0x0000000087e00000, 0x0000000087e00000| Untracked 
| 127|0x0000000087f00000, 0x0000000087f00000, 0x0000000088000000|  0%| F|  |TAMS 0x0000000087f00000, 0x0000000087f00000| Untracked 
| 128|0x0000000088000000, 0x0000000088000000, 0x0000000088100000|  0%| F|  |TAMS 0x0000000088000000, 0x0000000088000000| Untracked 
| 129|0x0000000088100000, 0x0000000088100000, 0x0000000088200000|  0%| F|  |TAMS 0x0000000088100000, 0x0000000088100000| Untracked 
| 130|0x0000000088200000, 0x0000000088200000, 0x0000000088300000|  0%| F|  |TAMS 0x0000000088200000, 0x0000000088200000| Untracked 
| 131|0x0000000088300000, 0x0000000088300000, 0x0000000088400000|  0%| F|  |TAMS 0x0000000088300000, 0x0000000088300000| Untracked 
| 132|0x0000000088400000, 0x0000000088400000, 0x0000000088500000|  0%| F|  |TAMS 0x0000000088400000, 0x0000000088400000| Untracked 
| 133|0x0000000088500000, 0x0000000088500000, 0x0000000088600000|  0%| F|  |TAMS 0x0000000088500000, 0x0000000088500000| Untracked 
| 134|0x0000000088600000, 0x0000000088600000, 0x0000000088700000|  0%| F|  |TAMS 0x0000000088600000, 0x0000000088600000| Untracked 
| 135|0x0000000088700000, 0x0000000088700000, 0x0000000088800000|  0%| F|  |TAMS 0x0000000088700000, 0x0000000088700000| Untracked 
| 136|0x0000000088800000, 0x0000000088800000, 0x0000000088900000|  0%| F|  |TAMS 0x0000000088800000, 0x0000000088800000| Untracked 
| 137|0x0000000088900000, 0x0000000088900000, 0x0000000088a00000|  0%| F|  |TAMS 0x0000000088900000, 0x0000000088900000| Untracked 
| 138|0x0000000088a00000, 0x0000000088a00000, 0x0000000088b00000|  0%| F|  |TAMS 0x0000000088a00000, 0x0000000088a00000| Untracked 
| 139|0x0000000088b00000, 0x0000000088b00000, 0x0000000088c00000|  0%| F|  |TAMS 0x0000000088b00000, 0x0000000088b00000| Untracked 
| 140|0x0000000088c00000, 0x0000000088c00000, 0x0000000088d00000|  0%| F|  |TAMS 0x0000000088c00000, 0x0000000088c00000| Untracked 
| 141|0x0000000088d00000, 0x0000000088d00000, 0x0000000088e00000|  0%| F|  |TAMS 0x0000000088d00000, 0x0000000088d00000| Untracked 
| 142|0x0000000088e00000, 0x0000000088e00000, 0x0000000088f00000|  0%| F|  |TAMS 0x0000000088e00000, 0x0000000088e00000| Untracked 
| 143|0x0000000088f00000, 0x0000000088f00000, 0x0000000089000000|  0%| F|  |TAMS 0x0000000088f00000, 0x0000000088f00000| Untracked 
| 144|0x0000000089000000, 0x0000000089000000, 0x0000000089100000|  0%| F|  |TAMS 0x0000000089000000, 0x0000000089000000| Untracked 
| 145|0x0000000089100000, 0x0000000089100000, 0x0000000089200000|  0%| F|  |TAMS 0x0000000089100000, 0x0000000089100000| Untracked 
| 146|0x0000000089200000, 0x0000000089200000, 0x0000000089300000|  0%| F|  |TAMS 0x0000000089200000, 0x0000000089200000| Untracked 
| 147|0x0000000089300000, 0x0000000089300000, 0x0000000089400000|  0%| F|  |TAMS 0x0000000089300000, 0x0000000089300000| Untracked 
| 148|0x0000000089400000, 0x0000000089400000, 0x0000000089500000|  0%| F|  |TAMS 0x0000000089400000, 0x0000000089400000| Untracked 
| 149|0x0000000089500000, 0x0000000089500000, 0x0000000089600000|  0%| F|  |TAMS 0x0000000089500000, 0x0000000089500000| Untracked 
| 150|0x0000000089600000, 0x0000000089600000, 0x0000000089700000|  0%| F|  |TAMS 0x0000000089600000, 0x0000000089600000| Untracked 
| 151|0x0000000089700000, 0x0000000089700000, 0x0000000089800000|  0%| F|  |TAMS 0x0000000089700000, 0x0000000089700000| Untracked 
| 152|0x0000000089800000, 0x0000000089800000, 0x0000000089900000|  0%| F|  |TAMS 0x0000000089800000, 0x0000000089800000| Untracked 
| 153|0x0000000089900000, 0x0000000089900000, 0x0000000089a00000|  0%| F|  |TAMS 0x0000000089900000, 0x0000000089900000| Untracked 
| 154|0x0000000089a00000, 0x0000000089a00000, 0x0000000089b00000|  0%| F|  |TAMS 0x0000000089a00000, 0x0000000089a00000| Untracked 
| 155|0x0000000089b00000, 0x0000000089ba3928, 0x0000000089c00000| 63%| E|  |TAMS 0x0000000089b00000, 0x0000000089b00000| Complete 
| 156|0x0000000089c00000, 0x0000000089d00000, 0x0000000089d00000|100%| E|CS|TAMS 0x0000000089c00000, 0x0000000089c00000| Complete 
| 157|0x0000000089d00000, 0x0000000089e00000, 0x0000000089e00000|100%| E|CS|TAMS 0x0000000089d00000, 0x0000000089d00000| Complete 
| 158|0x0000000089e00000, 0x0000000089f00000, 0x0000000089f00000|100%| E|CS|TAMS 0x0000000089e00000, 0x0000000089e00000| Complete 
| 159|0x0000000089f00000, 0x000000008a000000, 0x000000008a000000|100%| E|CS|TAMS 0x0000000089f00000, 0x0000000089f00000| Complete 
| 160|0x000000008a000000, 0x000000008a100000, 0x000000008a100000|100%| E|CS|TAMS 0x000000008a000000, 0x000000008a000000| Complete 
| 161|0x000000008a100000, 0x000000008a200000, 0x000000008a200000|100%| E|CS|TAMS 0x000000008a100000, 0x000000008a100000| Complete 
| 162|0x000000008a200000, 0x000000008a300000, 0x000000008a300000|100%| E|CS|TAMS 0x000000008a200000, 0x000000008a200000| Complete 
| 163|0x000000008a300000, 0x000000008a400000, 0x000000008a400000|100%| E|CS|TAMS 0x000000008a300000, 0x000000008a300000| Complete 
| 164|0x000000008a400000, 0x000000008a500000, 0x000000008a500000|100%| E|CS|TAMS 0x000000008a400000, 0x000000008a400000| Complete 
| 165|0x000000008a500000, 0x000000008a600000, 0x000000008a600000|100%| E|CS|TAMS 0x000000008a500000, 0x000000008a500000| Complete 
| 166|0x000000008a600000, 0x000000008a700000, 0x000000008a700000|100%| E|CS|TAMS 0x000000008a600000, 0x000000008a600000| Complete 
| 167|0x000000008a700000, 0x000000008a800000, 0x000000008a800000|100%| E|CS|TAMS 0x000000008a700000, 0x000000008a700000| Complete 
| 168|0x000000008a800000, 0x000000008a900000, 0x000000008a900000|100%| E|CS|TAMS 0x000000008a800000, 0x000000008a800000| Complete 
| 169|0x000000008a900000, 0x000000008aa00000, 0x000000008aa00000|100%| E|CS|TAMS 0x000000008a900000, 0x000000008a900000| Complete 
| 170|0x000000008aa00000, 0x000000008ab00000, 0x000000008ab00000|100%| E|CS|TAMS 0x000000008aa00000, 0x000000008aa00000| Complete 
| 171|0x000000008ab00000, 0x000000008ac00000, 0x000000008ac00000|100%| E|CS|TAMS 0x000000008ab00000, 0x000000008ab00000| Complete 
| 172|0x000000008ac00000, 0x000000008ad00000, 0x000000008ad00000|100%| E|CS|TAMS 0x000000008ac00000, 0x000000008ac00000| Complete 
| 173|0x000000008ad00000, 0x000000008ae00000, 0x000000008ae00000|100%| E|CS|TAMS 0x000000008ad00000, 0x000000008ad00000| Complete 
| 174|0x000000008ae00000, 0x000000008af00000, 0x000000008af00000|100%| E|CS|TAMS 0x000000008ae00000, 0x000000008ae00000| Complete 
| 175|0x000000008af00000, 0x000000008b000000, 0x000000008b000000|100%| E|CS|TAMS 0x000000008af00000, 0x000000008af00000| Complete 
| 176|0x000000008b000000, 0x000000008b100000, 0x000000008b100000|100%| E|CS|TAMS 0x000000008b000000, 0x000000008b000000| Complete 
| 177|0x000000008b100000, 0x000000008b200000, 0x000000008b200000|100%| E|CS|TAMS 0x000000008b100000, 0x000000008b100000| Complete 
| 178|0x000000008b200000, 0x000000008b300000, 0x000000008b300000|100%| E|CS|TAMS 0x000000008b200000, 0x000000008b200000| Complete 
| 179|0x000000008b300000, 0x000000008b400000, 0x000000008b400000|100%| E|CS|TAMS 0x000000008b300000, 0x000000008b300000| Complete 
| 180|0x000000008b400000, 0x000000008b500000, 0x000000008b500000|100%| E|CS|TAMS 0x000000008b400000, 0x000000008b400000| Complete 
| 181|0x000000008b500000, 0x000000008b600000, 0x000000008b600000|100%| E|CS|TAMS 0x000000008b500000, 0x000000008b500000| Complete 
| 182|0x000000008b600000, 0x000000008b700000, 0x000000008b700000|100%| E|CS|TAMS 0x000000008b600000, 0x000000008b600000| Complete 
| 183|0x000000008b700000, 0x000000008b800000, 0x000000008b800000|100%| E|CS|TAMS 0x000000008b700000, 0x000000008b700000| Complete 
| 184|0x000000008b800000, 0x000000008b900000, 0x000000008b900000|100%| E|CS|TAMS 0x000000008b800000, 0x000000008b800000| Complete 
| 185|0x000000008b900000, 0x000000008ba00000, 0x000000008ba00000|100%| E|CS|TAMS 0x000000008b900000, 0x000000008b900000| Complete 
| 186|0x000000008ba00000, 0x000000008bb00000, 0x000000008bb00000|100%| E|CS|TAMS 0x000000008ba00000, 0x000000008ba00000| Complete 
| 187|0x000000008bb00000, 0x000000008bc00000, 0x000000008bc00000|100%| E|CS|TAMS 0x000000008bb00000, 0x000000008bb00000| Complete 
| 188|0x000000008bc00000, 0x000000008bd00000, 0x000000008bd00000|100%| E|CS|TAMS 0x000000008bc00000, 0x000000008bc00000| Complete 
| 189|0x000000008bd00000, 0x000000008be00000, 0x000000008be00000|100%| E|CS|TAMS 0x000000008bd00000, 0x000000008bd00000| Complete 
| 190|0x000000008be00000, 0x000000008bf00000, 0x000000008bf00000|100%| E|CS|TAMS 0x000000008be00000, 0x000000008be00000| Complete 
| 191|0x000000008bf00000, 0x000000008c000000, 0x000000008c000000|100%| E|CS|TAMS 0x000000008bf00000, 0x000000008bf00000| Complete 
| 192|0x000000008c000000, 0x000000008c100000, 0x000000008c100000|100%| E|CS|TAMS 0x000000008c000000, 0x000000008c000000| Complete 
| 193|0x000000008c100000, 0x000000008c200000, 0x000000008c200000|100%| E|CS|TAMS 0x000000008c100000, 0x000000008c100000| Complete 
| 194|0x000000008c200000, 0x000000008c300000, 0x000000008c300000|100%| E|CS|TAMS 0x000000008c200000, 0x000000008c200000| Complete 
| 195|0x000000008c300000, 0x000000008c400000, 0x000000008c400000|100%| E|CS|TAMS 0x000000008c300000, 0x000000008c300000| Complete 
| 196|0x000000008c400000, 0x000000008c500000, 0x000000008c500000|100%| E|CS|TAMS 0x000000008c400000, 0x000000008c400000| Complete 
| 197|0x000000008c500000, 0x000000008c600000, 0x000000008c600000|100%| E|CS|TAMS 0x000000008c500000, 0x000000008c500000| Complete 
| 198|0x000000008c600000, 0x000000008c700000, 0x000000008c700000|100%| E|CS|TAMS 0x000000008c600000, 0x000000008c600000| Complete 
| 199|0x000000008c700000, 0x000000008c800000, 0x000000008c800000|100%| E|CS|TAMS 0x000000008c700000, 0x000000008c700000| Complete 
| 200|0x000000008c800000, 0x000000008c900000, 0x000000008c900000|100%| E|CS|TAMS 0x000000008c800000, 0x000000008c800000| Complete 
| 201|0x000000008c900000, 0x000000008ca00000, 0x000000008ca00000|100%| E|CS|TAMS 0x000000008c900000, 0x000000008c900000| Complete 
| 202|0x000000008ca00000, 0x000000008cb00000, 0x000000008cb00000|100%| E|CS|TAMS 0x000000008ca00000, 0x000000008ca00000| Complete 
| 203|0x000000008cb00000, 0x000000008cc00000, 0x000000008cc00000|100%| E|CS|TAMS 0x000000008cb00000, 0x000000008cb00000| Complete 
| 204|0x000000008cc00000, 0x000000008cd00000, 0x000000008cd00000|100%| E|CS|TAMS 0x000000008cc00000, 0x000000008cc00000| Complete 
| 205|0x000000008cd00000, 0x000000008ce00000, 0x000000008ce00000|100%| E|CS|TAMS 0x000000008cd00000, 0x000000008cd00000| Complete 
| 206|0x000000008ce00000, 0x000000008cf00000, 0x000000008cf00000|100%| E|CS|TAMS 0x000000008ce00000, 0x000000008ce00000| Complete 
| 207|0x000000008cf00000, 0x000000008d000000, 0x000000008d000000|100%| E|CS|TAMS 0x000000008cf00000, 0x000000008cf00000| Complete 
| 208|0x000000008d000000, 0x000000008d100000, 0x000000008d100000|100%| E|CS|TAMS 0x000000008d000000, 0x000000008d000000| Complete 
| 209|0x000000008d100000, 0x000000008d200000, 0x000000008d200000|100%| E|CS|TAMS 0x000000008d100000, 0x000000008d100000| Complete 
| 210|0x000000008d200000, 0x000000008d300000, 0x000000008d300000|100%| E|CS|TAMS 0x000000008d200000, 0x000000008d200000| Complete 
| 211|0x000000008d300000, 0x000000008d400000, 0x000000008d400000|100%| E|CS|TAMS 0x000000008d300000, 0x000000008d300000| Complete 
| 212|0x000000008d400000, 0x000000008d500000, 0x000000008d500000|100%| E|CS|TAMS 0x000000008d400000, 0x000000008d400000| Complete 
| 213|0x000000008d500000, 0x000000008d600000, 0x000000008d600000|100%| E|CS|TAMS 0x000000008d500000, 0x000000008d500000| Complete 
| 214|0x000000008d600000, 0x000000008d700000, 0x000000008d700000|100%| E|CS|TAMS 0x000000008d600000, 0x000000008d600000| Complete 
| 215|0x000000008d700000, 0x000000008d800000, 0x000000008d800000|100%| E|CS|TAMS 0x000000008d700000, 0x000000008d700000| Complete 
| 216|0x000000008d800000, 0x000000008d900000, 0x000000008d900000|100%| E|CS|TAMS 0x000000008d800000, 0x000000008d800000| Complete 
| 217|0x000000008d900000, 0x000000008da00000, 0x000000008da00000|100%| E|CS|TAMS 0x000000008d900000, 0x000000008d900000| Complete 
| 218|0x000000008da00000, 0x000000008db00000, 0x000000008db00000|100%| E|CS|TAMS 0x000000008da00000, 0x000000008da00000| Complete 
| 219|0x000000008db00000, 0x000000008dc00000, 0x000000008dc00000|100%| E|CS|TAMS 0x000000008db00000, 0x000000008db00000| Complete 
| 220|0x000000008dc00000, 0x000000008dd00000, 0x000000008dd00000|100%| E|CS|TAMS 0x000000008dc00000, 0x000000008dc00000| Complete 
| 221|0x000000008dd00000, 0x000000008de00000, 0x000000008de00000|100%| E|CS|TAMS 0x000000008dd00000, 0x000000008dd00000| Complete 
| 222|0x000000008de00000, 0x000000008df00000, 0x000000008df00000|100%| E|CS|TAMS 0x000000008de00000, 0x000000008de00000| Complete 
| 223|0x000000008df00000, 0x000000008e000000, 0x000000008e000000|100%| E|CS|TAMS 0x000000008df00000, 0x000000008df00000| Complete 
| 224|0x000000008e000000, 0x000000008e100000, 0x000000008e100000|100%| E|CS|TAMS 0x000000008e000000, 0x000000008e000000| Complete 
| 225|0x000000008e100000, 0x000000008e200000, 0x000000008e200000|100%| E|CS|TAMS 0x000000008e100000, 0x000000008e100000| Complete 
| 226|0x000000008e200000, 0x000000008e300000, 0x000000008e300000|100%| E|CS|TAMS 0x000000008e200000, 0x000000008e200000| Complete 
| 227|0x000000008e300000, 0x000000008e400000, 0x000000008e400000|100%| E|CS|TAMS 0x000000008e300000, 0x000000008e300000| Complete 
| 228|0x000000008e400000, 0x000000008e500000, 0x000000008e500000|100%| E|CS|TAMS 0x000000008e400000, 0x000000008e400000| Complete 
| 229|0x000000008e500000, 0x000000008e600000, 0x000000008e600000|100%| E|CS|TAMS 0x000000008e500000, 0x000000008e500000| Complete 
| 230|0x000000008e600000, 0x000000008e700000, 0x000000008e700000|100%| E|CS|TAMS 0x000000008e600000, 0x000000008e600000| Complete 
| 231|0x000000008e700000, 0x000000008e800000, 0x000000008e800000|100%| E|CS|TAMS 0x000000008e700000, 0x000000008e700000| Complete 
| 232|0x000000008e800000, 0x000000008e900000, 0x000000008e900000|100%| E|CS|TAMS 0x000000008e800000, 0x000000008e800000| Complete 
| 233|0x000000008e900000, 0x000000008ea00000, 0x000000008ea00000|100%| E|CS|TAMS 0x000000008e900000, 0x000000008e900000| Complete 
| 234|0x000000008ea00000, 0x000000008eb00000, 0x000000008eb00000|100%| E|CS|TAMS 0x000000008ea00000, 0x000000008ea00000| Complete 
| 235|0x000000008eb00000, 0x000000008ec00000, 0x000000008ec00000|100%| E|CS|TAMS 0x000000008eb00000, 0x000000008eb00000| Complete 
| 236|0x000000008ec00000, 0x000000008ed00000, 0x000000008ed00000|100%| E|CS|TAMS 0x000000008ec00000, 0x000000008ec00000| Complete 
| 237|0x000000008ed00000, 0x000000008ee00000, 0x000000008ee00000|100%| E|CS|TAMS 0x000000008ed00000, 0x000000008ed00000| Complete 
| 238|0x000000008ee00000, 0x000000008ef00000, 0x000000008ef00000|100%| E|CS|TAMS 0x000000008ee00000, 0x000000008ee00000| Complete 
| 239|0x000000008ef00000, 0x000000008f000000, 0x000000008f000000|100%| E|CS|TAMS 0x000000008ef00000, 0x000000008ef00000| Complete 
| 240|0x000000008f000000, 0x000000008f100000, 0x000000008f100000|100%| E|CS|TAMS 0x000000008f000000, 0x000000008f000000| Complete 
| 241|0x000000008f100000, 0x000000008f200000, 0x000000008f200000|100%| E|CS|TAMS 0x000000008f100000, 0x000000008f100000| Complete 
| 242|0x000000008f200000, 0x000000008f300000, 0x000000008f300000|100%| E|CS|TAMS 0x000000008f200000, 0x000000008f200000| Complete 
| 243|0x000000008f300000, 0x000000008f400000, 0x000000008f400000|100%| E|CS|TAMS 0x000000008f300000, 0x000000008f300000| Complete 
| 244|0x000000008f400000, 0x000000008f500000, 0x000000008f500000|100%| E|CS|TAMS 0x000000008f400000, 0x000000008f400000| Complete 
| 245|0x000000008f500000, 0x000000008f600000, 0x000000008f600000|100%| E|CS|TAMS 0x000000008f500000, 0x000000008f500000| Complete 
| 246|0x000000008f600000, 0x000000008f700000, 0x000000008f700000|100%| E|CS|TAMS 0x000000008f600000, 0x000000008f600000| Complete 
| 247|0x000000008f700000, 0x000000008f800000, 0x000000008f800000|100%| E|CS|TAMS 0x000000008f700000, 0x000000008f700000| Complete 
| 248|0x000000008f800000, 0x000000008f900000, 0x000000008f900000|100%| E|CS|TAMS 0x000000008f800000, 0x000000008f800000| Complete 
| 249|0x000000008f900000, 0x000000008fa00000, 0x000000008fa00000|100%| E|CS|TAMS 0x000000008f900000, 0x000000008f900000| Complete 
| 250|0x000000008fa00000, 0x000000008fb00000, 0x000000008fb00000|100%| E|CS|TAMS 0x000000008fa00000, 0x000000008fa00000| Complete 
| 251|0x000000008fb00000, 0x000000008fc00000, 0x000000008fc00000|100%| E|CS|TAMS 0x000000008fb00000, 0x000000008fb00000| Complete 
| 252|0x000000008fc00000, 0x000000008fd00000, 0x000000008fd00000|100%| E|CS|TAMS 0x000000008fc00000, 0x000000008fc00000| Complete 
| 253|0x000000008fd00000, 0x000000008fe00000, 0x000000008fe00000|100%| E|CS|TAMS 0x000000008fd00000, 0x000000008fd00000| Complete 
| 254|0x000000008fe00000, 0x000000008ff00000, 0x000000008ff00000|100%| E|CS|TAMS 0x000000008fe00000, 0x000000008fe00000| Complete 
| 255|0x000000008ff00000, 0x0000000090000000, 0x0000000090000000|100%| E|CS|TAMS 0x000000008ff00000, 0x000000008ff00000| Complete 
| 256|0x0000000090000000, 0x0000000090100000, 0x0000000090100000|100%| E|CS|TAMS 0x0000000090000000, 0x0000000090000000| Complete 
| 257|0x0000000090100000, 0x0000000090200000, 0x0000000090200000|100%| E|CS|TAMS 0x0000000090100000, 0x0000000090100000| Complete 
| 258|0x0000000090200000, 0x0000000090300000, 0x0000000090300000|100%| E|CS|TAMS 0x0000000090200000, 0x0000000090200000| Complete 
| 259|0x0000000090300000, 0x0000000090400000, 0x0000000090400000|100%| E|CS|TAMS 0x0000000090300000, 0x0000000090300000| Complete 
| 260|0x0000000090400000, 0x0000000090500000, 0x0000000090500000|100%| E|CS|TAMS 0x0000000090400000, 0x0000000090400000| Complete 
| 261|0x0000000090500000, 0x0000000090600000, 0x0000000090600000|100%| E|CS|TAMS 0x0000000090500000, 0x0000000090500000| Complete 
| 262|0x0000000090600000, 0x0000000090700000, 0x0000000090700000|100%| E|CS|TAMS 0x0000000090600000, 0x0000000090600000| Complete 
| 263|0x0000000090700000, 0x0000000090800000, 0x0000000090800000|100%| E|CS|TAMS 0x0000000090700000, 0x0000000090700000| Complete 
| 264|0x0000000090800000, 0x0000000090900000, 0x0000000090900000|100%| E|CS|TAMS 0x0000000090800000, 0x0000000090800000| Complete 
| 265|0x0000000090900000, 0x0000000090a00000, 0x0000000090a00000|100%| E|CS|TAMS 0x0000000090900000, 0x0000000090900000| Complete 
| 266|0x0000000090a00000, 0x0000000090b00000, 0x0000000090b00000|100%| E|CS|TAMS 0x0000000090a00000, 0x0000000090a00000| Complete 
| 267|0x0000000090b00000, 0x0000000090bf5620, 0x0000000090c00000| 95%| S|CS|TAMS 0x0000000090b00000, 0x0000000090b00000| Complete 
| 268|0x0000000090c00000, 0x0000000090d00000, 0x0000000090d00000|100%| S|CS|TAMS 0x0000000090c00000, 0x0000000090c00000| Complete 
| 269|0x0000000090d00000, 0x0000000090e00000, 0x0000000090e00000|100%| S|CS|TAMS 0x0000000090d00000, 0x0000000090d00000| Complete 
| 270|0x0000000090e00000, 0x0000000090f00000, 0x0000000090f00000|100%| S|CS|TAMS 0x0000000090e00000, 0x0000000090e00000| Complete 
| 271|0x0000000090f00000, 0x0000000091000000, 0x0000000091000000|100%| S|CS|TAMS 0x0000000090f00000, 0x0000000090f00000| Complete 
| 272|0x0000000091000000, 0x0000000091100000, 0x0000000091100000|100%| S|CS|TAMS 0x0000000091000000, 0x0000000091000000| Complete 
| 273|0x0000000091100000, 0x0000000091200000, 0x0000000091200000|100%| E|CS|TAMS 0x0000000091100000, 0x0000000091100000| Complete 

Card table byte_map: [0x000001a7cd130000,0x000001a7cd530000] _byte_map_base: 0x000001a7ccd30000

Marking Bits (Prev, Next): (CMBitMap*) 0x000001a7bacbd3c0, (CMBitMap*) 0x000001a7bacbd400
 Prev Bits: [0x000001a7cd930000, 0x000001a7cf930000)
 Next Bits: [0x000001a7cf930000, 0x000001a7d1930000)

Polling page: 0x000001a7b8ac0000

Metaspace:

Usage:
  Non-class:     86.40 MB used.
      Class:     13.37 MB used.
       Both:     99.77 MB used.

Virtual space:
  Non-class space:       88.00 MB reserved,      86.75 MB ( 99%) committed,  11 nodes.
      Class space:        1.00 GB reserved,      13.75 MB (  1%) committed,  1 nodes.
             Both:        1.09 GB reserved,     100.50 MB (  9%) committed. 

Chunk freelists:
   Non-Class:  832.00 KB
       Class:  2.29 MB
        Both:  3.10 MB

MaxMetaspaceSize: unlimited
CompressedClassSpaceSize: 1.00 GB
Initial GC threshold: 21.00 MB
Current GC threshold: 164.19 MB
CDS: off
MetaspaceReclaimPolicy: balanced
 - commit_granule_bytes: 65536.
 - commit_granule_words: 8192.
 - virtual_space_node_default_size: 1048576.
 - enlarge_chunks_in_place: 1.
 - new_chunks_are_fully_committed: 0.
 - uncommit_free_chunks: 1.
 - use_allocation_guard: 0.
 - handle_deallocations: 1.


Internal statistics:

num_allocs_failed_limit: 6.
num_arena_births: 1212.
num_arena_deaths: 2.
num_vsnodes_births: 12.
num_vsnodes_deaths: 0.
num_space_committed: 1607.
num_space_uncommitted: 0.
num_chunks_returned_to_freelist: 8.
num_chunks_taken_from_freelist: 5075.
num_chunk_merges: 6.
num_chunk_splits: 3320.
num_chunks_enlarged: 2158.
num_purges: 2.
num_inconsistent_stats: 0.

CodeHeap 'non-profiled nmethods': size=120064Kb used=6987Kb max_used=7237Kb free=113076Kb
 bounds [0x000001a7c5bf0000, 0x000001a7c6310000, 0x000001a7cd130000]
CodeHeap 'profiled nmethods': size=120000Kb used=24663Kb max_used=25448Kb free=95336Kb
 bounds [0x000001a7be130000, 0x000001a7bfa20000, 0x000001a7c5660000]
CodeHeap 'non-nmethods': size=5696Kb used=2400Kb max_used=2448Kb free=3295Kb
 bounds [0x000001a7c5660000, 0x000001a7c58d0000, 0x000001a7c5bf0000]
 total_blobs=13369 nmethods=12428 adapters=852
 compilation: enabled
              stopped_count=0, restarted_count=0
 full_count=0

Compilation events (20 events):
Event: 519.739 Thread 0x000001a7d48a3c90 14560       3       java.lang.ProcessEnvironment$CheckedEntrySet$1::next (5 bytes)
Event: 519.740 Thread 0x000001a7d48a3c90 nmethod 14560 0x000001a7bf160990 code [0x000001a7bf160b60, 0x000001a7bf161008]
Event: 519.740 Thread 0x000001a7d48a3c90 14561       3       java.lang.ProcessEnvironment$CheckedEntry::getKey (5 bytes)
Event: 519.740 Thread 0x000001a7d48a3c90 nmethod 14561 0x000001a7bee24910 code [0x000001a7bee24ac0, 0x000001a7bee24de8]
Event: 519.741 Thread 0x000001a7d48a3c90 14562   !   3       org.gradle.internal.FileUtils::canonicalize (15 bytes)
Event: 519.742 Thread 0x000001a7d48a3c90 nmethod 14562 0x000001a7bea64910 code [0x000001a7bea64ac0, 0x000001a7bea64cd8]
Event: 519.743 Thread 0x000001a7d48a3c90 14563       3       org.gradle.internal.SystemProperties::isStandardProperty (10 bytes)
Event: 519.743 Thread 0x000001a7d48a3c90 nmethod 14563 0x000001a7bea44f90 code [0x000001a7bea45140, 0x000001a7bea453e8]
Event: 519.747 Thread 0x000001a7d48a3c90 14564       3       java.util.Formatter$Conversion::isValid (358 bytes)
Event: 519.747 Thread 0x000001a7d48a3c90 nmethod 14564 0x000001a7bea70c10 code [0x000001a7bea70da0, 0x000001a7bea715d8]
Event: 519.751 Thread 0x000001a7d48a3c90 14565       3       org.gradle.internal.service.DefaultServiceRegistry::addProvider (11 bytes)
Event: 519.751 Thread 0x000001a7d48a3c90 nmethod 14565 0x000001a7be558610 code [0x000001a7be5587c0, 0x000001a7be558958]
Event: 519.756 Thread 0x000001a7d48a3c90 14567       3       org.gradle.internal.service.DefaultServiceRegistry$ConstructorService::getParameterTypes (8 bytes)
Event: 519.758 Thread 0x000001a7d48a3c90 nmethod 14567 0x000001a7bf37f890 code [0x000001a7bf37fb40, 0x000001a7bf380b38]
Event: 519.758 Thread 0x000001a7d48a3c90 14568   !   3       org.gradle.internal.service.DefaultServiceRegistry$ConstructorService::invokeMethod (70 bytes)
Event: 519.758 Thread 0x000001a7d4832ab0 nmethod 14558% 0x000001a7c5ee7410 code [0x000001a7c5ee75c0, 0x000001a7c5ee85d8]
Event: 519.759 Thread 0x000001a7d4832ab0 14566       4       org.gradle.internal.service.DefaultServiceRegistry$ClassInspector::getDetailsForClass (50 bytes)
Event: 519.760 Thread 0x000001a7d48a3c90 nmethod 14568 0x000001a7beca9e10 code [0x000001a7becaa1c0, 0x000001a7becabb68]
Event: 519.762 Thread 0x000001a7d48a3c90 14570       3       org.gradle.internal.event.DefaultListenerManager$EventBroadcast::buildAllWithLogger (57 bytes)
Event: 519.763 Thread 0x000001a7d48a3c90 nmethod 14570 0x000001a7be9cc890 code [0x000001a7be9ccae0, 0x000001a7be9cd768]

GC Heap History (20 events):
Event: 34.753 GC heap before
{Heap before GC invocations=49 (full 0):
 garbage-first heap   total 140288K, used 108186K [0x0000000080000000, 0x0000000100000000)
  region size 1024K, 40 young (40960K), 1 survivors (1024K)
 Metaspace       used 82362K, committed 82944K, reserved 1122304K
  class space    used 11116K, committed 11392K, reserved 1048576K
}
Event: 34.764 GC heap after
{Heap after GC invocations=50 (full 0):
 garbage-first heap   total 140288K, used 68873K [0x0000000080000000, 0x0000000100000000)
  region size 1024K, 3 young (3072K), 3 survivors (3072K)
 Metaspace       used 82362K, committed 82944K, reserved 1122304K
  class space    used 11116K, committed 11392K, reserved 1048576K
}
Event: 37.352 GC heap before
{Heap before GC invocations=50 (full 0):
 garbage-first heap   total 140288K, used 109833K [0x0000000080000000, 0x0000000100000000)
  region size 1024K, 43 young (44032K), 3 survivors (3072K)
 Metaspace       used 86252K, committed 86912K, reserved 1130496K
  class space    used 11659K, committed 11968K, reserved 1048576K
}
Event: 37.371 GC heap after
{Heap after GC invocations=51 (full 0):
 garbage-first heap   total 140288K, used 72448K [0x0000000080000000, 0x0000000100000000)
  region size 1024K, 6 young (6144K), 6 survivors (6144K)
 Metaspace       used 86252K, committed 86912K, reserved 1130496K
  class space    used 11659K, committed 11968K, reserved 1048576K
}
Event: 39.860 GC heap before
{Heap before GC invocations=52 (full 0):
 garbage-first heap   total 140288K, used 111360K [0x0000000080000000, 0x0000000100000000)
  region size 1024K, 44 young (45056K), 6 survivors (6144K)
 Metaspace       used 91426K, committed 92096K, reserved 1130496K
  class space    used 12418K, committed 12736K, reserved 1048576K
}
Event: 39.896 GC heap after
{Heap after GC invocations=53 (full 0):
 garbage-first heap   total 140288K, used 75781K [0x0000000080000000, 0x0000000100000000)
  region size 1024K, 4 young (4096K), 4 survivors (4096K)
 Metaspace       used 91426K, committed 92096K, reserved 1130496K
  class space    used 12418K, committed 12736K, reserved 1048576K
}
Event: 41.523 GC heap before
{Heap before GC invocations=53 (full 0):
 garbage-first heap   total 140288K, used 112645K [0x0000000080000000, 0x0000000100000000)
  region size 1024K, 40 young (40960K), 4 survivors (4096K)
 Metaspace       used 93094K, committed 93824K, reserved 1130496K
  class space    used 12641K, committed 12992K, reserved 1048576K
}
Event: 41.542 GC heap after
{Heap after GC invocations=54 (full 0):
 garbage-first heap   total 140288K, used 80220K [0x0000000080000000, 0x0000000100000000)
  region size 1024K, 5 young (5120K), 5 survivors (5120K)
 Metaspace       used 93094K, committed 93824K, reserved 1130496K
  class space    used 12641K, committed 12992K, reserved 1048576K
}
Event: 42.570 GC heap before
{Heap before GC invocations=55 (full 0):
 garbage-first heap   total 140288K, used 112988K [0x0000000080000000, 0x0000000100000000)
  region size 1024K, 38 young (38912K), 5 survivors (5120K)
 Metaspace       used 93556K, committed 94208K, reserved 1130496K
  class space    used 12725K, committed 13056K, reserved 1048576K
}
Event: 42.598 GC heap after
{Heap after GC invocations=56 (full 0):
 garbage-first heap   total 140288K, used 85320K [0x0000000080000000, 0x0000000100000000)
  region size 1024K, 5 young (5120K), 5 survivors (5120K)
 Metaspace       used 93556K, committed 94208K, reserved 1130496K
  class space    used 12725K, committed 13056K, reserved 1048576K
}
Event: 44.626 GC heap before
{Heap before GC invocations=56 (full 0):
 garbage-first heap   total 140288K, used 112968K [0x0000000080000000, 0x0000000100000000)
  region size 1024K, 33 young (33792K), 5 survivors (5120K)
 Metaspace       used 94966K, committed 95616K, reserved 1138688K
  class space    used 12938K, committed 13248K, reserved 1048576K
}
Event: 44.655 GC heap after
{Heap after GC invocations=57 (full 0):
 garbage-first heap   total 280576K, used 88939K [0x0000000080000000, 0x0000000100000000)
  region size 1024K, 4 young (4096K), 4 survivors (4096K)
 Metaspace       used 94966K, committed 95616K, reserved 1138688K
  class space    used 12938K, committed 13248K, reserved 1048576K
}
Event: 50.889 GC heap before
{Heap before GC invocations=58 (full 0):
 garbage-first heap   total 280576K, used 212843K [0x0000000080000000, 0x0000000100000000)
  region size 1024K, 126 young (129024K), 4 survivors (4096K)
 Metaspace       used 96129K, committed 96832K, reserved 1138688K
  class space    used 13023K, committed 13312K, reserved 1048576K
}
Event: 50.933 GC heap after
{Heap after GC invocations=59 (full 0):
 garbage-first heap   total 280576K, used 97340K [0x0000000080000000, 0x0000000100000000)
  region size 1024K, 12 young (12288K), 12 survivors (12288K)
 Metaspace       used 96129K, committed 96832K, reserved 1138688K
  class space    used 13023K, committed 13312K, reserved 1048576K
}
Event: 50.950 GC heap before
{Heap before GC invocations=59 (full 0):
 garbage-first heap   total 280576K, used 97340K [0x0000000080000000, 0x0000000100000000)
  region size 1024K, 13 young (13312K), 12 survivors (12288K)
 Metaspace       used 96129K, committed 96832K, reserved 1138688K
  class space    used 13023K, committed 13312K, reserved 1048576K
}
Event: 50.983 GC heap after
{Heap after GC invocations=60 (full 0):
 garbage-first heap   total 280576K, used 97762K [0x0000000080000000, 0x0000000100000000)
  region size 1024K, 1 young (1024K), 1 survivors (1024K)
 Metaspace       used 96129K, committed 96832K, reserved 1138688K
  class space    used 13023K, committed 13312K, reserved 1048576K
}
Event: 55.351 GC heap before
{Heap before GC invocations=60 (full 0):
 garbage-first heap   total 280576K, used 202210K [0x0000000080000000, 0x0000000100000000)
  region size 1024K, 74 young (75776K), 1 survivors (1024K)
 Metaspace       used 100111K, committed 100864K, reserved 1138688K
  class space    used 13469K, committed 13824K, reserved 1048576K
}
Event: 55.372 GC heap after
{Heap after GC invocations=61 (full 0):
 garbage-first heap   total 280576K, used 104898K [0x0000000080000000, 0x0000000100000000)
  region size 1024K, 6 young (6144K), 6 survivors (6144K)
 Metaspace       used 100111K, committed 100864K, reserved 1138688K
  class space    used 13469K, committed 13824K, reserved 1048576K
}
Event: 55.381 GC heap before
{Heap before GC invocations=61 (full 0):
 garbage-first heap   total 280576K, used 106946K [0x0000000080000000, 0x0000000100000000)
  region size 1024K, 7 young (7168K), 6 survivors (6144K)
 Metaspace       used 100112K, committed 100864K, reserved 1138688K
  class space    used 13469K, committed 13824K, reserved 1048576K
}
Event: 55.395 GC heap after
{Heap after GC invocations=62 (full 0):
 garbage-first heap   total 280576K, used 104887K [0x0000000080000000, 0x0000000100000000)
  region size 1024K, 6 young (6144K), 6 survivors (6144K)
 Metaspace       used 100112K, committed 100864K, reserved 1138688K
  class space    used 13469K, committed 13824K, reserved 1048576K
}

Dll operation events (2 events):
Event: 0.016 Loaded shared library C:\Program Files\Android\Android Studio\jbr\bin\java.dll
Event: 1.027 Loaded shared library C:\Program Files\Android\Android Studio\jbr\bin\verify.dll

Deoptimization events (20 events):
Event: 79.052 Thread 0x000001a7d5f474f0 DEOPT PACKING pc=0x000001a7c6271864 sp=0x000000848cdfd8b0
Event: 79.052 Thread 0x000001a7d5f474f0 DEOPT UNPACKING pc=0x000001a7c56b69a3 sp=0x000000848cdfd848 mode 2
Event: 79.144 Thread 0x000001a7dbc36fe0 Uncommon trap: trap_request=0xffffff45 fr.pc=0x000001a7c5f42800 relative=0x00000000000002c0
Event: 79.144 Thread 0x000001a7dbc36fe0 Uncommon trap: reason=unstable_if action=reinterpret pc=0x000001a7c5f42800 method=com.esotericsoftware.kryo.io.Input.require(I)I @ 180 c2
Event: 79.144 Thread 0x000001a7dbc36fe0 DEOPT PACKING pc=0x000001a7c5f42800 sp=0x000000848b1ff050
Event: 79.144 Thread 0x000001a7dbc36fe0 DEOPT UNPACKING pc=0x000001a7c56b69a3 sp=0x000000848b1fef78 mode 2
Event: 195.164 Thread 0x000001a7d53f7760 DEOPT PACKING pc=0x000001a7bf135441 sp=0x000000848c9fdc90
Event: 195.164 Thread 0x000001a7d53f7760 DEOPT UNPACKING pc=0x000001a7c56b7143 sp=0x000000848c9fd160 mode 0
Event: 519.649 Thread 0x000001a7d4f01030 Uncommon trap: trap_request=0xffffff45 fr.pc=0x000001a7c5d40814 relative=0x0000000000000b54
Event: 519.649 Thread 0x000001a7d4f01030 Uncommon trap: reason=unstable_if action=reinterpret pc=0x000001a7c5d40814 method=java.lang.Integer.stringSize(I)I @ 19 c2
Event: 519.649 Thread 0x000001a7d4f01030 DEOPT PACKING pc=0x000001a7c5d40814 sp=0x000000848c8feb60
Event: 519.649 Thread 0x000001a7d4f01030 DEOPT UNPACKING pc=0x000001a7c56b69a3 sp=0x000000848c8feaa8 mode 2
Event: 519.753 Thread 0x000001a7d7415730 Uncommon trap: trap_request=0xffffff45 fr.pc=0x000001a7c61538a4 relative=0x00000000000003c4
Event: 519.753 Thread 0x000001a7d7415730 Uncommon trap: reason=unstable_if action=reinterpret pc=0x000001a7c61538a4 method=org.gradle.api.internal.tasks.compile.tooling.JavaCompileTaskSuccessResultPostProcessor.started(Lorg/gradle/internal/operations/BuildOperationDescriptor;Lorg/gradle/internal
Event: 519.753 Thread 0x000001a7d7415730 DEOPT PACKING pc=0x000001a7c61538a4 sp=0x000000848cbfdab0
Event: 519.753 Thread 0x000001a7d7415730 DEOPT UNPACKING pc=0x000001a7c56b69a3 sp=0x000000848cbfda58 mode 2
Event: 519.766 Thread 0x000001a7d7415730 Uncommon trap: trap_request=0xffffffc6 fr.pc=0x000001a7c5f78064 relative=0x0000000000000784
Event: 519.766 Thread 0x000001a7d7415730 Uncommon trap: reason=bimorphic_or_optimized_type_check action=maybe_recompile pc=0x000001a7c5f78064 method=java.util.stream.MatchOps$MatchOp.evaluateSequential(Ljava/util/stream/PipelineHelper;Ljava/util/Spliterator;)Ljava/lang/Boolean; @ 14 c2
Event: 519.766 Thread 0x000001a7d7415730 DEOPT PACKING pc=0x000001a7c5f78064 sp=0x000000848cbfbeb0
Event: 519.766 Thread 0x000001a7d7415730 DEOPT UNPACKING pc=0x000001a7c56b69a3 sp=0x000000848cbfbdd8 mode 2

Classes unloaded (1 events):
Event: 55.654 Thread 0x000001a7d3d342d0 Unloading class 0x0000000100d04400 'java/lang/invoke/LambdaForm$DMH+0x0000000100d04400'

Classes redefined (0 events):
No events

Internal exceptions (20 events):
Event: 56.570 Thread 0x000001a7d5f474f0 Implicit null exception at 0x000001a7c6112f0f to 0x000001a7c6112f5c
Event: 56.633 Thread 0x000001a7d5f474f0 Implicit null exception at 0x000001a7c614cc06 to 0x000001a7c614ce9c
Event: 71.961 Thread 0x000001a7d5f474f0 Implicit null exception at 0x000001a7c6170a32 to 0x000001a7c6170fc8
Event: 74.215 Thread 0x000001a7d5f474f0 Exception <a 'sun/nio/fs/WindowsException'{0x000000008dcfc1e8}> (0x000000008dcfc1e8) 
thrown [s\src\hotspot\share\prims\jni.cpp, line 517]
Event: 75.778 Thread 0x000001a7d5f474f0 Exception <a 'sun/nio/fs/WindowsException'{0x000000008cec9b30}> (0x000000008cec9b30) 
thrown [s\src\hotspot\share\prims\jni.cpp, line 517]
Event: 75.810 Thread 0x000001a7d5f474f0 Exception <a 'sun/nio/fs/WindowsException'{0x000000008cd61708}> (0x000000008cd61708) 
thrown [s\src\hotspot\share\prims\jni.cpp, line 517]
Event: 75.811 Thread 0x000001a7d5f474f0 Exception <a 'sun/nio/fs/WindowsException'{0x000000008cd62a90}> (0x000000008cd62a90) 
thrown [s\src\hotspot\share\prims\jni.cpp, line 517]
Event: 75.815 Thread 0x000001a7d5f474f0 Exception <a 'sun/nio/fs/WindowsException'{0x000000008cd63e68}> (0x000000008cd63e68) 
thrown [s\src\hotspot\share\prims\jni.cpp, line 517]
Event: 75.816 Thread 0x000001a7d5f474f0 Exception <a 'sun/nio/fs/WindowsException'{0x000000008cd65240}> (0x000000008cd65240) 
thrown [s\src\hotspot\share\prims\jni.cpp, line 517]
Event: 76.600 Thread 0x000001a7d7165070 Exception <a 'sun/nio/fs/WindowsException'{0x000000008c82d748}> (0x000000008c82d748) 
thrown [s\src\hotspot\share\prims\jni.cpp, line 517]
Event: 78.149 Thread 0x000001a7d7165070 Exception <a 'sun/nio/fs/WindowsException'{0x000000008b374748}> (0x000000008b374748) 
thrown [s\src\hotspot\share\prims\jni.cpp, line 517]
Event: 78.149 Thread 0x000001a7d7165070 Exception <a 'sun/nio/fs/WindowsException'{0x000000008b375f38}> (0x000000008b375f38) 
thrown [s\src\hotspot\share\prims\jni.cpp, line 517]
Event: 78.150 Thread 0x000001a7d7165070 Exception <a 'sun/nio/fs/WindowsException'{0x000000008b377640}> (0x000000008b377640) 
thrown [s\src\hotspot\share\prims\jni.cpp, line 517]
Event: 78.168 Thread 0x000001a7d7165070 Exception <a 'sun/nio/fs/WindowsException'{0x000000008b3bd180}> (0x000000008b3bd180) 
thrown [s\src\hotspot\share\prims\jni.cpp, line 517]
Event: 78.694 Thread 0x000001a7d716b580 Exception <a 'sun/nio/fs/WindowsException'{0x000000008accfc68}> (0x000000008accfc68) 
thrown [s\src\hotspot\share\prims\jni.cpp, line 517]
Event: 78.706 Thread 0x000001a7d716b580 Exception <a 'sun/nio/fs/WindowsException'{0x000000008abb8460}> (0x000000008abb8460) 
thrown [s\src\hotspot\share\prims\jni.cpp, line 517]
Event: 78.860 Thread 0x000001a7d5f474f0 Exception <a 'sun/nio/fs/WindowsException'{0x000000008c997bb0}> (0x000000008c997bb0) 
thrown [s\src\hotspot\share\prims\jni.cpp, line 517]
Event: 78.860 Thread 0x000001a7d5f474f0 Exception <a 'sun/nio/fs/WindowsException'{0x000000008c997ef8}> (0x000000008c997ef8) 
thrown [s\src\hotspot\share\prims\jni.cpp, line 517]
Event: 78.861 Thread 0x000001a7d5f474f0 Exception <a 'sun/nio/fs/WindowsException'{0x000000008c999cf8}> (0x000000008c999cf8) 
thrown [s\src\hotspot\share\prims\jni.cpp, line 517]
Event: 519.753 Thread 0x000001a7d7415730 Implicit null exception at 0x000001a7c615359b to 0x000001a7c615388c

VM Operations (20 events):
Event: 266.110 Executing VM operation: Cleanup
Event: 266.110 Executing VM operation: Cleanup done
Event: 275.192 Executing VM operation: Cleanup
Event: 275.192 Executing VM operation: Cleanup done
Event: 285.278 Executing VM operation: Cleanup
Event: 285.278 Executing VM operation: Cleanup done
Event: 345.777 Executing VM operation: Cleanup
Event: 345.777 Executing VM operation: Cleanup done
Event: 365.946 Executing VM operation: Cleanup
Event: 365.946 Executing VM operation: Cleanup done
Event: 381.189 Executing VM operation: Cleanup
Event: 381.189 Executing VM operation: Cleanup done
Event: 444.737 Executing VM operation: Cleanup
Event: 444.737 Executing VM operation: Cleanup done
Event: 454.826 Executing VM operation: Cleanup
Event: 454.826 Executing VM operation: Cleanup done
Event: 505.264 Executing VM operation: Cleanup
Event: 505.265 Executing VM operation: Cleanup done
Event: 517.376 Executing VM operation: Cleanup
Event: 517.376 Executing VM operation: Cleanup done

Events (20 events):
Event: 91.616 Thread 0x000001a7d48a81c0 flushing nmethod 0x000001a7bf4b4f10
Event: 91.616 Thread 0x000001a7d48a81c0 flushing nmethod 0x000001a7bf4b8c90
Event: 91.616 Thread 0x000001a7d48a81c0 flushing nmethod 0x000001a7bf4bcd90
Event: 91.617 Thread 0x000001a7d48a81c0 flushing nmethod 0x000001a7bf52df90
Event: 91.617 Thread 0x000001a7d48a81c0 flushing nmethod 0x000001a7bf52f510
Event: 91.617 Thread 0x000001a7d48a81c0 flushing nmethod 0x000001a7bf560590
Event: 115.732 Thread 0x000001a7dbc3cb50 Thread exited: 0x000001a7dbc3cb50
Event: 116.154 Thread 0x000001a7d7416f40 Thread exited: 0x000001a7d7416f40
Event: 138.840 Thread 0x000001a7d716b580 Thread exited: 0x000001a7d716b580
Event: 139.132 Thread 0x000001a7d5f474f0 Thread exited: 0x000001a7d5f474f0
Event: 139.160 Thread 0x000001a7d626a020 Thread exited: 0x000001a7d626a020
Event: 519.653 Thread 0x000001a7d74195c0 Thread added: 0x000001a7d74195c0
Event: 519.656 Thread 0x000001a7d74148c0 Thread added: 0x000001a7d74148c0
Event: 519.689 Thread 0x000001a7d7414d90 Thread added: 0x000001a7d7414d90
Event: 519.736 Thread 0x000001a7d7415730 Thread added: 0x000001a7d7415730
Event: 519.746 Thread 0x000001a7d7415c00 Thread added: 0x000001a7d7415c00
Event: 519.748 Thread 0x000001a7d7416f40 Thread added: 0x000001a7d7416f40
Event: 519.749 Thread 0x000001a7d74160d0 Thread added: 0x000001a7d74160d0
Event: 519.832 Thread 0x000001a7d7417410 Thread added: 0x000001a7d7417410
Event: 519.853 Thread 0x000001a7dbc3d020 Thread added: 0x000001a7dbc3d020


Dynamic libraries:
0x00007ff766010000 - 0x00007ff76601a000 	C:\Program Files\Android\Android Studio\jbr\bin\java.exe
0x00007ffc168d0000 - 0x00007ffc16ac8000 	C:\Windows\SYSTEM32\ntdll.dll
0x00007ffc14ba0000 - 0x00007ffc14c62000 	C:\Windows\System32\KERNEL32.DLL
0x00007ffc141f0000 - 0x00007ffc144ef000 	C:\Windows\System32\KERNELBASE.dll
0x00007ffc14650000 - 0x00007ffc14750000 	C:\Windows\System32\ucrtbase.dll
0x00007ffbf34c0000 - 0x00007ffbf34d7000 	C:\Program Files\Android\Android Studio\jbr\bin\jli.dll
0x00007ffc15de0000 - 0x00007ffc15f7d000 	C:\Windows\System32\USER32.dll
0x00007ffc14750000 - 0x00007ffc14772000 	C:\Windows\System32\win32u.dll
0x00007ffc16020000 - 0x00007ffc1604b000 	C:\Windows\System32\GDI32.dll
0x00007ffc140d0000 - 0x00007ffc141ea000 	C:\Windows\System32\gdi32full.dll
0x00007ffc14030000 - 0x00007ffc140cd000 	C:\Windows\System32\msvcp_win.dll
0x00007ffbf8ab0000 - 0x00007ffbf8acb000 	C:\Program Files\Android\Android Studio\jbr\bin\VCRUNTIME140.dll
0x00007ffc02f30000 - 0x00007ffc031ca000 	C:\Windows\WinSxS\amd64_microsoft.windows.common-controls_6595b64144ccf1df_6.0.19041.4355_none_60b8b9eb71f62e16\COMCTL32.dll
0x00007ffc16490000 - 0x00007ffc1652e000 	C:\Windows\System32\msvcrt.dll
0x00007ffc15bd0000 - 0x00007ffc15bff000 	C:\Windows\System32\IMM32.DLL
0x00007ffbf4cf0000 - 0x00007ffbf4cfc000 	C:\Program Files\Android\Android Studio\jbr\bin\vcruntime140_1.dll
0x00007ffbba680000 - 0x00007ffbba70d000 	C:\Program Files\Android\Android Studio\jbr\bin\msvcp140.dll
0x00007ffbc5bd0000 - 0x00007ffbc683e000 	C:\Program Files\Android\Android Studio\jbr\bin\server\jvm.dll
0x00007ffc161d0000 - 0x00007ffc1627f000 	C:\Windows\System32\ADVAPI32.dll
0x00007ffc163d0000 - 0x00007ffc1646f000 	C:\Windows\System32\sechost.dll
0x00007ffc14a00000 - 0x00007ffc14b23000 	C:\Windows\System32\RPCRT4.dll
0x00007ffc14780000 - 0x00007ffc147a7000 	C:\Windows\System32\bcrypt.dll
0x00007ffc0df90000 - 0x00007ffc0df99000 	C:\Windows\SYSTEM32\WSOCK32.dll
0x00007ffc14d60000 - 0x00007ffc14dcb000 	C:\Windows\System32\WS2_32.dll
0x00007ffc07e50000 - 0x00007ffc07e77000 	C:\Windows\SYSTEM32\WINMM.dll
0x00007ffc0b400000 - 0x00007ffc0b40a000 	C:\Windows\SYSTEM32\VERSION.dll
0x00007ffc11df0000 - 0x00007ffc11e02000 	C:\Windows\SYSTEM32\kernel.appcore.dll
0x00007ffc0d800000 - 0x00007ffc0d80a000 	C:\Program Files\Android\Android Studio\jbr\bin\jimage.dll
0x00007ffc03200000 - 0x00007ffc033e4000 	C:\Windows\SYSTEM32\DBGHELP.DLL
0x00007ffbf6bf0000 - 0x00007ffbf6c24000 	C:\Windows\SYSTEM32\dbgcore.DLL
0x00007ffc147b0000 - 0x00007ffc14832000 	C:\Windows\System32\bcryptPrimitives.dll
0x00007ffbf8960000 - 0x00007ffbf8985000 	C:\Program Files\Android\Android Studio\jbr\bin\java.dll
0x00007ffc04070000 - 0x00007ffc04088000 	C:\Program Files\Android\Android Studio\jbr\bin\zip.dll
0x00007ffc14dd0000 - 0x00007ffc1553d000 	C:\Windows\System32\SHELL32.dll
0x00007ffc11ff0000 - 0x00007ffc12794000 	C:\Windows\SYSTEM32\windows.storage.dll
0x00007ffc16530000 - 0x00007ffc16885000 	C:\Windows\System32\combase.dll
0x00007ffc138d0000 - 0x00007ffc138fb000 	C:\Windows\SYSTEM32\Wldp.dll
0x00007ffc16300000 - 0x00007ffc163cd000 	C:\Windows\System32\OLEAUT32.dll
0x00007ffc148f0000 - 0x00007ffc1499d000 	C:\Windows\System32\SHCORE.dll
0x00007ffc16050000 - 0x00007ffc160a5000 	C:\Windows\System32\shlwapi.dll
0x00007ffc13ea0000 - 0x00007ffc13ec5000 	C:\Windows\SYSTEM32\profapi.dll
0x00007ffbf9370000 - 0x00007ffbf9389000 	C:\Program Files\Android\Android Studio\jbr\bin\net.dll
0x00007ffc0a300000 - 0x00007ffc0a40a000 	C:\Windows\SYSTEM32\WINHTTP.dll
0x00007ffc13630000 - 0x00007ffc1369c000 	C:\Windows\system32\mswsock.dll
0x00007ffbf92e0000 - 0x00007ffbf92f6000 	C:\Program Files\Android\Android Studio\jbr\bin\nio.dll
0x00007ffc05650000 - 0x00007ffc05660000 	C:\Program Files\Android\Android Studio\jbr\bin\verify.dll
0x00007ffbf8ad0000 - 0x00007ffbf8af7000 	C:\Users\LENOVO\.gradle\native\68d5fa5c4cc2d200863cafc0d521ce42e7d3e7ee720ec0a83991735586a16f82\windows-amd64\native-platform.dll
0x00007ffbdf5d0000 - 0x00007ffbdf714000 	C:\Users\LENOVO\.gradle\native\e376f236ea51e6404a007f0833ffe2c6e607c4080706a723a18a27aeea778392\windows-amd64\native-platform-file-events.dll
0x00007ffc05160000 - 0x00007ffc05169000 	C:\Program Files\Android\Android Studio\jbr\bin\management.dll
0x00007ffbf8e60000 - 0x00007ffbf8e6b000 	C:\Program Files\Android\Android Studio\jbr\bin\management_ext.dll
0x00007ffc14b90000 - 0x00007ffc14b98000 	C:\Windows\System32\PSAPI.DLL
0x00007ffc13830000 - 0x00007ffc13848000 	C:\Windows\SYSTEM32\CRYPTSP.dll
0x00007ffc12f50000 - 0x00007ffc12f88000 	C:\Windows\system32\rsaenh.dll
0x00007ffc13e60000 - 0x00007ffc13e8e000 	C:\Windows\SYSTEM32\USERENV.dll
0x00007ffc13820000 - 0x00007ffc1382c000 	C:\Windows\SYSTEM32\CRYPTBASE.dll
0x00007ffc13310000 - 0x00007ffc1334b000 	C:\Windows\SYSTEM32\IPHLPAPI.DLL
0x00007ffc14d50000 - 0x00007ffc14d58000 	C:\Windows\System32\NSI.dll
0x00007ffc0bb90000 - 0x00007ffc0bba7000 	C:\Windows\SYSTEM32\dhcpcsvc6.DLL
0x00007ffc0bf90000 - 0x00007ffc0bfad000 	C:\Windows\SYSTEM32\dhcpcsvc.DLL
0x00007ffc13350000 - 0x00007ffc1341a000 	C:\Windows\SYSTEM32\DNSAPI.dll
0x00007ffbdfea0000 - 0x00007ffbdfea7000 	C:\Windows\system32\wshunix.dll
0x00007ffc056f0000 - 0x00007ffc05707000 	C:\Windows\system32\napinsp.dll
0x00007ffc00860000 - 0x00007ffc0087b000 	C:\Windows\system32\pnrpnsp.dll
0x00007ffc0ea40000 - 0x00007ffc0ea55000 	C:\Windows\system32\wshbth.dll
0x00007ffc0fce0000 - 0x00007ffc0fcfd000 	C:\Windows\system32\NLAapi.dll
0x00007ffbf9250000 - 0x00007ffbf9262000 	C:\Windows\System32\winrnr.dll
0x00007ffc04b10000 - 0x00007ffc04b1a000 	C:\Windows\System32\rasadhlp.dll
0x00007ffc04bf0000 - 0x00007ffc04c70000 	C:\Windows\System32\fwpuclnt.dll

dbghelp: loaded successfully - version: 4.0.5 - missing functions: none
symbol engine: initialized successfully - sym options: 0x614 - pdb path: .;C:\Program Files\Android\Android Studio\jbr\bin;C:\Windows\SYSTEM32;C:\Windows\WinSxS\amd64_microsoft.windows.common-controls_6595b64144ccf1df_6.0.19041.4355_none_60b8b9eb71f62e16;C:\Program Files\Android\Android Studio\jbr\bin\server;C:\Users\LENOVO\.gradle\native\68d5fa5c4cc2d200863cafc0d521ce42e7d3e7ee720ec0a83991735586a16f82\windows-amd64;C:\Users\LENOVO\.gradle\native\e376f236ea51e6404a007f0833ffe2c6e607c4080706a723a18a27aeea778392\windows-amd64

VM Arguments:
jvm_args: --add-opens=java.base/java.util=ALL-UNNAMED --add-opens=java.base/java.lang=ALL-UNNAMED --add-opens=java.base/java.lang.invoke=ALL-UNNAMED --add-opens=java.prefs/java.util.prefs=ALL-UNNAMED --add-opens=java.base/java.nio.charset=ALL-UNNAMED --add-opens=java.base/java.net=ALL-UNNAMED --add-opens=java.base/java.util.concurrent.atomic=ALL-UNNAMED -Xmx2048m -Dfile.encoding=UTF-8 -Duser.country=ID -Duser.language=en -Duser.variant 
java_command: org.gradle.launcher.daemon.bootstrap.GradleDaemon 8.0
java_class_path (initial): C:\Users\LENOVO\.gradle\wrapper\dists\gradle-8.0-bin\ca5e32bp14vu59qr306oxotwh\gradle-8.0\lib\gradle-launcher-8.0.jar
Launcher Type: SUN_STANDARD

[Global flags]
     intx CICompilerCount                          = 2                                         {product} {ergonomic}
     uint ConcGCThreads                            = 1                                         {product} {ergonomic}
     uint G1ConcRefinementThreads                  = 2                                         {product} {ergonomic}
   size_t G1HeapRegionSize                         = 1048576                                   {product} {ergonomic}
    uintx GCDrainStackTargetSize                   = 64                                        {product} {ergonomic}
   size_t InitialHeapSize                          = 192937984                                 {product} {ergonomic}
   size_t MarkStackSize                            = 4194304                                   {product} {ergonomic}
   size_t MaxHeapSize                              = 2147483648                                {product} {command line}
   size_t MaxNewSize                               = 1287651328                                {product} {ergonomic}
   size_t MinHeapDeltaBytes                        = 1048576                                   {product} {ergonomic}
   size_t MinHeapSize                              = 8388608                                   {product} {ergonomic}
    uintx NonNMethodCodeHeapSize                   = 5826188                                {pd product} {ergonomic}
    uintx NonProfiledCodeHeapSize                  = 122916026                              {pd product} {ergonomic}
    uintx ProfiledCodeHeapSize                     = 122916026                              {pd product} {ergonomic}
    uintx ReservedCodeCacheSize                    = 251658240                              {pd product} {ergonomic}
     bool SegmentedCodeCache                       = true                                      {product} {ergonomic}
   size_t SoftMaxHeapSize                          = 2147483648                             {manageable} {ergonomic}
     bool UseCompressedClassPointers               = true                           {product lp64_product} {ergonomic}
     bool UseCompressedOops                        = true                           {product lp64_product} {ergonomic}
     bool UseG1GC                                  = true                                      {product} {ergonomic}
     bool UseLargePagesIndividualAllocation        = false                                  {pd product} {ergonomic}

Logging:
Log output configuration:
 #0: stdout all=warning uptime,level,tags
 #1: stderr all=off uptime,level,tags

Environment Variables:
JAVA_HOME=C:\Program Files\Java\jdk1.8.0_202
PATH=C:\Program Files\Java\jdk1.8.0_202\bin;C:\Program Files (x86)\Common Files\Oracle\Java\javapath;C:\Windows\system32;C:\Windows;C:\Windows\System32\Wbem;C:\Windows\System32\WindowsPowerShell\v1.0\;C:\Windows\System32\OpenSSH\;C:\Program Files (x86)\Rational\common;C:\Program Files\IBM\SPSS\Statistics\25\JRE\bin;C:\laragon\bin\php\php;C:\composer;C:\Program Files\Git\cmd;C:\Program Files\kotlinc\bin;C:\Users\LENOVO\AppData\Local\Programs\Python\Python311\Scripts\;C:\Users\LENOVO\AppData\Local\Programs\Python\Python311\;C:\Users\LENOVO\AppData\Local\Microsoft\WindowsApps;C:\Users\LENOVO\AppData\Local\Programs\Microsoft VS Code\bin;C:\Program Files\JetBrains\IntelliJ IDEA 2023.2\bin;C:\Program Files\kotlinc;;C:\Users\LENOVO\AppData\Local\JetBrains\IntelliJ IDEA Community Edition 2023.2.1\bin;;C:\Users\LENOVO\AppData\Roaming\Composer\vendor\bin;C:\Program Files\kotlinc;
USERNAME=DZAKY
OS=Windows_NT
PROCESSOR_IDENTIFIER=AMD64 Family 21 Model 112 Stepping 0, AuthenticAMD
TMP=C:\Users\LENOVO\AppData\Local\Temp
TEMP=C:\Users\LENOVO\AppData\Local\Temp


JNI global refs:
JNI global refs: 24, weak refs: 6

JNI global refs memory usage: 843, weak refs: 841


---------------  S Y S T E M  ---------------

OS:
 Windows 10 , 64 bit Build 19041 (10.0.19041.5438)
OS uptime: 7 days 4:03 hours

CPU: total 2 (initial active 2) (2 cores per cpu, 1 threads per core) family 21 model 112 stepping 0 microcode 0x0, cx8, cmov, fxsr, mmx, 3dnowpref, sse, sse2, sse3, ssse3, sse4a, sse4.1, sse4.2, popcnt, lzcnt, tsc, tscinvbit, avx, avx2, aes, clmul, bmi1, bmi2, fma, vzeroupper, clflush

Memory: 4k page, system-wide physical 11680M (2441M free)
TotalPageFile size 11680M (AvailPageFile size 4M)
current process WorkingSet (physical memory assigned to process): 518M, peak: 534M
current process commit charge ("private bytes"): 543M, peak: 560M

vm_info: OpenJDK 64-Bit Server VM (17.0.6+0-b2043.56-10027231) for windows-amd64 JRE (17.0.6+0-b2043.56-10027231), built on Apr 28 2023 00:43:19 by "androidbuild" with MS VC++ 16.10 / 16.11 (VS2019)

END.
