#
# There is insufficient memory for the Java Runtime Environment to continue.
# Native memory allocation (malloc) failed to allocate 2493408 bytes for Chunk::new
# Possible reasons:
#   The system is out of physical RAM or swap space
#   The process is running with CompressedOops enabled, and the Java Heap may be blocking the growth of the native heap
# Possible solutions:
#   Reduce memory load on the system
#   Increase physical memory or swap space
#   Check if swap backing store is full
#   Decrease Java heap size (-Xmx/-Xms)
#   Decrease number of Java threads
#   Decrease Java thread stack sizes (-Xss)
#   Set larger code cache with -XX:ReservedCodeCacheSize=
#   JVM is running with Unscaled Compressed Oops mode in which the Java heap is
#     placed in the first 4GB address space. The Java Heap base address is the
#     maximum limit for the native heap growth. Please use -XX:HeapBaseMinAddress
#     to set the Java Heap base and to place the Java Heap above 4GB virtual address.
# This output file may be truncated or incomplete.
#
#  Out of Memory Error (arena.cpp:189), pid=3244, tid=10992
#
# JRE version: OpenJDK Runtime Environment (17.0.6) (build 17.0.6+0-b2043.56-10027231)
# Java VM: OpenJDK 64-Bit Server VM (17.0.6+0-b2043.56-10027231, mixed mode, tiered, compressed oops, compressed class ptrs, g1 gc, windows-amd64)
# No core dump will be written. Minidumps are not enabled by default on client versions of Windows
#

---------------  S U M M A R Y ------------

Command Line: --add-opens=java.base/java.util=ALL-UNNAMED --add-opens=java.base/java.lang=ALL-UNNAMED --add-opens=java.base/java.lang.invoke=ALL-UNNAMED --add-opens=java.prefs/java.util.prefs=ALL-UNNAMED --add-opens=java.base/java.nio.charset=ALL-UNNAMED --add-opens=java.base/java.net=ALL-UNNAMED --add-opens=java.base/java.util.concurrent.atomic=ALL-UNNAMED -Xmx2048m -Dfile.encoding=UTF-8 -Duser.country=ID -Duser.language=en -Duser.variant org.gradle.launcher.daemon.bootstrap.GradleDaemon 8.0

Host: AMD A9-9420 RADEON R5, 5 COMPUTE CORES 2C+3G   , 2 cores, 11G,  Windows 10 , 64 bit Build 19041 (10.0.19041.5438)
Time: Sun Mar  9 16:44:13 2025 SE Asia Standard Time elapsed time: 107.051922 seconds (0d 0h 1m 47s)

---------------  T H R E A D  ---------------

Current thread (0x000002747f43adc0):  JavaThread "C2 CompilerThread0" daemon [_thread_in_native, id=10992, stack(0x000000d2f6100000,0x000000d2f6200000)]


Current CompileTask:
C2: 107052 10457       4       org.gradle.internal.instantiation.generator.AbstractClassGenerator::inspectType (560 bytes)

Stack: [0x000000d2f6100000,0x000000d2f6200000]
Native frames: (J=compiled Java code, j=interpreted, Vv=VM code, C=native code)
V  [jvm.dll+0x683c9a]
V  [jvm.dll+0x8427a4]
V  [jvm.dll+0x843f9e]
V  [jvm.dll+0x844603]
V  [jvm.dll+0x249b75]
V  [jvm.dll+0xabcac]
V  [jvm.dll+0xac27c]
V  [jvm.dll+0x368857]
V  [jvm.dll+0x332f31]
V  [jvm.dll+0x3323da]
V  [jvm.dll+0x21c201]
V  [jvm.dll+0x21b621]
V  [jvm.dll+0x1a4fdd]
V  [jvm.dll+0x22b098]
V  [jvm.dll+0x229159]
V  [jvm.dll+0x7f81ec]
V  [jvm.dll+0x7f274a]
V  [jvm.dll+0x682ad5]
C  [ucrtbase.dll+0x21bb2]
C  [KERNEL32.DLL+0x17374]
C  [ntdll.dll+0x4cc91]


---------------  P R O C E S S  ---------------

Threads class SMR info:
_java_thread_list=0x0000027419900e10, length=61, elements={
0x0000027476871660, 0x000002747f413620, 0x000002747f4143a0, 0x000002747f433b60,
0x000002747f437440, 0x000002747f438920, 0x000002747f439980, 0x000002747f43adc0,
0x000002747f4415e0, 0x000002747f4579b0, 0x000002747f5bfd40, 0x000002747f5c1220,
0x0000027413e95070, 0x00000274138b6a00, 0x000002747fd97030, 0x000002747f735a30,
0x000002747f7dffd0, 0x0000027413a37880, 0x0000027413a36a10, 0x0000027413a386f0,
0x0000027413a39560, 0x0000027413a36ee0, 0x0000027413a373b0, 0x00000274139fb8a0,
0x0000027413a00a70, 0x00000274139fbd70, 0x0000027413a000d0, 0x000002741522bf30,
0x0000027414976d70, 0x0000027414975f00, 0x0000027414977240, 0x0000027414975560,
0x0000027414975a30, 0x0000027414975090, 0x00000274149763d0, 0x00000274149768a0,
0x0000027414973880, 0x0000027414973d50, 0x0000027414974220, 0x0000027414974bc0,
0x0000027413a018e0, 0x0000027413a005a0, 0x0000027413a01db0, 0x00000274139fc240,
0x00000274139fa560, 0x0000027413a00f40, 0x00000274139faa30, 0x00000274139fb3d0,
0x00000274139fcbe0, 0x00000274139fd0b0, 0x0000027415226d60, 0x0000027415228a40,
0x000002741522b0c0, 0x000002741522b590, 0x0000027415228f10, 0x000002741522c400,
0x00000274152293e0, 0x00000274152298b0, 0x000002741522a250, 0x000002741522a720,
0x0000027413a38220
}

Java Threads: ( => current thread )
  0x0000027476871660 JavaThread "main" [_thread_blocked, id=6656, stack(0x000000d2f5400000,0x000000d2f5500000)]
  0x000002747f413620 JavaThread "Reference Handler" daemon [_thread_blocked, id=5356, stack(0x000000d2f5b00000,0x000000d2f5c00000)]
  0x000002747f4143a0 JavaThread "Finalizer" daemon [_thread_blocked, id=9900, stack(0x000000d2f5c00000,0x000000d2f5d00000)]
  0x000002747f433b60 JavaThread "Signal Dispatcher" daemon [_thread_blocked, id=11252, stack(0x000000d2f5d00000,0x000000d2f5e00000)]
  0x000002747f437440 JavaThread "Attach Listener" daemon [_thread_blocked, id=10100, stack(0x000000d2f5e00000,0x000000d2f5f00000)]
  0x000002747f438920 JavaThread "Service Thread" daemon [_thread_blocked, id=4928, stack(0x000000d2f5f00000,0x000000d2f6000000)]
  0x000002747f439980 JavaThread "Monitor Deflation Thread" daemon [_thread_blocked, id=4572, stack(0x000000d2f6000000,0x000000d2f6100000)]
=>0x000002747f43adc0 JavaThread "C2 CompilerThread0" daemon [_thread_in_native, id=10992, stack(0x000000d2f6100000,0x000000d2f6200000)]
  0x000002747f4415e0 JavaThread "C1 CompilerThread0" daemon [_thread_blocked, id=10884, stack(0x000000d2f6200000,0x000000d2f6300000)]
  0x000002747f4579b0 JavaThread "Sweeper thread" daemon [_thread_blocked, id=11340, stack(0x000000d2f6300000,0x000000d2f6400000)]
  0x000002747f5bfd40 JavaThread "Common-Cleaner" daemon [_thread_blocked, id=10284, stack(0x000000d2f6400000,0x000000d2f6500000)]
  0x000002747f5c1220 JavaThread "Notification Thread" daemon [_thread_blocked, id=4776, stack(0x000000d2f6500000,0x000000d2f6600000)]
  0x0000027413e95070 JavaThread "Daemon health stats" [_thread_blocked, id=9660, stack(0x000000d2f6800000,0x000000d2f6900000)]
  0x00000274138b6a00 JavaThread "Incoming local TCP Connector on port 58087" [_thread_in_native, id=2016, stack(0x000000d2f6900000,0x000000d2f6a00000)]
  0x000002747fd97030 JavaThread "Daemon periodic checks" [_thread_blocked, id=5996, stack(0x000000d2f6a00000,0x000000d2f6b00000)]
  0x000002747f735a30 JavaThread "Daemon" [_thread_blocked, id=12280, stack(0x000000d2f6b00000,0x000000d2f6c00000)]
  0x000002747f7dffd0 JavaThread "Daemon worker" [_thread_in_vm, id=3040, stack(0x000000d2f6e00000,0x000000d2f6f00000)]
  0x0000027413a37880 JavaThread "Cache worker for journal cache (C:\Users\LENOVO\.gradle\caches\journal-1)" [_thread_blocked, id=2788, stack(0x000000d2f7200000,0x000000d2f7300000)]
  0x0000027413a36a10 JavaThread "File lock request listener" [_thread_in_native, id=11060, stack(0x000000d2f7300000,0x000000d2f7400000)]
  0x0000027413a386f0 JavaThread "Cache worker for file hash cache (C:\Users\LENOVO\.gradle\caches\8.0\fileHashes)" [_thread_blocked, id=11320, stack(0x000000d2f7400000,0x000000d2f7500000)]
  0x0000027413a39560 JavaThread "File watcher server" daemon [_thread_in_native, id=1828, stack(0x000000d2f7500000,0x000000d2f7600000)]
  0x0000027413a36ee0 JavaThread "File watcher consumer" daemon [_thread_blocked, id=8396, stack(0x000000d2f7600000,0x000000d2f7700000)]
  0x0000027413a373b0 JavaThread "Cache worker for file content cache (C:\Users\LENOVO\.gradle\caches\8.0\fileContent)" [_thread_blocked, id=2604, stack(0x000000d2f7900000,0x000000d2f7a00000)]
  0x00000274139fb8a0 JavaThread "Cache worker for execution history cache (C:\Users\LENOVO\.gradle\caches\8.0\executionHistory)" [_thread_blocked, id=828, stack(0x000000d2f7c00000,0x000000d2f7d00000)]
  0x0000027413a00a70 JavaThread "jar transforms" [_thread_blocked, id=11092, stack(0x000000d2f7d00000,0x000000d2f7e00000)]
  0x00000274139fbd70 JavaThread "jar transforms Thread 2" [_thread_blocked, id=9240, stack(0x000000d2f7e00000,0x000000d2f7f00000)]
  0x0000027413a000d0 JavaThread "Cache worker for kotlin-dsl (C:\Users\LENOVO\.gradle\caches\8.0\kotlin-dsl)" [_thread_blocked, id=7896, stack(0x000000d2f8000000,0x000000d2f8100000)]
  0x000002741522bf30 JavaThread "Memory manager" [_thread_blocked, id=6528, stack(0x000000d2f9a00000,0x000000d2f9b00000)]
  0x0000027414976d70 JavaThread "included builds" [_thread_blocked, id=11516, stack(0x000000d2f5200000,0x000000d2f5300000)]
  0x0000027414975f00 JavaThread "Handler for socket connection from /127.0.0.1:58087 to /127.0.0.1:58089" [_thread_in_native, id=8732, stack(0x000000d2f5300000,0x000000d2f5400000)]
  0x0000027414977240 JavaThread "Cancel handler" [_thread_blocked, id=1856, stack(0x000000d2f6c00000,0x000000d2f6d00000)]
  0x0000027414975560 JavaThread "Asynchronous log dispatcher for DefaultDaemonConnection: socket connection from /127.0.0.1:58087 to /127.0.0.1:58089" [_thread_blocked, id=11388, stack(0x000000d2f6d00000,0x000000d2f6e00000)]
  0x0000027414975a30 JavaThread "Stdin handler" [_thread_blocked, id=12088, stack(0x000000d2f6f00000,0x000000d2f7000000)]
  0x0000027414975090 JavaThread "Daemon client event forwarder" [_thread_blocked, id=3000, stack(0x000000d2f7000000,0x000000d2f7100000)]
  0x00000274149763d0 JavaThread "Cache worker for checksums cache (G:\Skripsi\WidyaAksara\.gradle\8.0\checksums)" [_thread_blocked, id=5884, stack(0x000000d2f7100000,0x000000d2f7200000)]
  0x00000274149768a0 JavaThread "Cache worker for cache directory md-rule (C:\Users\LENOVO\.gradle\caches\8.0\md-rule)" [_thread_blocked, id=9684, stack(0x000000d2f7700000,0x000000d2f7800000)]
  0x0000027414973880 JavaThread "Cache worker for file hash cache (G:\Skripsi\WidyaAksara\.gradle\8.0\fileHashes)" [_thread_blocked, id=5148, stack(0x000000d2f7800000,0x000000d2f7900000)]
  0x0000027414973d50 JavaThread "Cache worker for cache directory md-supplier (C:\Users\LENOVO\.gradle\caches\8.0\md-supplier)" [_thread_blocked, id=4936, stack(0x000000d2f7a00000,0x000000d2f7b00000)]
  0x0000027414974220 JavaThread "Cache worker for dependencies-accessors (G:\Skripsi\WidyaAksara\.gradle\8.0\dependencies-accessors)" [_thread_blocked, id=5720, stack(0x000000d2f7b00000,0x000000d2f7c00000)]
  0x0000027414974bc0 JavaThread "Cache worker for Build Output Cleanup Cache (G:\Skripsi\WidyaAksara\.gradle\buildOutputCleanup)" [_thread_blocked, id=2416, stack(0x000000d2f8300000,0x000000d2f8400000)]
  0x0000027413a018e0 JavaThread "Unconstrained build operations" [_thread_blocked, id=12080, stack(0x000000d2f8400000,0x000000d2f8500000)]
  0x0000027413a005a0 JavaThread "Unconstrained build operations Thread 2" [_thread_blocked, id=8884, stack(0x000000d2f8500000,0x000000d2f8600000)]
  0x0000027413a01db0 JavaThread "Unconstrained build operations Thread 3" [_thread_blocked, id=5044, stack(0x000000d2f8600000,0x000000d2f8700000)]
  0x00000274139fc240 JavaThread "Unconstrained build operations Thread 4" [_thread_blocked, id=10324, stack(0x000000d2f8700000,0x000000d2f8800000)]
  0x00000274139fa560 JavaThread "Unconstrained build operations Thread 5" [_thread_blocked, id=11476, stack(0x000000d2f8800000,0x000000d2f8900000)]
  0x0000027413a00f40 JavaThread "Unconstrained build operations Thread 6" [_thread_blocked, id=2328, stack(0x000000d2f8900000,0x000000d2f8a00000)]
  0x00000274139faa30 JavaThread "Unconstrained build operations Thread 7" [_thread_blocked, id=3156, stack(0x000000d2f8a00000,0x000000d2f8b00000)]
  0x00000274139fb3d0 JavaThread "Unconstrained build operations Thread 8" [_thread_blocked, id=9400, stack(0x000000d2f8b00000,0x000000d2f8c00000)]
  0x00000274139fcbe0 JavaThread "Unconstrained build operations Thread 9" [_thread_blocked, id=9428, stack(0x000000d2f8c00000,0x000000d2f8d00000)]
  0x00000274139fd0b0 JavaThread "Unconstrained build operations Thread 10" [_thread_blocked, id=7160, stack(0x000000d2f8d00000,0x000000d2f8e00000)]
  0x0000027415226d60 JavaThread "Unconstrained build operations Thread 11" [_thread_blocked, id=8420, stack(0x000000d2f8e00000,0x000000d2f8f00000)]
  0x0000027415228a40 JavaThread "Unconstrained build operations Thread 12" [_thread_blocked, id=9532, stack(0x000000d2f8f00000,0x000000d2f9000000)]
  0x000002741522b0c0 JavaThread "Unconstrained build operations Thread 13" [_thread_blocked, id=6352, stack(0x000000d2f9000000,0x000000d2f9100000)]
  0x000002741522b590 JavaThread "Unconstrained build operations Thread 14" [_thread_blocked, id=11524, stack(0x000000d2f9100000,0x000000d2f9200000)]
  0x0000027415228f10 JavaThread "Unconstrained build operations Thread 15" [_thread_blocked, id=2248, stack(0x000000d2f9200000,0x000000d2f9300000)]
  0x000002741522c400 JavaThread "Unconstrained build operations Thread 16" [_thread_blocked, id=2112, stack(0x000000d2f9300000,0x000000d2f9400000)]
  0x00000274152293e0 JavaThread "Unconstrained build operations Thread 17" [_thread_blocked, id=1192, stack(0x000000d2f9400000,0x000000d2f9500000)]
  0x00000274152298b0 JavaThread "Unconstrained build operations Thread 18" [_thread_blocked, id=8040, stack(0x000000d2f9500000,0x000000d2f9600000)]
  0x000002741522a250 JavaThread "Unconstrained build operations Thread 19" [_thread_blocked, id=2408, stack(0x000000d2f9600000,0x000000d2f9700000)]
  0x000002741522a720 JavaThread "Unconstrained build operations Thread 20" [_thread_blocked, id=10812, stack(0x000000d2f9700000,0x000000d2f9800000)]
  0x0000027413a38220 JavaThread "build event listener" [_thread_blocked, id=5864, stack(0x000000d2f9800000,0x000000d2f9900000)]

Other Threads:
  0x000002747e9706f0 VMThread "VM Thread" [stack: 0x000000d2f5a00000,0x000000d2f5b00000] [id=10332]
  0x000002747f5bd200 WatcherThread [stack: 0x000000d2f6600000,0x000000d2f6700000] [id=6012]
  0x00000274768ccea0 GCTaskThread "GC Thread#0" [stack: 0x000000d2f5500000,0x000000d2f5600000] [id=10036]
  0x000002747f70f560 GCTaskThread "GC Thread#1" [stack: 0x000000d2f6700000,0x000000d2f6800000] [id=1168]
  0x00000274768ddcf0 ConcurrentGCThread "G1 Main Marker" [stack: 0x000000d2f5600000,0x000000d2f5700000] [id=2304]
  0x00000274768de610 ConcurrentGCThread "G1 Conc#0" [stack: 0x000000d2f5700000,0x000000d2f5800000] [id=10756]
  0x000002747693d630 ConcurrentGCThread "G1 Refine#0" [stack: 0x000000d2f5800000,0x000000d2f5900000] [id=11124]
  0x0000027414a10c00 ConcurrentGCThread "G1 Refine#1" [stack: 0x000000d2f7f00000,0x000000d2f8000000] [id=10768]
  0x000002747693df60 ConcurrentGCThread "G1 Service" [stack: 0x000000d2f5900000,0x000000d2f5a00000] [id=9728]

Threads with active compile tasks:
C2 CompilerThread0   107093 10457       4       org.gradle.internal.instantiation.generator.AbstractClassGenerator::inspectType (560 bytes)

VM state: not at safepoint (normal execution)

VM Mutex/Monitor currently owned by a thread: None

Heap address: 0x0000000080000000, size: 2048 MB, Compressed Oops mode: 32-bit

CDS archive(s) not mapped
Compressed class space mapped at: 0x0000000100000000-0x0000000140000000, reserved size: 1073741824
Narrow klass base: 0x0000000000000000, Narrow klass shift: 3, Narrow klass range: 0x140000000

GC Precious Log:
 CPUs: 2 total, 2 available
 Memory: 11680M
 Large Page Support: Disabled
 NUMA Support: Disabled
 Compressed Oops: Enabled (32-bit)
 Heap Region Size: 1M
 Heap Min Capacity: 8M
 Heap Initial Capacity: 184M
 Heap Max Capacity: 2G
 Pre-touch: Disabled
 Parallel Workers: 2
 Concurrent Workers: 1
 Concurrent Refinement Workers: 2
 Periodic GC: Disabled

Heap:
 garbage-first heap   total 176128K, used 118418K [0x0000000080000000, 0x0000000100000000)
  region size 1024K, 41 young (41984K), 6 survivors (6144K)
 Metaspace       used 94362K, committed 94976K, reserved 1138688K
  class space    used 12823K, committed 13120K, reserved 1048576K

Heap Regions: E=young(eden), S=young(survivor), O=old, HS=humongous(starts), HC=humongous(continues), CS=collection set, F=free, OA=open archive, CA=closed archive, TAMS=top-at-mark-start (previous, next)
|   0|0x0000000080000000, 0x0000000080100000, 0x0000000080100000|100%|HS|  |TAMS 0x0000000080100000, 0x0000000080000000| Complete 
|   1|0x0000000080100000, 0x0000000080200000, 0x0000000080200000|100%|HC|  |TAMS 0x0000000080200000, 0x0000000080100000| Complete 
|   2|0x0000000080200000, 0x0000000080300000, 0x0000000080300000|100%|HC|  |TAMS 0x0000000080300000, 0x0000000080200000| Complete 
|   3|0x0000000080300000, 0x0000000080400000, 0x0000000080400000|100%|HC|  |TAMS 0x0000000080400000, 0x0000000080300000| Complete 
|   4|0x0000000080400000, 0x0000000080500000, 0x0000000080500000|100%| O|  |TAMS 0x0000000080500000, 0x0000000080400000| Untracked 
|   5|0x0000000080500000, 0x0000000080600000, 0x0000000080600000|100%| O|  |TAMS 0x0000000080600000, 0x0000000080500000| Untracked 
|   6|0x0000000080600000, 0x0000000080700000, 0x0000000080700000|100%| O|  |TAMS 0x0000000080700000, 0x0000000080600000| Untracked 
|   7|0x0000000080700000, 0x0000000080800000, 0x0000000080800000|100%| O|  |TAMS 0x0000000080800000, 0x0000000080700000| Untracked 
|   8|0x0000000080800000, 0x0000000080900000, 0x0000000080900000|100%| O|  |TAMS 0x0000000080900000, 0x0000000080800000| Untracked 
|   9|0x0000000080900000, 0x0000000080a00000, 0x0000000080a00000|100%| O|  |TAMS 0x0000000080a00000, 0x0000000080900000| Untracked 
|  10|0x0000000080a00000, 0x0000000080b00000, 0x0000000080b00000|100%| O|  |TAMS 0x0000000080b00000, 0x0000000080a00000| Untracked 
|  11|0x0000000080b00000, 0x0000000080c00000, 0x0000000080c00000|100%| O|  |TAMS 0x0000000080c00000, 0x0000000080b00000| Untracked 
|  12|0x0000000080c00000, 0x0000000080d00000, 0x0000000080d00000|100%| O|  |TAMS 0x0000000080d00000, 0x0000000080c00000| Untracked 
|  13|0x0000000080d00000, 0x0000000080e00000, 0x0000000080e00000|100%| O|  |TAMS 0x0000000080e00000, 0x0000000080d00000| Untracked 
|  14|0x0000000080e00000, 0x0000000080f00000, 0x0000000080f00000|100%| O|  |TAMS 0x0000000080f00000, 0x0000000080e00000| Untracked 
|  15|0x0000000080f00000, 0x0000000081000000, 0x0000000081000000|100%| O|  |TAMS 0x0000000081000000, 0x0000000080f00000| Untracked 
|  16|0x0000000081000000, 0x0000000081100000, 0x0000000081100000|100%| O|  |TAMS 0x0000000081100000, 0x0000000081000000| Untracked 
|  17|0x0000000081100000, 0x0000000081200000, 0x0000000081200000|100%| O|  |TAMS 0x0000000081200000, 0x0000000081100000| Untracked 
|  18|0x0000000081200000, 0x0000000081300000, 0x0000000081300000|100%| O|  |TAMS 0x0000000081300000, 0x0000000081200000| Untracked 
|  19|0x0000000081300000, 0x0000000081400000, 0x0000000081400000|100%| O|  |TAMS 0x0000000081400000, 0x0000000081300000| Untracked 
|  20|0x0000000081400000, 0x0000000081500000, 0x0000000081500000|100%| O|  |TAMS 0x0000000081500000, 0x0000000081400000| Untracked 
|  21|0x0000000081500000, 0x0000000081600000, 0x0000000081600000|100%| O|  |TAMS 0x0000000081600000, 0x0000000081500000| Untracked 
|  22|0x0000000081600000, 0x0000000081700000, 0x0000000081700000|100%| O|  |TAMS 0x0000000081700000, 0x0000000081600000| Untracked 
|  23|0x0000000081700000, 0x0000000081800000, 0x0000000081800000|100%| O|  |TAMS 0x0000000081800000, 0x0000000081700000| Untracked 
|  24|0x0000000081800000, 0x0000000081900000, 0x0000000081900000|100%| O|  |TAMS 0x0000000081800000, 0x0000000081800000| Untracked 
|  25|0x0000000081900000, 0x0000000081a00000, 0x0000000081a00000|100%| O|  |TAMS 0x0000000081a00000, 0x0000000081900000| Untracked 
|  26|0x0000000081a00000, 0x0000000081b00000, 0x0000000081b00000|100%| O|  |TAMS 0x0000000081b00000, 0x0000000081a00000| Untracked 
|  27|0x0000000081b00000, 0x0000000081c00000, 0x0000000081c00000|100%| O|  |TAMS 0x0000000081c00000, 0x0000000081b00000| Untracked 
|  28|0x0000000081c00000, 0x0000000081d00000, 0x0000000081d00000|100%| O|  |TAMS 0x0000000081d00000, 0x0000000081c00000| Untracked 
|  29|0x0000000081d00000, 0x0000000081e00000, 0x0000000081e00000|100%| O|  |TAMS 0x0000000081e00000, 0x0000000081d00000| Untracked 
|  30|0x0000000081e00000, 0x0000000081f00000, 0x0000000081f00000|100%| O|  |TAMS 0x0000000081f00000, 0x0000000081e00000| Untracked 
|  31|0x0000000081f00000, 0x0000000082000000, 0x0000000082000000|100%| O|  |TAMS 0x0000000082000000, 0x0000000081f00000| Untracked 
|  32|0x0000000082000000, 0x0000000082100000, 0x0000000082100000|100%| O|  |TAMS 0x0000000082100000, 0x0000000082000000| Untracked 
|  33|0x0000000082100000, 0x0000000082200000, 0x0000000082200000|100%| O|  |TAMS 0x0000000082200000, 0x0000000082100000| Untracked 
|  34|0x0000000082200000, 0x0000000082300000, 0x0000000082300000|100%| O|  |TAMS 0x0000000082300000, 0x0000000082200000| Untracked 
|  35|0x0000000082300000, 0x0000000082400000, 0x0000000082400000|100%| O|  |TAMS 0x0000000082400000, 0x0000000082300000| Untracked 
|  36|0x0000000082400000, 0x0000000082500000, 0x0000000082500000|100%| O|  |TAMS 0x0000000082500000, 0x0000000082400000| Untracked 
|  37|0x0000000082500000, 0x0000000082600000, 0x0000000082600000|100%| O|  |TAMS 0x0000000082500000, 0x0000000082500000| Untracked 
|  38|0x0000000082600000, 0x0000000082700000, 0x0000000082700000|100%|HS|  |TAMS 0x0000000082700000, 0x0000000082600000| Complete 
|  39|0x0000000082700000, 0x0000000082800000, 0x0000000082800000|100%|HS|  |TAMS 0x0000000082800000, 0x0000000082700000| Complete 
|  40|0x0000000082800000, 0x0000000082900000, 0x0000000082900000|100%|HS|  |TAMS 0x0000000082900000, 0x0000000082800000| Complete 
|  41|0x0000000082900000, 0x0000000082a00000, 0x0000000082a00000|100%|HC|  |TAMS 0x0000000082a00000, 0x0000000082900000| Complete 
|  42|0x0000000082a00000, 0x0000000082b00000, 0x0000000082b00000|100%|HS|  |TAMS 0x0000000082b00000, 0x0000000082a00000| Complete 
|  43|0x0000000082b00000, 0x0000000082c00000, 0x0000000082c00000|100%|HS|  |TAMS 0x0000000082c00000, 0x0000000082b00000| Complete 
|  44|0x0000000082c00000, 0x0000000082d00000, 0x0000000082d00000|100%|HC|  |TAMS 0x0000000082d00000, 0x0000000082c00000| Complete 
|  45|0x0000000082d00000, 0x0000000082e00000, 0x0000000082e00000|100%|HC|  |TAMS 0x0000000082e00000, 0x0000000082d00000| Complete 
|  46|0x0000000082e00000, 0x0000000082f00000, 0x0000000082f00000|100%|HC|  |TAMS 0x0000000082f00000, 0x0000000082e00000| Complete 
|  47|0x0000000082f00000, 0x0000000083000000, 0x0000000083000000|100%| O|  |TAMS 0x0000000083000000, 0x0000000082f00000| Untracked 
|  48|0x0000000083000000, 0x0000000083100000, 0x0000000083100000|100%| O|  |TAMS 0x0000000083100000, 0x0000000083000000| Untracked 
|  49|0x0000000083100000, 0x0000000083200000, 0x0000000083200000|100%| O|  |TAMS 0x0000000083200000, 0x0000000083100000| Untracked 
|  50|0x0000000083200000, 0x0000000083300000, 0x0000000083300000|100%| O|  |TAMS 0x0000000083300000, 0x0000000083200000| Untracked 
|  51|0x0000000083300000, 0x0000000083400000, 0x0000000083400000|100%| O|  |TAMS 0x0000000083400000, 0x0000000083300000| Untracked 
|  52|0x0000000083400000, 0x0000000083500000, 0x0000000083500000|100%| O|  |TAMS 0x0000000083500000, 0x0000000083400000| Untracked 
|  53|0x0000000083500000, 0x0000000083600000, 0x0000000083600000|100%| O|  |TAMS 0x0000000083600000, 0x0000000083500000| Untracked 
|  54|0x0000000083600000, 0x0000000083700000, 0x0000000083700000|100%| O|  |TAMS 0x0000000083700000, 0x0000000083600000| Untracked 
|  55|0x0000000083700000, 0x0000000083800000, 0x0000000083800000|100%| O|  |TAMS 0x0000000083735600, 0x0000000083700000| Untracked 
|  56|0x0000000083800000, 0x0000000083900000, 0x0000000083900000|100%| O|  |TAMS 0x0000000083800000, 0x0000000083800000| Untracked 
|  57|0x0000000083900000, 0x0000000083a00000, 0x0000000083a00000|100%|HS|  |TAMS 0x0000000083a00000, 0x0000000083900000| Complete 
|  58|0x0000000083a00000, 0x0000000083b00000, 0x0000000083b00000|100%|HS|  |TAMS 0x0000000083b00000, 0x0000000083a00000| Complete 
|  59|0x0000000083b00000, 0x0000000083c00000, 0x0000000083c00000|100%| O|  |TAMS 0x0000000083b00000, 0x0000000083b00000| Untracked 
|  60|0x0000000083c00000, 0x0000000083d00000, 0x0000000083d00000|100%| O|  |TAMS 0x0000000083c00000, 0x0000000083c00000| Untracked 
|  61|0x0000000083d00000, 0x0000000083e00000, 0x0000000083e00000|100%|HS|  |TAMS 0x0000000083d00000, 0x0000000083d00000| Complete 
|  62|0x0000000083e00000, 0x0000000083f00000, 0x0000000083f00000|100%| O|  |TAMS 0x0000000083e00000, 0x0000000083e00000| Untracked 
|  63|0x0000000083f00000, 0x0000000084000000, 0x0000000084000000|100%| O|  |TAMS 0x0000000083f00000, 0x0000000083f00000| Untracked 
|  64|0x0000000084000000, 0x0000000084100000, 0x0000000084100000|100%| O|  |TAMS 0x0000000084000000, 0x0000000084000000| Untracked 
|  65|0x0000000084100000, 0x0000000084200000, 0x0000000084200000|100%| O|  |TAMS 0x0000000084100000, 0x0000000084100000| Untracked 
|  66|0x0000000084200000, 0x0000000084300000, 0x0000000084300000|100%| O|  |TAMS 0x0000000084200000, 0x0000000084200000| Untracked 
|  67|0x0000000084300000, 0x0000000084400000, 0x0000000084400000|100%| O|  |TAMS 0x0000000084300000, 0x0000000084300000| Untracked 
|  68|0x0000000084400000, 0x0000000084500000, 0x0000000084500000|100%| O|  |TAMS 0x0000000084400000, 0x0000000084400000| Untracked 
|  69|0x0000000084500000, 0x0000000084600000, 0x0000000084600000|100%| O|  |TAMS 0x0000000084500000, 0x0000000084500000| Untracked 
|  70|0x0000000084600000, 0x0000000084700000, 0x0000000084700000|100%| O|  |TAMS 0x0000000084600000, 0x0000000084600000| Untracked 
|  71|0x0000000084700000, 0x0000000084800000, 0x0000000084800000|100%| O|  |TAMS 0x0000000084700000, 0x0000000084700000| Untracked 
|  72|0x0000000084800000, 0x0000000084900000, 0x0000000084900000|100%| O|  |TAMS 0x0000000084800000, 0x0000000084800000| Untracked 
|  73|0x0000000084900000, 0x0000000084a00000, 0x0000000084a00000|100%| O|  |TAMS 0x0000000084900000, 0x0000000084900000| Untracked 
|  74|0x0000000084a00000, 0x0000000084b00000, 0x0000000084b00000|100%| O|  |TAMS 0x0000000084a00000, 0x0000000084a00000| Untracked 
|  75|0x0000000084b00000, 0x0000000084ba4800, 0x0000000084c00000| 64%| O|  |TAMS 0x0000000084b00000, 0x0000000084b00000| Untracked 
|  76|0x0000000084c00000, 0x0000000084c00000, 0x0000000084d00000|  0%| F|  |TAMS 0x0000000084c00000, 0x0000000084c00000| Untracked 
|  77|0x0000000084d00000, 0x0000000084d00000, 0x0000000084e00000|  0%| F|  |TAMS 0x0000000084d00000, 0x0000000084d00000| Untracked 
|  78|0x0000000084e00000, 0x0000000084e00000, 0x0000000084f00000|  0%| F|  |TAMS 0x0000000084e00000, 0x0000000084e00000| Untracked 
|  79|0x0000000084f00000, 0x0000000084f00000, 0x0000000085000000|  0%| F|  |TAMS 0x0000000084f00000, 0x0000000084f00000| Untracked 
|  80|0x0000000085000000, 0x0000000085000000, 0x0000000085100000|  0%| F|  |TAMS 0x0000000085000000, 0x0000000085000000| Untracked 
|  81|0x0000000085100000, 0x0000000085100000, 0x0000000085200000|  0%| F|  |TAMS 0x0000000085100000, 0x0000000085100000| Untracked 
|  82|0x0000000085200000, 0x0000000085200000, 0x0000000085300000|  0%| F|  |TAMS 0x0000000085200000, 0x0000000085200000| Untracked 
|  83|0x0000000085300000, 0x0000000085300000, 0x0000000085400000|  0%| F|  |TAMS 0x0000000085300000, 0x0000000085300000| Untracked 
|  84|0x0000000085400000, 0x0000000085400000, 0x0000000085500000|  0%| F|  |TAMS 0x0000000085400000, 0x0000000085400000| Untracked 
|  85|0x0000000085500000, 0x0000000085500000, 0x0000000085600000|  0%| F|  |TAMS 0x0000000085500000, 0x0000000085500000| Untracked 
|  86|0x0000000085600000, 0x0000000085600000, 0x0000000085700000|  0%| F|  |TAMS 0x0000000085600000, 0x0000000085600000| Untracked 
|  87|0x0000000085700000, 0x0000000085700000, 0x0000000085800000|  0%| F|  |TAMS 0x0000000085700000, 0x0000000085700000| Untracked 
|  88|0x0000000085800000, 0x0000000085800000, 0x0000000085900000|  0%| F|  |TAMS 0x0000000085800000, 0x0000000085800000| Untracked 
|  89|0x0000000085900000, 0x0000000085900000, 0x0000000085a00000|  0%| F|  |TAMS 0x0000000085900000, 0x0000000085900000| Untracked 
|  90|0x0000000085a00000, 0x0000000085a00000, 0x0000000085b00000|  0%| F|  |TAMS 0x0000000085a00000, 0x0000000085a00000| Untracked 
|  91|0x0000000085b00000, 0x0000000085b00000, 0x0000000085c00000|  0%| F|  |TAMS 0x0000000085b00000, 0x0000000085b00000| Untracked 
|  92|0x0000000085c00000, 0x0000000085c00000, 0x0000000085d00000|  0%| F|  |TAMS 0x0000000085c00000, 0x0000000085c00000| Untracked 
|  93|0x0000000085d00000, 0x0000000085d00000, 0x0000000085e00000|  0%| F|  |TAMS 0x0000000085d00000, 0x0000000085d00000| Untracked 
|  94|0x0000000085e00000, 0x0000000085e00000, 0x0000000085f00000|  0%| F|  |TAMS 0x0000000085e00000, 0x0000000085e00000| Untracked 
|  95|0x0000000085f00000, 0x0000000085f00000, 0x0000000086000000|  0%| F|  |TAMS 0x0000000085f00000, 0x0000000085f00000| Untracked 
|  96|0x0000000086000000, 0x0000000086000000, 0x0000000086100000|  0%| F|  |TAMS 0x0000000086000000, 0x0000000086000000| Untracked 
|  97|0x0000000086100000, 0x0000000086100000, 0x0000000086200000|  0%| F|  |TAMS 0x0000000086100000, 0x0000000086100000| Untracked 
|  98|0x0000000086200000, 0x0000000086200000, 0x0000000086300000|  0%| F|  |TAMS 0x0000000086200000, 0x0000000086200000| Untracked 
|  99|0x0000000086300000, 0x0000000086300000, 0x0000000086400000|  0%| F|  |TAMS 0x0000000086300000, 0x0000000086300000| Untracked 
| 100|0x0000000086400000, 0x0000000086400000, 0x0000000086500000|  0%| F|  |TAMS 0x0000000086400000, 0x0000000086400000| Untracked 
| 101|0x0000000086500000, 0x0000000086500000, 0x0000000086600000|  0%| F|  |TAMS 0x0000000086500000, 0x0000000086500000| Untracked 
| 102|0x0000000086600000, 0x0000000086700000, 0x0000000086700000|100%| S|CS|TAMS 0x0000000086600000, 0x0000000086600000| Complete 
| 103|0x0000000086700000, 0x0000000086800000, 0x0000000086800000|100%| S|CS|TAMS 0x0000000086700000, 0x0000000086700000| Complete 
| 104|0x0000000086800000, 0x0000000086900000, 0x0000000086900000|100%| S|CS|TAMS 0x0000000086800000, 0x0000000086800000| Complete 
| 105|0x0000000086900000, 0x0000000086a00000, 0x0000000086a00000|100%| S|CS|TAMS 0x0000000086900000, 0x0000000086900000| Complete 
| 106|0x0000000086a00000, 0x0000000086b00000, 0x0000000086b00000|100%| S|CS|TAMS 0x0000000086a00000, 0x0000000086a00000| Complete 
| 107|0x0000000086b00000, 0x0000000086b00000, 0x0000000086c00000|  0%| F|  |TAMS 0x0000000086b00000, 0x0000000086b00000| Untracked 
| 108|0x0000000086c00000, 0x0000000086c00000, 0x0000000086d00000|  0%| F|  |TAMS 0x0000000086c00000, 0x0000000086c00000| Untracked 
| 109|0x0000000086d00000, 0x0000000086d00000, 0x0000000086e00000|  0%| F|  |TAMS 0x0000000086d00000, 0x0000000086d00000| Untracked 
| 110|0x0000000086e00000, 0x0000000086e00000, 0x0000000086f00000|  0%| F|  |TAMS 0x0000000086e00000, 0x0000000086e00000| Untracked 
| 111|0x0000000086f00000, 0x0000000086f00000, 0x0000000087000000|  0%| F|  |TAMS 0x0000000086f00000, 0x0000000086f00000| Untracked 
| 112|0x0000000087000000, 0x0000000087000000, 0x0000000087100000|  0%| F|  |TAMS 0x0000000087000000, 0x0000000087000000| Untracked 
| 113|0x0000000087100000, 0x0000000087100000, 0x0000000087200000|  0%| F|  |TAMS 0x0000000087100000, 0x0000000087100000| Untracked 
| 114|0x0000000087200000, 0x0000000087300000, 0x0000000087300000|100%| S|CS|TAMS 0x0000000087200000, 0x0000000087200000| Complete 
| 115|0x0000000087300000, 0x0000000087300000, 0x0000000087400000|  0%| F|  |TAMS 0x0000000087300000, 0x0000000087300000| Untracked 
| 116|0x0000000087400000, 0x0000000087400000, 0x0000000087500000|  0%| F|  |TAMS 0x0000000087400000, 0x0000000087400000| Untracked 
| 117|0x0000000087500000, 0x0000000087500000, 0x0000000087600000|  0%| F|  |TAMS 0x0000000087500000, 0x0000000087500000| Untracked 
| 118|0x0000000087600000, 0x0000000087600000, 0x0000000087700000|  0%| F|  |TAMS 0x0000000087600000, 0x0000000087600000| Untracked 
| 119|0x0000000087700000, 0x0000000087700000, 0x0000000087800000|  0%| F|  |TAMS 0x0000000087700000, 0x0000000087700000| Untracked 
| 120|0x0000000087800000, 0x0000000087800000, 0x0000000087900000|  0%| F|  |TAMS 0x0000000087800000, 0x0000000087800000| Untracked 
| 121|0x0000000087900000, 0x0000000087900000, 0x0000000087a00000|  0%| F|  |TAMS 0x0000000087900000, 0x0000000087900000| Untracked 
| 122|0x0000000087a00000, 0x0000000087a00000, 0x0000000087b00000|  0%| F|  |TAMS 0x0000000087a00000, 0x0000000087a00000| Untracked 
| 123|0x0000000087b00000, 0x0000000087b00000, 0x0000000087c00000|  0%| F|  |TAMS 0x0000000087b00000, 0x0000000087b00000| Untracked 
| 124|0x0000000087c00000, 0x0000000087c00000, 0x0000000087d00000|  0%| F|  |TAMS 0x0000000087c00000, 0x0000000087c00000| Untracked 
| 125|0x0000000087d00000, 0x0000000087d00000, 0x0000000087e00000|  0%| F|  |TAMS 0x0000000087d00000, 0x0000000087d00000| Untracked 
| 126|0x0000000087e00000, 0x0000000087e00000, 0x0000000087f00000|  0%| F|  |TAMS 0x0000000087e00000, 0x0000000087e00000| Untracked 
| 127|0x0000000087f00000, 0x0000000087f00000, 0x0000000088000000|  0%| F|  |TAMS 0x0000000087f00000, 0x0000000087f00000| Untracked 
| 128|0x0000000088000000, 0x0000000088000000, 0x0000000088100000|  0%| F|  |TAMS 0x0000000088000000, 0x0000000088000000| Untracked 
| 129|0x0000000088100000, 0x0000000088100000, 0x0000000088200000|  0%| F|  |TAMS 0x0000000088100000, 0x0000000088100000| Untracked 
| 130|0x0000000088200000, 0x0000000088200000, 0x0000000088300000|  0%| F|  |TAMS 0x0000000088200000, 0x0000000088200000| Untracked 
| 131|0x0000000088300000, 0x0000000088300000, 0x0000000088400000|  0%| F|  |TAMS 0x0000000088300000, 0x0000000088300000| Untracked 
| 132|0x0000000088400000, 0x0000000088400000, 0x0000000088500000|  0%| F|  |TAMS 0x0000000088400000, 0x0000000088400000| Untracked 
| 133|0x0000000088500000, 0x0000000088500000, 0x0000000088600000|  0%| F|  |TAMS 0x0000000088500000, 0x0000000088500000| Untracked 
| 134|0x0000000088600000, 0x0000000088600000, 0x0000000088700000|  0%| F|  |TAMS 0x0000000088600000, 0x0000000088600000| Untracked 
| 135|0x0000000088700000, 0x0000000088700000, 0x0000000088800000|  0%| F|  |TAMS 0x0000000088700000, 0x0000000088700000| Untracked 
| 136|0x0000000088800000, 0x0000000088880800, 0x0000000088900000| 50%| E|  |TAMS 0x0000000088800000, 0x0000000088800000| Complete 
| 137|0x0000000088900000, 0x0000000088a00000, 0x0000000088a00000|100%| E|CS|TAMS 0x0000000088900000, 0x0000000088900000| Complete 
| 138|0x0000000088a00000, 0x0000000088b00000, 0x0000000088b00000|100%| E|CS|TAMS 0x0000000088a00000, 0x0000000088a00000| Complete 
| 139|0x0000000088b00000, 0x0000000088c00000, 0x0000000088c00000|100%| E|CS|TAMS 0x0000000088b00000, 0x0000000088b00000| Complete 
| 140|0x0000000088c00000, 0x0000000088d00000, 0x0000000088d00000|100%| E|CS|TAMS 0x0000000088c00000, 0x0000000088c00000| Complete 
| 141|0x0000000088d00000, 0x0000000088e00000, 0x0000000088e00000|100%| E|CS|TAMS 0x0000000088d00000, 0x0000000088d00000| Complete 
| 142|0x0000000088e00000, 0x0000000088f00000, 0x0000000088f00000|100%| E|CS|TAMS 0x0000000088e00000, 0x0000000088e00000| Complete 
| 143|0x0000000088f00000, 0x0000000089000000, 0x0000000089000000|100%| E|CS|TAMS 0x0000000088f00000, 0x0000000088f00000| Complete 
| 144|0x0000000089000000, 0x0000000089100000, 0x0000000089100000|100%| E|CS|TAMS 0x0000000089000000, 0x0000000089000000| Complete 
| 145|0x0000000089100000, 0x0000000089200000, 0x0000000089200000|100%| E|CS|TAMS 0x0000000089100000, 0x0000000089100000| Complete 
| 146|0x0000000089200000, 0x0000000089300000, 0x0000000089300000|100%| E|CS|TAMS 0x0000000089200000, 0x0000000089200000| Complete 
| 147|0x0000000089300000, 0x0000000089400000, 0x0000000089400000|100%| E|CS|TAMS 0x0000000089300000, 0x0000000089300000| Complete 
| 148|0x0000000089400000, 0x0000000089500000, 0x0000000089500000|100%| E|CS|TAMS 0x0000000089400000, 0x0000000089400000| Complete 
| 149|0x0000000089500000, 0x0000000089600000, 0x0000000089600000|100%| E|CS|TAMS 0x0000000089500000, 0x0000000089500000| Complete 
| 150|0x0000000089600000, 0x0000000089700000, 0x0000000089700000|100%| E|CS|TAMS 0x0000000089600000, 0x0000000089600000| Complete 
| 151|0x0000000089700000, 0x0000000089800000, 0x0000000089800000|100%| E|CS|TAMS 0x0000000089700000, 0x0000000089700000| Complete 
| 152|0x0000000089800000, 0x0000000089900000, 0x0000000089900000|100%| E|CS|TAMS 0x0000000089800000, 0x0000000089800000| Complete 
| 153|0x0000000089900000, 0x0000000089a00000, 0x0000000089a00000|100%| E|CS|TAMS 0x0000000089900000, 0x0000000089900000| Complete 
| 154|0x0000000089a00000, 0x0000000089b00000, 0x0000000089b00000|100%| E|CS|TAMS 0x0000000089a00000, 0x0000000089a00000| Complete 
| 155|0x0000000089b00000, 0x0000000089c00000, 0x0000000089c00000|100%| E|CS|TAMS 0x0000000089b00000, 0x0000000089b00000| Complete 
| 156|0x0000000089c00000, 0x0000000089d00000, 0x0000000089d00000|100%| E|CS|TAMS 0x0000000089c00000, 0x0000000089c00000| Complete 
| 157|0x0000000089d00000, 0x0000000089e00000, 0x0000000089e00000|100%| E|CS|TAMS 0x0000000089d00000, 0x0000000089d00000| Complete 
| 158|0x0000000089e00000, 0x0000000089f00000, 0x0000000089f00000|100%| E|CS|TAMS 0x0000000089e00000, 0x0000000089e00000| Complete 
| 159|0x0000000089f00000, 0x000000008a000000, 0x000000008a000000|100%| E|CS|TAMS 0x0000000089f00000, 0x0000000089f00000| Complete 
| 160|0x000000008a000000, 0x000000008a100000, 0x000000008a100000|100%| E|CS|TAMS 0x000000008a000000, 0x000000008a000000| Complete 
| 161|0x000000008a100000, 0x000000008a200000, 0x000000008a200000|100%| E|CS|TAMS 0x000000008a100000, 0x000000008a100000| Complete 
| 162|0x000000008a200000, 0x000000008a300000, 0x000000008a300000|100%| E|CS|TAMS 0x000000008a200000, 0x000000008a200000| Complete 
| 163|0x000000008a300000, 0x000000008a400000, 0x000000008a400000|100%| E|CS|TAMS 0x000000008a300000, 0x000000008a300000| Complete 
| 164|0x000000008a400000, 0x000000008a500000, 0x000000008a500000|100%| E|CS|TAMS 0x000000008a400000, 0x000000008a400000| Complete 
| 165|0x000000008a500000, 0x000000008a600000, 0x000000008a600000|100%| E|CS|TAMS 0x000000008a500000, 0x000000008a500000| Complete 
| 166|0x000000008a600000, 0x000000008a700000, 0x000000008a700000|100%| E|CS|TAMS 0x000000008a600000, 0x000000008a600000| Complete 
| 167|0x000000008a700000, 0x000000008a800000, 0x000000008a800000|100%| E|CS|TAMS 0x000000008a700000, 0x000000008a700000| Complete 
| 168|0x000000008a800000, 0x000000008a900000, 0x000000008a900000|100%| E|CS|TAMS 0x000000008a800000, 0x000000008a800000| Complete 
| 169|0x000000008a900000, 0x000000008aa00000, 0x000000008aa00000|100%| E|CS|TAMS 0x000000008a900000, 0x000000008a900000| Complete 
| 170|0x000000008aa00000, 0x000000008ab00000, 0x000000008ab00000|100%| E|CS|TAMS 0x000000008aa00000, 0x000000008aa00000| Complete 
| 171|0x000000008ab00000, 0x000000008ac00000, 0x000000008ac00000|100%| E|CS|TAMS 0x000000008ab00000, 0x000000008ab00000| Complete 

Card table byte_map: [0x000002747bd70000,0x000002747c170000] _byte_map_base: 0x000002747b970000

Marking Bits (Prev, Next): (CMBitMap*) 0x00000274768cd400, (CMBitMap*) 0x00000274768cd3c0
 Prev Bits: [0x000002740f000000, 0x0000027411000000)
 Next Bits: [0x000002747c570000, 0x000002747e570000)

Polling page: 0x0000027476660000

Metaspace:

Usage:
  Non-class:     79.68 MB used.
      Class:     12.53 MB used.
       Both:     92.20 MB used.

Virtual space:
  Non-class space:       88.00 MB reserved,      80.00 MB ( 91%) committed,  11 nodes.
      Class space:        1.00 GB reserved,      12.81 MB (  1%) committed,  1 nodes.
             Both:        1.09 GB reserved,      92.81 MB (  8%) committed. 

Chunk freelists:
   Non-Class:  3.33 MB
       Class:  3.02 MB
        Both:  6.35 MB

MaxMetaspaceSize: unlimited
CompressedClassSpaceSize: 1.00 GB
Initial GC threshold: 21.00 MB
Current GC threshold: 105.56 MB
CDS: off
MetaspaceReclaimPolicy: balanced
 - commit_granule_bytes: 65536.
 - commit_granule_words: 8192.
 - virtual_space_node_default_size: 1048576.
 - enlarge_chunks_in_place: 1.
 - new_chunks_are_fully_committed: 0.
 - uncommit_free_chunks: 1.
 - use_allocation_guard: 0.
 - handle_deallocations: 1.


Internal statistics:

num_allocs_failed_limit: 6.
num_arena_births: 1036.
num_arena_deaths: 0.
num_vsnodes_births: 12.
num_vsnodes_deaths: 0.
num_space_committed: 1485.
num_space_uncommitted: 0.
num_chunks_returned_to_freelist: 6.
num_chunks_taken_from_freelist: 4493.
num_chunk_merges: 6.
num_chunk_splits: 2998.
num_chunks_enlarged: 2028.
num_purges: 0.
num_inconsistent_stats: 0.

CodeHeap 'non-profiled nmethods': size=120064Kb used=5102Kb max_used=5102Kb free=114962Kb
 bounds [0x0000027407ac0000, 0x0000027407fc0000, 0x000002740f000000]
CodeHeap 'profiled nmethods': size=120000Kb used=19606Kb max_used=19606Kb free=100393Kb
 bounds [0x0000027400000000, 0x0000027401330000, 0x0000027407530000]
CodeHeap 'non-nmethods': size=5696Kb used=2386Kb max_used=2425Kb free=3309Kb
 bounds [0x0000027407530000, 0x00000274077a0000, 0x0000027407ac0000]
 total_blobs=10548 nmethods=9626 adapters=834
 compilation: enabled
              stopped_count=0, restarted_count=0
 full_count=0

Compilation events (20 events):
Event: 107.007 Thread 0x000002747f4415e0 10499       3       org.gradle.internal.graph.CachingDirectedGraphWalker$NodeDetails::access$402 (7 bytes)
Event: 107.008 Thread 0x000002747f4415e0 nmethod 10499 0x000002740131b890 code [0x000002740131ba20, 0x000002740131bb18]
Event: 107.008 Thread 0x000002747f4415e0 10500       3       org.gradle.internal.graph.CachingDirectedGraphWalker$GraphWithEmptyEdges::getNodeValues (13 bytes)
Event: 107.008 Thread 0x000002747f4415e0 nmethod 10500 0x000002740131bc10 code [0x000002740131bdc0, 0x000002740131bf88]
Event: 107.008 Thread 0x000002747f4415e0 10501       3       org.gradle.api.internal.tasks.CachingTaskDependencyResolveContext$TaskGraphImpl::getNodeValues (172 bytes)
Event: 107.011 Thread 0x000002747f4415e0 nmethod 10501 0x000002740131c090 code [0x000002740131c4a0, 0x000002740131e498]
Event: 107.013 Thread 0x000002747f4415e0 10502       3       org.gradle.internal.graph.CachingDirectedGraphWalker$GraphWithEmptyEdges::getEdgeValues (1 bytes)
Event: 107.013 Thread 0x000002747f4415e0 nmethod 10502 0x000002740131ee10 code [0x000002740131efa0, 0x000002740131f0b8]
Event: 107.016 Thread 0x000002747f4415e0 10503       3       com.google.common.collect.RegularImmutableMap::createValues (9 bytes)
Event: 107.016 Thread 0x000002747f4415e0 nmethod 10503 0x000002740131f190 code [0x000002740131f360, 0x000002740131f6f8]
Event: 107.017 Thread 0x000002747f4415e0 10505 %     3       java.util.TimSort::binarySort @ 69 (223 bytes)
Event: 107.018 Thread 0x000002747f4415e0 nmethod 10505% 0x000002740131f890 code [0x000002740131fac0, 0x00000274013206b8]
Event: 107.018 Thread 0x000002747f4415e0 10506       3       java.util.TimSort::binarySort (223 bytes)
Event: 107.019 Thread 0x000002747f4415e0 nmethod 10506 0x0000027401320a90 code [0x0000027401320ca0, 0x0000027401321758]
Event: 107.022 Thread 0x000002747f4415e0 10508       2       org.gradle.api.reflect.TypeOf::getConcreteClass (8 bytes)
Event: 107.023 Thread 0x000002747f4415e0 nmethod 10508 0x0000027401321a90 code [0x0000027401321c20, 0x0000027401321d48]
Event: 107.023 Thread 0x000002747f4415e0 10509       2       org.gradle.model.internal.type.ModelType::getConcreteClass (16 bytes)
Event: 107.023 Thread 0x000002747f4415e0 nmethod 10509 0x0000027401321e10 code [0x0000027401321fa0, 0x00000274013220c8]
Event: 107.023 Thread 0x000002747f4415e0 10510       2       java.util.ArrayList::forEach (74 bytes)
Event: 107.024 Thread 0x000002747f4415e0 nmethod 10510 0x0000027401322190 code [0x0000027401322360, 0x00000274013226e8]

GC Heap History (20 events):
Event: 59.761 GC heap before
{Heap before GC invocations=41 (full 0):
 garbage-first heap   total 96256K, used 65643K [0x0000000080000000, 0x0000000100000000)
  region size 1024K, 13 young (13312K), 2 survivors (2048K)
 Metaspace       used 64283K, committed 64832K, reserved 1105920K
  class space    used 8504K, committed 8768K, reserved 1048576K
}
Event: 59.769 GC heap after
{Heap after GC invocations=42 (full 0):
 garbage-first heap   total 96256K, used 56968K [0x0000000080000000, 0x0000000100000000)
  region size 1024K, 3 young (3072K), 3 survivors (3072K)
 Metaspace       used 64283K, committed 64832K, reserved 1105920K
  class space    used 8504K, committed 8768K, reserved 1048576K
}
Event: 59.925 GC heap before
{Heap before GC invocations=43 (full 0):
 garbage-first heap   total 99328K, used 61064K [0x0000000080000000, 0x0000000100000000)
  region size 1024K, 7 young (7168K), 3 survivors (3072K)
 Metaspace       used 64283K, committed 64832K, reserved 1105920K
  class space    used 8504K, committed 8768K, reserved 1048576K
}
Event: 59.935 GC heap after
{Heap after GC invocations=44 (full 0):
 garbage-first heap   total 99328K, used 59605K [0x0000000080000000, 0x0000000100000000)
  region size 1024K, 3 young (3072K), 3 survivors (3072K)
 Metaspace       used 64283K, committed 64832K, reserved 1105920K
  class space    used 8504K, committed 8768K, reserved 1048576K
}
Event: 60.128 GC heap before
{Heap before GC invocations=45 (full 0):
 garbage-first heap   total 101376K, used 67797K [0x0000000080000000, 0x0000000100000000)
  region size 1024K, 9 young (9216K), 3 survivors (3072K)
 Metaspace       used 64287K, committed 64896K, reserved 1105920K
  class space    used 8504K, committed 8768K, reserved 1048576K
}
Event: 60.137 GC heap after
{Heap after GC invocations=46 (full 0):
 garbage-first heap   total 101376K, used 63255K [0x0000000080000000, 0x0000000100000000)
  region size 1024K, 2 young (2048K), 2 survivors (2048K)
 Metaspace       used 64287K, committed 64896K, reserved 1105920K
  class space    used 8504K, committed 8768K, reserved 1048576K
}
Event: 60.824 GC heap before
{Heap before GC invocations=47 (full 0):
 garbage-first heap   total 114688K, used 78615K [0x0000000080000000, 0x0000000100000000)
  region size 1024K, 15 young (15360K), 2 survivors (2048K)
 Metaspace       used 65585K, committed 66112K, reserved 1114112K
  class space    used 8674K, committed 8896K, reserved 1048576K
}
Event: 60.830 GC heap after
{Heap after GC invocations=48 (full 0):
 garbage-first heap   total 114688K, used 62871K [0x0000000080000000, 0x0000000100000000)
  region size 1024K, 2 young (2048K), 2 survivors (2048K)
 Metaspace       used 65585K, committed 66112K, reserved 1114112K
  class space    used 8674K, committed 8896K, reserved 1048576K
}
Event: 60.960 GC heap before
{Heap before GC invocations=48 (full 0):
 garbage-first heap   total 114688K, used 64919K [0x0000000080000000, 0x0000000100000000)
  region size 1024K, 5 young (5120K), 2 survivors (2048K)
 Metaspace       used 65874K, committed 66432K, reserved 1114112K
  class space    used 8718K, committed 8960K, reserved 1048576K
}
Event: 60.970 GC heap after
{Heap after GC invocations=49 (full 0):
 garbage-first heap   total 176128K, used 62516K [0x0000000080000000, 0x0000000100000000)
  region size 1024K, 1 young (1024K), 1 survivors (1024K)
 Metaspace       used 65874K, committed 66432K, reserved 1114112K
  class space    used 8718K, committed 8960K, reserved 1048576K
}
Event: 63.412 GC heap before
{Heap before GC invocations=49 (full 0):
 garbage-first heap   total 176128K, used 111668K [0x0000000080000000, 0x0000000100000000)
  region size 1024K, 49 young (50176K), 1 survivors (1024K)
 Metaspace       used 70669K, committed 71296K, reserved 1114112K
  class space    used 9339K, committed 9664K, reserved 1048576K
}
Event: 63.427 GC heap after
{Heap after GC invocations=50 (full 0):
 garbage-first heap   total 176128K, used 66010K [0x0000000080000000, 0x0000000100000000)
  region size 1024K, 4 young (4096K), 4 survivors (4096K)
 Metaspace       used 70669K, committed 71296K, reserved 1114112K
  class space    used 9339K, committed 9664K, reserved 1048576K
}
Event: 65.663 GC heap before
{Heap before GC invocations=50 (full 0):
 garbage-first heap   total 176128K, used 120282K [0x0000000080000000, 0x0000000100000000)
  region size 1024K, 57 young (58368K), 4 survivors (4096K)
 Metaspace       used 75728K, committed 76352K, reserved 1122304K
  class space    used 9990K, committed 10304K, reserved 1048576K
}
Event: 65.687 GC heap after
{Heap after GC invocations=51 (full 0):
 garbage-first heap   total 176128K, used 69885K [0x0000000080000000, 0x0000000100000000)
  region size 1024K, 8 young (8192K), 8 survivors (8192K)
 Metaspace       used 75728K, committed 76352K, reserved 1122304K
  class space    used 9990K, committed 10304K, reserved 1048576K
}
Event: 68.363 GC heap before
{Heap before GC invocations=51 (full 0):
 garbage-first heap   total 176128K, used 128253K [0x0000000080000000, 0x0000000100000000)
  region size 1024K, 65 young (66560K), 8 survivors (8192K)
 Metaspace       used 82402K, committed 83008K, reserved 1122304K
  class space    used 11114K, committed 11392K, reserved 1048576K
}
Event: 68.395 GC heap after
{Heap after GC invocations=52 (full 0):
 garbage-first heap   total 176128K, used 73067K [0x0000000080000000, 0x0000000100000000)
  region size 1024K, 7 young (7168K), 7 survivors (7168K)
 Metaspace       used 82402K, committed 83008K, reserved 1122304K
  class space    used 11114K, committed 11392K, reserved 1048576K
}
Event: 100.858 GC heap before
{Heap before GC invocations=52 (full 0):
 garbage-first heap   total 176128K, used 131435K [0x0000000080000000, 0x0000000100000000)
  region size 1024K, 65 young (66560K), 7 survivors (7168K)
 Metaspace       used 87266K, committed 87872K, reserved 1130496K
  class space    used 11854K, committed 12160K, reserved 1048576K
}
Event: 100.899 GC heap after
{Heap after GC invocations=53 (full 0):
 garbage-first heap   total 176128K, used 77824K [0x0000000080000000, 0x0000000100000000)
  region size 1024K, 8 young (8192K), 8 survivors (8192K)
 Metaspace       used 87266K, committed 87872K, reserved 1130496K
  class space    used 11854K, committed 12160K, reserved 1048576K
}
Event: 105.106 GC heap before
{Heap before GC invocations=53 (full 0):
 garbage-first heap   total 176128K, used 136192K [0x0000000080000000, 0x0000000100000000)
  region size 1024K, 65 young (66560K), 8 survivors (8192K)
 Metaspace       used 89494K, committed 90112K, reserved 1130496K
  class space    used 12105K, committed 12416K, reserved 1048576K
}
Event: 105.173 GC heap after
{Heap after GC invocations=54 (full 0):
 garbage-first heap   total 176128K, used 83602K [0x0000000080000000, 0x0000000100000000)
  region size 1024K, 6 young (6144K), 6 survivors (6144K)
 Metaspace       used 89494K, committed 90112K, reserved 1130496K
  class space    used 12105K, committed 12416K, reserved 1048576K
}

Dll operation events (2 events):
Event: 0.028 Loaded shared library C:\Program Files\Android\Android Studio\jbr\bin\java.dll
Event: 1.612 Loaded shared library C:\Program Files\Android\Android Studio\jbr\bin\verify.dll

Deoptimization events (20 events):
Event: 106.462 Thread 0x000002747f7dffd0 Uncommon trap: trap_request=0xffffff54 fr.pc=0x0000027407f3418c relative=0x0000000000000e6c
Event: 106.462 Thread 0x000002747f7dffd0 Uncommon trap: reason=speculate_null_assert action=make_not_entrant pc=0x0000027407f3418c method=org.gradle.internal.logging.sink.OutputEventTransformer.onOutput(Lorg/gradle/internal/logging/events/OutputEvent;)V @ 365 c2
Event: 106.462 Thread 0x000002747f7dffd0 DEOPT PACKING pc=0x0000027407f3418c sp=0x000000d2f6ef9480
Event: 106.462 Thread 0x000002747f7dffd0 DEOPT UNPACKING pc=0x00000274075869a3 sp=0x000000d2f6ef9458 mode 2
Event: 106.646 Thread 0x000002747f7dffd0 DEOPT PACKING pc=0x000002740004022e sp=0x000000d2f6ef8dd0
Event: 106.646 Thread 0x000002747f7dffd0 DEOPT UNPACKING pc=0x0000027407587143 sp=0x000000d2f6ef8370 mode 0
Event: 106.914 Thread 0x000002747f7dffd0 Uncommon trap: trap_request=0xffffffde fr.pc=0x0000027407fb8824 relative=0x0000000000001184
Event: 106.914 Thread 0x000002747f7dffd0 Uncommon trap: reason=class_check action=maybe_recompile pc=0x0000027407fb8824 method=org.gradle.api.internal.attributes.HierarchicalAttributeContainer.asImmutable()Lorg/gradle/api/internal/attributes/ImmutableAttributes; @ 26 c2
Event: 106.914 Thread 0x000002747f7dffd0 DEOPT PACKING pc=0x0000027407fb8824 sp=0x000000d2f6ef8d90
Event: 106.914 Thread 0x000002747f7dffd0 DEOPT UNPACKING pc=0x00000274075869a3 sp=0x000000d2f6ef8d70 mode 2
Event: 106.984 Thread 0x000002747f7dffd0 Uncommon trap: trap_request=0xffffffc6 fr.pc=0x0000027407c4534c relative=0x000000000000044c
Event: 106.984 Thread 0x000002747f7dffd0 Uncommon trap: reason=bimorphic_or_optimized_type_check action=maybe_recompile pc=0x0000027407c4534c method=java.util.Spliterators$IteratorSpliterator.tryAdvance(Ljava/util/function/Consumer;)Z @ 50 c2
Event: 106.984 Thread 0x000002747f7dffd0 DEOPT PACKING pc=0x0000027407c4534c sp=0x000000d2f6efa020
Event: 106.984 Thread 0x000002747f7dffd0 DEOPT UNPACKING pc=0x00000274075869a3 sp=0x000000d2f6ef9fc0 mode 2
Event: 107.019 Thread 0x000002747f7dffd0 DEOPT PACKING pc=0x00000274001deb92 sp=0x000000d2f6ef99e0
Event: 107.019 Thread 0x000002747f7dffd0 DEOPT UNPACKING pc=0x0000027407587143 sp=0x000000d2f6ef8e80 mode 0
Event: 107.049 Thread 0x000002747f7dffd0 Uncommon trap: trap_request=0xffffffde fr.pc=0x0000027407fb8824 relative=0x0000000000001184
Event: 107.049 Thread 0x000002747f7dffd0 Uncommon trap: reason=class_check action=maybe_recompile pc=0x0000027407fb8824 method=org.gradle.api.internal.attributes.HierarchicalAttributeContainer.asImmutable()Lorg/gradle/api/internal/attributes/ImmutableAttributes; @ 26 c2
Event: 107.049 Thread 0x000002747f7dffd0 DEOPT PACKING pc=0x0000027407fb8824 sp=0x000000d2f6ef8f10
Event: 107.049 Thread 0x000002747f7dffd0 DEOPT UNPACKING pc=0x00000274075869a3 sp=0x000000d2f6ef8ef0 mode 2

Classes unloaded (0 events):
No events

Classes redefined (0 events):
No events

Internal exceptions (20 events):
Event: 72.048 Thread 0x0000027415226d60 Exception <a 'java/lang/NoSuchMethodError'{0x000000008853f640}: static Lcom/android/buildanalyzer/common/AndroidGradlePluginAttributionData$TaskCategoryInfo;.<clinit>()V> (0x000000008853f640) 
thrown [s\src\hotspot\share\prims\jni.cpp, line 1108]
Event: 72.051 Thread 0x0000027415226d60 Exception <a 'java/lang/NoSuchMethodError'{0x000000008854b968}: 'void java.lang.invoke.DirectMethodHandle$Holder.invokeSpecial(java.lang.Object, java.lang.Object, java.lang.Object, int)'> (0x000000008854b968) 
thrown [s\src\hotspot\share\interpreter\linkResolver.cpp, line 771]
Event: 72.106 Thread 0x000002747f7dffd0 Exception <a 'sun/nio/fs/WindowsException'{0x0000000088427860}> (0x0000000088427860) 
thrown [s\src\hotspot\share\prims\jni.cpp, line 517]
Event: 72.106 Thread 0x000002747f7dffd0 Exception <a 'sun/nio/fs/WindowsException'{0x0000000088427ba8}> (0x0000000088427ba8) 
thrown [s\src\hotspot\share\prims\jni.cpp, line 517]
Event: 72.110 Thread 0x000002747f7dffd0 Exception <a 'sun/nio/fs/WindowsException'{0x00000000884362d8}> (0x00000000884362d8) 
thrown [s\src\hotspot\share\prims\jni.cpp, line 517]
Event: 72.279 Thread 0x000002747f7dffd0 Exception <a 'java/lang/NoSuchMethodError'{0x0000000088261658}: 'java.lang.Object java.lang.invoke.DirectMethodHandle$Holder.newInvokeSpecial(java.lang.Object, java.lang.Object, java.lang.Object, java.lang.Object, int, java.lang.Object)'> (0x0000000088261658) 
thrown [s\src\hotspot\share\interpreter\linkResolver.cpp, line 771]
Event: 72.320 Thread 0x000002747f7dffd0 Exception <a 'java/lang/NoSuchMethodError'{0x00000000882659c0}: 'java.lang.Object java.lang.invoke.Invokers$Holder.linkToTargetMethod(java.lang.Object, java.lang.Object, java.lang.Object, int, java.lang.Object, java.lang.Object)'> (0x00000000882659c0) 
thrown [s\src\hotspot\share\interpreter\linkResolver.cpp, line 771]
Event: 77.855 Thread 0x000002747fd97030 Implicit null exception at 0x0000027407af8672 to 0x0000027407af8c50
Event: 77.856 Thread 0x000002747fd97030 Implicit null exception at 0x0000027407e9c272 to 0x0000027407e9c968
Event: 101.963 Thread 0x000002747f7dffd0 Exception <a 'sun/nio/fs/WindowsException'{0x0000000089572370}> (0x0000000089572370) 
thrown [s\src\hotspot\share\prims\jni.cpp, line 517]
Event: 104.878 Thread 0x000002747f7dffd0 Exception <a 'sun/nio/fs/WindowsException'{0x0000000087493f18}> (0x0000000087493f18) 
thrown [s\src\hotspot\share\prims\jni.cpp, line 517]
Event: 105.621 Thread 0x000002747f7dffd0 Exception <a 'java/lang/NullPointerException'{0x000000008a593208}> (0x000000008a593208) 
thrown [s\src\hotspot\share\interpreter\linkResolver.cpp, line 1447]
Event: 105.850 Thread 0x000002747f7dffd0 Implicit null exception at 0x0000027407b2ff45 to 0x0000027407b31a50
Event: 106.372 Thread 0x000002747f7dffd0 Exception <a 'sun/nio/fs/WindowsException'{0x0000000089607120}> (0x0000000089607120) 
thrown [s\src\hotspot\share\prims\jni.cpp, line 517]
Event: 106.372 Thread 0x000002747f7dffd0 Exception <a 'sun/nio/fs/WindowsException'{0x00000000896084a8}> (0x00000000896084a8) 
thrown [s\src\hotspot\share\prims\jni.cpp, line 517]
Event: 106.372 Thread 0x000002747f7dffd0 Exception <a 'sun/nio/fs/WindowsException'{0x0000000089609880}> (0x0000000089609880) 
thrown [s\src\hotspot\share\prims\jni.cpp, line 517]
Event: 106.373 Thread 0x000002747f7dffd0 Exception <a 'sun/nio/fs/WindowsException'{0x000000008960ac58}> (0x000000008960ac58) 
thrown [s\src\hotspot\share\prims\jni.cpp, line 517]
Event: 106.433 Thread 0x000002747f7dffd0 Exception <a 'java/lang/NoSuchMethodError'{0x00000000895319d8}: 'java.lang.Object java.lang.invoke.DirectMethodHandle$Holder.invokeSpecial(java.lang.Object, java.lang.Object, long, java.lang.Object, java.lang.Object, java.lang.Object, java.lang.Object, java.lang.Object, java.lang.Object, java.lang.Object, java.lang.Object)'> (0x00000000895319d8) 
thrown [s\src\hotspot\share\interpreter\linkResolver.cpp, line 771]
Event: 106.437 Thread 0x000002747f7dffd0 Exception <a 'java/lang/NoSuchMethodError'{0x0000000089536ad0}: 'java.lang.Object java.lang.invoke.DelegatingMethodHandle$Holder.reinvoke_L(java.lang.Object, long, java.lang.Object, java.lang.Object, java.lang.Object, java.lang.Object, java.lang.Object, java.lang.Object, java.lang.Object, java.lang.Object)'> (0x0000000089536ad0) 
thrown [s\src\hotspot\share\interpreter\linkResolver.cpp, line 771]
Event: 106.443 Thread 0x000002747f7dffd0 Exception <a 'java/lang/NoSuchMethodError'{0x00000000895596b0}: 'java.lang.Object java.lang.invoke.Invokers$Holder.linkToTargetMethod(java.lang.Object, java.lang.Object, java.lang.Object, java.lang.Object, java.lang.Object, java.lang.Object, java.lang.Object, java.lang.Object, java.lang.Object)'> (0x00000000895596b0) 
thrown [s\src\hotspot\share\interpreter\linkResolver.cpp, line 771]

VM Operations (20 events):
Event: 101.733 Executing VM operation: ICBufferFull
Event: 101.733 Executing VM operation: ICBufferFull done
Event: 102.740 Executing VM operation: Cleanup
Event: 102.863 Executing VM operation: Cleanup done
Event: 103.838 Executing VM operation: ICBufferFull
Event: 103.838 Executing VM operation: ICBufferFull done
Event: 104.701 Executing VM operation: ICBufferFull
Event: 104.701 Executing VM operation: ICBufferFull done
Event: 105.095 Executing VM operation: G1CollectForAllocation
Event: 105.179 Executing VM operation: G1CollectForAllocation done
Event: 106.191 Executing VM operation: Cleanup
Event: 106.196 Executing VM operation: Cleanup done
Event: 106.295 Executing VM operation: HandshakeAllThreads
Event: 106.296 Executing VM operation: HandshakeAllThreads done
Event: 106.407 Executing VM operation: HandshakeAllThreads
Event: 106.408 Executing VM operation: HandshakeAllThreads done
Event: 106.518 Executing VM operation: HandshakeAllThreads
Event: 106.518 Executing VM operation: HandshakeAllThreads done
Event: 106.945 Executing VM operation: ICBufferFull
Event: 106.945 Executing VM operation: ICBufferFull done

Events (20 events):
Event: 106.400 loading class jdk/internal/reflect/UnsafeBooleanFieldAccessorImpl
Event: 106.400 loading class jdk/internal/reflect/UnsafeBooleanFieldAccessorImpl done
Event: 106.703 loading class java/util/concurrent/ConcurrentSkipListMap$KeySet
Event: 106.704 loading class java/util/concurrent/ConcurrentSkipListMap$KeySet done
Event: 106.704 loading class java/util/concurrent/ConcurrentSkipListMap$KeyIterator
Event: 106.705 loading class java/util/concurrent/ConcurrentSkipListMap$KeyIterator done
Event: 106.705 loading class java/net/InetAddress$NameServiceAddresses
Event: 106.705 loading class java/net/InetAddress$Addresses
Event: 106.705 loading class java/net/InetAddress$Addresses done
Event: 106.705 loading class java/net/InetAddress$NameServiceAddresses done
Event: 106.721 loading class sun/net/InetAddressCachePolicy
Event: 106.721 loading class sun/net/InetAddressCachePolicy done
Event: 106.721 loading class sun/net/InetAddressCachePolicy$1
Event: 106.721 loading class sun/net/InetAddressCachePolicy$1 done
Event: 106.721 loading class sun/net/InetAddressCachePolicy$2
Event: 106.721 loading class sun/net/InetAddressCachePolicy$2 done
Event: 106.721 loading class java/net/InetAddress$CachedAddresses
Event: 106.722 loading class java/net/InetAddress$CachedAddresses done
Event: 106.722 loading class java/net/InetAddress$CachedLocalHost
Event: 106.722 loading class java/net/InetAddress$CachedLocalHost done


Dynamic libraries:
0x00007ff68c130000 - 0x00007ff68c13a000 	C:\Program Files\Android\Android Studio\jbr\bin\java.exe
0x00007fffc46d0000 - 0x00007fffc48c8000 	C:\Windows\SYSTEM32\ntdll.dll
0x00007fffc45c0000 - 0x00007fffc4682000 	C:\Windows\System32\KERNEL32.DLL
0x00007fffc1e10000 - 0x00007fffc210f000 	C:\Windows\System32\KERNELBASE.dll
0x00007fffc2540000 - 0x00007fffc2640000 	C:\Windows\System32\ucrtbase.dll
0x00007fffa6a30000 - 0x00007fffa6a47000 	C:\Program Files\Android\Android Studio\jbr\bin\jli.dll
0x00007fffc2d60000 - 0x00007fffc2efd000 	C:\Windows\System32\USER32.dll
0x00007fffc2380000 - 0x00007fffc23a2000 	C:\Windows\System32\win32u.dll
0x00007fffc3ca0000 - 0x00007fffc3ccb000 	C:\Windows\System32\GDI32.dll
0x00007fffc2260000 - 0x00007fffc237a000 	C:\Windows\System32\gdi32full.dll
0x00007fffc1d70000 - 0x00007fffc1e0d000 	C:\Windows\System32\msvcp_win.dll
0x00007fffbb340000 - 0x00007fffbb35b000 	C:\Program Files\Android\Android Studio\jbr\bin\VCRUNTIME140.dll
0x00007fffaa8a0000 - 0x00007fffaab3a000 	C:\Windows\WinSxS\amd64_microsoft.windows.common-controls_6595b64144ccf1df_6.0.19041.4355_none_60b8b9eb71f62e16\COMCTL32.dll
0x00007fffc3da0000 - 0x00007fffc3e3e000 	C:\Windows\System32\msvcrt.dll
0x00007fffc2c10000 - 0x00007fffc2c3f000 	C:\Windows\System32\IMM32.DLL
0x00007fffbc3c0000 - 0x00007fffbc3cc000 	C:\Program Files\Android\Android Studio\jbr\bin\vcruntime140_1.dll
0x00007fffbb2b0000 - 0x00007fffbb33d000 	C:\Program Files\Android\Android Studio\jbr\bin\msvcp140.dll
0x00007fff767c0000 - 0x00007fff7742e000 	C:\Program Files\Android\Android Studio\jbr\bin\server\jvm.dll
0x00007fffc2cb0000 - 0x00007fffc2d5f000 	C:\Windows\System32\ADVAPI32.dll
0x00007fffc3c00000 - 0x00007fffc3c9f000 	C:\Windows\System32\sechost.dll
0x00007fffc2ae0000 - 0x00007fffc2c03000 	C:\Windows\System32\RPCRT4.dll
0x00007fffc2510000 - 0x00007fffc2537000 	C:\Windows\System32\bcrypt.dll
0x00007fffbb3d0000 - 0x00007fffbb3d9000 	C:\Windows\SYSTEM32\WSOCK32.dll
0x00007fffc3410000 - 0x00007fffc347b000 	C:\Windows\System32\WS2_32.dll
0x00007fffb6db0000 - 0x00007fffb6dd7000 	C:\Windows\SYSTEM32\WINMM.dll
0x00007fffbfb80000 - 0x00007fffbfb8a000 	C:\Windows\SYSTEM32\VERSION.dll
0x00007fffbfdd0000 - 0x00007fffbfde2000 	C:\Windows\SYSTEM32\kernel.appcore.dll
0x00007fffba9c0000 - 0x00007fffba9ca000 	C:\Program Files\Android\Android Studio\jbr\bin\jimage.dll
0x00007fffa45e0000 - 0x00007fffa47c4000 	C:\Windows\SYSTEM32\DBGHELP.DLL
0x00007fffa45a0000 - 0x00007fffa45d4000 	C:\Windows\SYSTEM32\dbgcore.DLL
0x00007fffc2110000 - 0x00007fffc2192000 	C:\Windows\System32\bcryptPrimitives.dll
0x00007fffb8830000 - 0x00007fffb8855000 	C:\Program Files\Android\Android Studio\jbr\bin\java.dll
0x00007fffb8800000 - 0x00007fffb8818000 	C:\Program Files\Android\Android Studio\jbr\bin\zip.dll
0x00007fffc3e50000 - 0x00007fffc45bd000 	C:\Windows\System32\SHELL32.dll
0x00007fffbfdf0000 - 0x00007fffc0594000 	C:\Windows\SYSTEM32\windows.storage.dll
0x00007fffc2f00000 - 0x00007fffc3255000 	C:\Windows\System32\combase.dll
0x00007fffc16d0000 - 0x00007fffc16ff000 	C:\Windows\SYSTEM32\Wldp.dll
0x00007fffc27a0000 - 0x00007fffc286d000 	C:\Windows\System32\OLEAUT32.dll
0x00007fffc3cf0000 - 0x00007fffc3d9d000 	C:\Windows\System32\SHCORE.dll
0x00007fffc2c40000 - 0x00007fffc2c95000 	C:\Windows\System32\shlwapi.dll
0x00007fffc1ca0000 - 0x00007fffc1cc4000 	C:\Windows\SYSTEM32\profapi.dll
0x00007fffab5b0000 - 0x00007fffab5c9000 	C:\Program Files\Android\Android Studio\jbr\bin\net.dll
0x00007fffb7c70000 - 0x00007fffb7d7a000 	C:\Windows\SYSTEM32\WINHTTP.dll
0x00007fffc1430000 - 0x00007fffc149c000 	C:\Windows\system32\mswsock.dll
0x00007fffaa110000 - 0x00007fffaa126000 	C:\Program Files\Android\Android Studio\jbr\bin\nio.dll
0x00007fffb4250000 - 0x00007fffb4260000 	C:\Program Files\Android\Android Studio\jbr\bin\verify.dll
0x00007fffbb480000 - 0x00007fffbb4a7000 	C:\Users\LENOVO\.gradle\native\68d5fa5c4cc2d200863cafc0d521ce42e7d3e7ee720ec0a83991735586a16f82\windows-amd64\native-platform.dll
0x00007fff90ec0000 - 0x00007fff91004000 	C:\Users\LENOVO\.gradle\native\e376f236ea51e6404a007f0833ffe2c6e607c4080706a723a18a27aeea778392\windows-amd64\native-platform-file-events.dll
0x00007fffb3de0000 - 0x00007fffb3de9000 	C:\Program Files\Android\Android Studio\jbr\bin\management.dll
0x00007fffa9f10000 - 0x00007fffa9f1b000 	C:\Program Files\Android\Android Studio\jbr\bin\management_ext.dll
0x00007fffc3e40000 - 0x00007fffc3e48000 	C:\Windows\System32\PSAPI.DLL
0x00007fffc1630000 - 0x00007fffc1648000 	C:\Windows\SYSTEM32\CRYPTSP.dll
0x00007fffc0d50000 - 0x00007fffc0d84000 	C:\Windows\system32\rsaenh.dll
0x00007fffc1c20000 - 0x00007fffc1c4e000 	C:\Windows\SYSTEM32\USERENV.dll
0x00007fffc1620000 - 0x00007fffc162c000 	C:\Windows\SYSTEM32\CRYPTBASE.dll
0x00007fffc1110000 - 0x00007fffc114b000 	C:\Windows\SYSTEM32\IPHLPAPI.DLL
0x00007fffc2ca0000 - 0x00007fffc2ca8000 	C:\Windows\System32\NSI.dll
0x00007fffb7d80000 - 0x00007fffb7d97000 	C:\Windows\SYSTEM32\dhcpcsvc6.DLL
0x00007fffb8370000 - 0x00007fffb838d000 	C:\Windows\SYSTEM32\dhcpcsvc.DLL
0x00007fffc1150000 - 0x00007fffc121a000 	C:\Windows\SYSTEM32\DNSAPI.dll
0x00007fffbb510000 - 0x00007fffbb517000 	C:\Windows\system32\wshunix.dll
0x00007fff69510000 - 0x00007fff69527000 	C:\Windows\system32\napinsp.dll
0x00007fff69530000 - 0x00007fff6954b000 	C:\Windows\system32\pnrpnsp.dll
0x00007fffbd6b0000 - 0x00007fffbd6c5000 	C:\Windows\system32\wshbth.dll
0x00007fffbbe80000 - 0x00007fffbbe9d000 	C:\Windows\system32\NLAapi.dll
0x00007fff69550000 - 0x00007fff69562000 	C:\Windows\System32\winrnr.dll
0x00007fffb2410000 - 0x00007fffb241a000 	C:\Windows\System32\rasadhlp.dll
0x00007fffb2fe0000 - 0x00007fffb3060000 	C:\Windows\System32\fwpuclnt.dll

dbghelp: loaded successfully - version: 4.0.5 - missing functions: none
symbol engine: initialized successfully - sym options: 0x614 - pdb path: .;C:\Program Files\Android\Android Studio\jbr\bin;C:\Windows\SYSTEM32;C:\Windows\WinSxS\amd64_microsoft.windows.common-controls_6595b64144ccf1df_6.0.19041.4355_none_60b8b9eb71f62e16;C:\Program Files\Android\Android Studio\jbr\bin\server;C:\Users\LENOVO\.gradle\native\68d5fa5c4cc2d200863cafc0d521ce42e7d3e7ee720ec0a83991735586a16f82\windows-amd64;C:\Users\LENOVO\.gradle\native\e376f236ea51e6404a007f0833ffe2c6e607c4080706a723a18a27aeea778392\windows-amd64

VM Arguments:
jvm_args: --add-opens=java.base/java.util=ALL-UNNAMED --add-opens=java.base/java.lang=ALL-UNNAMED --add-opens=java.base/java.lang.invoke=ALL-UNNAMED --add-opens=java.prefs/java.util.prefs=ALL-UNNAMED --add-opens=java.base/java.nio.charset=ALL-UNNAMED --add-opens=java.base/java.net=ALL-UNNAMED --add-opens=java.base/java.util.concurrent.atomic=ALL-UNNAMED -Xmx2048m -Dfile.encoding=UTF-8 -Duser.country=ID -Duser.language=en -Duser.variant 
java_command: org.gradle.launcher.daemon.bootstrap.GradleDaemon 8.0
java_class_path (initial): C:\Users\LENOVO\.gradle\wrapper\dists\gradle-8.0-bin\ca5e32bp14vu59qr306oxotwh\gradle-8.0\lib\gradle-launcher-8.0.jar
Launcher Type: SUN_STANDARD

[Global flags]
     intx CICompilerCount                          = 2                                         {product} {ergonomic}
     uint ConcGCThreads                            = 1                                         {product} {ergonomic}
     uint G1ConcRefinementThreads                  = 2                                         {product} {ergonomic}
   size_t G1HeapRegionSize                         = 1048576                                   {product} {ergonomic}
    uintx GCDrainStackTargetSize                   = 64                                        {product} {ergonomic}
   size_t InitialHeapSize                          = 192937984                                 {product} {ergonomic}
   size_t MarkStackSize                            = 4194304                                   {product} {ergonomic}
   size_t MaxHeapSize                              = 2147483648                                {product} {command line}
   size_t MaxNewSize                               = 1287651328                                {product} {ergonomic}
   size_t MinHeapDeltaBytes                        = 1048576                                   {product} {ergonomic}
   size_t MinHeapSize                              = 8388608                                   {product} {ergonomic}
    uintx NonNMethodCodeHeapSize                   = 5826188                                {pd product} {ergonomic}
    uintx NonProfiledCodeHeapSize                  = 122916026                              {pd product} {ergonomic}
    uintx ProfiledCodeHeapSize                     = 122916026                              {pd product} {ergonomic}
    uintx ReservedCodeCacheSize                    = 251658240                              {pd product} {ergonomic}
     bool SegmentedCodeCache                       = true                                      {product} {ergonomic}
   size_t SoftMaxHeapSize                          = 2147483648                             {manageable} {ergonomic}
     bool UseCompressedClassPointers               = true                           {product lp64_product} {ergonomic}
     bool UseCompressedOops                        = true                           {product lp64_product} {ergonomic}
     bool UseG1GC                                  = true                                      {product} {ergonomic}
     bool UseLargePagesIndividualAllocation        = false                                  {pd product} {ergonomic}

Logging:
Log output configuration:
 #0: stdout all=warning uptime,level,tags
 #1: stderr all=off uptime,level,tags

Environment Variables:
JAVA_HOME=C:\Program Files\Java\jdk1.8.0_202
PATH=C:\Program Files\Java\jdk1.8.0_202\bin;C:\Program Files (x86)\Common Files\Oracle\Java\javapath;C:\Windows\system32;C:\Windows;C:\Windows\System32\Wbem;C:\Windows\System32\WindowsPowerShell\v1.0\;C:\Windows\System32\OpenSSH\;C:\Program Files (x86)\Rational\common;C:\Program Files\IBM\SPSS\Statistics\25\JRE\bin;C:\laragon\bin\php\php;C:\composer;C:\Program Files\Git\cmd;C:\Program Files\kotlinc\bin;C:\Users\LENOVO\AppData\Local\Programs\Python\Python311\Scripts\;C:\Users\LENOVO\AppData\Local\Programs\Python\Python311\;C:\Users\LENOVO\AppData\Local\Microsoft\WindowsApps;C:\Users\LENOVO\AppData\Local\Programs\Microsoft VS Code\bin;C:\Program Files\JetBrains\IntelliJ IDEA 2023.2\bin;C:\Program Files\kotlinc;;C:\Users\LENOVO\AppData\Local\JetBrains\IntelliJ IDEA Community Edition 2023.2.1\bin;;C:\Users\LENOVO\AppData\Roaming\Composer\vendor\bin;C:\Program Files\kotlinc;
USERNAME=DZAKY
OS=Windows_NT
PROCESSOR_IDENTIFIER=AMD64 Family 21 Model 112 Stepping 0, AuthenticAMD
TMP=C:\Users\LENOVO\AppData\Local\Temp
TEMP=C:\Users\LENOVO\AppData\Local\Temp


JNI global refs:
JNI global refs: 24, weak refs: 2

JNI global refs memory usage: 843, weak refs: 841


---------------  S Y S T E M  ---------------

OS:
 Windows 10 , 64 bit Build 19041 (10.0.19041.5438)
OS uptime: 2 days 4:00 hours

CPU: total 2 (initial active 2) (2 cores per cpu, 1 threads per core) family 21 model 112 stepping 0 microcode 0x0, cx8, cmov, fxsr, mmx, 3dnowpref, sse, sse2, sse3, ssse3, sse4a, sse4.1, sse4.2, popcnt, lzcnt, tsc, tscinvbit, avx, avx2, aes, clmul, bmi1, bmi2, fma, vzeroupper, clflush

Memory: 4k page, system-wide physical 11680M (2366M free)
TotalPageFile size 11680M (AvailPageFile size 7M)
current process WorkingSet (physical memory assigned to process): 400M, peak: 401M
current process commit charge ("private bytes"): 429M, peak: 431M

vm_info: OpenJDK 64-Bit Server VM (17.0.6+0-b2043.56-10027231) for windows-amd64 JRE (17.0.6+0-b2043.56-10027231), built on Apr 28 2023 00:43:19 by "androidbuild" with MS VC++ 16.10 / 16.11 (VS2019)

END.
