#
# There is insufficient memory for the Java Runtime Environment to continue.
# Native memory allocation (mmap) failed to map 357564416 bytes for G1 virtual space
# Possible reasons:
#   The system is out of physical RAM or swap space
#   The process is running with CompressedOops enabled, and the Java Heap may be blocking the growth of the native heap
# Possible solutions:
#   Reduce memory load on the system
#   Increase physical memory or swap space
#   Check if swap backing store is full
#   Decrease Java heap size (-Xmx/-Xms)
#   Decrease number of Java threads
#   Decrease Java thread stack sizes (-Xss)
#   Set larger code cache with -XX:ReservedCodeCacheSize=
#   JVM is running with Unscaled Compressed Oops mode in which the Java heap is
#     placed in the first 4GB address space. The Java Heap base address is the
#     maximum limit for the native heap growth. Please use -XX:HeapBaseMinAddress
#     to set the Java Heap base and to place the Java Heap above 4GB virtual address.
# This output file may be truncated or incomplete.
#
#  Out of Memory Error (os_windows.cpp:3769), pid=8024, tid=4796
#
# JRE version: OpenJDK Runtime Environment (17.0.6) (build 17.0.6+0-b2043.56-10027231)
# Java VM: OpenJDK 64-Bit Server VM (17.0.6+0-b2043.56-10027231, mixed mode, tiered, compressed oops, compressed class ptrs, g1 gc, windows-amd64)
# No core dump will be written. Minidumps are not enabled by default on client versions of Windows
#

---------------  S U M M A R Y ------------

Command Line: --add-opens=java.base/java.util=ALL-UNNAMED --add-opens=java.base/java.lang=ALL-UNNAMED --add-opens=java.base/java.lang.invoke=ALL-UNNAMED --add-opens=java.prefs/java.util.prefs=ALL-UNNAMED --add-opens=java.base/java.nio.charset=ALL-UNNAMED --add-opens=java.base/java.net=ALL-UNNAMED --add-opens=java.base/java.util.concurrent.atomic=ALL-UNNAMED -Xmx2048m -Dfile.encoding=UTF-8 -Duser.country=ID -Duser.language=en -Duser.variant org.gradle.launcher.daemon.bootstrap.GradleDaemon 8.0

Host: AMD A9-9420 RADEON R5, 5 COMPUTE CORES 2C+3G   , 2 cores, 11G,  Windows 10 , 64 bit Build 19041 (10.0.19041.5678)
Time: Fri Apr 18 16:21:01 2025 SE Asia Standard Time elapsed time: 206.889533 seconds (0d 0h 3m 26s)

---------------  T H R E A D  ---------------

Current thread (0x0000026b4a1c4fc0):  VMThread "VM Thread" [stack: 0x000000e28e200000,0x000000e28e300000] [id=4796]

Stack: [0x000000e28e200000,0x000000e28e300000]
Native frames: (J=compiled Java code, j=interpreted, Vv=VM code, C=native code)
V  [jvm.dll+0x683c9a]
V  [jvm.dll+0x8427a4]
V  [jvm.dll+0x843f9e]
V  [jvm.dll+0x844603]
V  [jvm.dll+0x249b75]
V  [jvm.dll+0x680b69]
V  [jvm.dll+0x67505a]
V  [jvm.dll+0x309acb]
V  [jvm.dll+0x310f86]
V  [jvm.dll+0x3608ee]
V  [jvm.dll+0x360b1f]
V  [jvm.dll+0x2dfbf8]
V  [jvm.dll+0x2ddec4]
V  [jvm.dll+0x2dd4cc]
V  [jvm.dll+0x321f3b]
V  [jvm.dll+0x848ccb]
V  [jvm.dll+0x849a04]
V  [jvm.dll+0x849f1d]
V  [jvm.dll+0x84a2f4]
V  [jvm.dll+0x84a3c0]
V  [jvm.dll+0x7f274a]
V  [jvm.dll+0x682ad5]
C  [ucrtbase.dll+0x21bb2]
C  [KERNEL32.DLL+0x17374]
C  [ntdll.dll+0x4cc91]

VM_Operation (0x000000e2933fe690): G1CollectForAllocation, mode: safepoint, requested by thread 0x0000026b4d0b7a80


---------------  P R O C E S S  ---------------

Threads class SMR info:
_java_thread_list=0x0000026b5248baa0, length=78, elements={
0x0000026b30f152f0, 0x0000026b4a1ce9b0, 0x0000026b4a1cf9b0, 0x0000026b4ac0d060,
0x0000026b4ac42020, 0x0000026b4ac428e0, 0x0000026b4ac431a0, 0x0000026b4ac43a60,
0x0000026b4ac4f870, 0x0000026b4ac5c570, 0x0000026b4adaa200, 0x0000026b4adaa6d0,
0x0000026b4c64a220, 0x0000026b4b9c4940, 0x0000026b4b7d5350, 0x0000026b4c7ac040,
0x0000026b4c045020, 0x0000026b4ba574e0, 0x0000026b4ba57e80, 0x0000026b4de64450,
0x0000026b4de62770, 0x0000026b4de63110, 0x0000026b4de64df0, 0x0000026b4de63ab0,
0x0000026b4de63f80, 0x0000026b4b160770, 0x0000026b4b15e5c0, 0x0000026b4efbae60,
0x0000026b4eee5c90, 0x0000026b4eee3610, 0x0000026b4eee6630, 0x0000026b4eee3ae0,
0x0000026b4eee2c70, 0x0000026b4eee3fb0, 0x0000026b4eee4480, 0x0000026b4eedede0,
0x0000026b4b162df0, 0x0000026b4b15dc20, 0x0000026b4b164130, 0x0000026b4b15ea90,
0x0000026b4b161110, 0x0000026b4b15d280, 0x0000026b4b15e0f0, 0x0000026b4b15ef60,
0x0000026b4b1632c0, 0x0000026b4b15d750, 0x0000026b4b161ab0, 0x0000026b4efb9b20,
0x0000026b4efb9ff0, 0x0000026b4efba990, 0x0000026b4efbb330, 0x0000026b4efbb800,
0x0000026b4efb7e40, 0x0000026b4efb8310, 0x0000026b4efb87e0, 0x0000026b4efb8cb0,
0x0000026b4efb9180, 0x0000026b4b2875c0, 0x0000026b4b28e470, 0x0000026b4b28ee10,
0x0000026b4b288900, 0x0000026b4b289c40, 0x0000026b4b28d600, 0x0000026b4b287a90,
0x0000026b4b28b450, 0x0000026b4de64920, 0x0000026b4de65c60, 0x0000026b4ba58350,
0x0000026b4ba579b0, 0x0000026b4d0b40c0, 0x0000026b4d0b4a60, 0x0000026b4d0b3250,
0x0000026b4d0b5da0, 0x0000026b4d0b28b0, 0x0000026b4d0b23e0, 0x0000026b4d0b8420,
0x0000026b4d0b8dc0, 0x0000026b4d0b7a80
}

Java Threads: ( => current thread )
  0x0000026b30f152f0 JavaThread "main" [_thread_blocked, id=8880, stack(0x000000e28dc00000,0x000000e28dd00000)]
  0x0000026b4a1ce9b0 JavaThread "Reference Handler" daemon [_thread_blocked, id=2892, stack(0x000000e28e300000,0x000000e28e400000)]
  0x0000026b4a1cf9b0 JavaThread "Finalizer" daemon [_thread_blocked, id=2828, stack(0x000000e28e400000,0x000000e28e500000)]
  0x0000026b4ac0d060 JavaThread "Signal Dispatcher" daemon [_thread_blocked, id=4352, stack(0x000000e28e500000,0x000000e28e600000)]
  0x0000026b4ac42020 JavaThread "Attach Listener" daemon [_thread_blocked, id=10280, stack(0x000000e28e600000,0x000000e28e700000)]
  0x0000026b4ac428e0 JavaThread "Service Thread" daemon [_thread_blocked, id=10452, stack(0x000000e28e700000,0x000000e28e800000)]
  0x0000026b4ac431a0 JavaThread "Monitor Deflation Thread" daemon [_thread_blocked, id=4072, stack(0x000000e28e800000,0x000000e28e900000)]
  0x0000026b4ac43a60 JavaThread "C2 CompilerThread0" daemon [_thread_blocked, id=12312, stack(0x000000e28e900000,0x000000e28ea00000)]
  0x0000026b4ac4f870 JavaThread "C1 CompilerThread0" daemon [_thread_blocked, id=2720, stack(0x000000e28ea00000,0x000000e28eb00000)]
  0x0000026b4ac5c570 JavaThread "Sweeper thread" daemon [_thread_blocked, id=6088, stack(0x000000e28eb00000,0x000000e28ec00000)]
  0x0000026b4adaa200 JavaThread "Common-Cleaner" daemon [_thread_blocked, id=5836, stack(0x000000e28ec00000,0x000000e28ed00000)]
  0x0000026b4adaa6d0 JavaThread "Notification Thread" daemon [_thread_blocked, id=11984, stack(0x000000e28ed00000,0x000000e28ee00000)]
  0x0000026b4c64a220 JavaThread "Daemon health stats" [_thread_blocked, id=11892, stack(0x000000e28f000000,0x000000e28f100000)]
  0x0000026b4b9c4940 JavaThread "Incoming local TCP Connector on port 57187" [_thread_in_native, id=2700, stack(0x000000e28f100000,0x000000e28f200000)]
  0x0000026b4b7d5350 JavaThread "Daemon periodic checks" [_thread_blocked, id=8324, stack(0x000000e28f200000,0x000000e28f300000)]
  0x0000026b4c7ac040 JavaThread "Daemon" [_thread_blocked, id=8208, stack(0x000000e28f300000,0x000000e28f400000)]
  0x0000026b4c045020 JavaThread "Daemon worker" [_thread_blocked, id=11744, stack(0x000000e28f600000,0x000000e28f700000)]
  0x0000026b4ba574e0 JavaThread "Cache worker for journal cache (C:\Users\LENOVO\.gradle\caches\journal-1)" [_thread_blocked, id=8484, stack(0x000000e28fa00000,0x000000e28fb00000)]
  0x0000026b4ba57e80 JavaThread "File lock request listener" [_thread_in_native, id=9672, stack(0x000000e28fb00000,0x000000e28fc00000)]
  0x0000026b4de64450 JavaThread "Cache worker for file hash cache (C:\Users\LENOVO\.gradle\caches\8.0\fileHashes)" [_thread_blocked, id=8704, stack(0x000000e28fc00000,0x000000e28fd00000)]
  0x0000026b4de62770 JavaThread "File watcher server" daemon [_thread_blocked, id=6592, stack(0x000000e28fd00000,0x000000e28fe00000)]
  0x0000026b4de63110 JavaThread "File watcher consumer" daemon [_thread_blocked, id=12588, stack(0x000000e28fe00000,0x000000e28ff00000)]
  0x0000026b4de64df0 JavaThread "Cache worker for file content cache (C:\Users\LENOVO\.gradle\caches\8.0\fileContent)" [_thread_blocked, id=6400, stack(0x000000e290100000,0x000000e290200000)]
  0x0000026b4de63ab0 JavaThread "Cache worker for execution history cache (C:\Users\LENOVO\.gradle\caches\8.0\executionHistory)" [_thread_blocked, id=2716, stack(0x000000e290400000,0x000000e290500000)]
  0x0000026b4de63f80 JavaThread "jar transforms" [_thread_blocked, id=13024, stack(0x000000e290500000,0x000000e290600000)]
  0x0000026b4b160770 JavaThread "jar transforms Thread 2" [_thread_blocked, id=6100, stack(0x000000e290600000,0x000000e290700000)]
  0x0000026b4b15e5c0 JavaThread "Cache worker for kotlin-dsl (C:\Users\LENOVO\.gradle\caches\8.0\kotlin-dsl)" [_thread_blocked, id=7140, stack(0x000000e290800000,0x000000e290900000)]
  0x0000026b4efbae60 JavaThread "Memory manager" [_thread_blocked, id=6908, stack(0x000000e292000000,0x000000e292100000)]
  0x0000026b4eee5c90 JavaThread "RMI Scheduler(0)" daemon [_thread_blocked, id=3744, stack(0x000000e28da00000,0x000000e28db00000)]
  0x0000026b4eee3610 JavaThread "RMI GC Daemon" daemon [_thread_blocked, id=5576, stack(0x000000e292c00000,0x000000e292d00000)]
  0x0000026b4eee6630 JavaThread "RMI TCP Accept-0" daemon [_thread_in_native, id=10308, stack(0x000000e292d00000,0x000000e292e00000)]
  0x0000026b4eee3ae0 JavaThread "RMI Reaper" [_thread_blocked, id=5020, stack(0x000000e292e00000,0x000000e292f00000)]
  0x0000026b4eee2c70 JavaThread "included builds" [_thread_blocked, id=13044, stack(0x000000e291f00000,0x000000e292000000)]
  0x0000026b4eee3fb0 JavaThread "Handler for socket connection from /127.0.0.1:57187 to /127.0.0.1:57212" [_thread_in_native, id=7272, stack(0x000000e28db00000,0x000000e28dc00000)]
  0x0000026b4eee4480 JavaThread "Cancel handler" [_thread_blocked, id=12132, stack(0x000000e28f400000,0x000000e28f500000)]
  0x0000026b4eedede0 JavaThread "Asynchronous log dispatcher for DefaultDaemonConnection: socket connection from /127.0.0.1:57187 to /127.0.0.1:57212" [_thread_blocked, id=4880, stack(0x000000e28f500000,0x000000e28f600000)]
  0x0000026b4b162df0 JavaThread "Stdin handler" [_thread_blocked, id=4960, stack(0x000000e28f700000,0x000000e28f800000)]
  0x0000026b4b15dc20 JavaThread "Daemon client event forwarder" [_thread_blocked, id=1400, stack(0x000000e28f800000,0x000000e28f900000)]
  0x0000026b4b164130 JavaThread "Cache worker for checksums cache (G:\Skripsi\WidyaAksara\.gradle\8.0\checksums)" [_thread_blocked, id=9608, stack(0x000000e28f900000,0x000000e28fa00000)]
  0x0000026b4b15ea90 JavaThread "Cache worker for cache directory md-rule (C:\Users\LENOVO\.gradle\caches\8.0\md-rule)" [_thread_blocked, id=3756, stack(0x000000e28ff00000,0x000000e290000000)]
  0x0000026b4b161110 JavaThread "Cache worker for file hash cache (G:\Skripsi\WidyaAksara\.gradle\8.0\fileHashes)" [_thread_blocked, id=2832, stack(0x000000e290000000,0x000000e290100000)]
  0x0000026b4b15d280 JavaThread "Cache worker for cache directory md-supplier (C:\Users\LENOVO\.gradle\caches\8.0\md-supplier)" [_thread_blocked, id=7732, stack(0x000000e290200000,0x000000e290300000)]
  0x0000026b4b15e0f0 JavaThread "Cache worker for dependencies-accessors (G:\Skripsi\WidyaAksara\.gradle\8.0\dependencies-accessors)" [_thread_blocked, id=8168, stack(0x000000e290300000,0x000000e290400000)]
  0x0000026b4b15ef60 JavaThread "Cache worker for Build Output Cleanup Cache (G:\Skripsi\WidyaAksara\.gradle\buildOutputCleanup)" [_thread_blocked, id=8500, stack(0x000000e290900000,0x000000e290a00000)]
  0x0000026b4b1632c0 JavaThread "Unconstrained build operations" [_thread_blocked, id=7108, stack(0x000000e290a00000,0x000000e290b00000)]
  0x0000026b4b15d750 JavaThread "Unconstrained build operations Thread 2" [_thread_blocked, id=6468, stack(0x000000e290b00000,0x000000e290c00000)]
  0x0000026b4b161ab0 JavaThread "Unconstrained build operations Thread 3" [_thread_blocked, id=456, stack(0x000000e290c00000,0x000000e290d00000)]
  0x0000026b4efb9b20 JavaThread "Unconstrained build operations Thread 4" [_thread_blocked, id=3752, stack(0x000000e290d00000,0x000000e290e00000)]
  0x0000026b4efb9ff0 JavaThread "Unconstrained build operations Thread 5" [_thread_blocked, id=8344, stack(0x000000e290e00000,0x000000e290f00000)]
  0x0000026b4efba990 JavaThread "Unconstrained build operations Thread 6" [_thread_blocked, id=6444, stack(0x000000e290f00000,0x000000e291000000)]
  0x0000026b4efbb330 JavaThread "Unconstrained build operations Thread 7" [_thread_blocked, id=936, stack(0x000000e291000000,0x000000e291100000)]
  0x0000026b4efbb800 JavaThread "Unconstrained build operations Thread 8" [_thread_blocked, id=7488, stack(0x000000e291100000,0x000000e291200000)]
  0x0000026b4efb7e40 JavaThread "Unconstrained build operations Thread 9" [_thread_blocked, id=12448, stack(0x000000e291200000,0x000000e291300000)]
  0x0000026b4efb8310 JavaThread "Unconstrained build operations Thread 10" [_thread_blocked, id=4324, stack(0x000000e291300000,0x000000e291400000)]
  0x0000026b4efb87e0 JavaThread "Unconstrained build operations Thread 11" [_thread_blocked, id=5896, stack(0x000000e291400000,0x000000e291500000)]
  0x0000026b4efb8cb0 JavaThread "Unconstrained build operations Thread 12" [_thread_blocked, id=6176, stack(0x000000e291500000,0x000000e291600000)]
  0x0000026b4efb9180 JavaThread "Unconstrained build operations Thread 13" [_thread_blocked, id=1656, stack(0x000000e291600000,0x000000e291700000)]
  0x0000026b4b2875c0 JavaThread "Unconstrained build operations Thread 14" [_thread_blocked, id=3128, stack(0x000000e291700000,0x000000e291800000)]
  0x0000026b4b28e470 JavaThread "Unconstrained build operations Thread 15" [_thread_blocked, id=10584, stack(0x000000e291800000,0x000000e291900000)]
  0x0000026b4b28ee10 JavaThread "Unconstrained build operations Thread 16" [_thread_blocked, id=4300, stack(0x000000e291900000,0x000000e291a00000)]
  0x0000026b4b288900 JavaThread "Unconstrained build operations Thread 17" [_thread_blocked, id=3140, stack(0x000000e291a00000,0x000000e291b00000)]
  0x0000026b4b289c40 JavaThread "Unconstrained build operations Thread 18" [_thread_blocked, id=11136, stack(0x000000e291b00000,0x000000e291c00000)]
  0x0000026b4b28d600 JavaThread "Unconstrained build operations Thread 19" [_thread_blocked, id=5348, stack(0x000000e291c00000,0x000000e291d00000)]
  0x0000026b4b287a90 JavaThread "Unconstrained build operations Thread 20" [_thread_blocked, id=7068, stack(0x000000e291d00000,0x000000e291e00000)]
  0x0000026b4b28b450 JavaThread "build event listener" [_thread_blocked, id=7196, stack(0x000000e291e00000,0x000000e291f00000)]
  0x0000026b4de64920 JavaThread "included builds" [_thread_blocked, id=7588, stack(0x000000e292300000,0x000000e292400000)]
  0x0000026b4de65c60 JavaThread "Execution worker" [_thread_blocked, id=12836, stack(0x000000e292400000,0x000000e292500000)]
  0x0000026b4ba58350 JavaThread "Cache worker for execution history cache (G:\Skripsi\WidyaAksara\.gradle\8.0\executionHistory)" [_thread_blocked, id=5260, stack(0x000000e292500000,0x000000e292600000)]
  0x0000026b4ba579b0 JavaThread "WorkerExecutor Queue" [_thread_blocked, id=6512, stack(0x000000e292600000,0x000000e292700000)]
  0x0000026b4d0b40c0 JavaThread "WorkerExecutor Queue Thread 2" [_thread_blocked, id=5928, stack(0x000000e292700000,0x000000e292800000)]
  0x0000026b4d0b4a60 JavaThread "Java2D Disposer" daemon [_thread_blocked, id=8092, stack(0x000000e292a00000,0x000000e292b00000)]
  0x0000026b4d0b3250 JavaThread "AWT-Windows" daemon [_thread_in_native, id=7388, stack(0x000000e292f00000,0x000000e293000000)]
  0x0000026b4d0b5da0 JavaThread "pool-10-thread-1" [_thread_blocked, id=1872, stack(0x000000e292b00000,0x000000e292c00000)]
  0x0000026b4d0b28b0 JavaThread "stderr" [_thread_in_native, id=7640, stack(0x000000e293000000,0x000000e293100000)]
  0x0000026b4d0b23e0 JavaThread "stdout" [_thread_in_native, id=8312, stack(0x000000e293100000,0x000000e293200000)]
  0x0000026b4d0b8420 JavaThread "WorkerExecutor Queue Thread 3" [_thread_blocked, id=9088, stack(0x000000e293200000,0x000000e293300000)]
  0x0000026b4d0b8dc0 JavaThread "ForkJoinPool-1-worker-1" daemon [_thread_blocked, id=2096, stack(0x000000e292200000,0x000000e292300000)]
  0x0000026b4d0b7a80 JavaThread "ForkJoinPool-1-worker-2" daemon [_thread_blocked, id=12728, stack(0x000000e293300000,0x000000e293400000)]

Other Threads:
=>0x0000026b4a1c4fc0 VMThread "VM Thread" [stack: 0x000000e28e200000,0x000000e28e300000] [id=4796]
  0x0000026b4adc51b0 WatcherThread [stack: 0x000000e28ee00000,0x000000e28ef00000] [id=9368]
  0x0000026b30f720b0 GCTaskThread "GC Thread#0" [stack: 0x000000e28dd00000,0x000000e28de00000] [id=4680]
  0x0000026b4ae90d70 GCTaskThread "GC Thread#1" [stack: 0x000000e28ef00000,0x000000e28f000000] [id=10772]
  0x0000026b30f82f00 ConcurrentGCThread "G1 Main Marker" [stack: 0x000000e28de00000,0x000000e28df00000] [id=7920]
  0x0000026b30f83820 ConcurrentGCThread "G1 Conc#0" [stack: 0x000000e28df00000,0x000000e28e000000] [id=13016]
  0x0000026b4a00b100 ConcurrentGCThread "G1 Refine#0" [stack: 0x000000e28e000000,0x000000e28e100000] [id=4668]
  0x0000026b4de679b0 ConcurrentGCThread "G1 Refine#1" [stack: 0x000000e290700000,0x000000e290800000] [id=10272]
  0x0000026b4a00ba30 ConcurrentGCThread "G1 Service" [stack: 0x000000e28e100000,0x000000e28e200000] [id=5044]

Threads with active compile tasks:
C2 CompilerThread0   206938 21287       4       com.android.tools.r8.dex.B::a (836 bytes)

VM state: at safepoint (normal execution)

VM Mutex/Monitor currently owned by a thread:  ([mutex/lock_event])
[0x0000026b30f121f0] Threads_lock - owner thread: 0x0000026b4a1c4fc0
[0x0000026b30f11740] Heap_lock - owner thread: 0x0000026b4d0b7a80

Heap address: 0x0000000080000000, size: 2048 MB, Compressed Oops mode: 32-bit

CDS archive(s) not mapped
Compressed class space mapped at: 0x0000000100000000-0x0000000140000000, reserved size: 1073741824
Narrow klass base: 0x0000000000000000, Narrow klass shift: 3, Narrow klass range: 0x140000000

GC Precious Log:
 CPUs: 2 total, 2 available
 Memory: 11680M
 Large Page Support: Disabled
 NUMA Support: Disabled
 Compressed Oops: Enabled (32-bit)
 Heap Region Size: 1M
 Heap Min Capacity: 8M
 Heap Initial Capacity: 184M
 Heap Max Capacity: 2G
 Pre-touch: Disabled
 Parallel Workers: 2
 Concurrent Workers: 1
 Concurrent Refinement Workers: 2
 Periodic GC: Disabled

Heap:
 garbage-first heap   total 324608K, used 210432K [0x0000000080000000, 0x0000000100000000)
  region size 1024K, 7 young (7168K), 7 survivors (7168K)
 Metaspace       used 136688K, committed 137856K, reserved 1171456K
  class space    used 18056K, committed 18624K, reserved 1048576K

Heap Regions: E=young(eden), S=young(survivor), O=old, HS=humongous(starts), HC=humongous(continues), CS=collection set, F=free, OA=open archive, CA=closed archive, TAMS=top-at-mark-start (previous, next)
|   0|0x0000000080000000, 0x0000000080100000, 0x0000000080100000|100%|HS|  |TAMS 0x0000000080100000, 0x0000000080000000| Complete 
|   1|0x0000000080100000, 0x0000000080200000, 0x0000000080200000|100%|HC|  |TAMS 0x0000000080200000, 0x0000000080100000| Complete 
|   2|0x0000000080200000, 0x0000000080300000, 0x0000000080300000|100%|HC|  |TAMS 0x0000000080300000, 0x0000000080200000| Complete 
|   3|0x0000000080300000, 0x0000000080400000, 0x0000000080400000|100%|HC|  |TAMS 0x0000000080400000, 0x0000000080300000| Complete 
|   4|0x0000000080400000, 0x0000000080500000, 0x0000000080500000|100%| O|  |TAMS 0x0000000080500000, 0x0000000080400000| Untracked 
|   5|0x0000000080500000, 0x0000000080600000, 0x0000000080600000|100%| O|  |TAMS 0x0000000080600000, 0x0000000080500000| Untracked 
|   6|0x0000000080600000, 0x0000000080700000, 0x0000000080700000|100%| O|  |TAMS 0x0000000080700000, 0x0000000080600000| Untracked 
|   7|0x0000000080700000, 0x0000000080800000, 0x0000000080800000|100%| O|  |TAMS 0x0000000080800000, 0x0000000080700000| Untracked 
|   8|0x0000000080800000, 0x0000000080900000, 0x0000000080900000|100%| O|  |TAMS 0x0000000080900000, 0x0000000080800000| Untracked 
|   9|0x0000000080900000, 0x0000000080a00000, 0x0000000080a00000|100%| O|  |TAMS 0x0000000080a00000, 0x0000000080900000| Untracked 
|  10|0x0000000080a00000, 0x0000000080b00000, 0x0000000080b00000|100%| O|  |TAMS 0x0000000080b00000, 0x0000000080a00000| Untracked 
|  11|0x0000000080b00000, 0x0000000080c00000, 0x0000000080c00000|100%| O|  |TAMS 0x0000000080c00000, 0x0000000080b00000| Untracked 
|  12|0x0000000080c00000, 0x0000000080d00000, 0x0000000080d00000|100%| O|  |TAMS 0x0000000080d00000, 0x0000000080c00000| Untracked 
|  13|0x0000000080d00000, 0x0000000080e00000, 0x0000000080e00000|100%| O|  |TAMS 0x0000000080e00000, 0x0000000080d00000| Untracked 
|  14|0x0000000080e00000, 0x0000000080f00000, 0x0000000080f00000|100%| O|  |TAMS 0x0000000080f00000, 0x0000000080e00000| Untracked 
|  15|0x0000000080f00000, 0x0000000081000000, 0x0000000081000000|100%| O|  |TAMS 0x0000000081000000, 0x0000000080f00000| Untracked 
|  16|0x0000000081000000, 0x0000000081100000, 0x0000000081100000|100%| O|  |TAMS 0x0000000081100000, 0x0000000081000000| Untracked 
|  17|0x0000000081100000, 0x0000000081200000, 0x0000000081200000|100%| O|  |TAMS 0x0000000081200000, 0x0000000081100000| Untracked 
|  18|0x0000000081200000, 0x0000000081300000, 0x0000000081300000|100%| O|  |TAMS 0x0000000081300000, 0x0000000081200000| Untracked 
|  19|0x0000000081300000, 0x0000000081400000, 0x0000000081400000|100%| O|  |TAMS 0x0000000081400000, 0x0000000081300000| Untracked 
|  20|0x0000000081400000, 0x0000000081500000, 0x0000000081500000|100%| O|  |TAMS 0x0000000081500000, 0x0000000081400000| Untracked 
|  21|0x0000000081500000, 0x0000000081600000, 0x0000000081600000|100%| O|  |TAMS 0x0000000081600000, 0x0000000081500000| Untracked 
|  22|0x0000000081600000, 0x0000000081700000, 0x0000000081700000|100%| O|  |TAMS 0x0000000081700000, 0x0000000081600000| Untracked 
|  23|0x0000000081700000, 0x0000000081800000, 0x0000000081800000|100%| O|  |TAMS 0x0000000081800000, 0x0000000081700000| Untracked 
|  24|0x0000000081800000, 0x0000000081900000, 0x0000000081900000|100%| O|  |TAMS 0x0000000081900000, 0x0000000081800000| Untracked 
|  25|0x0000000081900000, 0x0000000081a00000, 0x0000000081a00000|100%| O|  |TAMS 0x0000000081a00000, 0x0000000081900000| Untracked 
|  26|0x0000000081a00000, 0x0000000081b00000, 0x0000000081b00000|100%| O|  |TAMS 0x0000000081b00000, 0x0000000081a00000| Untracked 
|  27|0x0000000081b00000, 0x0000000081c00000, 0x0000000081c00000|100%| O|  |TAMS 0x0000000081c00000, 0x0000000081b00000| Untracked 
|  28|0x0000000081c00000, 0x0000000081d00000, 0x0000000081d00000|100%| O|  |TAMS 0x0000000081d00000, 0x0000000081c00000| Untracked 
|  29|0x0000000081d00000, 0x0000000081e00000, 0x0000000081e00000|100%| O|  |TAMS 0x0000000081e00000, 0x0000000081d00000| Untracked 
|  30|0x0000000081e00000, 0x0000000081f00000, 0x0000000081f00000|100%| O|  |TAMS 0x0000000081f00000, 0x0000000081e00000| Untracked 
|  31|0x0000000081f00000, 0x0000000082000000, 0x0000000082000000|100%| O|  |TAMS 0x0000000082000000, 0x0000000081f00000| Untracked 
|  32|0x0000000082000000, 0x0000000082100000, 0x0000000082100000|100%| O|  |TAMS 0x0000000082100000, 0x0000000082000000| Untracked 
|  33|0x0000000082100000, 0x0000000082200000, 0x0000000082200000|100%| O|  |TAMS 0x0000000082200000, 0x0000000082100000| Untracked 
|  34|0x0000000082200000, 0x0000000082300000, 0x0000000082300000|100%| O|  |TAMS 0x0000000082300000, 0x0000000082200000| Untracked 
|  35|0x0000000082300000, 0x0000000082400000, 0x0000000082400000|100%| O|  |TAMS 0x0000000082400000, 0x0000000082300000| Untracked 
|  36|0x0000000082400000, 0x0000000082500000, 0x0000000082500000|100%| O|  |TAMS 0x0000000082500000, 0x0000000082400000| Untracked 
|  37|0x0000000082500000, 0x0000000082600000, 0x0000000082600000|100%|HS|  |TAMS 0x0000000082600000, 0x0000000082500000| Complete 
|  38|0x0000000082600000, 0x0000000082700000, 0x0000000082700000|100%|HS|  |TAMS 0x0000000082700000, 0x0000000082600000| Complete 
|  39|0x0000000082700000, 0x0000000082800000, 0x0000000082800000|100%|HS|  |TAMS 0x0000000082800000, 0x0000000082700000| Complete 
|  40|0x0000000082800000, 0x0000000082900000, 0x0000000082900000|100%|HC|  |TAMS 0x0000000082900000, 0x0000000082800000| Complete 
|  41|0x0000000082900000, 0x0000000082a00000, 0x0000000082a00000|100%|HS|  |TAMS 0x0000000082a00000, 0x0000000082900000| Complete 
|  42|0x0000000082a00000, 0x0000000082b00000, 0x0000000082b00000|100%| O|  |TAMS 0x0000000082b00000, 0x0000000082a00000| Untracked 
|  43|0x0000000082b00000, 0x0000000082c00000, 0x0000000082c00000|100%| O|  |TAMS 0x0000000082c00000, 0x0000000082b00000| Untracked 
|  44|0x0000000082c00000, 0x0000000082d00000, 0x0000000082d00000|100%|HS|  |TAMS 0x0000000082d00000, 0x0000000082c00000| Complete 
|  45|0x0000000082d00000, 0x0000000082e00000, 0x0000000082e00000|100%|HC|  |TAMS 0x0000000082e00000, 0x0000000082d00000| Complete 
|  46|0x0000000082e00000, 0x0000000082f00000, 0x0000000082f00000|100%|HC|  |TAMS 0x0000000082f00000, 0x0000000082e00000| Complete 
|  47|0x0000000082f00000, 0x0000000083000000, 0x0000000083000000|100%|HC|  |TAMS 0x0000000083000000, 0x0000000082f00000| Complete 
|  48|0x0000000083000000, 0x0000000083100000, 0x0000000083100000|100%| O|  |TAMS 0x0000000083100000, 0x0000000083000000| Untracked 
|  49|0x0000000083100000, 0x0000000083200000, 0x0000000083200000|100%| O|  |TAMS 0x0000000083200000, 0x0000000083100000| Untracked 
|  50|0x0000000083200000, 0x0000000083300000, 0x0000000083300000|100%| O|  |TAMS 0x0000000083300000, 0x0000000083200000| Untracked 
|  51|0x0000000083300000, 0x0000000083400000, 0x0000000083400000|100%| O|  |TAMS 0x0000000083400000, 0x0000000083300000| Untracked 
|  52|0x0000000083400000, 0x0000000083500000, 0x0000000083500000|100%| O|  |TAMS 0x0000000083500000, 0x0000000083400000| Untracked 
|  53|0x0000000083500000, 0x0000000083600000, 0x0000000083600000|100%| O|  |TAMS 0x0000000083600000, 0x0000000083500000| Untracked 
|  54|0x0000000083600000, 0x0000000083700000, 0x0000000083700000|100%| O|  |TAMS 0x0000000083700000, 0x0000000083600000| Untracked 
|  55|0x0000000083700000, 0x0000000083800000, 0x0000000083800000|100%| O|  |TAMS 0x0000000083800000, 0x0000000083700000| Untracked 
|  56|0x0000000083800000, 0x0000000083900000, 0x0000000083900000|100%| O|  |TAMS 0x0000000083900000, 0x0000000083800000| Untracked 
|  57|0x0000000083900000, 0x0000000083a00000, 0x0000000083a00000|100%| O|  |TAMS 0x0000000083a00000, 0x0000000083900000| Untracked 
|  58|0x0000000083a00000, 0x0000000083b00000, 0x0000000083b00000|100%| O|  |TAMS 0x0000000083b00000, 0x0000000083a00000| Untracked 
|  59|0x0000000083b00000, 0x0000000083c00000, 0x0000000083c00000|100%| O|  |TAMS 0x0000000083c00000, 0x0000000083b00000| Untracked 
|  60|0x0000000083c00000, 0x0000000083d00000, 0x0000000083d00000|100%| O|  |TAMS 0x0000000083d00000, 0x0000000083c00000| Untracked 
|  61|0x0000000083d00000, 0x0000000083e00000, 0x0000000083e00000|100%| O|  |TAMS 0x0000000083e00000, 0x0000000083d00000| Untracked 
|  62|0x0000000083e00000, 0x0000000083f00000, 0x0000000083f00000|100%| O|  |TAMS 0x0000000083f00000, 0x0000000083e00000| Untracked 
|  63|0x0000000083f00000, 0x0000000084000000, 0x0000000084000000|100%| O|  |TAMS 0x0000000084000000, 0x0000000083f00000| Untracked 
|  64|0x0000000084000000, 0x0000000084100000, 0x0000000084100000|100%| O|  |TAMS 0x0000000084100000, 0x0000000084000000| Untracked 
|  65|0x0000000084100000, 0x0000000084200000, 0x0000000084200000|100%| O|  |TAMS 0x0000000084200000, 0x0000000084100000| Untracked 
|  66|0x0000000084200000, 0x0000000084300000, 0x0000000084300000|100%| O|  |TAMS 0x0000000084300000, 0x0000000084200000| Untracked 
|  67|0x0000000084300000, 0x0000000084400000, 0x0000000084400000|100%| O|  |TAMS 0x0000000084400000, 0x0000000084300000| Untracked 
|  68|0x0000000084400000, 0x0000000084500000, 0x0000000084500000|100%| O|  |TAMS 0x0000000084500000, 0x0000000084400000| Untracked 
|  69|0x0000000084500000, 0x0000000084600000, 0x0000000084600000|100%| O|  |TAMS 0x0000000084600000, 0x0000000084500000| Untracked 
|  70|0x0000000084600000, 0x0000000084700000, 0x0000000084700000|100%| O|  |TAMS 0x0000000084700000, 0x0000000084600000| Untracked 
|  71|0x0000000084700000, 0x0000000084800000, 0x0000000084800000|100%| O|  |TAMS 0x0000000084800000, 0x0000000084700000| Untracked 
|  72|0x0000000084800000, 0x0000000084900000, 0x0000000084900000|100%| O|  |TAMS 0x0000000084900000, 0x0000000084800000| Untracked 
|  73|0x0000000084900000, 0x0000000084a00000, 0x0000000084a00000|100%| O|  |TAMS 0x0000000084a00000, 0x0000000084900000| Untracked 
|  74|0x0000000084a00000, 0x0000000084b00000, 0x0000000084b00000|100%| O|  |TAMS 0x0000000084b00000, 0x0000000084a00000| Untracked 
|  75|0x0000000084b00000, 0x0000000084c00000, 0x0000000084c00000|100%| O|  |TAMS 0x0000000084c00000, 0x0000000084b00000| Untracked 
|  76|0x0000000084c00000, 0x0000000084d00000, 0x0000000084d00000|100%| O|  |TAMS 0x0000000084d00000, 0x0000000084c00000| Untracked 
|  77|0x0000000084d00000, 0x0000000084e00000, 0x0000000084e00000|100%| O|  |TAMS 0x0000000084e00000, 0x0000000084d00000| Untracked 
|  78|0x0000000084e00000, 0x0000000084f00000, 0x0000000084f00000|100%| O|  |TAMS 0x0000000084f00000, 0x0000000084e00000| Untracked 
|  79|0x0000000084f00000, 0x0000000085000000, 0x0000000085000000|100%| O|  |TAMS 0x0000000085000000, 0x0000000084f00000| Untracked 
|  80|0x0000000085000000, 0x0000000085100000, 0x0000000085100000|100%| O|  |TAMS 0x0000000085000000, 0x0000000085000000| Untracked 
|  81|0x0000000085100000, 0x0000000085200000, 0x0000000085200000|100%| O|  |TAMS 0x0000000085200000, 0x0000000085100000| Untracked 
|  82|0x0000000085200000, 0x0000000085300000, 0x0000000085300000|100%| O|  |TAMS 0x0000000085300000, 0x0000000085200000| Untracked 
|  83|0x0000000085300000, 0x0000000085400000, 0x0000000085400000|100%| O|  |TAMS 0x0000000085400000, 0x0000000085300000| Untracked 
|  84|0x0000000085400000, 0x0000000085500000, 0x0000000085500000|100%| O|  |TAMS 0x0000000085500000, 0x0000000085400000| Untracked 
|  85|0x0000000085500000, 0x0000000085600000, 0x0000000085600000|100%| O|  |TAMS 0x0000000085600000, 0x0000000085500000| Untracked 
|  86|0x0000000085600000, 0x0000000085700000, 0x0000000085700000|100%| O|  |TAMS 0x0000000085700000, 0x0000000085600000| Untracked 
|  87|0x0000000085700000, 0x0000000085800000, 0x0000000085800000|100%| O|  |TAMS 0x0000000085800000, 0x0000000085700000| Untracked 
|  88|0x0000000085800000, 0x0000000085900000, 0x0000000085900000|100%| O|  |TAMS 0x0000000085900000, 0x0000000085800000| Untracked 
|  89|0x0000000085900000, 0x0000000085a00000, 0x0000000085a00000|100%| O|  |TAMS 0x0000000085900000, 0x0000000085900000| Untracked 
|  90|0x0000000085a00000, 0x0000000085b00000, 0x0000000085b00000|100%|HS|  |TAMS 0x0000000085a00000, 0x0000000085a00000| Complete 
|  91|0x0000000085b00000, 0x0000000085c00000, 0x0000000085c00000|100%|HS|  |TAMS 0x0000000085b00000, 0x0000000085b00000| Complete 
|  92|0x0000000085c00000, 0x0000000085d00000, 0x0000000085d00000|100%| O|  |TAMS 0x0000000085c00000, 0x0000000085c00000| Untracked 
|  93|0x0000000085d00000, 0x0000000085e00000, 0x0000000085e00000|100%| O|  |TAMS 0x0000000085d00000, 0x0000000085d00000| Untracked 
|  94|0x0000000085e00000, 0x0000000085f00000, 0x0000000085f00000|100%| O|  |TAMS 0x0000000085e00000, 0x0000000085e00000| Untracked 
|  95|0x0000000085f00000, 0x0000000086000000, 0x0000000086000000|100%| O|  |TAMS 0x0000000085f00000, 0x0000000085f00000| Untracked 
|  96|0x0000000086000000, 0x0000000086100000, 0x0000000086100000|100%| O|  |TAMS 0x0000000086000000, 0x0000000086000000| Untracked 
|  97|0x0000000086100000, 0x0000000086200000, 0x0000000086200000|100%| O|  |TAMS 0x0000000086100000, 0x0000000086100000| Untracked 
|  98|0x0000000086200000, 0x0000000086300000, 0x0000000086300000|100%| O|  |TAMS 0x0000000086200000, 0x0000000086200000| Untracked 
|  99|0x0000000086300000, 0x0000000086400000, 0x0000000086400000|100%| O|  |TAMS 0x0000000086300000, 0x0000000086300000| Untracked 
| 100|0x0000000086400000, 0x0000000086500000, 0x0000000086500000|100%| O|  |TAMS 0x0000000086400000, 0x0000000086400000| Untracked 
| 101|0x0000000086500000, 0x0000000086600000, 0x0000000086600000|100%| O|  |TAMS 0x0000000086500000, 0x0000000086500000| Untracked 
| 102|0x0000000086600000, 0x0000000086700000, 0x0000000086700000|100%| O|  |TAMS 0x0000000086600000, 0x0000000086600000| Untracked 
| 103|0x0000000086700000, 0x0000000086800000, 0x0000000086800000|100%| O|  |TAMS 0x0000000086800000, 0x0000000086700000| Untracked 
| 104|0x0000000086800000, 0x0000000086900000, 0x0000000086900000|100%| O|  |TAMS 0x0000000086900000, 0x0000000086800000| Untracked 
| 105|0x0000000086900000, 0x0000000086a00000, 0x0000000086a00000|100%| O|  |TAMS 0x0000000086a00000, 0x0000000086900000| Untracked 
| 106|0x0000000086a00000, 0x0000000086b00000, 0x0000000086b00000|100%| O|  |TAMS 0x0000000086b00000, 0x0000000086a00000| Untracked 
| 107|0x0000000086b00000, 0x0000000086c00000, 0x0000000086c00000|100%| O|  |TAMS 0x0000000086c00000, 0x0000000086b00000| Untracked 
| 108|0x0000000086c00000, 0x0000000086d00000, 0x0000000086d00000|100%| O|  |TAMS 0x0000000086d00000, 0x0000000086c00000| Untracked 
| 109|0x0000000086d00000, 0x0000000086e00000, 0x0000000086e00000|100%| O|  |TAMS 0x0000000086d00000, 0x0000000086d00000| Untracked 
| 110|0x0000000086e00000, 0x0000000086f00000, 0x0000000086f00000|100%| O|  |TAMS 0x0000000086f00000, 0x0000000086e00000| Untracked 
| 111|0x0000000086f00000, 0x0000000087000000, 0x0000000087000000|100%| O|  |TAMS 0x0000000087000000, 0x0000000086f00000| Untracked 
| 112|0x0000000087000000, 0x0000000087100000, 0x0000000087100000|100%| O|  |TAMS 0x0000000087100000, 0x0000000087000000| Untracked 
| 113|0x0000000087100000, 0x0000000087200000, 0x0000000087200000|100%| O|  |TAMS 0x0000000087100000, 0x0000000087100000| Untracked 
| 114|0x0000000087200000, 0x0000000087300000, 0x0000000087300000|100%| O|  |TAMS 0x0000000087300000, 0x0000000087200000| Untracked 
| 115|0x0000000087300000, 0x0000000087400000, 0x0000000087400000|100%| O|  |TAMS 0x0000000087300000, 0x0000000087300000| Untracked 
| 116|0x0000000087400000, 0x0000000087500000, 0x0000000087500000|100%| O|  |TAMS 0x0000000087400000, 0x0000000087400000| Untracked 
| 117|0x0000000087500000, 0x0000000087600000, 0x0000000087600000|100%| O|  |TAMS 0x0000000087500000, 0x0000000087500000| Untracked 
| 118|0x0000000087600000, 0x0000000087700000, 0x0000000087700000|100%| O|  |TAMS 0x0000000087600000, 0x0000000087600000| Untracked 
| 119|0x0000000087700000, 0x0000000087800000, 0x0000000087800000|100%| O|  |TAMS 0x0000000087700000, 0x0000000087700000| Untracked 
| 120|0x0000000087800000, 0x0000000087900000, 0x0000000087900000|100%| O|  |TAMS 0x0000000087800000, 0x0000000087800000| Untracked 
| 121|0x0000000087900000, 0x0000000087a00000, 0x0000000087a00000|100%| O|  |TAMS 0x0000000087900000, 0x0000000087900000| Untracked 
| 122|0x0000000087a00000, 0x0000000087b00000, 0x0000000087b00000|100%| O|  |TAMS 0x0000000087a00000, 0x0000000087a00000| Untracked 
| 123|0x0000000087b00000, 0x0000000087c00000, 0x0000000087c00000|100%| O|  |TAMS 0x0000000087b00000, 0x0000000087b00000| Untracked 
| 124|0x0000000087c00000, 0x0000000087d00000, 0x0000000087d00000|100%| O|  |TAMS 0x0000000087c00000, 0x0000000087c00000| Untracked 
| 125|0x0000000087d00000, 0x0000000087e00000, 0x0000000087e00000|100%| O|  |TAMS 0x0000000087d00000, 0x0000000087d00000| Untracked 
| 126|0x0000000087e00000, 0x0000000087f00000, 0x0000000087f00000|100%| O|  |TAMS 0x0000000087e00000, 0x0000000087e00000| Untracked 
| 127|0x0000000087f00000, 0x0000000088000000, 0x0000000088000000|100%| O|  |TAMS 0x0000000087f00000, 0x0000000087f00000| Untracked 
| 128|0x0000000088000000, 0x0000000088100000, 0x0000000088100000|100%| O|  |TAMS 0x0000000088000000, 0x0000000088000000| Untracked 
| 129|0x0000000088100000, 0x0000000088200000, 0x0000000088200000|100%| O|  |TAMS 0x0000000088100000, 0x0000000088100000| Untracked 
| 130|0x0000000088200000, 0x0000000088300000, 0x0000000088300000|100%| O|  |TAMS 0x0000000088300000, 0x0000000088200000| Untracked 
| 131|0x0000000088300000, 0x0000000088400000, 0x0000000088400000|100%| O|  |TAMS 0x0000000088300000, 0x0000000088300000| Untracked 
| 132|0x0000000088400000, 0x0000000088500000, 0x0000000088500000|100%| O|  |TAMS 0x0000000088400000, 0x0000000088400000| Untracked 
| 133|0x0000000088500000, 0x0000000088600000, 0x0000000088600000|100%| O|  |TAMS 0x0000000088500000, 0x0000000088500000| Untracked 
| 134|0x0000000088600000, 0x0000000088700000, 0x0000000088700000|100%| O|  |TAMS 0x0000000088600000, 0x0000000088600000| Untracked 
| 135|0x0000000088700000, 0x0000000088800000, 0x0000000088800000|100%|HS|  |TAMS 0x0000000088800000, 0x0000000088700000| Complete 
| 136|0x0000000088800000, 0x0000000088900000, 0x0000000088900000|100%| O|  |TAMS 0x0000000088900000, 0x0000000088800000| Untracked 
| 137|0x0000000088900000, 0x0000000088a00000, 0x0000000088a00000|100%| O|  |TAMS 0x0000000088a00000, 0x0000000088900000| Untracked 
| 138|0x0000000088a00000, 0x0000000088b00000, 0x0000000088b00000|100%| O|  |TAMS 0x0000000088b00000, 0x0000000088a00000| Untracked 
| 139|0x0000000088b00000, 0x0000000088c00000, 0x0000000088c00000|100%| O|  |TAMS 0x0000000088c00000, 0x0000000088b00000| Untracked 
| 140|0x0000000088c00000, 0x0000000088d00000, 0x0000000088d00000|100%| O|  |TAMS 0x0000000088d00000, 0x0000000088c00000| Untracked 
| 141|0x0000000088d00000, 0x0000000088e00000, 0x0000000088e00000|100%| O|  |TAMS 0x0000000088d00000, 0x0000000088d00000| Untracked 
| 142|0x0000000088e00000, 0x0000000088f00000, 0x0000000088f00000|100%| O|  |TAMS 0x0000000088e00000, 0x0000000088e00000| Untracked 
| 143|0x0000000088f00000, 0x0000000088f80000, 0x0000000089000000| 50%| O|  |TAMS 0x0000000088f00000, 0x0000000088f00000| Untracked 
| 144|0x0000000089000000, 0x0000000089100000, 0x0000000089100000|100%| O|  |TAMS 0x0000000089100000, 0x0000000089000000| Untracked 
| 145|0x0000000089100000, 0x0000000089100000, 0x0000000089200000|  0%| F|  |TAMS 0x0000000089100000, 0x0000000089100000| Untracked 
| 146|0x0000000089200000, 0x0000000089200000, 0x0000000089300000|  0%| F|  |TAMS 0x0000000089200000, 0x0000000089200000| Untracked 
| 147|0x0000000089300000, 0x0000000089300000, 0x0000000089400000|  0%| F|  |TAMS 0x0000000089300000, 0x0000000089300000| Untracked 
| 148|0x0000000089400000, 0x0000000089500000, 0x0000000089500000|100%| O|  |TAMS 0x0000000089500000, 0x0000000089400000| Untracked 
| 149|0x0000000089500000, 0x0000000089600000, 0x0000000089600000|100%| O|  |TAMS 0x0000000089600000, 0x0000000089500000| Untracked 
| 150|0x0000000089600000, 0x0000000089700000, 0x0000000089700000|100%| O|  |TAMS 0x0000000089700000, 0x0000000089600000| Untracked 
| 151|0x0000000089700000, 0x0000000089800000, 0x0000000089800000|100%| O|  |TAMS 0x0000000089800000, 0x0000000089700000| Untracked 
| 152|0x0000000089800000, 0x0000000089900000, 0x0000000089900000|100%| O|  |TAMS 0x0000000089900000, 0x0000000089800000| Untracked 
| 153|0x0000000089900000, 0x0000000089a00000, 0x0000000089a00000|100%| O|  |TAMS 0x0000000089a00000, 0x0000000089900000| Untracked 
| 154|0x0000000089a00000, 0x0000000089a00000, 0x0000000089b00000|  0%| F|  |TAMS 0x0000000089a00000, 0x0000000089a00000| Untracked 
| 155|0x0000000089b00000, 0x0000000089b00000, 0x0000000089c00000|  0%| F|  |TAMS 0x0000000089b00000, 0x0000000089b00000| Untracked 
| 156|0x0000000089c00000, 0x0000000089c00000, 0x0000000089d00000|  0%| F|  |TAMS 0x0000000089c00000, 0x0000000089c00000| Untracked 
| 157|0x0000000089d00000, 0x0000000089d00000, 0x0000000089e00000|  0%| F|  |TAMS 0x0000000089d00000, 0x0000000089d00000| Untracked 
| 158|0x0000000089e00000, 0x0000000089e00000, 0x0000000089f00000|  0%| F|  |TAMS 0x0000000089e00000, 0x0000000089e00000| Untracked 
| 159|0x0000000089f00000, 0x0000000089f00000, 0x000000008a000000|  0%| F|  |TAMS 0x0000000089f00000, 0x0000000089f00000| Untracked 
| 160|0x000000008a000000, 0x000000008a000000, 0x000000008a100000|  0%| F|  |TAMS 0x000000008a000000, 0x000000008a000000| Untracked 
| 161|0x000000008a100000, 0x000000008a100000, 0x000000008a200000|  0%| F|  |TAMS 0x000000008a100000, 0x000000008a100000| Untracked 
| 162|0x000000008a200000, 0x000000008a200000, 0x000000008a300000|  0%| F|  |TAMS 0x000000008a200000, 0x000000008a200000| Untracked 
| 163|0x000000008a300000, 0x000000008a300000, 0x000000008a400000|  0%| F|  |TAMS 0x000000008a300000, 0x000000008a300000| Untracked 
| 164|0x000000008a400000, 0x000000008a400000, 0x000000008a500000|  0%| F|  |TAMS 0x000000008a400000, 0x000000008a400000| Untracked 
| 165|0x000000008a500000, 0x000000008a500000, 0x000000008a600000|  0%| F|  |TAMS 0x000000008a500000, 0x000000008a500000| Untracked 
| 166|0x000000008a600000, 0x000000008a600000, 0x000000008a700000|  0%| F|  |TAMS 0x000000008a600000, 0x000000008a600000| Untracked 
| 167|0x000000008a700000, 0x000000008a700000, 0x000000008a800000|  0%| F|  |TAMS 0x000000008a700000, 0x000000008a700000| Untracked 
| 168|0x000000008a800000, 0x000000008a900000, 0x000000008a900000|100%|HS|  |TAMS 0x000000008a900000, 0x000000008a800000| Complete 
| 169|0x000000008a900000, 0x000000008aa00000, 0x000000008aa00000|100%|HC|  |TAMS 0x000000008aa00000, 0x000000008a900000| Complete 
| 170|0x000000008aa00000, 0x000000008ab00000, 0x000000008ab00000|100%|HS|  |TAMS 0x000000008ab00000, 0x000000008aa00000| Complete 
| 171|0x000000008ab00000, 0x000000008ac00000, 0x000000008ac00000|100%|HC|  |TAMS 0x000000008ac00000, 0x000000008ab00000| Complete 
| 172|0x000000008ac00000, 0x000000008ad00000, 0x000000008ad00000|100%|HS|  |TAMS 0x000000008ad00000, 0x000000008ac00000| Complete 
| 173|0x000000008ad00000, 0x000000008ae00000, 0x000000008ae00000|100%|HS|  |TAMS 0x000000008ae00000, 0x000000008ad00000| Complete 
| 174|0x000000008ae00000, 0x000000008af00000, 0x000000008af00000|100%|HS|  |TAMS 0x000000008af00000, 0x000000008ae00000| Complete 
| 175|0x000000008af00000, 0x000000008b000000, 0x000000008b000000|100%|HC|  |TAMS 0x000000008b000000, 0x000000008af00000| Complete 
| 176|0x000000008b000000, 0x000000008b100000, 0x000000008b100000|100%|HS|  |TAMS 0x000000008b100000, 0x000000008b000000| Complete 
| 177|0x000000008b100000, 0x000000008b100000, 0x000000008b200000|  0%| F|  |TAMS 0x000000008b100000, 0x000000008b100000| Untracked 
| 178|0x000000008b200000, 0x000000008b200000, 0x000000008b300000|  0%| F|  |TAMS 0x000000008b200000, 0x000000008b200000| Untracked 
| 179|0x000000008b300000, 0x000000008b400000, 0x000000008b400000|100%|HS|  |TAMS 0x000000008b400000, 0x000000008b300000| Complete 
| 180|0x000000008b400000, 0x000000008b500000, 0x000000008b500000|100%|HC|  |TAMS 0x000000008b500000, 0x000000008b400000| Complete 
| 181|0x000000008b500000, 0x000000008b600000, 0x000000008b600000|100%|HC|  |TAMS 0x000000008b600000, 0x000000008b500000| Complete 
| 182|0x000000008b600000, 0x000000008b700000, 0x000000008b700000|100%| O|  |TAMS 0x000000008b700000, 0x000000008b600000| Untracked 
| 183|0x000000008b700000, 0x000000008b800000, 0x000000008b800000|100%|HS|  |TAMS 0x000000008b800000, 0x000000008b700000| Complete 
| 184|0x000000008b800000, 0x000000008b900000, 0x000000008b900000|100%| O|  |TAMS 0x000000008b900000, 0x000000008b800000| Untracked 
| 185|0x000000008b900000, 0x000000008ba00000, 0x000000008ba00000|100%|HS|  |TAMS 0x000000008ba00000, 0x000000008b900000| Complete 
| 186|0x000000008ba00000, 0x000000008ba00000, 0x000000008bb00000|  0%| F|  |TAMS 0x000000008ba00000, 0x000000008ba00000| Untracked 
| 187|0x000000008bb00000, 0x000000008bb00000, 0x000000008bc00000|  0%| F|  |TAMS 0x000000008bb00000, 0x000000008bb00000| Untracked 
| 188|0x000000008bc00000, 0x000000008bc00000, 0x000000008bd00000|  0%| F|  |TAMS 0x000000008bc00000, 0x000000008bc00000| Untracked 
| 189|0x000000008bd00000, 0x000000008bd00000, 0x000000008be00000|  0%| F|  |TAMS 0x000000008bd00000, 0x000000008bd00000| Untracked 
| 190|0x000000008be00000, 0x000000008be00000, 0x000000008bf00000|  0%| F|  |TAMS 0x000000008be00000, 0x000000008be00000| Untracked 
| 191|0x000000008bf00000, 0x000000008c000000, 0x000000008c000000|100%|HS|  |TAMS 0x000000008c000000, 0x000000008bf00000| Complete 
| 192|0x000000008c000000, 0x000000008c100000, 0x000000008c100000|100%|HC|  |TAMS 0x000000008c100000, 0x000000008c000000| Complete 
| 193|0x000000008c100000, 0x000000008c200000, 0x000000008c200000|100%| O|  |TAMS 0x000000008c200000, 0x000000008c100000| Untracked 
| 194|0x000000008c200000, 0x000000008c300000, 0x000000008c300000|100%|HS|  |TAMS 0x000000008c300000, 0x000000008c200000| Complete 
| 195|0x000000008c300000, 0x000000008c400000, 0x000000008c400000|100%|HS|  |TAMS 0x000000008c400000, 0x000000008c300000| Complete 
| 196|0x000000008c400000, 0x000000008c500000, 0x000000008c500000|100%|HC|  |TAMS 0x000000008c500000, 0x000000008c400000| Complete 
| 197|0x000000008c500000, 0x000000008c600000, 0x000000008c600000|100%| O|  |TAMS 0x000000008c600000, 0x000000008c500000| Untracked 
| 198|0x000000008c600000, 0x000000008c700000, 0x000000008c700000|100%|HS|  |TAMS 0x000000008c700000, 0x000000008c600000| Complete 
| 199|0x000000008c700000, 0x000000008c800000, 0x000000008c800000|100%|HC|  |TAMS 0x000000008c800000, 0x000000008c700000| Complete 
| 200|0x000000008c800000, 0x000000008c900000, 0x000000008c900000|100%|HC|  |TAMS 0x000000008c900000, 0x000000008c800000| Complete 
| 201|0x000000008c900000, 0x000000008ca00000, 0x000000008ca00000|100%|HS|  |TAMS 0x000000008ca00000, 0x000000008c900000| Complete 
| 202|0x000000008ca00000, 0x000000008cb00000, 0x000000008cb00000|100%|HC|  |TAMS 0x000000008cb00000, 0x000000008ca00000| Complete 
| 203|0x000000008cb00000, 0x000000008cc00000, 0x000000008cc00000|100%| O|  |TAMS 0x000000008cc00000, 0x000000008cb00000| Untracked 
| 204|0x000000008cc00000, 0x000000008cd00000, 0x000000008cd00000|100%|HS|  |TAMS 0x000000008cd00000, 0x000000008cc00000| Complete 
| 205|0x000000008cd00000, 0x000000008ce00000, 0x000000008ce00000|100%| O|  |TAMS 0x000000008cd00000, 0x000000008cd00000| Untracked 
| 206|0x000000008ce00000, 0x000000008cf00000, 0x000000008cf00000|100%| O|  |TAMS 0x000000008ce00000, 0x000000008ce00000| Untracked 
| 207|0x000000008cf00000, 0x000000008d000000, 0x000000008d000000|100%| O|  |TAMS 0x000000008cf00000, 0x000000008cf00000| Untracked 
| 208|0x000000008d000000, 0x000000008d100000, 0x000000008d100000|100%| O|  |TAMS 0x000000008d000000, 0x000000008d000000| Untracked 
| 209|0x000000008d100000, 0x000000008d200000, 0x000000008d200000|100%| O|  |TAMS 0x000000008d100000, 0x000000008d100000| Untracked 
| 210|0x000000008d200000, 0x000000008d300000, 0x000000008d300000|100%| O|  |TAMS 0x000000008d200000, 0x000000008d200000| Untracked 
| 211|0x000000008d300000, 0x000000008d400000, 0x000000008d400000|100%| O|  |TAMS 0x000000008d400000, 0x000000008d300000| Untracked 
| 212|0x000000008d400000, 0x000000008d500000, 0x000000008d500000|100%| O|  |TAMS 0x000000008d500000, 0x000000008d400000| Untracked 
| 213|0x000000008d500000, 0x000000008d600000, 0x000000008d600000|100%| O|  |TAMS 0x000000008d600000, 0x000000008d500000| Untracked 
| 214|0x000000008d600000, 0x000000008d700000, 0x000000008d700000|100%| O|  |TAMS 0x000000008d700000, 0x000000008d600000| Untracked 
| 215|0x000000008d700000, 0x000000008d800000, 0x000000008d800000|100%| O|  |TAMS 0x000000008d800000, 0x000000008d700000| Untracked 
| 216|0x000000008d800000, 0x000000008d900000, 0x000000008d900000|100%| O|  |TAMS 0x000000008d900000, 0x000000008d800000| Untracked 
| 217|0x000000008d900000, 0x000000008da00000, 0x000000008da00000|100%| O|  |TAMS 0x000000008da00000, 0x000000008d900000| Untracked 
| 218|0x000000008da00000, 0x000000008db00000, 0x000000008db00000|100%| O|  |TAMS 0x000000008da91c00, 0x000000008da00000| Untracked 
| 219|0x000000008db00000, 0x000000008db00000, 0x000000008dc00000|  0%| F|  |TAMS 0x000000008db00000, 0x000000008db00000| Untracked 
| 220|0x000000008dc00000, 0x000000008dc00000, 0x000000008dd00000|  0%| F|  |TAMS 0x000000008dc00000, 0x000000008dc00000| Untracked 
| 221|0x000000008dd00000, 0x000000008dd00000, 0x000000008de00000|  0%| F|  |TAMS 0x000000008dd00000, 0x000000008dd00000| Untracked 
| 222|0x000000008de00000, 0x000000008df00000, 0x000000008df00000|100%| O|  |TAMS 0x000000008df00000, 0x000000008de00000| Untracked 
| 223|0x000000008df00000, 0x000000008e000000, 0x000000008e000000|100%| O|  |TAMS 0x000000008e000000, 0x000000008df00000| Untracked 
| 224|0x000000008e000000, 0x000000008e100000, 0x000000008e100000|100%| O|  |TAMS 0x000000008e100000, 0x000000008e000000| Untracked 
| 225|0x000000008e100000, 0x000000008e100000, 0x000000008e200000|  0%| F|  |TAMS 0x000000008e100000, 0x000000008e100000| Untracked 
| 226|0x000000008e200000, 0x000000008e200000, 0x000000008e300000|  0%| F|  |TAMS 0x000000008e200000, 0x000000008e200000| Untracked 
| 227|0x000000008e300000, 0x000000008e300000, 0x000000008e400000|  0%| F|  |TAMS 0x000000008e300000, 0x000000008e300000| Untracked 
| 228|0x000000008e400000, 0x000000008e400000, 0x000000008e500000|  0%| F|  |TAMS 0x000000008e400000, 0x000000008e400000| Untracked 
| 229|0x000000008e500000, 0x000000008e500000, 0x000000008e600000|  0%| F|  |TAMS 0x000000008e500000, 0x000000008e500000| Untracked 
| 230|0x000000008e600000, 0x000000008e600000, 0x000000008e700000|  0%| F|  |TAMS 0x000000008e600000, 0x000000008e600000| Untracked 
| 231|0x000000008e700000, 0x000000008e700000, 0x000000008e800000|  0%| F|  |TAMS 0x000000008e700000, 0x000000008e700000| Untracked 
| 232|0x000000008e800000, 0x000000008e800000, 0x000000008e900000|  0%| F|  |TAMS 0x000000008e800000, 0x000000008e800000| Untracked 
| 233|0x000000008e900000, 0x000000008e900000, 0x000000008ea00000|  0%| F|  |TAMS 0x000000008e900000, 0x000000008e900000| Untracked 
| 234|0x000000008ea00000, 0x000000008ea00000, 0x000000008eb00000|  0%| F|  |TAMS 0x000000008ea00000, 0x000000008ea00000| Untracked 
| 235|0x000000008eb00000, 0x000000008eb00000, 0x000000008ec00000|  0%| F|  |TAMS 0x000000008eb00000, 0x000000008eb00000| Untracked 
| 236|0x000000008ec00000, 0x000000008ec00000, 0x000000008ed00000|  0%| F|  |TAMS 0x000000008ec00000, 0x000000008ec00000| Untracked 
| 237|0x000000008ed00000, 0x000000008ed00000, 0x000000008ee00000|  0%| F|  |TAMS 0x000000008ed00000, 0x000000008ed00000| Untracked 
| 238|0x000000008ee00000, 0x000000008ee00000, 0x000000008ef00000|  0%| F|  |TAMS 0x000000008ee00000, 0x000000008ee00000| Untracked 
| 239|0x000000008ef00000, 0x000000008ef00000, 0x000000008f000000|  0%| F|  |TAMS 0x000000008ef00000, 0x000000008ef00000| Untracked 
| 240|0x000000008f000000, 0x000000008f000000, 0x000000008f100000|  0%| F|  |TAMS 0x000000008f000000, 0x000000008f000000| Untracked 
| 241|0x000000008f100000, 0x000000008f100000, 0x000000008f200000|  0%| F|  |TAMS 0x000000008f100000, 0x000000008f100000| Untracked 
| 242|0x000000008f200000, 0x000000008f200000, 0x000000008f300000|  0%| F|  |TAMS 0x000000008f200000, 0x000000008f200000| Untracked 
| 243|0x000000008f300000, 0x000000008f300000, 0x000000008f400000|  0%| F|  |TAMS 0x000000008f300000, 0x000000008f300000| Untracked 
| 244|0x000000008f400000, 0x000000008f400000, 0x000000008f500000|  0%| F|  |TAMS 0x000000008f400000, 0x000000008f400000| Untracked 
| 245|0x000000008f500000, 0x000000008f500000, 0x000000008f600000|  0%| F|  |TAMS 0x000000008f500000, 0x000000008f500000| Untracked 
| 246|0x000000008f600000, 0x000000008f600000, 0x000000008f700000|  0%| F|  |TAMS 0x000000008f600000, 0x000000008f600000| Untracked 
| 247|0x000000008f700000, 0x000000008f700000, 0x000000008f800000|  0%| F|  |TAMS 0x000000008f700000, 0x000000008f700000| Untracked 
| 248|0x000000008f800000, 0x000000008f800000, 0x000000008f900000|  0%| F|  |TAMS 0x000000008f800000, 0x000000008f800000| Untracked 
| 249|0x000000008f900000, 0x000000008f900000, 0x000000008fa00000|  0%| F|  |TAMS 0x000000008f900000, 0x000000008f900000| Untracked 
| 250|0x000000008fa00000, 0x000000008fa00000, 0x000000008fb00000|  0%| F|  |TAMS 0x000000008fa00000, 0x000000008fa00000| Untracked 
| 251|0x000000008fb00000, 0x000000008fb00000, 0x000000008fc00000|  0%| F|  |TAMS 0x000000008fb00000, 0x000000008fb00000| Untracked 
| 252|0x000000008fc00000, 0x000000008fc00000, 0x000000008fd00000|  0%| F|  |TAMS 0x000000008fc00000, 0x000000008fc00000| Untracked 
| 253|0x000000008fd00000, 0x000000008fe00000, 0x000000008fe00000|100%| S|CS|TAMS 0x000000008fd00000, 0x000000008fd00000| Complete 
| 254|0x000000008fe00000, 0x000000008ff00000, 0x000000008ff00000|100%| S|CS|TAMS 0x000000008fe00000, 0x000000008fe00000| Complete 
| 255|0x000000008ff00000, 0x0000000090000000, 0x0000000090000000|100%| S|CS|TAMS 0x000000008ff00000, 0x000000008ff00000| Complete 
| 256|0x0000000090000000, 0x0000000090100000, 0x0000000090100000|100%| S|CS|TAMS 0x0000000090000000, 0x0000000090000000| Complete 
| 257|0x0000000090100000, 0x0000000090200000, 0x0000000090200000|100%| S|CS|TAMS 0x0000000090100000, 0x0000000090100000| Complete 
| 258|0x0000000090200000, 0x0000000090300000, 0x0000000090300000|100%| S|CS|TAMS 0x0000000090200000, 0x0000000090200000| Complete 
| 259|0x0000000090300000, 0x0000000090400000, 0x0000000090400000|100%| S|CS|TAMS 0x0000000090300000, 0x0000000090300000| Complete 
| 260|0x0000000090400000, 0x0000000090400000, 0x0000000090500000|  0%| F|  |TAMS 0x0000000090400000, 0x0000000090400000| Untracked 
| 261|0x0000000090500000, 0x0000000090500000, 0x0000000090600000|  0%| F|  |TAMS 0x0000000090500000, 0x0000000090500000| Untracked 
| 262|0x0000000090600000, 0x0000000090600000, 0x0000000090700000|  0%| F|  |TAMS 0x0000000090600000, 0x0000000090600000| Untracked 
| 263|0x0000000090700000, 0x0000000090700000, 0x0000000090800000|  0%| F|  |TAMS 0x0000000090700000, 0x0000000090700000| Untracked 
| 264|0x0000000090800000, 0x0000000090800000, 0x0000000090900000|  0%| F|  |TAMS 0x0000000090800000, 0x0000000090800000| Untracked 
| 265|0x0000000090900000, 0x0000000090900000, 0x0000000090a00000|  0%| F|  |TAMS 0x0000000090900000, 0x0000000090900000| Untracked 
| 266|0x0000000090a00000, 0x0000000090a00000, 0x0000000090b00000|  0%| F|  |TAMS 0x0000000090a00000, 0x0000000090a00000| Untracked 
| 267|0x0000000090b00000, 0x0000000090b00000, 0x0000000090c00000|  0%| F|  |TAMS 0x0000000090b00000, 0x0000000090b00000| Untracked 
| 268|0x0000000090c00000, 0x0000000090c00000, 0x0000000090d00000|  0%| F|  |TAMS 0x0000000090c00000, 0x0000000090c00000| Untracked 
| 269|0x0000000090d00000, 0x0000000090d00000, 0x0000000090e00000|  0%| F|  |TAMS 0x0000000090d00000, 0x0000000090d00000| Untracked 
| 270|0x0000000090e00000, 0x0000000090e00000, 0x0000000090f00000|  0%| F|  |TAMS 0x0000000090e00000, 0x0000000090e00000| Untracked 
| 271|0x0000000090f00000, 0x0000000090f00000, 0x0000000091000000|  0%| F|  |TAMS 0x0000000090f00000, 0x0000000090f00000| Untracked 
| 272|0x0000000091000000, 0x0000000091000000, 0x0000000091100000|  0%| F|  |TAMS 0x0000000091000000, 0x0000000091000000| Untracked 
| 273|0x0000000091100000, 0x0000000091100000, 0x0000000091200000|  0%| F|  |TAMS 0x0000000091100000, 0x0000000091100000| Untracked 
| 274|0x0000000091200000, 0x0000000091200000, 0x0000000091300000|  0%| F|  |TAMS 0x0000000091200000, 0x0000000091200000| Untracked 
| 275|0x0000000091300000, 0x0000000091300000, 0x0000000091400000|  0%| F|  |TAMS 0x0000000091300000, 0x0000000091300000| Untracked 
| 276|0x0000000091400000, 0x0000000091400000, 0x0000000091500000|  0%| F|  |TAMS 0x0000000091400000, 0x0000000091400000| Untracked 
| 277|0x0000000091500000, 0x0000000091500000, 0x0000000091600000|  0%| F|  |TAMS 0x0000000091500000, 0x0000000091500000| Untracked 
| 278|0x0000000091600000, 0x0000000091600000, 0x0000000091700000|  0%| F|  |TAMS 0x0000000091600000, 0x0000000091600000| Untracked 
| 279|0x0000000091700000, 0x0000000091700000, 0x0000000091800000|  0%| F|  |TAMS 0x0000000091700000, 0x0000000091700000| Untracked 
| 280|0x0000000091800000, 0x0000000091800000, 0x0000000091900000|  0%| F|  |TAMS 0x0000000091800000, 0x0000000091800000| Untracked 
| 281|0x0000000091900000, 0x0000000091900000, 0x0000000091a00000|  0%| F|  |TAMS 0x0000000091900000, 0x0000000091900000| Untracked 
| 282|0x0000000091a00000, 0x0000000091a00000, 0x0000000091b00000|  0%| F|  |TAMS 0x0000000091a00000, 0x0000000091a00000| Untracked 
| 283|0x0000000091b00000, 0x0000000091b00000, 0x0000000091c00000|  0%| F|  |TAMS 0x0000000091b00000, 0x0000000091b00000| Untracked 
| 284|0x0000000091c00000, 0x0000000091c00000, 0x0000000091d00000|  0%| F|  |TAMS 0x0000000091c00000, 0x0000000091c00000| Untracked 
| 285|0x0000000091d00000, 0x0000000091d00000, 0x0000000091e00000|  0%| F|  |TAMS 0x0000000091d00000, 0x0000000091d00000| Untracked 
| 286|0x0000000091e00000, 0x0000000091e00000, 0x0000000091f00000|  0%| F|  |TAMS 0x0000000091e00000, 0x0000000091e00000| Untracked 
| 287|0x0000000091f00000, 0x0000000091f00000, 0x0000000092000000|  0%| F|  |TAMS 0x0000000091f00000, 0x0000000091f00000| Untracked 
| 288|0x0000000092000000, 0x0000000092000000, 0x0000000092100000|  0%| F|  |TAMS 0x0000000092000000, 0x0000000092000000| Untracked 
| 289|0x0000000092100000, 0x0000000092100000, 0x0000000092200000|  0%| F|  |TAMS 0x0000000092100000, 0x0000000092100000| Untracked 
| 290|0x0000000092200000, 0x0000000092200000, 0x0000000092300000|  0%| F|  |TAMS 0x0000000092200000, 0x0000000092200000| Untracked 
| 291|0x0000000092300000, 0x0000000092300000, 0x0000000092400000|  0%| F|  |TAMS 0x0000000092300000, 0x0000000092300000| Untracked 
| 292|0x0000000092400000, 0x0000000092400000, 0x0000000092500000|  0%| F|  |TAMS 0x0000000092400000, 0x0000000092400000| Untracked 
| 293|0x0000000092500000, 0x0000000092500000, 0x0000000092600000|  0%| F|  |TAMS 0x0000000092500000, 0x0000000092500000| Untracked 
| 294|0x0000000092600000, 0x0000000092600000, 0x0000000092700000|  0%| F|  |TAMS 0x0000000092600000, 0x0000000092600000| Untracked 
| 295|0x0000000092700000, 0x0000000092700000, 0x0000000092800000|  0%| F|  |TAMS 0x0000000092700000, 0x0000000092700000| Untracked 
| 296|0x0000000092800000, 0x0000000092800000, 0x0000000092900000|  0%| F|  |TAMS 0x0000000092800000, 0x0000000092800000| Untracked 
| 297|0x0000000092900000, 0x0000000092900000, 0x0000000092a00000|  0%| F|  |TAMS 0x0000000092900000, 0x0000000092900000| Untracked 
| 298|0x0000000092a00000, 0x0000000092a00000, 0x0000000092b00000|  0%| F|  |TAMS 0x0000000092a00000, 0x0000000092a00000| Untracked 
| 299|0x0000000092b00000, 0x0000000092b00000, 0x0000000092c00000|  0%| F|  |TAMS 0x0000000092b00000, 0x0000000092b00000| Untracked 
| 300|0x0000000092c00000, 0x0000000092c00000, 0x0000000092d00000|  0%| F|  |TAMS 0x0000000092c00000, 0x0000000092c00000| Untracked 
| 301|0x0000000092d00000, 0x0000000092d00000, 0x0000000092e00000|  0%| F|  |TAMS 0x0000000092d00000, 0x0000000092d00000| Untracked 
| 302|0x0000000092e00000, 0x0000000092e00000, 0x0000000092f00000|  0%| F|  |TAMS 0x0000000092e00000, 0x0000000092e00000| Untracked 
| 303|0x0000000092f00000, 0x0000000092f00000, 0x0000000093000000|  0%| F|  |TAMS 0x0000000092f00000, 0x0000000092f00000| Untracked 
| 304|0x0000000093000000, 0x0000000093000000, 0x0000000093100000|  0%| F|  |TAMS 0x0000000093000000, 0x0000000093000000| Untracked 
| 305|0x0000000093100000, 0x0000000093100000, 0x0000000093200000|  0%| F|  |TAMS 0x0000000093100000, 0x0000000093100000| Untracked 
| 306|0x0000000093200000, 0x0000000093200000, 0x0000000093300000|  0%| F|  |TAMS 0x0000000093200000, 0x0000000093200000| Untracked 
| 307|0x0000000093300000, 0x0000000093300000, 0x0000000093400000|  0%| F|  |TAMS 0x0000000093300000, 0x0000000093300000| Untracked 
| 308|0x0000000093400000, 0x0000000093400000, 0x0000000093500000|  0%| F|  |TAMS 0x0000000093400000, 0x0000000093400000| Untracked 
| 309|0x0000000093500000, 0x0000000093500000, 0x0000000093600000|  0%| F|  |TAMS 0x0000000093500000, 0x0000000093500000| Untracked 
| 310|0x0000000093600000, 0x0000000093600000, 0x0000000093700000|  0%| F|  |TAMS 0x0000000093600000, 0x0000000093600000| Untracked 
|2042|0x00000000ffa00000, 0x00000000ffa00000, 0x00000000ffb00000|  0%| F|  |TAMS 0x00000000ffa00000, 0x00000000ffa00000| Untracked 
|2043|0x00000000ffb00000, 0x00000000ffc00000, 0x00000000ffc00000|100%| O|  |TAMS 0x00000000ffc00000, 0x00000000ffb00000| Untracked 
|2044|0x00000000ffc00000, 0x00000000ffc00000, 0x00000000ffd00000|  0%| F|  |TAMS 0x00000000ffc00000, 0x00000000ffc00000| Untracked 
|2045|0x00000000ffd00000, 0x00000000ffd00000, 0x00000000ffe00000|  0%| F|  |TAMS 0x00000000ffd00000, 0x00000000ffd00000| Untracked 
|2046|0x00000000ffe00000, 0x00000000ffe00000, 0x00000000fff00000|  0%| F|  |TAMS 0x00000000ffe00000, 0x00000000ffe00000| Untracked 
|2047|0x00000000fff00000, 0x00000000fff00000, 0x0000000100000000|  0%| F|  |TAMS 0x00000000fff00000, 0x00000000fff00000| Untracked 

Card table byte_map: [0x0000026b437e0000,0x0000026b43be0000] _byte_map_base: 0x0000026b433e0000

Marking Bits (Prev, Next): (CMBitMap*) 0x0000026b30f72610, (CMBitMap*) 0x0000026b30f725d0
 Prev Bits: [0x0000026b45fe0000, 0x0000026b47fe0000)
 Next Bits: [0x0000026b43fe0000, 0x0000026b45fe0000)

Polling page: 0x0000026b2ed20000

Metaspace:

Usage:
  Non-class:    115.85 MB used.
      Class:     17.63 MB used.
       Both:    133.49 MB used.

Virtual space:
  Non-class space:      120.00 MB reserved,     116.44 MB ( 97%) committed,  15 nodes.
      Class space:        1.00 GB reserved,      18.19 MB (  2%) committed,  1 nodes.
             Both:        1.12 GB reserved,     134.62 MB ( 12%) committed. 

Chunk freelists:
   Non-Class:  2.86 MB
       Class:  1.79 MB
        Both:  4.65 MB

MaxMetaspaceSize: unlimited
CompressedClassSpaceSize: 1.00 GB
Initial GC threshold: 21.00 MB
Current GC threshold: 223.69 MB
CDS: off
MetaspaceReclaimPolicy: balanced
 - commit_granule_bytes: 65536.
 - commit_granule_words: 8192.
 - virtual_space_node_default_size: 1048576.
 - enlarge_chunks_in_place: 1.
 - new_chunks_are_fully_committed: 0.
 - uncommit_free_chunks: 1.
 - use_allocation_guard: 0.
 - handle_deallocations: 1.


Internal statistics:

num_allocs_failed_limit: 6.
num_arena_births: 1886.
num_arena_deaths: 0.
num_vsnodes_births: 16.
num_vsnodes_deaths: 0.
num_space_committed: 2152.
num_space_uncommitted: 0.
num_chunks_returned_to_freelist: 6.
num_chunks_taken_from_freelist: 7160.
num_chunk_merges: 6.
num_chunk_splits: 4708.
num_chunks_enlarged: 3096.
num_purges: 0.
num_inconsistent_stats: 0.

CodeHeap 'non-profiled nmethods': size=120064Kb used=10405Kb max_used=10405Kb free=109658Kb
 bounds [0x0000026b3bea0000, 0x0000026b3c8d0000, 0x0000026b433e0000]
CodeHeap 'profiled nmethods': size=120000Kb used=34287Kb max_used=34287Kb free=85712Kb
 bounds [0x0000026b343e0000, 0x0000026b36560000, 0x0000026b3b910000]
CodeHeap 'non-nmethods': size=5696Kb used=2572Kb max_used=2632Kb free=3123Kb
 bounds [0x0000026b3b910000, 0x0000026b3bbb0000, 0x0000026b3bea0000]
 total_blobs=18669 nmethods=17522 adapters=1059
 compilation: enabled
              stopped_count=0, restarted_count=0
 full_count=0

Compilation events (20 events):
Event: 206.491 Thread 0x0000026b4ac4f870 21321       2       com.android.tools.r8.dex.B::c (73 bytes)
Event: 206.491 Thread 0x0000026b4ac4f870 nmethod 21321 0x0000026b36558190 code [0x0000026b36558380, 0x0000026b365588b8]
Event: 206.496 Thread 0x0000026b4ac4f870 21322       2       com.android.tools.r8.graph.S0::<init> (10 bytes)
Event: 206.496 Thread 0x0000026b4ac4f870 nmethod 21322 0x0000026b36558c10 code [0x0000026b36558da0, 0x0000026b36558ef8]
Event: 206.498 Thread 0x0000026b4ac4f870 21323       2       com.android.tools.r8.dex.B$$Lambda$1765/0x0000000101089eb8::get (8 bytes)
Event: 206.498 Thread 0x0000026b4ac4f870 nmethod 21323 0x0000026b36558f90 code [0x0000026b36559120, 0x0000026b36559248]
Event: 206.555 Thread 0x0000026b4ac4f870 21324       2       com.android.tools.r8.graph.y4::a (160 bytes)
Event: 206.556 Thread 0x0000026b4ac4f870 nmethod 21324 0x0000026b36559310 code [0x0000026b36559560, 0x0000026b36559cf8]
Event: 206.559 Thread 0x0000026b4ac4f870 21325       2       com.android.tools.r8.graph.w0$b$a::hashCode (16 bytes)
Event: 206.559 Thread 0x0000026b4ac4f870 nmethod 21325 0x0000026b3655a190 code [0x0000026b3655a320, 0x0000026b3655a468]
Event: 206.564 Thread 0x0000026b4ac4f870 21326       2       com.android.tools.r8.graph.B2$a::v0 (2 bytes)
Event: 206.564 Thread 0x0000026b4ac4f870 nmethod 21326 0x0000026b3655a590 code [0x0000026b3655a720, 0x0000026b3655a838]
Event: 206.650 Thread 0x0000026b4ac4f870 21329       2       com.android.tools.r8.graph.d0::d (73 bytes)
Event: 206.651 Thread 0x0000026b4ac4f870 nmethod 21329 0x0000026b3655a910 code [0x0000026b3655ab20, 0x0000026b3655afa8]
Event: 206.768 Thread 0x0000026b4ac4f870 21331       2       com.android.tools.r8.dex.B::g (53 bytes)
Event: 206.768 Thread 0x0000026b4ac4f870 nmethod 21331 0x0000026b3655b310 code [0x0000026b3655b4e0, 0x0000026b3655b918]
Event: 206.775 Thread 0x0000026b4ac4f870 21333       2       com.android.tools.r8.internal.MJ::<init> (41 bytes)
Event: 206.776 Thread 0x0000026b4ac4f870 nmethod 21333 0x0000026b3655bb10 code [0x0000026b3655bca0, 0x0000026b3655be38]
Event: 206.794 Thread 0x0000026b4ac43a60 nmethod 21265% 0x0000026b3c8bd090 code [0x0000026b3c8bd6a0, 0x0000026b3c8c3a00]
Event: 206.795 Thread 0x0000026b4ac43a60 21287       4       com.android.tools.r8.dex.B::a (836 bytes)

GC Heap History (20 events):
Event: 192.086 GC heap after
{Heap after GC invocations=72 (full 0):
 garbage-first heap   total 283648K, used 187392K [0x0000000080000000, 0x0000000100000000)
  region size 1024K, 8 young (8192K), 8 survivors (8192K)
 Metaspace       used 133754K, committed 134784K, reserved 1171456K
  class space    used 17808K, committed 18304K, reserved 1048576K
}
Event: 193.340 GC heap before
{Heap before GC invocations=72 (full 0):
 garbage-first heap   total 283648K, used 234496K [0x0000000080000000, 0x0000000100000000)
  region size 1024K, 54 young (55296K), 8 survivors (8192K)
 Metaspace       used 134524K, committed 135616K, reserved 1171456K
  class space    used 17857K, committed 18432K, reserved 1048576K
}
Event: 193.349 GC heap after
{Heap after GC invocations=73 (full 0):
 garbage-first heap   total 283648K, used 185344K [0x0000000080000000, 0x0000000100000000)
  region size 1024K, 1 young (1024K), 1 survivors (1024K)
 Metaspace       used 134524K, committed 135616K, reserved 1171456K
  class space    used 17857K, committed 18432K, reserved 1048576K
}
Event: 195.189 GC heap before
{Heap before GC invocations=73 (full 0):
 garbage-first heap   total 283648K, used 237568K [0x0000000080000000, 0x0000000100000000)
  region size 1024K, 51 young (52224K), 1 survivors (1024K)
 Metaspace       used 134768K, committed 135872K, reserved 1171456K
  class space    used 17866K, committed 18432K, reserved 1048576K
}
Event: 195.195 GC heap after
{Heap after GC invocations=74 (full 0):
 garbage-first heap   total 283648K, used 184759K [0x0000000080000000, 0x0000000100000000)
  region size 1024K, 1 young (1024K), 1 survivors (1024K)
 Metaspace       used 134768K, committed 135872K, reserved 1171456K
  class space    used 17866K, committed 18432K, reserved 1048576K
}
Event: 199.596 GC heap before
{Heap before GC invocations=74 (full 0):
 garbage-first heap   total 283648K, used 236983K [0x0000000080000000, 0x0000000100000000)
  region size 1024K, 53 young (54272K), 1 survivors (1024K)
 Metaspace       used 135923K, committed 136960K, reserved 1171456K
  class space    used 17995K, committed 18560K, reserved 1048576K
}
Event: 199.608 GC heap after
{Heap after GC invocations=75 (full 0):
 garbage-first heap   total 283648K, used 185595K [0x0000000080000000, 0x0000000100000000)
  region size 1024K, 2 young (2048K), 2 survivors (2048K)
 Metaspace       used 135923K, committed 136960K, reserved 1171456K
  class space    used 17995K, committed 18560K, reserved 1048576K
}
Event: 202.832 GC heap before
{Heap before GC invocations=75 (full 0):
 garbage-first heap   total 283648K, used 257275K [0x0000000080000000, 0x0000000100000000)
  region size 1024K, 51 young (52224K), 2 survivors (2048K)
 Metaspace       used 136200K, committed 137344K, reserved 1171456K
  class space    used 18032K, committed 18624K, reserved 1048576K
}
Event: 202.851 GC heap after
{Heap after GC invocations=76 (full 0):
 garbage-first heap   total 283648K, used 209691K [0x0000000080000000, 0x0000000100000000)
  region size 1024K, 7 young (7168K), 7 survivors (7168K)
 Metaspace       used 136200K, committed 137344K, reserved 1171456K
  class space    used 18032K, committed 18624K, reserved 1048576K
}
Event: 202.876 GC heap before
{Heap before GC invocations=76 (full 0):
 garbage-first heap   total 283648K, used 239387K [0x0000000080000000, 0x0000000100000000)
  region size 1024K, 19 young (19456K), 7 survivors (7168K)
 Metaspace       used 136204K, committed 137344K, reserved 1171456K
  class space    used 18032K, committed 18624K, reserved 1048576K
}
Event: 202.890 GC heap after
{Heap after GC invocations=77 (full 0):
 garbage-first heap   total 283648K, used 226600K [0x0000000080000000, 0x0000000100000000)
  region size 1024K, 5 young (5120K), 5 survivors (5120K)
 Metaspace       used 136204K, committed 137344K, reserved 1171456K
  class space    used 18032K, committed 18624K, reserved 1048576K
}
Event: 203.282 GC heap before
{Heap before GC invocations=77 (full 0):
 garbage-first heap   total 283648K, used 245032K [0x0000000080000000, 0x0000000100000000)
  region size 1024K, 21 young (21504K), 5 survivors (5120K)
 Metaspace       used 136275K, committed 137408K, reserved 1171456K
  class space    used 18032K, committed 18624K, reserved 1048576K
}
Event: 203.307 GC heap after
{Heap after GC invocations=78 (full 0):
 garbage-first heap   total 283648K, used 229959K [0x0000000080000000, 0x0000000100000000)
  region size 1024K, 3 young (3072K), 3 survivors (3072K)
 Metaspace       used 136275K, committed 137408K, reserved 1171456K
  class space    used 18032K, committed 18624K, reserved 1048576K
}
Event: 203.585 GC heap before
{Heap before GC invocations=78 (full 0):
 garbage-first heap   total 283648K, used 241223K [0x0000000080000000, 0x0000000100000000)
  region size 1024K, 15 young (15360K), 3 survivors (3072K)
 Metaspace       used 136276K, committed 137408K, reserved 1171456K
  class space    used 18032K, committed 18624K, reserved 1048576K
}
Event: 203.626 GC heap after
{Heap after GC invocations=79 (full 0):
 garbage-first heap   total 283648K, used 235520K [0x0000000080000000, 0x0000000100000000)
  region size 1024K, 2 young (2048K), 2 survivors (2048K)
 Metaspace       used 136276K, committed 137408K, reserved 1171456K
  class space    used 18032K, committed 18624K, reserved 1048576K
}
Event: 204.329 GC heap before
{Heap before GC invocations=80 (full 0):
 garbage-first heap   total 324608K, used 207872K [0x0000000080000000, 0x0000000100000000)
  region size 1024K, 15 young (15360K), 2 survivors (2048K)
 Metaspace       used 136276K, committed 137408K, reserved 1171456K
  class space    used 18032K, committed 18624K, reserved 1048576K
}
Event: 204.362 GC heap after
{Heap after GC invocations=81 (full 0):
 garbage-first heap   total 324608K, used 200704K [0x0000000080000000, 0x0000000100000000)
  region size 1024K, 2 young (2048K), 2 survivors (2048K)
 Metaspace       used 136276K, committed 137408K, reserved 1171456K
  class space    used 18032K, committed 18624K, reserved 1048576K
}
Event: 204.995 GC heap before
{Heap before GC invocations=81 (full 0):
 garbage-first heap   total 324608K, used 214016K [0x0000000080000000, 0x0000000100000000)
  region size 1024K, 15 young (15360K), 2 survivors (2048K)
 Metaspace       used 136276K, committed 137408K, reserved 1171456K
  class space    used 18032K, committed 18624K, reserved 1048576K
}
Event: 205.044 GC heap after
{Heap after GC invocations=82 (full 0):
 garbage-first heap   total 324608K, used 183283K [0x0000000080000000, 0x0000000100000000)
  region size 1024K, 2 young (2048K), 2 survivors (2048K)
 Metaspace       used 136276K, committed 137408K, reserved 1171456K
  class space    used 18032K, committed 18624K, reserved 1048576K
}
Event: 206.805 GC heap before
{Heap before GC invocations=82 (full 0):
 garbage-first heap   total 324608K, used 237555K [0x0000000080000000, 0x0000000100000000)
  region size 1024K, 56 young (57344K), 2 survivors (2048K)
 Metaspace       used 136688K, committed 137856K, reserved 1171456K
  class space    used 18056K, committed 18624K, reserved 1048576K
}

Dll operation events (2 events):
Event: 0.017 Loaded shared library C:\Program Files\Android\Android Studio\jbr\bin\java.dll
Event: 1.083 Loaded shared library C:\Program Files\Android\Android Studio\jbr\bin\verify.dll

Deoptimization events (20 events):
Event: 204.854 Thread 0x0000026b4d0b8420 DEOPT PACKING pc=0x0000026b364f34dd sp=0x000000e2932fdab0
Event: 204.854 Thread 0x0000026b4d0b8420 DEOPT UNPACKING pc=0x0000026b3b967143 sp=0x000000e2932fd110 mode 0
Event: 204.895 Thread 0x0000026b4d0b8420 DEOPT PACKING pc=0x0000026b364f34dd sp=0x000000e2932fdab0
Event: 204.895 Thread 0x0000026b4d0b8420 DEOPT UNPACKING pc=0x0000026b3b967143 sp=0x000000e2932fd110 mode 0
Event: 204.897 Thread 0x0000026b4d0b8420 DEOPT PACKING pc=0x0000026b364f34dd sp=0x000000e2932fdab0
Event: 204.897 Thread 0x0000026b4d0b8420 DEOPT UNPACKING pc=0x0000026b3b967143 sp=0x000000e2932fd110 mode 0
Event: 204.900 Thread 0x0000026b4d0b8420 DEOPT PACKING pc=0x0000026b364f34dd sp=0x000000e2932fdab0
Event: 204.900 Thread 0x0000026b4d0b8420 DEOPT UNPACKING pc=0x0000026b3b967143 sp=0x000000e2932fd110 mode 0
Event: 204.902 Thread 0x0000026b4d0b8420 DEOPT PACKING pc=0x0000026b364f34dd sp=0x000000e2932fdab0
Event: 204.902 Thread 0x0000026b4d0b8420 DEOPT UNPACKING pc=0x0000026b3b967143 sp=0x000000e2932fd110 mode 0
Event: 205.471 Thread 0x0000026b4d0b7a80 DEOPT PACKING pc=0x0000026b34e10571 sp=0x000000e2933fecd0
Event: 205.471 Thread 0x0000026b4d0b7a80 DEOPT UNPACKING pc=0x0000026b3b967143 sp=0x000000e2933fe1e8 mode 0
Event: 205.701 Thread 0x0000026b4d0b7a80 Uncommon trap: trap_request=0xffffff45 fr.pc=0x0000026b3c8ac228 relative=0x0000000000005a08
Event: 205.701 Thread 0x0000026b4d0b7a80 Uncommon trap: reason=unstable_if action=reinterpret pc=0x0000026b3c8ac228 method=com.android.tools.r8.dex.code.O.a(IILcom/android/tools/r8/dex/code/a;Lcom/android/tools/r8/graph/f5;)Lcom/android/tools/r8/dex/code/B1; @ 505 c2
Event: 205.701 Thread 0x0000026b4d0b7a80 DEOPT PACKING pc=0x0000026b3c8ac228 sp=0x000000e2933fecf0
Event: 205.701 Thread 0x0000026b4d0b7a80 DEOPT UNPACKING pc=0x0000026b3b9669a3 sp=0x000000e2933fecb0 mode 2
Event: 206.793 Thread 0x0000026b4d0b7a80 DEOPT PACKING pc=0x0000026b36517b41 sp=0x000000e2933fee40
Event: 206.793 Thread 0x0000026b4d0b7a80 DEOPT UNPACKING pc=0x0000026b3b967143 sp=0x000000e2933fe3d0 mode 0
Event: 206.797 Thread 0x0000026b4d0b7a80 DEOPT PACKING pc=0x0000026b36517b41 sp=0x000000e2933fee40
Event: 206.797 Thread 0x0000026b4d0b7a80 DEOPT UNPACKING pc=0x0000026b3b967143 sp=0x000000e2933fe3d0 mode 0

Classes unloaded (0 events):
No events

Classes redefined (0 events):
No events

Internal exceptions (20 events):
Event: 199.870 Thread 0x0000026b4de64920 Exception <a 'sun/nio/fs/WindowsException'{0x00000000906f13c0}> (0x00000000906f13c0) 
thrown [s\src\hotspot\share\prims\jni.cpp, line 517]
Event: 199.870 Thread 0x0000026b4de64920 Exception <a 'sun/nio/fs/WindowsException'{0x00000000906f3688}> (0x00000000906f3688) 
thrown [s\src\hotspot\share\prims\jni.cpp, line 517]
Event: 199.870 Thread 0x0000026b4de64920 Exception <a 'sun/nio/fs/WindowsException'{0x00000000906f4788}> (0x00000000906f4788) 
thrown [s\src\hotspot\share\prims\jni.cpp, line 517]
Event: 199.870 Thread 0x0000026b4de64920 Exception <a 'sun/nio/fs/WindowsException'{0x00000000906f47f8}> (0x00000000906f47f8) 
thrown [s\src\hotspot\share\prims\jni.cpp, line 517]
Event: 199.870 Thread 0x0000026b4de64920 Exception <a 'sun/nio/fs/WindowsException'{0x00000000906f4af8}> (0x00000000906f4af8) 
thrown [s\src\hotspot\share\prims\jni.cpp, line 517]
Event: 199.870 Thread 0x0000026b4de64920 Exception <a 'sun/nio/fs/WindowsException'{0x00000000906f6dd8}> (0x00000000906f6dd8) 
thrown [s\src\hotspot\share\prims\jni.cpp, line 517]
Event: 200.068 Thread 0x0000026b4de65c60 Exception <a 'java/lang/NoSuchMethodError'{0x00000000905fc810}: static Lcom/android/ide/common/resources/MergedAssetWriter$AssetWorkAction;.<clinit>()V> (0x00000000905fc810) 
thrown [s\src\hotspot\share\prims\jni.cpp, line 1108]
Event: 200.397 Thread 0x0000026b4de65c60 Exception <a 'sun/nio/fs/WindowsException'{0x0000000090412890}> (0x0000000090412890) 
thrown [s\src\hotspot\share\prims\jni.cpp, line 517]
Event: 200.722 Thread 0x0000026b4de65c60 Exception <a 'java/lang/NoSuchMethodError'{0x000000008ff3c9b0}: static Lcom/android/ide/common/resources/AssetItem;.<clinit>()V> (0x000000008ff3c9b0) 
thrown [s\src\hotspot\share\prims\jni.cpp, line 1108]
Event: 200.789 Thread 0x0000026b4de65c60 Exception <a 'java/lang/NoSuchMethodError'{0x000000008ff4d9f8}: static Lcom/android/ide/common/resources/AssetFile;.<clinit>()V> (0x000000008ff4d9f8) 
thrown [s\src\hotspot\share\prims\jni.cpp, line 1108]
Event: 200.791 Thread 0x0000026b4d0b40c0 Exception <a 'sun/nio/fs/WindowsException'{0x0000000090574090}> (0x0000000090574090) 
thrown [s\src\hotspot\share\prims\jni.cpp, line 517]
Event: 200.792 Thread 0x0000026b4d0b40c0 Exception <a 'sun/nio/fs/WindowsException'{0x00000000905749c0}> (0x00000000905749c0) 
thrown [s\src\hotspot\share\prims\jni.cpp, line 517]
Event: 200.827 Thread 0x0000026b4d0b40c0 Exception <a 'sun/nio/fs/WindowsException'{0x00000000905750d0}> (0x00000000905750d0) 
thrown [s\src\hotspot\share\prims\jni.cpp, line 517]
Event: 200.828 Thread 0x0000026b4d0b40c0 Exception <a 'sun/nio/fs/WindowsException'{0x00000000905759e8}> (0x00000000905759e8) 
thrown [s\src\hotspot\share\prims\jni.cpp, line 517]
Event: 200.885 Thread 0x0000026b4d0b40c0 Exception <a 'sun/nio/fs/WindowsException'{0x00000000905acf00}> (0x00000000905acf00) 
thrown [s\src\hotspot\share\prims\jni.cpp, line 517]
Event: 200.885 Thread 0x0000026b4d0b40c0 Exception <a 'sun/nio/fs/WindowsException'{0x00000000905ad2d8}> (0x00000000905ad2d8) 
thrown [s\src\hotspot\share\prims\jni.cpp, line 517]
Event: 200.891 Thread 0x0000026b4d0b40c0 Exception <a 'sun/nio/fs/WindowsException'{0x000000008fe385f0}> (0x000000008fe385f0) 
thrown [s\src\hotspot\share\prims\jni.cpp, line 517]
Event: 200.891 Thread 0x0000026b4d0b40c0 Exception <a 'sun/nio/fs/WindowsException'{0x000000008fe38e20}> (0x000000008fe38e20) 
thrown [s\src\hotspot\share\prims\jni.cpp, line 517]
Event: 200.891 Thread 0x0000026b4d0b40c0 Exception <a 'sun/nio/fs/WindowsException'{0x000000008fe391e0}> (0x000000008fe391e0) 
thrown [s\src\hotspot\share\prims\jni.cpp, line 517]
Event: 202.809 Thread 0x0000026b4d0b8420 Exception <a 'sun/nio/fs/WindowsException'{0x000000008e0d6598}> (0x000000008e0d6598) 
thrown [s\src\hotspot\share\prims\jni.cpp, line 517]

VM Operations (20 events):
Event: 201.742 Executing VM operation: HandshakeAllThreads done
Event: 202.742 Executing VM operation: Cleanup
Event: 202.743 Executing VM operation: Cleanup done
Event: 202.832 Executing VM operation: G1TryInitiateConcMark
Event: 202.851 Executing VM operation: G1TryInitiateConcMark done
Event: 202.876 Executing VM operation: G1TryInitiateConcMark
Event: 202.891 Executing VM operation: G1TryInitiateConcMark done
Event: 203.282 Executing VM operation: G1CollectForAllocation
Event: 203.308 Executing VM operation: G1CollectForAllocation done
Event: 203.585 Executing VM operation: G1CollectForAllocation
Event: 203.664 Executing VM operation: G1CollectForAllocation done
Event: 203.930 Executing VM operation: G1Concurrent
Event: 203.956 Executing VM operation: G1Concurrent done
Event: 204.105 Executing VM operation: G1Concurrent
Event: 204.115 Executing VM operation: G1Concurrent done
Event: 204.329 Executing VM operation: G1CollectForAllocation
Event: 204.362 Executing VM operation: G1CollectForAllocation done
Event: 204.995 Executing VM operation: G1CollectForAllocation
Event: 205.044 Executing VM operation: G1CollectForAllocation done
Event: 206.802 Executing VM operation: G1CollectForAllocation

Events (20 events):
Event: 201.789 Thread 0x0000026b4ac5c570 flushing nmethod 0x0000026b362d6b10
Event: 201.789 Thread 0x0000026b4ac5c570 flushing nmethod 0x0000026b362d7790
Event: 201.789 Thread 0x0000026b4ac5c570 flushing nmethod 0x0000026b362d7e90
Event: 201.789 Thread 0x0000026b4ac5c570 flushing nmethod 0x0000026b362d8d10
Event: 201.789 Thread 0x0000026b4ac5c570 flushing nmethod 0x0000026b36344210
Event: 201.789 Thread 0x0000026b4ac5c570 flushing nmethod 0x0000026b3634db10
Event: 201.789 Thread 0x0000026b4ac5c570 flushing nmethod 0x0000026b3634e310
Event: 201.789 Thread 0x0000026b4ac5c570 flushing nmethod 0x0000026b3634ee90
Event: 201.789 Thread 0x0000026b4ac5c570 flushing nmethod 0x0000026b36353a90
Event: 201.789 Thread 0x0000026b4ac5c570 flushing nmethod 0x0000026b36353e10
Event: 201.789 Thread 0x0000026b4ac5c570 flushing nmethod 0x0000026b36355e10
Event: 201.789 Thread 0x0000026b4ac5c570 flushing nmethod 0x0000026b36360210
Event: 201.789 Thread 0x0000026b4ac5c570 flushing nmethod 0x0000026b36363590
Event: 201.789 Thread 0x0000026b4ac5c570 flushing nmethod 0x0000026b36364290
Event: 201.789 Thread 0x0000026b4ac5c570 flushing nmethod 0x0000026b36382510
Event: 205.091 loading class java/util/concurrent/ForkJoinPool$DefaultForkJoinWorkerThreadFactory$1
Event: 205.091 loading class java/util/concurrent/ForkJoinPool$DefaultForkJoinWorkerThreadFactory$1 done
Event: 205.091 Thread 0x0000026b4d0b8dc0 Thread added: 0x0000026b4d0b8dc0
Event: 205.130 Thread 0x0000026b4d0b7a80 Thread added: 0x0000026b4d0b7a80
Event: 206.340 Thread 0x0000026b4ba58820 Thread exited: 0x0000026b4ba58820


Dynamic libraries:
0x00007ff6feb80000 - 0x00007ff6feb8a000 	C:\Program Files\Android\Android Studio\jbr\bin\java.exe
0x00007ffcfa1b0000 - 0x00007ffcfa3a8000 	C:\Windows\SYSTEM32\ntdll.dll
0x00007ffcf9cd0000 - 0x00007ffcf9d92000 	C:\Windows\System32\KERNEL32.DLL
0x00007ffcf7c70000 - 0x00007ffcf7f66000 	C:\Windows\System32\KERNELBASE.dll
0x00007ffcf7ac0000 - 0x00007ffcf7bc0000 	C:\Windows\System32\ucrtbase.dll
0x00007ffce5b80000 - 0x00007ffce5b97000 	C:\Program Files\Android\Android Studio\jbr\bin\jli.dll
0x00007ffcf1460000 - 0x00007ffcf147b000 	C:\Program Files\Android\Android Studio\jbr\bin\VCRUNTIME140.dll
0x00007ffcf8b80000 - 0x00007ffcf8d1d000 	C:\Windows\System32\USER32.dll
0x00007ffcf7c40000 - 0x00007ffcf7c62000 	C:\Windows\System32\win32u.dll
0x00007ffcea990000 - 0x00007ffceac2a000 	C:\Windows\WinSxS\amd64_microsoft.windows.common-controls_6595b64144ccf1df_6.0.19041.4355_none_60b8b9eb71f62e16\COMCTL32.dll
0x00007ffcf9940000 - 0x00007ffcf99de000 	C:\Windows\System32\msvcrt.dll
0x00007ffcf9840000 - 0x00007ffcf986b000 	C:\Windows\System32\GDI32.dll
0x00007ffcf8000000 - 0x00007ffcf811a000 	C:\Windows\System32\gdi32full.dll
0x00007ffcf7840000 - 0x00007ffcf78dd000 	C:\Windows\System32\msvcp_win.dll
0x00007ffcf8b50000 - 0x00007ffcf8b7f000 	C:\Windows\System32\IMM32.DLL
0x00007ffcf1d60000 - 0x00007ffcf1d6c000 	C:\Program Files\Android\Android Studio\jbr\bin\vcruntime140_1.dll
0x00007ffccbc30000 - 0x00007ffccbcbd000 	C:\Program Files\Android\Android Studio\jbr\bin\msvcp140.dll
0x00007ffcbf080000 - 0x00007ffcbfcee000 	C:\Program Files\Android\Android Studio\jbr\bin\server\jvm.dll
0x00007ffcf9080000 - 0x00007ffcf912f000 	C:\Windows\System32\ADVAPI32.dll
0x00007ffcf8d20000 - 0x00007ffcf8dbf000 	C:\Windows\System32\sechost.dll
0x00007ffcf8e80000 - 0x00007ffcf8fa3000 	C:\Windows\System32\RPCRT4.dll
0x00007ffcf7bc0000 - 0x00007ffcf7be7000 	C:\Windows\System32\bcrypt.dll
0x00007ffcf19b0000 - 0x00007ffcf19b9000 	C:\Windows\SYSTEM32\WSOCK32.dll
0x00007ffceada0000 - 0x00007ffceadc7000 	C:\Windows\SYSTEM32\WINMM.dll
0x00007ffcf9da0000 - 0x00007ffcf9e0b000 	C:\Windows\System32\WS2_32.dll
0x00007ffceadd0000 - 0x00007ffceadda000 	C:\Windows\SYSTEM32\VERSION.dll
0x00007ffcf56c0000 - 0x00007ffcf56d2000 	C:\Windows\SYSTEM32\kernel.appcore.dll
0x00007ffcf1330000 - 0x00007ffcf133a000 	C:\Program Files\Android\Android Studio\jbr\bin\jimage.dll
0x00007ffceed60000 - 0x00007ffceef44000 	C:\Windows\SYSTEM32\DBGHELP.DLL
0x00007ffceece0000 - 0x00007ffceed14000 	C:\Windows\SYSTEM32\dbgcore.DLL
0x00007ffcf7f70000 - 0x00007ffcf7ff2000 	C:\Windows\System32\bcryptPrimitives.dll
0x00007ffce5d90000 - 0x00007ffce5db5000 	C:\Program Files\Android\Android Studio\jbr\bin\java.dll
0x00007ffcf0880000 - 0x00007ffcf0898000 	C:\Program Files\Android\Android Studio\jbr\bin\zip.dll
0x00007ffcf81d0000 - 0x00007ffcf893f000 	C:\Windows\System32\SHELL32.dll
0x00007ffcf58c0000 - 0x00007ffcf6063000 	C:\Windows\SYSTEM32\windows.storage.dll
0x00007ffcf9e10000 - 0x00007ffcfa165000 	C:\Windows\System32\combase.dll
0x00007ffcf71a0000 - 0x00007ffcf71cb000 	C:\Windows\SYSTEM32\Wldp.dll
0x00007ffcf9870000 - 0x00007ffcf993d000 	C:\Windows\System32\OLEAUT32.dll
0x00007ffcf8fd0000 - 0x00007ffcf907d000 	C:\Windows\System32\SHCORE.dll
0x00007ffcf8dc0000 - 0x00007ffcf8e15000 	C:\Windows\System32\shlwapi.dll
0x00007ffcf7770000 - 0x00007ffcf7795000 	C:\Windows\SYSTEM32\profapi.dll
0x00007ffce6800000 - 0x00007ffce6819000 	C:\Program Files\Android\Android Studio\jbr\bin\net.dll
0x00007ffceef70000 - 0x00007ffcef07a000 	C:\Windows\SYSTEM32\WINHTTP.dll
0x00007ffcf6f00000 - 0x00007ffcf6f6c000 	C:\Windows\system32\mswsock.dll
0x00007ffce5c90000 - 0x00007ffce5ca6000 	C:\Program Files\Android\Android Studio\jbr\bin\nio.dll
0x00007ffcf1000000 - 0x00007ffcf1010000 	C:\Program Files\Android\Android Studio\jbr\bin\verify.dll
0x00007ffcd3d00000 - 0x00007ffcd3d27000 	C:\Users\LENOVO\.gradle\native\68d5fa5c4cc2d200863cafc0d521ce42e7d3e7ee720ec0a83991735586a16f82\windows-amd64\native-platform.dll
0x00007ffccafa0000 - 0x00007ffccb0e4000 	C:\Users\LENOVO\.gradle\native\e376f236ea51e6404a007f0833ffe2c6e607c4080706a723a18a27aeea778392\windows-amd64\native-platform-file-events.dll
0x00007ffcf0f50000 - 0x00007ffcf0f59000 	C:\Program Files\Android\Android Studio\jbr\bin\management.dll
0x00007ffcf0e20000 - 0x00007ffcf0e2b000 	C:\Program Files\Android\Android Studio\jbr\bin\management_ext.dll
0x00007ffcf9c10000 - 0x00007ffcf9c18000 	C:\Windows\System32\PSAPI.DLL
0x00007ffcf7100000 - 0x00007ffcf7118000 	C:\Windows\SYSTEM32\CRYPTSP.dll
0x00007ffcf6820000 - 0x00007ffcf6858000 	C:\Windows\system32\rsaenh.dll
0x00007ffcf7730000 - 0x00007ffcf775e000 	C:\Windows\SYSTEM32\USERENV.dll
0x00007ffcf70f0000 - 0x00007ffcf70fc000 	C:\Windows\SYSTEM32\CRYPTBASE.dll
0x00007ffcf6be0000 - 0x00007ffcf6c1b000 	C:\Windows\SYSTEM32\IPHLPAPI.DLL
0x00007ffcf9c00000 - 0x00007ffcf9c08000 	C:\Windows\System32\NSI.dll
0x00007ffcef580000 - 0x00007ffcef597000 	C:\Windows\SYSTEM32\dhcpcsvc6.DLL
0x00007ffcef730000 - 0x00007ffcef74d000 	C:\Windows\SYSTEM32\dhcpcsvc.DLL
0x00007ffcf6c20000 - 0x00007ffcf6cea000 	C:\Windows\SYSTEM32\DNSAPI.dll
0x00007ffcf0c50000 - 0x00007ffcf0c57000 	C:\Windows\system32\wshunix.dll
0x00007ffcd77e0000 - 0x00007ffcd77f7000 	C:\Windows\system32\napinsp.dll
0x00007ffcd6f50000 - 0x00007ffcd6f6b000 	C:\Windows\system32\pnrpnsp.dll
0x00007ffcf1a90000 - 0x00007ffcf1aa5000 	C:\Windows\system32\wshbth.dll
0x00007ffcf05e0000 - 0x00007ffcf05fd000 	C:\Windows\system32\NLAapi.dll
0x00007ffcd6ba0000 - 0x00007ffcd6bb2000 	C:\Windows\System32\winrnr.dll
0x00007ffced520000 - 0x00007ffced52a000 	C:\Windows\System32\rasadhlp.dll
0x00007ffced6d0000 - 0x00007ffced750000 	C:\Windows\System32\fwpuclnt.dll
0x00007ffcf6a70000 - 0x00007ffcf6aa3000 	C:\Windows\SYSTEM32\ntmarta.dll
0x00007ffcf1440000 - 0x00007ffcf145e000 	C:\Users\LENOVO\AppData\Local\Temp\native-platform10908811229596192759dir\native-platform.dll
0x00007ffcf13f0000 - 0x00007ffcf13f7000 	C:\Program Files\Android\Android Studio\jbr\bin\rmi.dll
0x00007ffccb740000 - 0x00007ffccb8d8000 	C:\Program Files\Android\Android Studio\jbr\bin\awt.dll
0x00007ffcf54e0000 - 0x00007ffcf550f000 	C:\Windows\SYSTEM32\dwmapi.dll
0x00007ffcf4e60000 - 0x00007ffcf4ef4000 	C:\Windows\SYSTEM32\apphelp.dll
0x00007ffcf51d0000 - 0x00007ffcf526e000 	C:\Windows\system32\uxtheme.dll
0x000000006f3b0000 - 0x000000006f615000 	C:\Program Files (x86)\Common Files\Keyman\Keyman Engine\keyman64.dll
0x00007ffcf99e0000 - 0x00007ffcf9b0b000 	C:\Windows\System32\ole32.dll
0x00007ffcf95c0000 - 0x00007ffcf96d5000 	C:\Windows\System32\MSCTF.dll

dbghelp: loaded successfully - version: 4.0.5 - missing functions: none
symbol engine: initialized successfully - sym options: 0x614 - pdb path: .;C:\Program Files\Android\Android Studio\jbr\bin;C:\Windows\SYSTEM32;C:\Windows\WinSxS\amd64_microsoft.windows.common-controls_6595b64144ccf1df_6.0.19041.4355_none_60b8b9eb71f62e16;C:\Program Files\Android\Android Studio\jbr\bin\server;C:\Users\LENOVO\.gradle\native\68d5fa5c4cc2d200863cafc0d521ce42e7d3e7ee720ec0a83991735586a16f82\windows-amd64;C:\Users\LENOVO\.gradle\native\e376f236ea51e6404a007f0833ffe2c6e607c4080706a723a18a27aeea778392\windows-amd64;C:\Users\LENOVO\AppData\Local\Temp\native-platform10908811229596192759dir;C:\Program Files (x86)\Common Files\Keyman\Keyman Engine

VM Arguments:
jvm_args: --add-opens=java.base/java.util=ALL-UNNAMED --add-opens=java.base/java.lang=ALL-UNNAMED --add-opens=java.base/java.lang.invoke=ALL-UNNAMED --add-opens=java.prefs/java.util.prefs=ALL-UNNAMED --add-opens=java.base/java.nio.charset=ALL-UNNAMED --add-opens=java.base/java.net=ALL-UNNAMED --add-opens=java.base/java.util.concurrent.atomic=ALL-UNNAMED -Xmx2048m -Dfile.encoding=UTF-8 -Duser.country=ID -Duser.language=en -Duser.variant 
java_command: org.gradle.launcher.daemon.bootstrap.GradleDaemon 8.0
java_class_path (initial): C:\Users\LENOVO\.gradle\wrapper\dists\gradle-8.0-bin\ca5e32bp14vu59qr306oxotwh\gradle-8.0\lib\gradle-launcher-8.0.jar
Launcher Type: SUN_STANDARD

[Global flags]
     intx CICompilerCount                          = 2                                         {product} {ergonomic}
     uint ConcGCThreads                            = 1                                         {product} {ergonomic}
     uint G1ConcRefinementThreads                  = 2                                         {product} {ergonomic}
   size_t G1HeapRegionSize                         = 1048576                                   {product} {ergonomic}
    uintx GCDrainStackTargetSize                   = 64                                        {product} {ergonomic}
   size_t InitialHeapSize                          = 192937984                                 {product} {ergonomic}
   size_t MarkStackSize                            = 4194304                                   {product} {ergonomic}
   size_t MaxHeapSize                              = 2147483648                                {product} {command line}
   size_t MaxNewSize                               = 1287651328                                {product} {ergonomic}
   size_t MinHeapDeltaBytes                        = 1048576                                   {product} {ergonomic}
   size_t MinHeapSize                              = 8388608                                   {product} {ergonomic}
    uintx NonNMethodCodeHeapSize                   = 5826188                                {pd product} {ergonomic}
    uintx NonProfiledCodeHeapSize                  = 122916026                              {pd product} {ergonomic}
    uintx ProfiledCodeHeapSize                     = 122916026                              {pd product} {ergonomic}
    uintx ReservedCodeCacheSize                    = 251658240                              {pd product} {ergonomic}
     bool SegmentedCodeCache                       = true                                      {product} {ergonomic}
   size_t SoftMaxHeapSize                          = 2147483648                             {manageable} {ergonomic}
     bool UseCompressedClassPointers               = true                           {product lp64_product} {ergonomic}
     bool UseCompressedOops                        = true                           {product lp64_product} {ergonomic}
     bool UseG1GC                                  = true                                      {product} {ergonomic}
     bool UseLargePagesIndividualAllocation        = false                                  {pd product} {ergonomic}

Logging:
Log output configuration:
 #0: stdout all=warning uptime,level,tags
 #1: stderr all=off uptime,level,tags

Environment Variables:
JAVA_HOME=C:\Program Files\Java\jdk1.8.0_202
PATH=C:\Program Files\Java\jdk1.8.0_202\bin;C:\Program Files (x86)\Common Files\Oracle\Java\javapath;C:\Windows\system32;C:\Windows;C:\Windows\System32\Wbem;C:\Windows\System32\WindowsPowerShell\v1.0\;C:\Windows\System32\OpenSSH\;C:\Program Files (x86)\Rational\common;C:\Program Files\IBM\SPSS\Statistics\25\JRE\bin;C:\laragon\bin\php\php;C:\composer;C:\Program Files\Git\cmd;C:\Program Files\kotlinc\bin;C:\Users\LENOVO\AppData\Local\Programs\Python\Python311\Scripts\;C:\Users\LENOVO\AppData\Local\Programs\Python\Python311\;C:\Users\LENOVO\AppData\Local\Microsoft\WindowsApps;C:\Users\LENOVO\AppData\Local\Programs\Microsoft VS Code\bin;C:\Program Files\JetBrains\IntelliJ IDEA 2023.2\bin;C:\Program Files\kotlinc;;C:\Users\LENOVO\AppData\Local\JetBrains\IntelliJ IDEA Community Edition 2023.2.1\bin;;C:\Users\LENOVO\AppData\Roaming\Composer\vendor\bin;C:\Program Files\kotlinc;
USERNAME=DZAKY
OS=Windows_NT
PROCESSOR_IDENTIFIER=AMD64 Family 21 Model 112 Stepping 0, AuthenticAMD
TMP=C:\Users\LENOVO\AppData\Local\Temp
TEMP=C:\Users\LENOVO\AppData\Local\Temp


JNI global refs:
JNI global refs: 93, weak refs: 21

JNI global refs memory usage: 1475, weak refs: 841


---------------  S Y S T E M  ---------------

OS:
 Windows 10 , 64 bit Build 19041 (10.0.19041.5678)
OS uptime: 8 days 16:42 hours

CPU: total 2 (initial active 2) (2 cores per cpu, 1 threads per core) family 21 model 112 stepping 0 microcode 0x0, cx8, cmov, fxsr, mmx, 3dnowpref, sse, sse2, sse3, ssse3, sse4a, sse4.1, sse4.2, popcnt, lzcnt, tsc, tscinvbit, avx, avx2, aes, clmul, bmi1, bmi2, fma, vzeroupper, clflush

Memory: 4k page, system-wide physical 11680M (2296M free)
TotalPageFile size 11680M (AvailPageFile size 17M)
current process WorkingSet (physical memory assigned to process): 660M, peak: 667M
current process commit charge ("private bytes"): 680M, peak: 1021M

vm_info: OpenJDK 64-Bit Server VM (17.0.6+0-b2043.56-10027231) for windows-amd64 JRE (17.0.6+0-b2043.56-10027231), built on Apr 28 2023 00:43:19 by "androidbuild" with MS VC++ 16.10 / 16.11 (VS2019)

END.
