#
# There is insufficient memory for the Java Runtime Environment to continue.
# Native memory allocation (mmap) failed to map 629145600 bytes for G1 virtual space
# Possible reasons:
#   The system is out of physical RAM or swap space
#   The process is running with CompressedOops enabled, and the Java Heap may be blocking the growth of the native heap
# Possible solutions:
#   Reduce memory load on the system
#   Increase physical memory or swap space
#   Check if swap backing store is full
#   Decrease Java heap size (-Xmx/-Xms)
#   Decrease number of Java threads
#   Decrease Java thread stack sizes (-Xss)
#   Set larger code cache with -XX:ReservedCodeCacheSize=
#   JVM is running with Unscaled Compressed Oops mode in which the Java heap is
#     placed in the first 4GB address space. The Java Heap base address is the
#     maximum limit for the native heap growth. Please use -XX:HeapBaseMinAddress
#     to set the Java Heap base and to place the Java Heap above 4GB virtual address.
# This output file may be truncated or incomplete.
#
#  Out of Memory Error (os_windows.cpp:3769), pid=5912, tid=1036
#
# JRE version: OpenJDK Runtime Environment (17.0.6) (build 17.0.6+0-b2043.56-10027231)
# Java VM: OpenJDK 64-Bit Server VM (17.0.6+0-b2043.56-10027231, mixed mode, tiered, compressed oops, compressed class ptrs, g1 gc, windows-amd64)
# No core dump will be written. Minidumps are not enabled by default on client versions of Windows
#

---------------  S U M M A R Y ------------

Command Line: --add-opens=java.base/java.util=ALL-UNNAMED --add-opens=java.base/java.lang=ALL-UNNAMED --add-opens=java.base/java.lang.invoke=ALL-UNNAMED --add-opens=java.prefs/java.util.prefs=ALL-UNNAMED --add-opens=java.base/java.nio.charset=ALL-UNNAMED --add-opens=java.base/java.net=ALL-UNNAMED --add-opens=java.base/java.util.concurrent.atomic=ALL-UNNAMED -Xmx2048m -Dfile.encoding=UTF-8 -Duser.country=ID -Duser.language=en -Duser.variant org.gradle.launcher.daemon.bootstrap.GradleDaemon 8.0

Host: AMD A9-9420 RADEON R5, 5 COMPUTE CORES 2C+3G   , 2 cores, 11G,  Windows 10 , 64 bit Build 19041 (10.0.19041.5438)
Time: Fri Mar 14 14:25:48 2025 SE Asia Standard Time elapsed time: 20496.985947 seconds (0d 5h 41m 36s)

---------------  T H R E A D  ---------------

Current thread (0x000002121ae007e0):  VMThread "VM Thread" [stack: 0x000000f24c700000,0x000000f24c800000] [id=1036]

Stack: [0x000000f24c700000,0x000000f24c800000]
Native frames: (J=compiled Java code, j=interpreted, Vv=VM code, C=native code)
V  [jvm.dll+0x683c9a]
V  [jvm.dll+0x8427a4]
V  [jvm.dll+0x843f9e]
V  [jvm.dll+0x844603]
V  [jvm.dll+0x249b75]
V  [jvm.dll+0x680b69]
V  [jvm.dll+0x67505a]
V  [jvm.dll+0x309acb]
V  [jvm.dll+0x310f86]
V  [jvm.dll+0x3608ee]
V  [jvm.dll+0x360b1f]
V  [jvm.dll+0x2dfbf8]
V  [jvm.dll+0x2ddec4]
V  [jvm.dll+0x2dd4cc]
V  [jvm.dll+0x322261]
V  [jvm.dll+0x848ccb]
V  [jvm.dll+0x849a04]
V  [jvm.dll+0x849f1d]
V  [jvm.dll+0x84a2f4]
V  [jvm.dll+0x84a3c0]
V  [jvm.dll+0x7f274a]
V  [jvm.dll+0x682ad5]
C  [ucrtbase.dll+0x21bb2]
C  [KERNEL32.DLL+0x17374]
C  [ntdll.dll+0x4cc91]

VM_Operation (0x000000f250dfecf0): G1TryInitiateConcMark, mode: safepoint, requested by thread 0x000002121d2b3230


---------------  P R O C E S S  ---------------

Threads class SMR info:
_java_thread_list=0x0000021225281ca0, length=73, elements={
0x000002127ff31b90, 0x000002121b813620, 0x000002121b8143a0, 0x000002121ae194e0,
0x000002121ae1cf20, 0x000002121ae1d7e0, 0x000002121ae1e0a0, 0x000002121b831a30,
0x000002121b89ce20, 0x000002121b89fae0, 0x000002121b9c2340, 0x000002121b9c6820,
0x000002121ce938a0, 0x000002121c4822e0, 0x000002121c8d7290, 0x000002121d068d20,
0x000002121d069b90, 0x000002121d0691f0, 0x000002121d2b2d60, 0x000002121d2b0210,
0x000002121d2aeed0, 0x000002121d2b1080, 0x000002121d2aea00, 0x000002121d2af870,
0x000002121d2b1ef0, 0x000002121fc5bfe0, 0x000002121fc5f000, 0x000002121fc5bb10,
0x000002121fc5f4d0, 0x000002121fc5f9a0, 0x00000212235c6da0, 0x00000212235c85b0,
0x00000212235c8f50, 0x00000212235ca760, 0x00000212235cac30, 0x00000212235cb5d0,
0x00000212235cbaa0, 0x000002121d2f1d40, 0x000002121d2ed040, 0x000002121d2f0060,
0x000002121d2f2210, 0x000002121d2f26e0, 0x000002121d2f2bb0, 0x000002121d2ed510,
0x000002121d2f3080, 0x000002121d2f3550, 0x000002121d2f3ef0, 0x000002121d2ef1f0,
0x000002121d2ed9e0, 0x000002121d2f0ed0, 0x000002121d2ee380, 0x000002121d2efb90,
0x000002121d2eed20, 0x000002121d2f0530, 0x000002121d2f0a00, 0x000002121d2f13a0,
0x000002121d2f1870, 0x00000212282949d0, 0x0000021228293b60, 0x00000212282901a0,
0x0000021228290670, 0x0000021228295d10, 0x0000021228290b40, 0x0000021228292820,
0x0000021228291e80, 0x00000212282931c0, 0x000002121fc5ce50, 0x000002121fc5d320,
0x000002121fc5e190, 0x000002121fc60810, 0x000002121fc5d7f0, 0x000002121fc58fc0,
0x000002121d2b3230
}

Java Threads: ( => current thread )
  0x000002127ff31b90 JavaThread "main" [_thread_blocked, id=11500, stack(0x000000f24c100000,0x000000f24c200000)]
  0x000002121b813620 JavaThread "Reference Handler" daemon [_thread_blocked, id=9552, stack(0x000000f24c800000,0x000000f24c900000)]
  0x000002121b8143a0 JavaThread "Finalizer" daemon [_thread_blocked, id=4728, stack(0x000000f24c900000,0x000000f24ca00000)]
  0x000002121ae194e0 JavaThread "Signal Dispatcher" daemon [_thread_blocked, id=8568, stack(0x000000f24ca00000,0x000000f24cb00000)]
  0x000002121ae1cf20 JavaThread "Attach Listener" daemon [_thread_blocked, id=7408, stack(0x000000f24cb00000,0x000000f24cc00000)]
  0x000002121ae1d7e0 JavaThread "Service Thread" daemon [_thread_blocked, id=2008, stack(0x000000f24cc00000,0x000000f24cd00000)]
  0x000002121ae1e0a0 JavaThread "Monitor Deflation Thread" daemon [_thread_blocked, id=4640, stack(0x000000f24cd00000,0x000000f24ce00000)]
  0x000002121b831a30 JavaThread "C2 CompilerThread0" daemon [_thread_in_native, id=9676, stack(0x000000f24ce00000,0x000000f24cf00000)]
  0x000002121b89ce20 JavaThread "C1 CompilerThread0" daemon [_thread_blocked, id=7000, stack(0x000000f24cf00000,0x000000f24d000000)]
  0x000002121b89fae0 JavaThread "Sweeper thread" daemon [_thread_blocked, id=10604, stack(0x000000f24d000000,0x000000f24d100000)]
  0x000002121b9c2340 JavaThread "Common-Cleaner" daemon [_thread_blocked, id=5068, stack(0x000000f24d100000,0x000000f24d200000)]
  0x000002121b9c6820 JavaThread "Notification Thread" daemon [_thread_blocked, id=3672, stack(0x000000f24d200000,0x000000f24d300000)]
  0x000002121ce938a0 JavaThread "Daemon health stats" [_thread_blocked, id=4320, stack(0x000000f24d500000,0x000000f24d600000)]
  0x000002121c4822e0 JavaThread "Incoming local TCP Connector on port 51470" [_thread_in_native, id=4040, stack(0x000000f24d600000,0x000000f24d700000)]
  0x000002121c8d7290 JavaThread "Daemon periodic checks" [_thread_blocked, id=4208, stack(0x000000f24d700000,0x000000f24d800000)]
  0x000002121d068d20 JavaThread "Cache worker for journal cache (C:\Users\LENOVO\.gradle\caches\journal-1)" [_thread_blocked, id=492, stack(0x000000f24df00000,0x000000f24e000000)]
  0x000002121d069b90 JavaThread "File lock request listener" [_thread_in_native, id=12264, stack(0x000000f24e000000,0x000000f24e100000)]
  0x000002121d0691f0 JavaThread "Cache worker for file hash cache (C:\Users\LENOVO\.gradle\caches\8.0\fileHashes)" [_thread_blocked, id=9116, stack(0x000000f24e100000,0x000000f24e200000)]
  0x000002121d2b2d60 JavaThread "File watcher server" daemon [_thread_blocked, id=11744, stack(0x000000f24e200000,0x000000f24e300000)]
  0x000002121d2b0210 JavaThread "File watcher consumer" daemon [_thread_blocked, id=1744, stack(0x000000f24e300000,0x000000f24e400000)]
  0x000002121d2aeed0 JavaThread "Cache worker for file content cache (C:\Users\LENOVO\.gradle\caches\8.0\fileContent)" [_thread_blocked, id=1592, stack(0x000000f24e600000,0x000000f24e700000)]
  0x000002121d2b1080 JavaThread "Cache worker for execution history cache (C:\Users\LENOVO\.gradle\caches\8.0\executionHistory)" [_thread_blocked, id=2064, stack(0x000000f24e900000,0x000000f24ea00000)]
  0x000002121d2aea00 JavaThread "jar transforms" [_thread_blocked, id=9184, stack(0x000000f24ea00000,0x000000f24eb00000)]
  0x000002121d2af870 JavaThread "jar transforms Thread 2" [_thread_blocked, id=11456, stack(0x000000f24eb00000,0x000000f24ec00000)]
  0x000002121d2b1ef0 JavaThread "Cache worker for kotlin-dsl (C:\Users\LENOVO\.gradle\caches\8.0\kotlin-dsl)" [_thread_blocked, id=8640, stack(0x000000f24ed00000,0x000000f24ee00000)]
  0x000002121fc5bfe0 JavaThread "Memory manager" [_thread_blocked, id=7728, stack(0x000000f250500000,0x000000f250600000)]
  0x000002121fc5f000 JavaThread "RMI Scheduler(0)" daemon [_thread_blocked, id=740, stack(0x000000f250c00000,0x000000f250d00000)]
  0x000002121fc5bb10 JavaThread "RMI GC Daemon" daemon [_thread_blocked, id=9920, stack(0x000000f250e00000,0x000000f250f00000)]
  0x000002121fc5f4d0 JavaThread "RMI TCP Accept-0" daemon [_thread_in_native, id=1640, stack(0x000000f250f00000,0x000000f251000000)]
  0x000002121fc5f9a0 JavaThread "RMI Reaper" [_thread_blocked, id=9312, stack(0x000000f251000000,0x000000f251100000)]
  0x00000212235c6da0 JavaThread "Daemon Thread 23" [_thread_blocked, id=2740, stack(0x000000f24bf00000,0x000000f24c000000)]
  0x00000212235c85b0 JavaThread "Handler for socket connection from /127.0.0.1:51470 to /127.0.0.1:52945" [_thread_in_native, id=1768, stack(0x000000f24c000000,0x000000f24c100000)]
  0x00000212235c8f50 JavaThread "Cancel handler" [_thread_blocked, id=7640, stack(0x000000f24d800000,0x000000f24d900000)]
  0x00000212235ca760 JavaThread "Daemon worker Thread 23" [_thread_blocked, id=708, stack(0x000000f24d900000,0x000000f24da00000)]
  0x00000212235cac30 JavaThread "Asynchronous log dispatcher for DefaultDaemonConnection: socket connection from /127.0.0.1:51470 to /127.0.0.1:52945" [_thread_blocked, id=1308, stack(0x000000f24da00000,0x000000f24db00000)]
  0x00000212235cb5d0 JavaThread "Stdin handler" [_thread_blocked, id=9500, stack(0x000000f24db00000,0x000000f24dc00000)]
  0x00000212235cbaa0 JavaThread "Daemon client event forwarder" [_thread_blocked, id=7588, stack(0x000000f24dc00000,0x000000f24dd00000)]
  0x000002121d2f1d40 JavaThread "Cache worker for checksums cache (G:\Skripsi\WidyaAksara\.gradle\8.0\checksums)" [_thread_blocked, id=9928, stack(0x000000f24dd00000,0x000000f24de00000)]
  0x000002121d2ed040 JavaThread "Cache worker for cache directory md-rule (C:\Users\LENOVO\.gradle\caches\8.0\md-rule)" [_thread_blocked, id=6968, stack(0x000000f24de00000,0x000000f24df00000)]
  0x000002121d2f0060 JavaThread "Cache worker for file hash cache (G:\Skripsi\WidyaAksara\.gradle\8.0\fileHashes)" [_thread_blocked, id=5032, stack(0x000000f24e400000,0x000000f24e500000)]
  0x000002121d2f2210 JavaThread "Cache worker for cache directory md-supplier (C:\Users\LENOVO\.gradle\caches\8.0\md-supplier)" [_thread_blocked, id=7508, stack(0x000000f24e500000,0x000000f24e600000)]
  0x000002121d2f26e0 JavaThread "Cache worker for dependencies-accessors (G:\Skripsi\WidyaAksara\.gradle\8.0\dependencies-accessors)" [_thread_blocked, id=11324, stack(0x000000f24e700000,0x000000f24e800000)]
  0x000002121d2f2bb0 JavaThread "Cache worker for Build Output Cleanup Cache (G:\Skripsi\WidyaAksara\.gradle\buildOutputCleanup)" [_thread_blocked, id=9568, stack(0x000000f24e800000,0x000000f24e900000)]
  0x000002121d2ed510 JavaThread "Unconstrained build operations" [_thread_blocked, id=3588, stack(0x000000f24ee00000,0x000000f24ef00000)]
  0x000002121d2f3080 JavaThread "Unconstrained build operations Thread 2" [_thread_blocked, id=6180, stack(0x000000f24ef00000,0x000000f24f000000)]
  0x000002121d2f3550 JavaThread "Unconstrained build operations Thread 3" [_thread_blocked, id=6008, stack(0x000000f24f000000,0x000000f24f100000)]
  0x000002121d2f3ef0 JavaThread "Unconstrained build operations Thread 4" [_thread_blocked, id=9948, stack(0x000000f24f100000,0x000000f24f200000)]
  0x000002121d2ef1f0 JavaThread "Unconstrained build operations Thread 5" [_thread_blocked, id=7172, stack(0x000000f24f200000,0x000000f24f300000)]
  0x000002121d2ed9e0 JavaThread "Unconstrained build operations Thread 6" [_thread_blocked, id=10408, stack(0x000000f24f300000,0x000000f24f400000)]
  0x000002121d2f0ed0 JavaThread "Unconstrained build operations Thread 7" [_thread_blocked, id=6564, stack(0x000000f24f400000,0x000000f24f500000)]
  0x000002121d2ee380 JavaThread "Unconstrained build operations Thread 8" [_thread_blocked, id=11420, stack(0x000000f24f500000,0x000000f24f600000)]
  0x000002121d2efb90 JavaThread "Unconstrained build operations Thread 9" [_thread_blocked, id=10340, stack(0x000000f24f600000,0x000000f24f700000)]
  0x000002121d2eed20 JavaThread "Unconstrained build operations Thread 10" [_thread_blocked, id=3404, stack(0x000000f24f700000,0x000000f24f800000)]
  0x000002121d2f0530 JavaThread "Unconstrained build operations Thread 11" [_thread_blocked, id=8784, stack(0x000000f24f800000,0x000000f24f900000)]
  0x000002121d2f0a00 JavaThread "Unconstrained build operations Thread 12" [_thread_blocked, id=7404, stack(0x000000f24f900000,0x000000f24fa00000)]
  0x000002121d2f13a0 JavaThread "Unconstrained build operations Thread 13" [_thread_blocked, id=4324, stack(0x000000f24fa00000,0x000000f24fb00000)]
  0x000002121d2f1870 JavaThread "Unconstrained build operations Thread 14" [_thread_blocked, id=11292, stack(0x000000f24fb00000,0x000000f24fc00000)]
  0x00000212282949d0 JavaThread "Unconstrained build operations Thread 15" [_thread_blocked, id=11200, stack(0x000000f24fc00000,0x000000f24fd00000)]
  0x0000021228293b60 JavaThread "Unconstrained build operations Thread 16" [_thread_blocked, id=9840, stack(0x000000f24fd00000,0x000000f24fe00000)]
  0x00000212282901a0 JavaThread "Unconstrained build operations Thread 17" [_thread_blocked, id=8456, stack(0x000000f24fe00000,0x000000f24ff00000)]
  0x0000021228290670 JavaThread "Unconstrained build operations Thread 18" [_thread_blocked, id=10168, stack(0x000000f24ff00000,0x000000f250000000)]
  0x0000021228295d10 JavaThread "Unconstrained build operations Thread 19" [_thread_blocked, id=8800, stack(0x000000f250000000,0x000000f250100000)]
  0x0000021228290b40 JavaThread "Unconstrained build operations Thread 20" [_thread_blocked, id=3372, stack(0x000000f250100000,0x000000f250200000)]
  0x0000021228292820 JavaThread "build event listener" [_thread_blocked, id=9756, stack(0x000000f250200000,0x000000f250300000)]
  0x0000021228291e80 JavaThread "included builds" [_thread_blocked, id=10588, stack(0x000000f250300000,0x000000f250400000)]
  0x00000212282931c0 JavaThread "Execution worker" [_thread_blocked, id=9732, stack(0x000000f250400000,0x000000f250500000)]
  0x000002121fc5ce50 JavaThread "Cache worker for execution history cache (G:\Skripsi\WidyaAksara\.gradle\8.0\executionHistory)" [_thread_blocked, id=4828, stack(0x000000f250600000,0x000000f250700000)]
  0x000002121fc5d320 JavaThread "WorkerExecutor Queue" [_thread_blocked, id=2240, stack(0x000000f250700000,0x000000f250800000)]
  0x000002121fc5e190 JavaThread "RMI TCP Connection(123)-127.0.0.1" daemon [_thread_in_native, id=11532, stack(0x000000f250900000,0x000000f250a00000)]
  0x000002121fc60810 JavaThread "RMI TCP Connection(124)-127.0.0.1" daemon [_thread_in_native, id=8276, stack(0x000000f250a00000,0x000000f250b00000)]
  0x000002121fc5d7f0 JavaThread "WorkerExecutor Queue Thread 2" [_thread_blocked, id=4664, stack(0x000000f250800000,0x000000f250900000)]
  0x000002121fc58fc0 JavaThread "WorkerExecutor Queue Thread 3" [_thread_blocked, id=11996, stack(0x000000f250b00000,0x000000f250c00000)]
  0x000002121d2b3230 JavaThread "ForkJoinPool.commonPool-worker-16" daemon [_thread_blocked, id=832, stack(0x000000f250d00000,0x000000f250e00000)]

Other Threads:
=>0x000002121ae007e0 VMThread "VM Thread" [stack: 0x000000f24c700000,0x000000f24c800000] [id=1036]
  0x000002121b9c0010 WatcherThread [stack: 0x000000f24d300000,0x000000f24d400000] [id=8696]
  0x000002127ff8da20 GCTaskThread "GC Thread#0" [stack: 0x000000f24c200000,0x000000f24c300000] [id=2544]
  0x000002121ba78190 GCTaskThread "GC Thread#1" [stack: 0x000000f24d400000,0x000000f24d500000] [id=7952]
  0x000002127ff9e870 ConcurrentGCThread "G1 Main Marker" [stack: 0x000000f24c300000,0x000000f24c400000] [id=9940]
  0x000002127ff9f190 ConcurrentGCThread "G1 Conc#0" [stack: 0x000000f24c400000,0x000000f24c500000] [id=3628]
  0x000002127fffe9a0 ConcurrentGCThread "G1 Refine#0" [stack: 0x000000f24c500000,0x000000f24c600000] [id=1160]
  0x000002121c5e2c30 ConcurrentGCThread "G1 Refine#1" [stack: 0x000000f24ec00000,0x000000f24ed00000] [id=10264]
  0x000002121ac464c0 ConcurrentGCThread "G1 Service" [stack: 0x000000f24c600000,0x000000f24c700000] [id=8032]

Threads with active compile tasks:
C2 CompilerThread0  20497038 30403       4       com.android.tools.r8.internal.Ha::a (6329 bytes)

VM state: at safepoint (normal execution)

VM Mutex/Monitor currently owned by a thread:  ([mutex/lock_event])
[0x000002127ff2dfc0] Threads_lock - owner thread: 0x000002121ae007e0
[0x000002127ff2df30] Heap_lock - owner thread: 0x000002121d2b3230

Heap address: 0x0000000080000000, size: 2048 MB, Compressed Oops mode: 32-bit

CDS archive(s) not mapped
Compressed class space mapped at: 0x0000000100000000-0x0000000140000000, reserved size: 1073741824
Narrow klass base: 0x0000000000000000, Narrow klass shift: 3, Narrow klass range: 0x140000000

GC Precious Log:
 CPUs: 2 total, 2 available
 Memory: 11680M
 Large Page Support: Disabled
 NUMA Support: Disabled
 Compressed Oops: Enabled (32-bit)
 Heap Region Size: 1M
 Heap Min Capacity: 8M
 Heap Initial Capacity: 184M
 Heap Max Capacity: 2G
 Pre-touch: Disabled
 Parallel Workers: 2
 Concurrent Workers: 1
 Concurrent Refinement Workers: 2
 Periodic GC: Disabled

Heap:
 garbage-first heap   total 307200K, used 120014K [0x0000000080000000, 0x0000000100000000)
  region size 1024K, 2 young (2048K), 2 survivors (2048K)
 Metaspace       used 132642K, committed 134720K, reserved 1171456K
  class space    used 17489K, committed 18496K, reserved 1048576K

Heap Regions: E=young(eden), S=young(survivor), O=old, HS=humongous(starts), HC=humongous(continues), CS=collection set, F=free, OA=open archive, CA=closed archive, TAMS=top-at-mark-start (previous, next)
|   0|0x0000000080000000, 0x0000000080100000, 0x0000000080100000|100%|HS|  |TAMS 0x0000000080100000, 0x0000000080100000| Complete 
|   1|0x0000000080100000, 0x0000000080200000, 0x0000000080200000|100%|HC|  |TAMS 0x0000000080200000, 0x0000000080200000| Complete 
|   2|0x0000000080200000, 0x0000000080300000, 0x0000000080300000|100%|HC|  |TAMS 0x0000000080300000, 0x0000000080300000| Complete 
|   3|0x0000000080300000, 0x0000000080400000, 0x0000000080400000|100%|HC|  |TAMS 0x0000000080400000, 0x0000000080400000| Complete 
|   4|0x0000000080400000, 0x00000000804fa5b0, 0x0000000080500000| 97%| O|  |TAMS 0x00000000804fa5b0, 0x00000000804fa5b0| Untracked 
|   5|0x0000000080500000, 0x00000000805fffd0, 0x0000000080600000| 99%| O|  |TAMS 0x00000000805fffd0, 0x00000000805fffd0| Untracked 
|   6|0x0000000080600000, 0x0000000080700000, 0x0000000080700000|100%| O|  |TAMS 0x0000000080700000, 0x0000000080700000| Untracked 
|   7|0x0000000080700000, 0x00000000807fffe8, 0x0000000080800000| 99%| O|  |TAMS 0x00000000807fffe8, 0x00000000807fffe8| Untracked 
|   8|0x0000000080800000, 0x00000000808ffff0, 0x0000000080900000| 99%| O|  |TAMS 0x00000000808ffff0, 0x00000000808ffff0| Untracked 
|   9|0x0000000080900000, 0x00000000809ffff0, 0x0000000080a00000| 99%| O|  |TAMS 0x00000000809ffff0, 0x00000000809ffff0| Untracked 
|  10|0x0000000080a00000, 0x0000000080b00000, 0x0000000080b00000|100%| O|  |TAMS 0x0000000080b00000, 0x0000000080b00000| Untracked 
|  11|0x0000000080b00000, 0x0000000080bfdf30, 0x0000000080c00000| 99%| O|  |TAMS 0x0000000080bfdf30, 0x0000000080bfdf30| Untracked 
|  12|0x0000000080c00000, 0x0000000080cffff0, 0x0000000080d00000| 99%| O|  |TAMS 0x0000000080cffff0, 0x0000000080cffff0| Untracked 
|  13|0x0000000080d00000, 0x0000000080e00000, 0x0000000080e00000|100%| O|  |TAMS 0x0000000080e00000, 0x0000000080e00000| Untracked 
|  14|0x0000000080e00000, 0x0000000080efc868, 0x0000000080f00000| 98%| O|  |TAMS 0x0000000080efc868, 0x0000000080efc868| Untracked 
|  15|0x0000000080f00000, 0x0000000080ffffe8, 0x0000000081000000| 99%| O|  |TAMS 0x0000000080ffffe8, 0x0000000080ffffe8| Untracked 
|  16|0x0000000081000000, 0x00000000810fffc8, 0x0000000081100000| 99%| O|  |TAMS 0x00000000810fffc8, 0x00000000810fffc8| Untracked 
|  17|0x0000000081100000, 0x00000000811ffff8, 0x0000000081200000| 99%| O|  |TAMS 0x00000000811ffff8, 0x00000000811ffff8| Untracked 
|  18|0x0000000081200000, 0x00000000812ffff0, 0x0000000081300000| 99%| O|  |TAMS 0x00000000812ffff0, 0x00000000812ffff0| Untracked 
|  19|0x0000000081300000, 0x00000000813fffe0, 0x0000000081400000| 99%| O|  |TAMS 0x00000000813fffe0, 0x00000000813fffe0| Untracked 
|  20|0x0000000081400000, 0x00000000814ffff0, 0x0000000081500000| 99%| O|  |TAMS 0x00000000814ffff0, 0x00000000814ffff0| Untracked 
|  21|0x0000000081500000, 0x0000000081600000, 0x0000000081600000|100%| O|  |TAMS 0x0000000081600000, 0x0000000081600000| Untracked 
|  22|0x0000000081600000, 0x00000000816ffff8, 0x0000000081700000| 99%| O|  |TAMS 0x00000000816ffff8, 0x00000000816ffff8| Untracked 
|  23|0x0000000081700000, 0x00000000817ffff8, 0x0000000081800000| 99%| O|  |TAMS 0x00000000817ffff8, 0x00000000817ffff8| Untracked 
|  24|0x0000000081800000, 0x00000000818fffd0, 0x0000000081900000| 99%| O|  |TAMS 0x00000000818fffd0, 0x00000000818fffd0| Untracked 
|  25|0x0000000081900000, 0x0000000081a00000, 0x0000000081a00000|100%| O|  |TAMS 0x0000000081a00000, 0x0000000081a00000| Untracked 
|  26|0x0000000081a00000, 0x0000000081affff8, 0x0000000081b00000| 99%| O|  |TAMS 0x0000000081affff8, 0x0000000081affff8| Untracked 
|  27|0x0000000081b00000, 0x0000000081c00000, 0x0000000081c00000|100%| O|  |TAMS 0x0000000081c00000, 0x0000000081c00000| Untracked 
|  28|0x0000000081c00000, 0x0000000081cffff8, 0x0000000081d00000| 99%| O|  |TAMS 0x0000000081cffff8, 0x0000000081cffff8| Untracked 
|  29|0x0000000081d00000, 0x0000000081dfffe8, 0x0000000081e00000| 99%| O|  |TAMS 0x0000000081dfffe8, 0x0000000081dfffe8| Untracked 
|  30|0x0000000081e00000, 0x0000000081efffd8, 0x0000000081f00000| 99%| O|  |TAMS 0x0000000081efffd8, 0x0000000081efffd8| Untracked 
|  31|0x0000000081f00000, 0x0000000081fffff0, 0x0000000082000000| 99%| O|  |TAMS 0x0000000081fffff0, 0x0000000081fffff0| Untracked 
|  32|0x0000000082000000, 0x00000000820fb3b8, 0x0000000082100000| 98%| O|  |TAMS 0x00000000820fb3b8, 0x00000000820fb3b8| Untracked 
|  33|0x0000000082100000, 0x00000000821f9028, 0x0000000082200000| 97%| O|  |TAMS 0x00000000821f9028, 0x00000000821f9028| Untracked 
|  34|0x0000000082200000, 0x00000000822ff830, 0x0000000082300000| 99%| O|  |TAMS 0x00000000822ff830, 0x00000000822ff830| Untracked 
|  35|0x0000000082300000, 0x00000000823fe4b0, 0x0000000082400000| 99%| O|  |TAMS 0x00000000823fe4b0, 0x00000000823fe4b0| Untracked 
|  36|0x0000000082400000, 0x0000000082500000, 0x0000000082500000|100%| O|  |TAMS 0x0000000082500000, 0x0000000082500000| Untracked 
|  37|0x0000000082500000, 0x0000000082600000, 0x0000000082600000|100%|HS|  |TAMS 0x0000000082600000, 0x0000000082600000| Complete 
|  38|0x0000000082600000, 0x0000000082700000, 0x0000000082700000|100%|HS|  |TAMS 0x0000000082700000, 0x0000000082700000| Complete 
|  39|0x0000000082700000, 0x0000000082800000, 0x0000000082800000|100%|HS|  |TAMS 0x0000000082800000, 0x0000000082800000| Complete 
|  40|0x0000000082800000, 0x0000000082900000, 0x0000000082900000|100%|HC|  |TAMS 0x0000000082900000, 0x0000000082900000| Complete 
|  41|0x0000000082900000, 0x0000000082a00000, 0x0000000082a00000|100%| O|  |TAMS 0x0000000082a00000, 0x0000000082a00000| Untracked 
|  42|0x0000000082a00000, 0x0000000082affff8, 0x0000000082b00000| 99%| O|  |TAMS 0x0000000082affff8, 0x0000000082affff8| Untracked 
|  43|0x0000000082b00000, 0x0000000082c00000, 0x0000000082c00000|100%|HS|  |TAMS 0x0000000082c00000, 0x0000000082c00000| Complete 
|  44|0x0000000082c00000, 0x0000000082d00000, 0x0000000082d00000|100%|HS|  |TAMS 0x0000000082d00000, 0x0000000082d00000| Complete 
|  45|0x0000000082d00000, 0x0000000082e00000, 0x0000000082e00000|100%|HC|  |TAMS 0x0000000082e00000, 0x0000000082e00000| Complete 
|  46|0x0000000082e00000, 0x0000000082f00000, 0x0000000082f00000|100%|HC|  |TAMS 0x0000000082f00000, 0x0000000082f00000| Complete 
|  47|0x0000000082f00000, 0x0000000083000000, 0x0000000083000000|100%|HC|  |TAMS 0x0000000083000000, 0x0000000083000000| Complete 
|  48|0x0000000083000000, 0x0000000083100000, 0x0000000083100000|100%| O|  |TAMS 0x0000000083100000, 0x0000000083100000| Untracked 
|  49|0x0000000083100000, 0x00000000831fffe0, 0x0000000083200000| 99%| O|  |TAMS 0x00000000831fffe0, 0x00000000831fffe0| Untracked 
|  50|0x0000000083200000, 0x0000000083300000, 0x0000000083300000|100%| O|  |TAMS 0x0000000083300000, 0x0000000083300000| Untracked 
|  51|0x0000000083300000, 0x0000000083400000, 0x0000000083400000|100%| O|  |TAMS 0x0000000083400000, 0x0000000083400000| Untracked 
|  52|0x0000000083400000, 0x00000000834fffc0, 0x0000000083500000| 99%| O|  |TAMS 0x00000000834fffc0, 0x00000000834fffc0| Untracked 
|  53|0x0000000083500000, 0x0000000083600000, 0x0000000083600000|100%| O|  |TAMS 0x0000000083600000, 0x0000000083600000| Untracked 
|  54|0x0000000083600000, 0x00000000836f88d8, 0x0000000083700000| 97%| O|  |TAMS 0x00000000836f88d8, 0x00000000836f88d8| Untracked 
|  55|0x0000000083700000, 0x00000000837ffff8, 0x0000000083800000| 99%| O|  |TAMS 0x00000000837ffff8, 0x00000000837ffff8| Untracked 
|  56|0x0000000083800000, 0x0000000083900000, 0x0000000083900000|100%| O|  |TAMS 0x0000000083900000, 0x0000000083900000| Untracked 
|  57|0x0000000083900000, 0x00000000839fff90, 0x0000000083a00000| 99%| O|  |TAMS 0x00000000839fff90, 0x00000000839fff90| Untracked 
|  58|0x0000000083a00000, 0x0000000083afffe8, 0x0000000083b00000| 99%| O|  |TAMS 0x0000000083afffe8, 0x0000000083afffe8| Untracked 
|  59|0x0000000083b00000, 0x0000000083bfffe8, 0x0000000083c00000| 99%| O|  |TAMS 0x0000000083bfffe8, 0x0000000083bfffe8| Untracked 
|  60|0x0000000083c00000, 0x0000000083cffff0, 0x0000000083d00000| 99%| O|  |TAMS 0x0000000083cffff0, 0x0000000083cffff0| Untracked 
|  61|0x0000000083d00000, 0x0000000083dffff0, 0x0000000083e00000| 99%| O|  |TAMS 0x0000000083dffff0, 0x0000000083dffff0| Untracked 
|  62|0x0000000083e00000, 0x0000000083efffe8, 0x0000000083f00000| 99%| O|  |TAMS 0x0000000083efffe8, 0x0000000083efffe8| Untracked 
|  63|0x0000000083f00000, 0x0000000084000000, 0x0000000084000000|100%| O|  |TAMS 0x0000000084000000, 0x0000000084000000| Untracked 
|  64|0x0000000084000000, 0x00000000840ffff8, 0x0000000084100000| 99%| O|  |TAMS 0x00000000840ffff8, 0x00000000840ffff8| Untracked 
|  65|0x0000000084100000, 0x00000000841fffd0, 0x0000000084200000| 99%| O|  |TAMS 0x00000000841fffd0, 0x00000000841fffd0| Untracked 
|  66|0x0000000084200000, 0x0000000084300000, 0x0000000084300000|100%| O|  |TAMS 0x0000000084300000, 0x0000000084300000| Untracked 
|  67|0x0000000084300000, 0x00000000843fffe8, 0x0000000084400000| 99%| O|  |TAMS 0x00000000843fffe8, 0x00000000843fffe8| Untracked 
|  68|0x0000000084400000, 0x00000000844fffb8, 0x0000000084500000| 99%| O|  |TAMS 0x00000000844fffb8, 0x00000000844fffb8| Untracked 
|  69|0x0000000084500000, 0x00000000845ffff8, 0x0000000084600000| 99%| O|  |TAMS 0x00000000845ffff8, 0x00000000845ffff8| Untracked 
|  70|0x0000000084600000, 0x0000000084700000, 0x0000000084700000|100%| O|  |TAMS 0x0000000084700000, 0x0000000084700000| Untracked 
|  71|0x0000000084700000, 0x00000000847ffff8, 0x0000000084800000| 99%| O|  |TAMS 0x00000000847ffff8, 0x00000000847ffff8| Untracked 
|  72|0x0000000084800000, 0x0000000084900000, 0x0000000084900000|100%| O|  |TAMS 0x0000000084900000, 0x0000000084900000| Untracked 
|  73|0x0000000084900000, 0x0000000084a00000, 0x0000000084a00000|100%| O|  |TAMS 0x0000000084a00000, 0x0000000084a00000| Untracked 
|  74|0x0000000084a00000, 0x0000000084affff0, 0x0000000084b00000| 99%| O|  |TAMS 0x0000000084affff0, 0x0000000084affff0| Untracked 
|  75|0x0000000084b00000, 0x0000000084bffff8, 0x0000000084c00000| 99%| O|  |TAMS 0x0000000084bffff8, 0x0000000084bffff8| Untracked 
|  76|0x0000000084c00000, 0x0000000084d00000, 0x0000000084d00000|100%| O|  |TAMS 0x0000000084d00000, 0x0000000084d00000| Untracked 
|  77|0x0000000084d00000, 0x0000000084dfffe0, 0x0000000084e00000| 99%| O|  |TAMS 0x0000000084dfffe0, 0x0000000084dfffe0| Untracked 
|  78|0x0000000084e00000, 0x0000000084f00000, 0x0000000084f00000|100%| O|  |TAMS 0x0000000084f00000, 0x0000000084f00000| Untracked 
|  79|0x0000000084f00000, 0x0000000085000000, 0x0000000085000000|100%| O|  |TAMS 0x0000000085000000, 0x0000000085000000| Untracked 
|  80|0x0000000085000000, 0x0000000085100000, 0x0000000085100000|100%| O|  |TAMS 0x0000000085100000, 0x0000000085100000| Untracked 
|  81|0x0000000085100000, 0x0000000085200000, 0x0000000085200000|100%| O|  |TAMS 0x0000000085200000, 0x0000000085200000| Untracked 
|  82|0x0000000085200000, 0x0000000085300000, 0x0000000085300000|100%| O|  |TAMS 0x0000000085200000, 0x0000000085300000| Untracked 
|  83|0x0000000085300000, 0x0000000085400000, 0x0000000085400000|100%| O|  |TAMS 0x0000000085400000, 0x0000000085400000| Untracked 
|  84|0x0000000085400000, 0x0000000085500000, 0x0000000085500000|100%| O|  |TAMS 0x0000000085400000, 0x0000000085500000| Untracked 
|  85|0x0000000085500000, 0x0000000085600000, 0x0000000085600000|100%| O|  |TAMS 0x0000000085600000, 0x0000000085600000| Untracked 
|  86|0x0000000085600000, 0x0000000085700000, 0x0000000085700000|100%| O|  |TAMS 0x0000000085600000, 0x0000000085700000| Untracked 
|  87|0x0000000085700000, 0x0000000085800000, 0x0000000085800000|100%| O|  |TAMS 0x0000000085800000, 0x0000000085800000| Untracked 
|  88|0x0000000085800000, 0x0000000085900000, 0x0000000085900000|100%| O|  |TAMS 0x0000000085900000, 0x0000000085900000| Untracked 
|  89|0x0000000085900000, 0x0000000085a00000, 0x0000000085a00000|100%| O|  |TAMS 0x0000000085a00000, 0x0000000085a00000| Untracked 
|  90|0x0000000085a00000, 0x0000000085b00000, 0x0000000085b00000|100%| O|  |TAMS 0x0000000085a00000, 0x0000000085b00000| Untracked 
|  91|0x0000000085b00000, 0x0000000085c00000, 0x0000000085c00000|100%| O|  |TAMS 0x0000000085c00000, 0x0000000085c00000| Untracked 
|  92|0x0000000085c00000, 0x0000000085d00000, 0x0000000085d00000|100%| O|  |TAMS 0x0000000085c00000, 0x0000000085d00000| Untracked 
|  93|0x0000000085d00000, 0x0000000085e00000, 0x0000000085e00000|100%| O|  |TAMS 0x0000000085d00000, 0x0000000085e00000| Untracked 
|  94|0x0000000085e00000, 0x0000000085f00000, 0x0000000085f00000|100%| O|  |TAMS 0x0000000085e00000, 0x0000000085f00000| Untracked 
|  95|0x0000000085f00000, 0x0000000086000000, 0x0000000086000000|100%| O|  |TAMS 0x0000000086000000, 0x0000000086000000| Untracked 
|  96|0x0000000086000000, 0x0000000086100000, 0x0000000086100000|100%| O|  |TAMS 0x0000000086100000, 0x0000000086100000| Untracked 
|  97|0x0000000086100000, 0x0000000086200000, 0x0000000086200000|100%| O|  |TAMS 0x0000000086100000, 0x0000000086200000| Untracked 
|  98|0x0000000086200000, 0x0000000086300000, 0x0000000086300000|100%| O|  |TAMS 0x0000000086200000, 0x0000000086300000| Untracked 
|  99|0x0000000086300000, 0x0000000086400000, 0x0000000086400000|100%| O|  |TAMS 0x0000000086300000, 0x0000000086400000| Untracked 
| 100|0x0000000086400000, 0x0000000086500000, 0x0000000086500000|100%| O|  |TAMS 0x0000000086500000, 0x0000000086500000| Untracked 
| 101|0x0000000086500000, 0x0000000086600000, 0x0000000086600000|100%| O|  |TAMS 0x0000000086600000, 0x0000000086600000| Untracked 
| 102|0x0000000086600000, 0x0000000086700000, 0x0000000086700000|100%| O|  |TAMS 0x0000000086700000, 0x0000000086700000| Untracked 
| 103|0x0000000086700000, 0x0000000086800000, 0x0000000086800000|100%| O|  |TAMS 0x0000000086800000, 0x0000000086800000| Untracked 
| 104|0x0000000086800000, 0x0000000086900000, 0x0000000086900000|100%| O|  |TAMS 0x0000000086900000, 0x0000000086900000| Untracked 
| 105|0x0000000086900000, 0x0000000086a00000, 0x0000000086a00000|100%| O|  |TAMS 0x0000000086a00000, 0x0000000086a00000| Untracked 
| 106|0x0000000086a00000, 0x0000000086a00000, 0x0000000086b00000|  0%| F|  |TAMS 0x0000000086a00000, 0x0000000086a00000| Untracked 
| 107|0x0000000086b00000, 0x0000000086c00000, 0x0000000086c00000|100%| O|  |TAMS 0x0000000086c00000, 0x0000000086c00000| Untracked 
| 108|0x0000000086c00000, 0x0000000086c17000, 0x0000000086d00000|  8%| O|  |TAMS 0x0000000086c00000, 0x0000000086c17000| Untracked 
| 109|0x0000000086d00000, 0x0000000086e00000, 0x0000000086e00000|100%| O|  |TAMS 0x0000000086e00000, 0x0000000086e00000| Untracked 
| 110|0x0000000086e00000, 0x0000000086f00000, 0x0000000086f00000|100%| O|  |TAMS 0x0000000086f00000, 0x0000000086f00000| Untracked 
| 111|0x0000000086f00000, 0x0000000087000000, 0x0000000087000000|100%| O|  |TAMS 0x0000000087000000, 0x0000000087000000| Untracked 
| 112|0x0000000087000000, 0x0000000087000000, 0x0000000087100000|  0%| F|  |TAMS 0x0000000087000000, 0x0000000087000000| Untracked 
| 113|0x0000000087100000, 0x0000000087200000, 0x0000000087200000|100%| O|  |TAMS 0x0000000087200000, 0x0000000087200000| Untracked 
| 114|0x0000000087200000, 0x0000000087300000, 0x0000000087300000|100%| O|  |TAMS 0x0000000087300000, 0x0000000087300000| Untracked 
| 115|0x0000000087300000, 0x0000000087300000, 0x0000000087400000|  0%| F|  |TAMS 0x0000000087300000, 0x0000000087300000| Untracked 
| 116|0x0000000087400000, 0x0000000087500000, 0x0000000087500000|100%| O|  |TAMS 0x0000000087500000, 0x0000000087500000| Untracked 
| 117|0x0000000087500000, 0x0000000087600000, 0x0000000087600000|100%| O|  |TAMS 0x00000000875be800, 0x0000000087600000| Untracked 
| 118|0x0000000087600000, 0x0000000087600000, 0x0000000087700000|  0%| F|  |TAMS 0x0000000087600000, 0x0000000087600000| Untracked 
| 119|0x0000000087700000, 0x0000000087700000, 0x0000000087800000|  0%| F|  |TAMS 0x0000000087700000, 0x0000000087700000| Untracked 
| 120|0x0000000087800000, 0x0000000087800000, 0x0000000087900000|  0%| F|  |TAMS 0x0000000087800000, 0x0000000087800000| Untracked 
| 121|0x0000000087900000, 0x0000000087900000, 0x0000000087a00000|  0%| F|  |TAMS 0x0000000087900000, 0x0000000087900000| Untracked 
| 122|0x0000000087a00000, 0x0000000087a00000, 0x0000000087b00000|  0%| F|  |TAMS 0x0000000087a00000, 0x0000000087a00000| Untracked 
| 123|0x0000000087b00000, 0x0000000087b00000, 0x0000000087c00000|  0%| F|  |TAMS 0x0000000087b00000, 0x0000000087b00000| Untracked 
| 124|0x0000000087c00000, 0x0000000087d00000, 0x0000000087d00000|100%| O|  |TAMS 0x0000000087d00000, 0x0000000087d00000| Untracked 
| 125|0x0000000087d00000, 0x0000000087e00000, 0x0000000087e00000|100%| O|  |TAMS 0x0000000087e00000, 0x0000000087e00000| Untracked 
| 126|0x0000000087e00000, 0x0000000087e00000, 0x0000000087f00000|  0%| F|  |TAMS 0x0000000087e00000, 0x0000000087e00000| Untracked 
| 127|0x0000000087f00000, 0x0000000087f00000, 0x0000000088000000|  0%| F|  |TAMS 0x0000000087f00000, 0x0000000087f00000| Untracked 
| 128|0x0000000088000000, 0x0000000088000000, 0x0000000088100000|  0%| F|  |TAMS 0x0000000088000000, 0x0000000088000000| Untracked 
| 129|0x0000000088100000, 0x0000000088100000, 0x0000000088200000|  0%| F|  |TAMS 0x0000000088100000, 0x0000000088100000| Untracked 
| 130|0x0000000088200000, 0x0000000088200000, 0x0000000088300000|  0%| F|  |TAMS 0x0000000088200000, 0x0000000088200000| Untracked 
| 131|0x0000000088300000, 0x0000000088300000, 0x0000000088400000|  0%| F|  |TAMS 0x0000000088300000, 0x0000000088300000| Untracked 
| 132|0x0000000088400000, 0x0000000088400000, 0x0000000088500000|  0%| F|  |TAMS 0x0000000088400000, 0x0000000088400000| Untracked 
| 133|0x0000000088500000, 0x0000000088500000, 0x0000000088600000|  0%| F|  |TAMS 0x0000000088500000, 0x0000000088500000| Untracked 
| 134|0x0000000088600000, 0x0000000088600000, 0x0000000088700000|  0%| F|  |TAMS 0x0000000088600000, 0x0000000088600000| Untracked 
| 135|0x0000000088700000, 0x0000000088700000, 0x0000000088800000|  0%| F|  |TAMS 0x0000000088700000, 0x0000000088700000| Untracked 
| 136|0x0000000088800000, 0x0000000088800000, 0x0000000088900000|  0%| F|  |TAMS 0x0000000088800000, 0x0000000088800000| Untracked 
| 137|0x0000000088900000, 0x0000000088900000, 0x0000000088a00000|  0%| F|  |TAMS 0x0000000088900000, 0x0000000088900000| Untracked 
| 138|0x0000000088a00000, 0x0000000088a00000, 0x0000000088b00000|  0%| F|  |TAMS 0x0000000088a00000, 0x0000000088a00000| Untracked 
| 139|0x0000000088b00000, 0x0000000088b00000, 0x0000000088c00000|  0%| F|  |TAMS 0x0000000088b00000, 0x0000000088b00000| Untracked 
| 140|0x0000000088c00000, 0x0000000088c00000, 0x0000000088d00000|  0%| F|  |TAMS 0x0000000088c00000, 0x0000000088c00000| Untracked 
| 141|0x0000000088d00000, 0x0000000088d00000, 0x0000000088e00000|  0%| F|  |TAMS 0x0000000088d00000, 0x0000000088d00000| Untracked 
| 142|0x0000000088e00000, 0x0000000088e00000, 0x0000000088f00000|  0%| F|  |TAMS 0x0000000088e00000, 0x0000000088e00000| Untracked 
| 143|0x0000000088f00000, 0x0000000088f00000, 0x0000000089000000|  0%| F|  |TAMS 0x0000000088f00000, 0x0000000088f00000| Untracked 
| 144|0x0000000089000000, 0x0000000089000000, 0x0000000089100000|  0%| F|  |TAMS 0x0000000089000000, 0x0000000089000000| Untracked 
| 145|0x0000000089100000, 0x0000000089100000, 0x0000000089200000|  0%| F|  |TAMS 0x0000000089100000, 0x0000000089100000| Untracked 
| 146|0x0000000089200000, 0x0000000089200000, 0x0000000089300000|  0%| F|  |TAMS 0x0000000089200000, 0x0000000089200000| Untracked 
| 147|0x0000000089300000, 0x0000000089300000, 0x0000000089400000|  0%| F|  |TAMS 0x0000000089300000, 0x0000000089300000| Untracked 
| 148|0x0000000089400000, 0x0000000089400000, 0x0000000089500000|  0%| F|  |TAMS 0x0000000089400000, 0x0000000089400000| Untracked 
| 149|0x0000000089500000, 0x0000000089500000, 0x0000000089600000|  0%| F|  |TAMS 0x0000000089500000, 0x0000000089500000| Untracked 
| 150|0x0000000089600000, 0x0000000089600000, 0x0000000089700000|  0%| F|  |TAMS 0x0000000089600000, 0x0000000089600000| Untracked 
| 151|0x0000000089700000, 0x0000000089700000, 0x0000000089800000|  0%| F|  |TAMS 0x0000000089700000, 0x0000000089700000| Untracked 
| 152|0x0000000089800000, 0x0000000089800000, 0x0000000089900000|  0%| F|  |TAMS 0x0000000089800000, 0x0000000089800000| Untracked 
| 153|0x0000000089900000, 0x0000000089900000, 0x0000000089a00000|  0%| F|  |TAMS 0x0000000089900000, 0x0000000089900000| Untracked 
| 154|0x0000000089a00000, 0x0000000089a00000, 0x0000000089b00000|  0%| F|  |TAMS 0x0000000089a00000, 0x0000000089a00000| Untracked 
| 155|0x0000000089b00000, 0x0000000089b00000, 0x0000000089c00000|  0%| F|  |TAMS 0x0000000089b00000, 0x0000000089b00000| Untracked 
| 156|0x0000000089c00000, 0x0000000089c00000, 0x0000000089d00000|  0%| F|  |TAMS 0x0000000089c00000, 0x0000000089c00000| Untracked 
| 157|0x0000000089d00000, 0x0000000089d00000, 0x0000000089e00000|  0%| F|  |TAMS 0x0000000089d00000, 0x0000000089d00000| Untracked 
| 158|0x0000000089e00000, 0x0000000089e00000, 0x0000000089f00000|  0%| F|  |TAMS 0x0000000089e00000, 0x0000000089e00000| Untracked 
| 159|0x0000000089f00000, 0x0000000089f00000, 0x000000008a000000|  0%| F|  |TAMS 0x0000000089f00000, 0x0000000089f00000| Untracked 
| 160|0x000000008a000000, 0x000000008a000000, 0x000000008a100000|  0%| F|  |TAMS 0x000000008a000000, 0x000000008a000000| Untracked 
| 161|0x000000008a100000, 0x000000008a100000, 0x000000008a200000|  0%| F|  |TAMS 0x000000008a100000, 0x000000008a100000| Untracked 
| 162|0x000000008a200000, 0x000000008a200000, 0x000000008a300000|  0%| F|  |TAMS 0x000000008a200000, 0x000000008a200000| Untracked 
| 163|0x000000008a300000, 0x000000008a300000, 0x000000008a400000|  0%| F|  |TAMS 0x000000008a300000, 0x000000008a300000| Untracked 
| 164|0x000000008a400000, 0x000000008a400000, 0x000000008a500000|  0%| F|  |TAMS 0x000000008a400000, 0x000000008a400000| Untracked 
| 165|0x000000008a500000, 0x000000008a500000, 0x000000008a600000|  0%| F|  |TAMS 0x000000008a500000, 0x000000008a500000| Untracked 
| 166|0x000000008a600000, 0x000000008a600000, 0x000000008a700000|  0%| F|  |TAMS 0x000000008a600000, 0x000000008a600000| Untracked 
| 167|0x000000008a700000, 0x000000008a700000, 0x000000008a800000|  0%| F|  |TAMS 0x000000008a700000, 0x000000008a700000| Untracked 
| 168|0x000000008a800000, 0x000000008a800000, 0x000000008a900000|  0%| F|  |TAMS 0x000000008a800000, 0x000000008a800000| Untracked 
| 169|0x000000008a900000, 0x000000008a900000, 0x000000008aa00000|  0%| F|  |TAMS 0x000000008a900000, 0x000000008a900000| Untracked 
| 170|0x000000008aa00000, 0x000000008aa00000, 0x000000008ab00000|  0%| F|  |TAMS 0x000000008aa00000, 0x000000008aa00000| Untracked 
| 171|0x000000008ab00000, 0x000000008ab00000, 0x000000008ac00000|  0%| F|  |TAMS 0x000000008ab00000, 0x000000008ab00000| Untracked 
| 172|0x000000008ac00000, 0x000000008ac00000, 0x000000008ad00000|  0%| F|  |TAMS 0x000000008ac00000, 0x000000008ac00000| Untracked 
| 173|0x000000008ad00000, 0x000000008ad00000, 0x000000008ae00000|  0%| F|  |TAMS 0x000000008ad00000, 0x000000008ad00000| Untracked 
| 174|0x000000008ae00000, 0x000000008ae00000, 0x000000008af00000|  0%| F|  |TAMS 0x000000008ae00000, 0x000000008ae00000| Untracked 
| 175|0x000000008af00000, 0x000000008af00000, 0x000000008b000000|  0%| F|  |TAMS 0x000000008af00000, 0x000000008af00000| Untracked 
| 176|0x000000008b000000, 0x000000008b000000, 0x000000008b100000|  0%| F|  |TAMS 0x000000008b000000, 0x000000008b000000| Untracked 
| 177|0x000000008b100000, 0x000000008b100000, 0x000000008b200000|  0%| F|  |TAMS 0x000000008b100000, 0x000000008b100000| Untracked 
| 178|0x000000008b200000, 0x000000008b200000, 0x000000008b300000|  0%| F|  |TAMS 0x000000008b200000, 0x000000008b200000| Untracked 
| 179|0x000000008b300000, 0x000000008b300000, 0x000000008b400000|  0%| F|  |TAMS 0x000000008b300000, 0x000000008b300000| Untracked 
| 180|0x000000008b400000, 0x000000008b400000, 0x000000008b500000|  0%| F|  |TAMS 0x000000008b400000, 0x000000008b400000| Untracked 
| 181|0x000000008b500000, 0x000000008b500000, 0x000000008b600000|  0%| F|  |TAMS 0x000000008b500000, 0x000000008b500000| Untracked 
| 182|0x000000008b600000, 0x000000008b600000, 0x000000008b700000|  0%| F|  |TAMS 0x000000008b600000, 0x000000008b600000| Untracked 
| 183|0x000000008b700000, 0x000000008b700000, 0x000000008b800000|  0%| F|  |TAMS 0x000000008b700000, 0x000000008b700000| Untracked 
| 184|0x000000008b800000, 0x000000008b800000, 0x000000008b900000|  0%| F|  |TAMS 0x000000008b800000, 0x000000008b800000| Untracked 
| 185|0x000000008b900000, 0x000000008b900000, 0x000000008ba00000|  0%| F|  |TAMS 0x000000008b900000, 0x000000008b900000| Untracked 
| 186|0x000000008ba00000, 0x000000008ba00000, 0x000000008bb00000|  0%| F|  |TAMS 0x000000008ba00000, 0x000000008ba00000| Untracked 
| 187|0x000000008bb00000, 0x000000008bb00000, 0x000000008bc00000|  0%| F|  |TAMS 0x000000008bb00000, 0x000000008bb00000| Untracked 
| 188|0x000000008bc00000, 0x000000008bc00000, 0x000000008bd00000|  0%| F|  |TAMS 0x000000008bc00000, 0x000000008bc00000| Untracked 
| 189|0x000000008bd00000, 0x000000008bd00000, 0x000000008be00000|  0%| F|  |TAMS 0x000000008bd00000, 0x000000008bd00000| Untracked 
| 190|0x000000008be00000, 0x000000008be00000, 0x000000008bf00000|  0%| F|  |TAMS 0x000000008be00000, 0x000000008be00000| Untracked 
| 191|0x000000008bf00000, 0x000000008bf00000, 0x000000008c000000|  0%| F|  |TAMS 0x000000008bf00000, 0x000000008bf00000| Untracked 
| 192|0x000000008c000000, 0x000000008c000000, 0x000000008c100000|  0%| F|  |TAMS 0x000000008c000000, 0x000000008c000000| Untracked 
| 193|0x000000008c100000, 0x000000008c100000, 0x000000008c200000|  0%| F|  |TAMS 0x000000008c100000, 0x000000008c100000| Untracked 
| 194|0x000000008c200000, 0x000000008c200000, 0x000000008c300000|  0%| F|  |TAMS 0x000000008c200000, 0x000000008c200000| Untracked 
| 195|0x000000008c300000, 0x000000008c300000, 0x000000008c400000|  0%| F|  |TAMS 0x000000008c300000, 0x000000008c300000| Untracked 
| 196|0x000000008c400000, 0x000000008c400000, 0x000000008c500000|  0%| F|  |TAMS 0x000000008c400000, 0x000000008c400000| Untracked 
| 197|0x000000008c500000, 0x000000008c500000, 0x000000008c600000|  0%| F|  |TAMS 0x000000008c500000, 0x000000008c500000| Untracked 
| 198|0x000000008c600000, 0x000000008c600000, 0x000000008c700000|  0%| F|  |TAMS 0x000000008c600000, 0x000000008c600000| Untracked 
| 199|0x000000008c700000, 0x000000008c700000, 0x000000008c800000|  0%| F|  |TAMS 0x000000008c700000, 0x000000008c700000| Untracked 
| 200|0x000000008c800000, 0x000000008c800000, 0x000000008c900000|  0%| F|  |TAMS 0x000000008c800000, 0x000000008c800000| Untracked 
| 201|0x000000008c900000, 0x000000008c900000, 0x000000008ca00000|  0%| F|  |TAMS 0x000000008c900000, 0x000000008c900000| Untracked 
| 202|0x000000008ca00000, 0x000000008ca00000, 0x000000008cb00000|  0%| F|  |TAMS 0x000000008ca00000, 0x000000008ca00000| Untracked 
| 203|0x000000008cb00000, 0x000000008cb00000, 0x000000008cc00000|  0%| F|  |TAMS 0x000000008cb00000, 0x000000008cb00000| Untracked 
| 204|0x000000008cc00000, 0x000000008cc00000, 0x000000008cd00000|  0%| F|  |TAMS 0x000000008cc00000, 0x000000008cc00000| Untracked 
| 205|0x000000008cd00000, 0x000000008cd00000, 0x000000008ce00000|  0%| F|  |TAMS 0x000000008cd00000, 0x000000008cd00000| Untracked 
| 206|0x000000008ce00000, 0x000000008ce00000, 0x000000008cf00000|  0%| F|  |TAMS 0x000000008ce00000, 0x000000008ce00000| Untracked 
| 207|0x000000008cf00000, 0x000000008cf00000, 0x000000008d000000|  0%| F|  |TAMS 0x000000008cf00000, 0x000000008cf00000| Untracked 
| 208|0x000000008d000000, 0x000000008d000000, 0x000000008d100000|  0%| F|  |TAMS 0x000000008d000000, 0x000000008d000000| Untracked 
| 209|0x000000008d100000, 0x000000008d100000, 0x000000008d200000|  0%| F|  |TAMS 0x000000008d100000, 0x000000008d100000| Untracked 
| 210|0x000000008d200000, 0x000000008d200000, 0x000000008d300000|  0%| F|  |TAMS 0x000000008d200000, 0x000000008d200000| Untracked 
| 211|0x000000008d300000, 0x000000008d300000, 0x000000008d400000|  0%| F|  |TAMS 0x000000008d300000, 0x000000008d300000| Untracked 
| 212|0x000000008d400000, 0x000000008d400000, 0x000000008d500000|  0%| F|  |TAMS 0x000000008d400000, 0x000000008d400000| Untracked 
| 213|0x000000008d500000, 0x000000008d500000, 0x000000008d600000|  0%| F|  |TAMS 0x000000008d500000, 0x000000008d500000| Untracked 
| 214|0x000000008d600000, 0x000000008d600000, 0x000000008d700000|  0%| F|  |TAMS 0x000000008d600000, 0x000000008d600000| Untracked 
| 215|0x000000008d700000, 0x000000008d700000, 0x000000008d800000|  0%| F|  |TAMS 0x000000008d700000, 0x000000008d700000| Untracked 
| 216|0x000000008d800000, 0x000000008d800000, 0x000000008d900000|  0%| F|  |TAMS 0x000000008d800000, 0x000000008d800000| Untracked 
| 217|0x000000008d900000, 0x000000008d900000, 0x000000008da00000|  0%| F|  |TAMS 0x000000008d900000, 0x000000008d900000| Untracked 
| 218|0x000000008da00000, 0x000000008da00000, 0x000000008db00000|  0%| F|  |TAMS 0x000000008da00000, 0x000000008da00000| Untracked 
| 219|0x000000008db00000, 0x000000008db00000, 0x000000008dc00000|  0%| F|  |TAMS 0x000000008db00000, 0x000000008db00000| Untracked 
| 220|0x000000008dc00000, 0x000000008dc00000, 0x000000008dd00000|  0%| F|  |TAMS 0x000000008dc00000, 0x000000008dc00000| Untracked 
| 221|0x000000008dd00000, 0x000000008dd00000, 0x000000008de00000|  0%| F|  |TAMS 0x000000008dd00000, 0x000000008dd00000| Untracked 
| 222|0x000000008de00000, 0x000000008de00000, 0x000000008df00000|  0%| F|  |TAMS 0x000000008de00000, 0x000000008de00000| Untracked 
| 223|0x000000008df00000, 0x000000008df00000, 0x000000008e000000|  0%| F|  |TAMS 0x000000008df00000, 0x000000008df00000| Untracked 
| 224|0x000000008e000000, 0x000000008e000000, 0x000000008e100000|  0%| F|  |TAMS 0x000000008e000000, 0x000000008e000000| Untracked 
| 225|0x000000008e100000, 0x000000008e100000, 0x000000008e200000|  0%| F|  |TAMS 0x000000008e100000, 0x000000008e100000| Untracked 
| 226|0x000000008e200000, 0x000000008e200000, 0x000000008e300000|  0%| F|  |TAMS 0x000000008e200000, 0x000000008e200000| Untracked 
| 227|0x000000008e300000, 0x000000008e300000, 0x000000008e400000|  0%| F|  |TAMS 0x000000008e300000, 0x000000008e300000| Untracked 
| 228|0x000000008e400000, 0x000000008e400000, 0x000000008e500000|  0%| F|  |TAMS 0x000000008e400000, 0x000000008e400000| Untracked 
| 229|0x000000008e500000, 0x000000008e500000, 0x000000008e600000|  0%| F|  |TAMS 0x000000008e500000, 0x000000008e500000| Untracked 
| 230|0x000000008e600000, 0x000000008e600000, 0x000000008e700000|  0%| F|  |TAMS 0x000000008e600000, 0x000000008e600000| Untracked 
| 231|0x000000008e700000, 0x000000008e700000, 0x000000008e800000|  0%| F|  |TAMS 0x000000008e700000, 0x000000008e700000| Untracked 
| 232|0x000000008e800000, 0x000000008e800000, 0x000000008e900000|  0%| F|  |TAMS 0x000000008e800000, 0x000000008e800000| Untracked 
| 233|0x000000008e900000, 0x000000008e900000, 0x000000008ea00000|  0%| F|  |TAMS 0x000000008e900000, 0x000000008e900000| Untracked 
| 234|0x000000008ea00000, 0x000000008ea00000, 0x000000008eb00000|  0%| F|  |TAMS 0x000000008ea00000, 0x000000008ea00000| Untracked 
| 235|0x000000008eb00000, 0x000000008eb00000, 0x000000008ec00000|  0%| F|  |TAMS 0x000000008eb00000, 0x000000008eb00000| Untracked 
| 236|0x000000008ec00000, 0x000000008ec00000, 0x000000008ed00000|  0%| F|  |TAMS 0x000000008ec00000, 0x000000008ec00000| Untracked 
| 237|0x000000008ed00000, 0x000000008ed00000, 0x000000008ee00000|  0%| F|  |TAMS 0x000000008ed00000, 0x000000008ed00000| Untracked 
| 238|0x000000008ee00000, 0x000000008ee00000, 0x000000008ef00000|  0%| F|  |TAMS 0x000000008ee00000, 0x000000008ee00000| Untracked 
| 239|0x000000008ef00000, 0x000000008ef00000, 0x000000008f000000|  0%| F|  |TAMS 0x000000008ef00000, 0x000000008ef00000| Untracked 
| 240|0x000000008f000000, 0x000000008f000000, 0x000000008f100000|  0%| F|  |TAMS 0x000000008f000000, 0x000000008f000000| Untracked 
| 241|0x000000008f100000, 0x000000008f100000, 0x000000008f200000|  0%| F|  |TAMS 0x000000008f100000, 0x000000008f100000| Untracked 
| 242|0x000000008f200000, 0x000000008f200000, 0x000000008f300000|  0%| F|  |TAMS 0x000000008f200000, 0x000000008f200000| Untracked 
| 243|0x000000008f300000, 0x000000008f300000, 0x000000008f400000|  0%| F|  |TAMS 0x000000008f300000, 0x000000008f300000| Untracked 
| 244|0x000000008f400000, 0x000000008f400000, 0x000000008f500000|  0%| F|  |TAMS 0x000000008f400000, 0x000000008f400000| Untracked 
| 245|0x000000008f500000, 0x000000008f500000, 0x000000008f600000|  0%| F|  |TAMS 0x000000008f500000, 0x000000008f500000| Untracked 
| 246|0x000000008f600000, 0x000000008f600000, 0x000000008f700000|  0%| F|  |TAMS 0x000000008f600000, 0x000000008f600000| Untracked 
| 247|0x000000008f700000, 0x000000008f700000, 0x000000008f800000|  0%| F|  |TAMS 0x000000008f700000, 0x000000008f700000| Untracked 
| 248|0x000000008f800000, 0x000000008f800000, 0x000000008f900000|  0%| F|  |TAMS 0x000000008f800000, 0x000000008f800000| Untracked 
| 249|0x000000008f900000, 0x000000008f900000, 0x000000008fa00000|  0%| F|  |TAMS 0x000000008f900000, 0x000000008f900000| Untracked 
| 250|0x000000008fa00000, 0x000000008fa00000, 0x000000008fb00000|  0%| F|  |TAMS 0x000000008fa00000, 0x000000008fa00000| Untracked 
| 251|0x000000008fb00000, 0x000000008fb00000, 0x000000008fc00000|  0%| F|  |TAMS 0x000000008fb00000, 0x000000008fb00000| Untracked 
| 252|0x000000008fc00000, 0x000000008fc00000, 0x000000008fd00000|  0%| F|  |TAMS 0x000000008fc00000, 0x000000008fc00000| Untracked 
| 253|0x000000008fd00000, 0x000000008fd00000, 0x000000008fe00000|  0%| F|  |TAMS 0x000000008fd00000, 0x000000008fd00000| Untracked 
| 254|0x000000008fe00000, 0x000000008fe00000, 0x000000008ff00000|  0%| F|  |TAMS 0x000000008fe00000, 0x000000008fe00000| Untracked 
| 255|0x000000008ff00000, 0x000000008ff00000, 0x0000000090000000|  0%| F|  |TAMS 0x000000008ff00000, 0x000000008ff00000| Untracked 
| 256|0x0000000090000000, 0x0000000090000000, 0x0000000090100000|  0%| F|  |TAMS 0x0000000090000000, 0x0000000090000000| Untracked 
| 257|0x0000000090100000, 0x0000000090100000, 0x0000000090200000|  0%| F|  |TAMS 0x0000000090100000, 0x0000000090100000| Untracked 
| 258|0x0000000090200000, 0x0000000090200000, 0x0000000090300000|  0%| F|  |TAMS 0x0000000090200000, 0x0000000090200000| Untracked 
| 259|0x0000000090300000, 0x0000000090300000, 0x0000000090400000|  0%| F|  |TAMS 0x0000000090300000, 0x0000000090300000| Untracked 
| 260|0x0000000090400000, 0x0000000090400000, 0x0000000090500000|  0%| F|  |TAMS 0x0000000090400000, 0x0000000090400000| Untracked 
| 261|0x0000000090500000, 0x0000000090500000, 0x0000000090600000|  0%| F|  |TAMS 0x0000000090500000, 0x0000000090500000| Untracked 
| 262|0x0000000090600000, 0x0000000090600000, 0x0000000090700000|  0%| F|  |TAMS 0x0000000090600000, 0x0000000090600000| Untracked 
| 263|0x0000000090700000, 0x0000000090700000, 0x0000000090800000|  0%| F|  |TAMS 0x0000000090700000, 0x0000000090700000| Untracked 
| 264|0x0000000090800000, 0x0000000090800000, 0x0000000090900000|  0%| F|  |TAMS 0x0000000090800000, 0x0000000090800000| Untracked 
| 265|0x0000000090900000, 0x0000000090900000, 0x0000000090a00000|  0%| F|  |TAMS 0x0000000090900000, 0x0000000090900000| Untracked 
| 266|0x0000000090a00000, 0x0000000090a00000, 0x0000000090b00000|  0%| F|  |TAMS 0x0000000090a00000, 0x0000000090a00000| Untracked 
| 267|0x0000000090b00000, 0x0000000090b00000, 0x0000000090c00000|  0%| F|  |TAMS 0x0000000090b00000, 0x0000000090b00000| Untracked 
| 268|0x0000000090c00000, 0x0000000090c00000, 0x0000000090d00000|  0%| F|  |TAMS 0x0000000090c00000, 0x0000000090c00000| Untracked 
| 269|0x0000000090d00000, 0x0000000090d00000, 0x0000000090e00000|  0%| F|  |TAMS 0x0000000090d00000, 0x0000000090d00000| Untracked 
| 270|0x0000000090e00000, 0x0000000090e3d658, 0x0000000090f00000| 23%| S|CS|TAMS 0x0000000090e00000, 0x0000000090e00000| Complete 
| 271|0x0000000090f00000, 0x0000000091000000, 0x0000000091000000|100%| S|CS|TAMS 0x0000000090f00000, 0x0000000090f00000| Complete 
| 272|0x0000000091000000, 0x0000000091000000, 0x0000000091100000|  0%| F|  |TAMS 0x0000000091000000, 0x0000000091000000| Untracked 
| 273|0x0000000091100000, 0x0000000091100000, 0x0000000091200000|  0%| F|  |TAMS 0x0000000091100000, 0x0000000091100000| Untracked 
| 274|0x0000000091200000, 0x0000000091200000, 0x0000000091300000|  0%| F|  |TAMS 0x0000000091200000, 0x0000000091200000| Untracked 
| 275|0x0000000091300000, 0x0000000091300000, 0x0000000091400000|  0%| F|  |TAMS 0x0000000091300000, 0x0000000091300000| Untracked 
| 276|0x0000000091400000, 0x0000000091400000, 0x0000000091500000|  0%| F|  |TAMS 0x0000000091400000, 0x0000000091400000| Untracked 
| 277|0x0000000091500000, 0x0000000091500000, 0x0000000091600000|  0%| F|  |TAMS 0x0000000091500000, 0x0000000091500000| Untracked 
| 278|0x0000000091600000, 0x0000000091600000, 0x0000000091700000|  0%| F|  |TAMS 0x0000000091600000, 0x0000000091600000| Untracked 
| 279|0x0000000091700000, 0x0000000091700000, 0x0000000091800000|  0%| F|  |TAMS 0x0000000091700000, 0x0000000091700000| Untracked 
| 280|0x0000000091800000, 0x0000000091800000, 0x0000000091900000|  0%| F|  |TAMS 0x0000000091800000, 0x0000000091800000| Untracked 
| 281|0x0000000091900000, 0x0000000091900000, 0x0000000091a00000|  0%| F|  |TAMS 0x0000000091900000, 0x0000000091900000| Untracked 
| 282|0x0000000091a00000, 0x0000000091a00000, 0x0000000091b00000|  0%| F|  |TAMS 0x0000000091a00000, 0x0000000091a00000| Untracked 
| 283|0x0000000091b00000, 0x0000000091b00000, 0x0000000091c00000|  0%| F|  |TAMS 0x0000000091b00000, 0x0000000091b00000| Untracked 
| 284|0x0000000091c00000, 0x0000000091c00000, 0x0000000091d00000|  0%| F|  |TAMS 0x0000000091c00000, 0x0000000091c00000| Untracked 
| 285|0x0000000091d00000, 0x0000000091d00000, 0x0000000091e00000|  0%| F|  |TAMS 0x0000000091d00000, 0x0000000091d00000| Untracked 
| 286|0x0000000091e00000, 0x0000000091e00000, 0x0000000091f00000|  0%| F|  |TAMS 0x0000000091e00000, 0x0000000091e00000| Untracked 
| 287|0x0000000091f00000, 0x0000000091f00000, 0x0000000092000000|  0%| F|  |TAMS 0x0000000091f00000, 0x0000000091f00000| Untracked 
| 288|0x0000000092000000, 0x0000000092000000, 0x0000000092100000|  0%| F|  |TAMS 0x0000000092000000, 0x0000000092000000| Untracked 
| 289|0x0000000092100000, 0x0000000092100000, 0x0000000092200000|  0%| F|  |TAMS 0x0000000092100000, 0x0000000092100000| Untracked 
| 290|0x0000000092200000, 0x0000000092200000, 0x0000000092300000|  0%| F|  |TAMS 0x0000000092200000, 0x0000000092200000| Untracked 
| 291|0x0000000092300000, 0x0000000092300000, 0x0000000092400000|  0%| F|  |TAMS 0x0000000092300000, 0x0000000092300000| Untracked 
| 292|0x0000000092400000, 0x0000000092400000, 0x0000000092500000|  0%| F|  |TAMS 0x0000000092400000, 0x0000000092400000| Untracked 
| 293|0x0000000092500000, 0x0000000092500000, 0x0000000092600000|  0%| F|  |TAMS 0x0000000092500000, 0x0000000092500000| Untracked 
| 294|0x0000000092600000, 0x0000000092600000, 0x0000000092700000|  0%| F|  |TAMS 0x0000000092600000, 0x0000000092600000| Untracked 
| 295|0x0000000092700000, 0x0000000092700000, 0x0000000092800000|  0%| F|  |TAMS 0x0000000092700000, 0x0000000092700000| Untracked 
| 296|0x0000000092800000, 0x0000000092800000, 0x0000000092900000|  0%| F|  |TAMS 0x0000000092800000, 0x0000000092800000| Untracked 
| 297|0x0000000092900000, 0x0000000092900000, 0x0000000092a00000|  0%| F|  |TAMS 0x0000000092900000, 0x0000000092900000| Untracked 
| 298|0x0000000092a00000, 0x0000000092a00000, 0x0000000092b00000|  0%| F|  |TAMS 0x0000000092a00000, 0x0000000092a00000| Untracked 
| 299|0x0000000092b00000, 0x0000000092b00000, 0x0000000092c00000|  0%| F|  |TAMS 0x0000000092b00000, 0x0000000092b00000| Untracked 

Card table byte_map: [0x00000212141a0000,0x00000212145a0000] _byte_map_base: 0x0000021213da0000

Marking Bits (Prev, Next): (CMBitMap*) 0x000002127ff8df40, (CMBitMap*) 0x000002127ff8df80
 Prev Bits: [0x00000212149a0000, 0x00000212169a0000)
 Next Bits: [0x00000212169a0000, 0x00000212189a0000)

Polling page: 0x000002127fbd0000

Metaspace:

Usage:
  Non-class:    112.45 MB used.
      Class:     17.08 MB used.
       Both:    129.53 MB used.

Virtual space:
  Non-class space:      120.00 MB reserved,     113.50 MB ( 95%) committed,  15 nodes.
      Class space:        1.00 GB reserved,      18.06 MB (  2%) committed,  1 nodes.
             Both:        1.12 GB reserved,     131.56 MB ( 12%) committed. 

Chunk freelists:
   Non-Class:  2.47 MB
       Class:  1.93 MB
        Both:  4.40 MB

MaxMetaspaceSize: unlimited
CompressedClassSpaceSize: 1.00 GB
Initial GC threshold: 21.00 MB
Current GC threshold: 218.12 MB
CDS: off
MetaspaceReclaimPolicy: balanced
 - commit_granule_bytes: 65536.
 - commit_granule_words: 8192.
 - virtual_space_node_default_size: 1048576.
 - enlarge_chunks_in_place: 1.
 - new_chunks_are_fully_committed: 0.
 - uncommit_free_chunks: 1.
 - use_allocation_guard: 0.
 - handle_deallocations: 1.


Internal statistics:

num_allocs_failed_limit: 9.
num_arena_births: 5150.
num_arena_deaths: 1058.
num_vsnodes_births: 16.
num_vsnodes_deaths: 0.
num_space_committed: 2104.
num_space_uncommitted: 0.
num_chunks_returned_to_freelist: 1398.
num_chunks_taken_from_freelist: 11469.
num_chunk_merges: 475.
num_chunk_splits: 6499.
num_chunks_enlarged: 3084.
num_purges: 8.
num_inconsistent_stats: 0.

CodeHeap 'non-profiled nmethods': size=120064Kb used=21072Kb max_used=21072Kb free=98991Kb
 bounds [0x000002120c460000, 0x000002120d900000, 0x00000212139a0000]
CodeHeap 'profiled nmethods': size=120000Kb used=46977Kb max_used=46977Kb free=73023Kb
 bounds [0x00000212049a0000, 0x0000021207790000, 0x000002120bed0000]
CodeHeap 'non-nmethods': size=5696Kb used=2460Kb max_used=2533Kb free=3235Kb
 bounds [0x000002120bed0000, 0x000002120c170000, 0x000002120c460000]
 total_blobs=25262 nmethods=24258 adapters=915
 compilation: enabled
              stopped_count=0, restarted_count=0
 full_count=0

Compilation events (20 events):
Event: 20496.850 Thread 0x000002121b89ce20 30437       2       com.android.tools.r8.dex.K$$Lambda$1889/0x0000000101017b68::applyAsInt (12 bytes)
Event: 20496.850 Thread 0x000002121b89ce20 nmethod 30437 0x000002120777bd90 code [0x000002120777bf40, 0x000002120777c0a8]
Event: 20496.876 Thread 0x000002121b89ce20 30438       2       com.google.common.collect.MultimapBuilder$LinkedListSupplier::get (5 bytes)
Event: 20496.876 Thread 0x000002121b89ce20 nmethod 30438 0x000002120777c190 code [0x000002120777c320, 0x000002120777c478]
Event: 20496.876 Thread 0x000002121b89ce20 30439       2       org.gradle.internal.execution.history.changes.FilePathWithType::<init> (15 bytes)
Event: 20496.877 Thread 0x000002121b89ce20 nmethod 30439 0x000002120777c510 code [0x000002120777c6a0, 0x000002120777c858]
Event: 20496.877 Thread 0x000002121b89ce20 30440       1       org.gradle.internal.execution.history.changes.FilePathWithType::getFileType (5 bytes)
Event: 20496.877 Thread 0x000002121b89ce20 nmethod 30440 0x000002120d8f3e10 code [0x000002120d8f3fa0, 0x000002120d8f4078]
Event: 20496.878 Thread 0x000002121b89ce20 30441       2       org.gradle.internal.watch.registry.impl.SnapshotCollectingDiffListener::nodeRemoved (26 bytes)
Event: 20496.879 Thread 0x000002121b89ce20 nmethod 30441 0x000002120777c910 code [0x000002120777cae0, 0x000002120777cdb8]
Event: 20496.880 Thread 0x000002121b89ce20 30442       2       org.gradle.internal.execution.history.changes.NormalizedPathChangeDetector::getAddedFilesByNormalizedPath (155 bytes)
Event: 20496.882 Thread 0x000002121b89ce20 nmethod 30442 0x000002120777cf90 code [0x000002120777d2a0, 0x000002120777dda8]
Event: 20496.882 Thread 0x000002121b89ce20 30443       2       com.google.common.collect.CollectSpliterators$1::tryAdvance (20 bytes)
Event: 20496.883 Thread 0x000002121b89ce20 nmethod 30443 0x000002120777e390 code [0x000002120777e540, 0x000002120777e798]
Event: 20496.883 Thread 0x000002121b89ce20 30444       2       java.util.LinkedList$LLSpliterator::tryAdvance (84 bytes)
Event: 20496.884 Thread 0x000002121b89ce20 nmethod 30444 0x000002120777e910 code [0x000002120777eb00, 0x000002120777ee98]
Event: 20496.889 Thread 0x000002121b89ce20 30445   !   2       org.gradle.internal.work.DefaultConditionalExecutionQueue$ExecutionRunner::getReadyExecution (51 bytes)
Event: 20496.890 Thread 0x000002121b89ce20 nmethod 30445 0x000002120777f090 code [0x000002120777f2a0, 0x000002120777f608]
Event: 20496.968 Thread 0x000002121b89ce20 30446   !   2       sun.nio.ch.FileChannelImpl::write (106 bytes)
Event: 20496.969 Thread 0x000002121b89ce20 nmethod 30446 0x000002120777f990 code [0x000002120777fbc0, 0x0000021207780178]

GC Heap History (20 events):
Event: 17313.148 GC heap after
{Heap after GC invocations=102 (full 2):
 garbage-first heap   total 307200K, used 119699K [0x0000000080000000, 0x0000000100000000)
  region size 1024K, 1 young (1024K), 1 survivors (1024K)
 Metaspace       used 131704K, committed 133568K, reserved 1171456K
  class space    used 17351K, committed 18240K, reserved 1048576K
}
Event: 17313.549 GC heap before
{Heap before GC invocations=102 (full 2):
 garbage-first heap   total 307200K, used 127891K [0x0000000080000000, 0x0000000100000000)
  region size 1024K, 11 young (11264K), 1 survivors (1024K)
 Metaspace       used 131711K, committed 133568K, reserved 1171456K
  class space    used 17352K, committed 18240K, reserved 1048576K
}
Event: 17313.555 GC heap after
{Heap after GC invocations=103 (full 2):
 garbage-first heap   total 307200K, used 120599K [0x0000000080000000, 0x0000000100000000)
  region size 1024K, 2 young (2048K), 2 survivors (2048K)
 Metaspace       used 131711K, committed 133568K, reserved 1171456K
  class space    used 17352K, committed 18240K, reserved 1048576K
}
Event: 18025.893 GC heap before
{Heap before GC invocations=104 (full 2):
 garbage-first heap   total 307200K, used 234240K [0x0000000080000000, 0x0000000100000000)
  region size 1024K, 97 young (99328K), 2 survivors (2048K)
 Metaspace       used 131941K, committed 133888K, reserved 1171456K
  class space    used 17399K, committed 18304K, reserved 1048576K
}
Event: 18025.928 GC heap after
{Heap after GC invocations=105 (full 2):
 garbage-first heap   total 307200K, used 127793K [0x0000000080000000, 0x0000000100000000)
  region size 1024K, 9 young (9216K), 9 survivors (9216K)
 Metaspace       used 131941K, committed 133888K, reserved 1171456K
  class space    used 17399K, committed 18304K, reserved 1048576K
}
Event: 18026.025 GC heap before
{Heap before GC invocations=105 (full 2):
 garbage-first heap   total 307200K, used 133937K [0x0000000080000000, 0x0000000100000000)
  region size 1024K, 15 young (15360K), 9 survivors (9216K)
 Metaspace       used 131942K, committed 133888K, reserved 1171456K
  class space    used 17399K, committed 18304K, reserved 1048576K
}
Event: 18026.059 GC heap after
{Heap after GC invocations=106 (full 2):
 garbage-first heap   total 307200K, used 120372K [0x0000000080000000, 0x0000000100000000)
  region size 1024K, 2 young (2048K), 2 survivors (2048K)
 Metaspace       used 131942K, committed 133888K, reserved 1171456K
  class space    used 17399K, committed 18304K, reserved 1048576K
}
Event: 18033.500 GC heap before
{Heap before GC invocations=106 (full 2):
 garbage-first heap   total 307200K, used 153140K [0x0000000080000000, 0x0000000100000000)
  region size 1024K, 36 young (36864K), 2 survivors (2048K)
 Metaspace       used 131964K, committed 133888K, reserved 1171456K
  class space    used 17400K, committed 18304K, reserved 1048576K
}
Event: 18033.509 GC heap after
{Heap after GC invocations=107 (full 2):
 garbage-first heap   total 307200K, used 120785K [0x0000000080000000, 0x0000000100000000)
  region size 1024K, 2 young (2048K), 2 survivors (2048K)
 Metaspace       used 131964K, committed 133888K, reserved 1171456K
  class space    used 17400K, committed 18304K, reserved 1048576K
}
Event: 19442.624 GC heap before
{Heap before GC invocations=108 (full 2):
 garbage-first heap   total 307200K, used 243665K [0x0000000080000000, 0x0000000100000000)
  region size 1024K, 107 young (109568K), 2 survivors (2048K)
 Metaspace       used 132002K, committed 133888K, reserved 1171456K
  class space    used 17403K, committed 18304K, reserved 1048576K
}
Event: 19442.663 GC heap after
{Heap after GC invocations=109 (full 2):
 garbage-first heap   total 307200K, used 127591K [0x0000000080000000, 0x0000000100000000)
  region size 1024K, 10 young (10240K), 10 survivors (10240K)
 Metaspace       used 132002K, committed 133888K, reserved 1171456K
  class space    used 17403K, committed 18304K, reserved 1048576K
}
Event: 19442.796 GC heap before
{Heap before GC invocations=109 (full 2):
 garbage-first heap   total 307200K, used 132711K [0x0000000080000000, 0x0000000100000000)
  region size 1024K, 15 young (15360K), 10 survivors (10240K)
 Metaspace       used 132022K, committed 133888K, reserved 1171456K
  class space    used 17406K, committed 18304K, reserved 1048576K
}
Event: 19442.830 GC heap after
{Heap after GC invocations=110 (full 2):
 garbage-first heap   total 307200K, used 118390K [0x0000000080000000, 0x0000000100000000)
  region size 1024K, 1 young (1024K), 1 survivors (1024K)
 Metaspace       used 132022K, committed 133888K, reserved 1171456K
  class space    used 17406K, committed 18304K, reserved 1048576K
}
Event: 19450.796 GC heap before
{Heap before GC invocations=110 (full 2):
 garbage-first heap   total 307200K, used 160374K [0x0000000080000000, 0x0000000100000000)
  region size 1024K, 44 young (45056K), 1 survivors (1024K)
 Metaspace       used 132097K, committed 134016K, reserved 1171456K
  class space    used 17413K, committed 18368K, reserved 1048576K
}
Event: 19450.804 GC heap after
{Heap after GC invocations=111 (full 2):
 garbage-first heap   total 307200K, used 119414K [0x0000000080000000, 0x0000000100000000)
  region size 1024K, 2 young (2048K), 2 survivors (2048K)
 Metaspace       used 132097K, committed 134016K, reserved 1171456K
  class space    used 17413K, committed 18368K, reserved 1048576K
}
Event: 20496.365 GC heap before
{Heap before GC invocations=112 (full 2):
 garbage-first heap   total 307200K, used 246390K [0x0000000080000000, 0x0000000100000000)
  region size 1024K, 111 young (113664K), 2 survivors (2048K)
 Metaspace       used 132616K, committed 134720K, reserved 1171456K
  class space    used 17487K, committed 18496K, reserved 1048576K
}
Event: 20496.404 GC heap after
{Heap after GC invocations=113 (full 2):
 garbage-first heap   total 307200K, used 126128K [0x0000000080000000, 0x0000000100000000)
  region size 1024K, 11 young (11264K), 11 survivors (11264K)
 Metaspace       used 132616K, committed 134720K, reserved 1171456K
  class space    used 17487K, committed 18496K, reserved 1048576K
}
Event: 20496.492 GC heap before
{Heap before GC invocations=113 (full 2):
 garbage-first heap   total 307200K, used 130224K [0x0000000080000000, 0x0000000100000000)
  region size 1024K, 15 young (15360K), 11 survivors (11264K)
 Metaspace       used 132626K, committed 134720K, reserved 1171456K
  class space    used 17489K, committed 18496K, reserved 1048576K
}
Event: 20496.524 GC heap after
{Heap after GC invocations=114 (full 2):
 garbage-first heap   total 307200K, used 119768K [0x0000000080000000, 0x0000000100000000)
  region size 1024K, 1 young (1024K), 1 survivors (1024K)
 Metaspace       used 132626K, committed 134720K, reserved 1171456K
  class space    used 17489K, committed 18496K, reserved 1048576K
}
Event: 20496.976 GC heap before
{Heap before GC invocations=114 (full 2):
 garbage-first heap   total 307200K, used 145368K [0x0000000080000000, 0x0000000100000000)
  region size 1024K, 28 young (28672K), 1 survivors (1024K)
 Metaspace       used 132642K, committed 134720K, reserved 1171456K
  class space    used 17489K, committed 18496K, reserved 1048576K
}

Dll operation events (2 events):
Event: 0.329 Loaded shared library C:\Program Files\Android\Android Studio\jbr\bin\java.dll
Event: 1.518 Loaded shared library C:\Program Files\Android\Android Studio\jbr\bin\verify.dll

Deoptimization events (20 events):
Event: 20485.174 Thread 0x00000212235ca760 DEOPT PACKING pc=0x000002120d78a01c sp=0x000000f24d9fa6a0
Event: 20485.174 Thread 0x00000212235ca760 DEOPT UNPACKING pc=0x000002120bf269a3 sp=0x000000f24d9fa680 mode 2
Event: 20485.617 Thread 0x00000212282931c0 DEOPT PACKING pc=0x0000021206a45170 sp=0x000000f2504fc5a0
Event: 20485.617 Thread 0x00000212282931c0 DEOPT UNPACKING pc=0x000002120bf27143 sp=0x000000f2504fba38 mode 0
Event: 20485.628 Thread 0x00000212282901a0 Uncommon trap: trap_request=0xffffffde fr.pc=0x000002120cf84eec relative=0x000000000000334c
Event: 20485.628 Thread 0x00000212282901a0 Uncommon trap: reason=class_check action=maybe_recompile pc=0x000002120cf84eec method=java.util.concurrent.ConcurrentHashMap.get(Ljava/lang/Object;)Ljava/lang/Object; @ 93 c2
Event: 20485.628 Thread 0x00000212282901a0 DEOPT PACKING pc=0x000002120cf84eec sp=0x000000f24fefec10
Event: 20485.628 Thread 0x00000212282901a0 DEOPT UNPACKING pc=0x000002120bf269a3 sp=0x000000f24fefe8d0 mode 2
Event: 20485.815 Thread 0x0000021228291e80 Uncommon trap: trap_request=0xffffffbe fr.pc=0x000002120d8c4a10 relative=0x0000000000001cf0
Event: 20485.815 Thread 0x0000021228291e80 Uncommon trap: reason=profile_predicate action=maybe_recompile pc=0x000002120d8c4a10 method=org.gradle.api.internal.DefaultDomainObjectCollection.configureEach(Lorg/gradle/api/Action;)V @ 99 c2
Event: 20485.815 Thread 0x0000021228291e80 DEOPT PACKING pc=0x000002120d8c4a10 sp=0x000000f2503fbec0
Event: 20485.815 Thread 0x0000021228291e80 DEOPT UNPACKING pc=0x000002120bf269a3 sp=0x000000f2503fbe90 mode 2
Event: 20496.546 Thread 0x000002121fc5d320 DEOPT PACKING pc=0x0000021207000c52 sp=0x000000f2507fc620
Event: 20496.546 Thread 0x000002121fc5d320 DEOPT UNPACKING pc=0x000002120bf27143 sp=0x000000f2507fbd80 mode 0
Event: 20496.824 Thread 0x000002121fc5d320 DEOPT PACKING pc=0x0000021206681ed5 sp=0x000000f2507fd710
Event: 20496.824 Thread 0x000002121fc5d320 DEOPT UNPACKING pc=0x000002120bf27143 sp=0x000000f2507fcbc8 mode 0
Event: 20496.836 Thread 0x000002121fc5d320 DEOPT PACKING pc=0x0000021204e1b632 sp=0x000000f2507fcee0
Event: 20496.836 Thread 0x000002121fc5d320 DEOPT UNPACKING pc=0x000002120bf27143 sp=0x000000f2507fc388 mode 0
Event: 20496.920 Thread 0x000002121fc5d7f0 DEOPT PACKING pc=0x00000212058085d6 sp=0x000000f2508fd920
Event: 20496.920 Thread 0x000002121fc5d7f0 DEOPT UNPACKING pc=0x000002120bf27143 sp=0x000000f2508fce60 mode 0

Classes unloaded (20 events):
Event: 10078.317 Thread 0x000002121ae007e0 Unloading class 0x0000000101125400 'java/lang/invoke/LambdaForm$MH+0x0000000101125400'
Event: 10078.317 Thread 0x000002121ae007e0 Unloading class 0x0000000101125000 'java/lang/invoke/LambdaForm$MH+0x0000000101125000'
Event: 10078.317 Thread 0x000002121ae007e0 Unloading class 0x0000000101124c00 'java/lang/invoke/LambdaForm$MH+0x0000000101124c00'
Event: 10078.317 Thread 0x000002121ae007e0 Unloading class 0x0000000101124800 'java/lang/invoke/LambdaForm$MH+0x0000000101124800'
Event: 10078.317 Thread 0x000002121ae007e0 Unloading class 0x0000000101124400 'java/lang/invoke/LambdaForm$MH+0x0000000101124400'
Event: 10078.317 Thread 0x000002121ae007e0 Unloading class 0x0000000101124000 'java/lang/invoke/LambdaForm$MH+0x0000000101124000'
Event: 12096.841 Thread 0x000002121ae007e0 Unloading class 0x0000000101024000 'jdk/internal/reflect/GeneratedMethodAccessor556'
Event: 12096.841 Thread 0x000002121ae007e0 Unloading class 0x000000010101d400 'jdk/internal/reflect/GeneratedMethodAccessor555'
Event: 12096.841 Thread 0x000002121ae007e0 Unloading class 0x000000010101d000 'jdk/internal/reflect/GeneratedMethodAccessor554'
Event: 12096.841 Thread 0x000002121ae007e0 Unloading class 0x0000000100d01c00 'jdk/internal/reflect/GeneratedMethodAccessor553'
Event: 12096.841 Thread 0x000002121ae007e0 Unloading class 0x0000000100d01800 'jdk/internal/reflect/GeneratedMethodAccessor552'
Event: 12096.841 Thread 0x000002121ae007e0 Unloading class 0x0000000100cb0c00 'jdk/internal/reflect/GeneratedMethodAccessor551'
Event: 12096.841 Thread 0x000002121ae007e0 Unloading class 0x0000000100d98000 'jdk/internal/reflect/GeneratedMethodAccessor546'
Event: 12096.841 Thread 0x000002121ae007e0 Unloading class 0x0000000100731c00 'jdk/internal/reflect/GeneratedMethodAccessor545'
Event: 12096.841 Thread 0x000002121ae007e0 Unloading class 0x0000000100731800 'jdk/internal/reflect/GeneratedMethodAccessor544'
Event: 12096.841 Thread 0x000002121ae007e0 Unloading class 0x000000010028e400 'jdk/internal/reflect/GeneratedMethodAccessor543'
Event: 12096.841 Thread 0x000002121ae007e0 Unloading class 0x000000010028e000 'jdk/internal/reflect/GeneratedMethodAccessor542'
Event: 12096.841 Thread 0x000002121ae007e0 Unloading class 0x00000001001bcc00 'jdk/internal/reflect/GeneratedMethodAccessor541'
Event: 12096.841 Thread 0x000002121ae007e0 Unloading class 0x00000001001bc800 'jdk/internal/reflect/GeneratedMethodAccessor540'
Event: 12096.841 Thread 0x000002121ae007e0 Unloading class 0x00000001010f0400 'jdk/internal/reflect/GeneratedMethodAccessor539'

Classes redefined (0 events):
No events

Internal exceptions (20 events):
Event: 20484.470 Thread 0x00000212235ca760 Exception <a 'sun/nio/fs/WindowsException'{0x000000008f181ad8}> (0x000000008f181ad8) 
thrown [s\src\hotspot\share\prims\jni.cpp, line 517]
Event: 20484.868 Thread 0x00000212235ca760 Exception <a 'sun/nio/fs/WindowsException'{0x000000008e485100}> (0x000000008e485100) 
thrown [s\src\hotspot\share\prims\jni.cpp, line 517]
Event: 20484.879 Thread 0x00000212235ca760 Exception <a 'sun/nio/fs/WindowsException'{0x000000008e324198}> (0x000000008e324198) 
thrown [s\src\hotspot\share\prims\jni.cpp, line 517]
Event: 20484.879 Thread 0x00000212235ca760 Exception <a 'sun/nio/fs/WindowsException'{0x000000008e3253f8}> (0x000000008e3253f8) 
thrown [s\src\hotspot\share\prims\jni.cpp, line 517]
Event: 20484.879 Thread 0x00000212235ca760 Exception <a 'sun/nio/fs/WindowsException'{0x000000008e3266a8}> (0x000000008e3266a8) 
thrown [s\src\hotspot\share\prims\jni.cpp, line 517]
Event: 20484.880 Thread 0x00000212235ca760 Exception <a 'sun/nio/fs/WindowsException'{0x000000008e327958}> (0x000000008e327958) 
thrown [s\src\hotspot\share\prims\jni.cpp, line 517]
Event: 20485.343 Thread 0x00000212282931c0 Exception <a 'sun/nio/fs/WindowsException'{0x000000008df4dfb0}> (0x000000008df4dfb0) 
thrown [s\src\hotspot\share\prims\jni.cpp, line 517]
Event: 20486.872 Thread 0x00000212282931c0 Exception <a 'sun/nio/fs/WindowsException'{0x000000008c5c01c8}> (0x000000008c5c01c8) 
thrown [s\src\hotspot\share\prims\jni.cpp, line 517]
Event: 20487.020 Thread 0x00000212282931c0 Exception <a 'sun/nio/fs/WindowsException'{0x000000008c0bfbf0}> (0x000000008c0bfbf0) 
thrown [s\src\hotspot\share\prims\jni.cpp, line 517]
Event: 20487.025 Thread 0x000002121fc5d7f0 Exception <a 'java/lang/InterruptedException'{0x000000008bf56638}> (0x000000008bf56638) 
thrown [s\src\hotspot\share\runtime\objectMonitor.cpp, line 1648]
Event: 20487.042 Thread 0x00000212282931c0 Exception <a 'sun/nio/fs/WindowsException'{0x000000008bd39a40}> (0x000000008bd39a40) 
thrown [s\src\hotspot\share\prims\jni.cpp, line 517]
Event: 20496.434 Thread 0x00000212282931c0 Exception <a 'sun/nio/fs/WindowsException'{0x0000000092a14048}> (0x0000000092a14048) 
thrown [s\src\hotspot\share\prims\jni.cpp, line 517]
Event: 20496.434 Thread 0x00000212282931c0 Exception <a 'sun/nio/fs/WindowsException'{0x0000000092a15b88}> (0x0000000092a15b88) 
thrown [s\src\hotspot\share\prims\jni.cpp, line 517]
Event: 20496.434 Thread 0x00000212282931c0 Exception <a 'sun/nio/fs/WindowsException'{0x0000000092a175a8}> (0x0000000092a175a8) 
thrown [s\src\hotspot\share\prims\jni.cpp, line 517]
Event: 20496.531 Thread 0x000002121fc5d320 Exception <a 'sun/nio/fs/WindowsException'{0x0000000092bc5dd0}> (0x0000000092bc5dd0) 
thrown [s\src\hotspot\share\prims\jni.cpp, line 517]
Event: 20496.712 Thread 0x000002121fc5d320 Exception <a 'sun/nio/fs/WindowsException'{0x0000000091ddd9c8}> (0x0000000091ddd9c8) 
thrown [s\src\hotspot\share\prims\jni.cpp, line 517]
Event: 20496.763 Thread 0x000002121fc5d7f0 Exception <a 'sun/nio/fs/WindowsException'{0x0000000091b1c9c0}> (0x0000000091b1c9c0) 
thrown [s\src\hotspot\share\prims\jni.cpp, line 517]
Event: 20496.763 Thread 0x000002121fc5d7f0 Exception <a 'sun/nio/fs/WindowsException'{0x0000000091b1cba8}> (0x0000000091b1cba8) 
thrown [s\src\hotspot\share\prims\jni.cpp, line 517]
Event: 20496.786 Thread 0x000002121fc5d320 Exception <a 'sun/nio/fs/WindowsException'{0x0000000091b8e6b8}> (0x0000000091b8e6b8) 
thrown [s\src\hotspot\share\prims\jni.cpp, line 517]
Event: 20496.853 Thread 0x000002121fc5d320 Exception <a 'sun/nio/fs/WindowsException'{0x0000000091498220}> (0x0000000091498220) 
thrown [s\src\hotspot\share\prims\jni.cpp, line 517]

VM Operations (20 events):
Event: 19451.293 Executing VM operation: G1Concurrent done
Event: 19451.380 Executing VM operation: G1Concurrent
Event: 19451.381 Executing VM operation: G1Concurrent done
Event: 19452.418 Executing VM operation: Cleanup
Event: 19452.418 Executing VM operation: Cleanup done
Event: 19458.433 Executing VM operation: Cleanup
Event: 19458.433 Executing VM operation: Cleanup done
Event: 20484.141 Executing VM operation: Cleanup
Event: 20484.169 Executing VM operation: Cleanup done
Event: 20485.169 Executing VM operation: Cleanup
Event: 20485.170 Executing VM operation: Cleanup done
Event: 20486.170 Executing VM operation: Cleanup
Event: 20486.241 Executing VM operation: Cleanup done
Event: 20487.250 Executing VM operation: Cleanup
Event: 20487.250 Executing VM operation: Cleanup done
Event: 20496.365 Executing VM operation: G1CollectForAllocation
Event: 20496.404 Executing VM operation: G1CollectForAllocation done
Event: 20496.489 Executing VM operation: G1CollectForAllocation
Event: 20496.529 Executing VM operation: G1CollectForAllocation done
Event: 20496.976 Executing VM operation: G1TryInitiateConcMark

Events (20 events):
Event: 20484.256 Thread 0x000002121d2f13a0 Thread added: 0x000002121d2f13a0
Event: 20484.256 Thread 0x000002121d2f1870 Thread added: 0x000002121d2f1870
Event: 20484.257 Thread 0x00000212282949d0 Thread added: 0x00000212282949d0
Event: 20484.257 Thread 0x0000021228293b60 Thread added: 0x0000021228293b60
Event: 20484.257 Thread 0x00000212282901a0 Thread added: 0x00000212282901a0
Event: 20484.257 Thread 0x0000021228290670 Thread added: 0x0000021228290670
Event: 20484.257 Thread 0x0000021228295d10 Thread added: 0x0000021228295d10
Event: 20484.257 Thread 0x0000021228290b40 Thread added: 0x0000021228290b40
Event: 20484.375 Thread 0x0000021228292820 Thread added: 0x0000021228292820
Event: 20485.259 Thread 0x0000021228291e80 Thread added: 0x0000021228291e80
Event: 20485.267 Thread 0x00000212282931c0 Thread added: 0x00000212282931c0
Event: 20485.269 Thread 0x000002121fc5ce50 Thread added: 0x000002121fc5ce50
Event: 20486.832 Thread 0x000002121fc5d320 Thread added: 0x000002121fc5d320
Event: 20486.905 Thread 0x000002121fc5d7f0 Thread added: 0x000002121fc5d7f0
Event: 20487.040 Thread 0x000002121fc5e190 Thread added: 0x000002121fc5e190
Event: 20491.701 Thread 0x000002121fc60810 Thread added: 0x000002121fc60810
Event: 20496.408 Thread 0x000002121fc5d7f0 Thread exited: 0x000002121fc5d7f0
Event: 20496.485 Thread 0x000002121fc5d7f0 Thread added: 0x000002121fc5d7f0
Event: 20496.529 Thread 0x000002121fc58fc0 Thread added: 0x000002121fc58fc0
Event: 20496.957 Thread 0x000002121d2b3230 Thread added: 0x000002121d2b3230


Dynamic libraries:
0x00007ff7c75a0000 - 0x00007ff7c75aa000 	C:\Program Files\Android\Android Studio\jbr\bin\java.exe
0x00007fffc46d0000 - 0x00007fffc48c8000 	C:\Windows\SYSTEM32\ntdll.dll
0x00007fffc45c0000 - 0x00007fffc4682000 	C:\Windows\System32\KERNEL32.DLL
0x00007fffc1e10000 - 0x00007fffc210f000 	C:\Windows\System32\KERNELBASE.dll
0x00007fffc2540000 - 0x00007fffc2640000 	C:\Windows\System32\ucrtbase.dll
0x00007fffb8840000 - 0x00007fffb8857000 	C:\Program Files\Android\Android Studio\jbr\bin\jli.dll
0x00007fffc2d60000 - 0x00007fffc2efd000 	C:\Windows\System32\USER32.dll
0x00007fffc2380000 - 0x00007fffc23a2000 	C:\Windows\System32\win32u.dll
0x00007fffc3ca0000 - 0x00007fffc3ccb000 	C:\Windows\System32\GDI32.dll
0x00007fffc2260000 - 0x00007fffc237a000 	C:\Windows\System32\gdi32full.dll
0x00007fffc1d70000 - 0x00007fffc1e0d000 	C:\Windows\System32\msvcp_win.dll
0x00007fffb4350000 - 0x00007fffb436b000 	C:\Program Files\Android\Android Studio\jbr\bin\VCRUNTIME140.dll
0x00007fffaa8a0000 - 0x00007fffaab3a000 	C:\Windows\WinSxS\amd64_microsoft.windows.common-controls_6595b64144ccf1df_6.0.19041.4355_none_60b8b9eb71f62e16\COMCTL32.dll
0x00007fffc3da0000 - 0x00007fffc3e3e000 	C:\Windows\System32\msvcrt.dll
0x00007fffc2c10000 - 0x00007fffc2c3f000 	C:\Windows\System32\IMM32.DLL
0x00007fffbfae0000 - 0x00007fffbfaec000 	C:\Program Files\Android\Android Studio\jbr\bin\vcruntime140_1.dll
0x00007fffaa110000 - 0x00007fffaa19d000 	C:\Program Files\Android\Android Studio\jbr\bin\msvcp140.dll
0x00007fff8cb90000 - 0x00007fff8d7fe000 	C:\Program Files\Android\Android Studio\jbr\bin\server\jvm.dll
0x00007fffc2cb0000 - 0x00007fffc2d5f000 	C:\Windows\System32\ADVAPI32.dll
0x00007fffc3c00000 - 0x00007fffc3c9f000 	C:\Windows\System32\sechost.dll
0x00007fffc2ae0000 - 0x00007fffc2c03000 	C:\Windows\System32\RPCRT4.dll
0x00007fffc2510000 - 0x00007fffc2537000 	C:\Windows\System32\bcrypt.dll
0x00007fffb2420000 - 0x00007fffb2429000 	C:\Windows\SYSTEM32\WSOCK32.dll
0x00007fffc3410000 - 0x00007fffc347b000 	C:\Windows\System32\WS2_32.dll
0x00007fffb6db0000 - 0x00007fffb6dd7000 	C:\Windows\SYSTEM32\WINMM.dll
0x00007fffbfb80000 - 0x00007fffbfb8a000 	C:\Windows\SYSTEM32\VERSION.dll
0x00007fffbfdd0000 - 0x00007fffbfde2000 	C:\Windows\SYSTEM32\kernel.appcore.dll
0x00007fffb2350000 - 0x00007fffb235a000 	C:\Program Files\Android\Android Studio\jbr\bin\jimage.dll
0x00007fffa45e0000 - 0x00007fffa47c4000 	C:\Windows\SYSTEM32\DBGHELP.DLL
0x00007fffa45a0000 - 0x00007fffa45d4000 	C:\Windows\SYSTEM32\dbgcore.DLL
0x00007fffc2110000 - 0x00007fffc2192000 	C:\Windows\System32\bcryptPrimitives.dll
0x00007fffa3830000 - 0x00007fffa3855000 	C:\Program Files\Android\Android Studio\jbr\bin\java.dll
0x00007fffa4b60000 - 0x00007fffa4b78000 	C:\Program Files\Android\Android Studio\jbr\bin\zip.dll
0x00007fffc3e50000 - 0x00007fffc45bd000 	C:\Windows\System32\SHELL32.dll
0x00007fffbfdf0000 - 0x00007fffc0594000 	C:\Windows\SYSTEM32\windows.storage.dll
0x00007fffc2f00000 - 0x00007fffc3255000 	C:\Windows\System32\combase.dll
0x00007fffc16d0000 - 0x00007fffc16ff000 	C:\Windows\SYSTEM32\Wldp.dll
0x00007fffc27a0000 - 0x00007fffc286d000 	C:\Windows\System32\OLEAUT32.dll
0x00007fffc3cf0000 - 0x00007fffc3d9d000 	C:\Windows\System32\SHCORE.dll
0x00007fffc2c40000 - 0x00007fffc2c95000 	C:\Windows\System32\shlwapi.dll
0x00007fffc1ca0000 - 0x00007fffc1cc4000 	C:\Windows\SYSTEM32\profapi.dll
0x00007fffb3ea0000 - 0x00007fffb3eb9000 	C:\Program Files\Android\Android Studio\jbr\bin\net.dll
0x00007fffb7c70000 - 0x00007fffb7d7a000 	C:\Windows\SYSTEM32\WINHTTP.dll
0x00007fffc1430000 - 0x00007fffc149c000 	C:\Windows\system32\mswsock.dll
0x00007fffb3e80000 - 0x00007fffb3e96000 	C:\Program Files\Android\Android Studio\jbr\bin\nio.dll
0x00007fffb3e70000 - 0x00007fffb3e80000 	C:\Program Files\Android\Android Studio\jbr\bin\verify.dll
0x00007fffb25e0000 - 0x00007fffb2607000 	C:\Users\LENOVO\.gradle\native\68d5fa5c4cc2d200863cafc0d521ce42e7d3e7ee720ec0a83991735586a16f82\windows-amd64\native-platform.dll
0x00007fff94c10000 - 0x00007fff94d54000 	C:\Users\LENOVO\.gradle\native\e376f236ea51e6404a007f0833ffe2c6e607c4080706a723a18a27aeea778392\windows-amd64\native-platform-file-events.dll
0x00007fffbaf80000 - 0x00007fffbaf89000 	C:\Program Files\Android\Android Studio\jbr\bin\management.dll
0x00007fffbaf70000 - 0x00007fffbaf7b000 	C:\Program Files\Android\Android Studio\jbr\bin\management_ext.dll
0x00007fffc3e40000 - 0x00007fffc3e48000 	C:\Windows\System32\PSAPI.DLL
0x00007fffc1630000 - 0x00007fffc1648000 	C:\Windows\SYSTEM32\CRYPTSP.dll
0x00007fffc0d50000 - 0x00007fffc0d84000 	C:\Windows\system32\rsaenh.dll
0x00007fffc1c20000 - 0x00007fffc1c4e000 	C:\Windows\SYSTEM32\USERENV.dll
0x00007fffc1620000 - 0x00007fffc162c000 	C:\Windows\SYSTEM32\CRYPTBASE.dll
0x00007fffc1110000 - 0x00007fffc114b000 	C:\Windows\SYSTEM32\IPHLPAPI.DLL
0x00007fffc2ca0000 - 0x00007fffc2ca8000 	C:\Windows\System32\NSI.dll
0x00007fffb7d80000 - 0x00007fffb7d97000 	C:\Windows\SYSTEM32\dhcpcsvc6.DLL
0x00007fffb8370000 - 0x00007fffb838d000 	C:\Windows\SYSTEM32\dhcpcsvc.DLL
0x00007fffc1150000 - 0x00007fffc121a000 	C:\Windows\SYSTEM32\DNSAPI.dll
0x00007fffb8830000 - 0x00007fffb8837000 	C:\Windows\system32\wshunix.dll
0x00007fffbc3f0000 - 0x00007fffbc407000 	C:\Windows\system32\napinsp.dll
0x00007fffbc340000 - 0x00007fffbc35b000 	C:\Windows\system32\pnrpnsp.dll
0x00007fffbd6b0000 - 0x00007fffbd6c5000 	C:\Windows\system32\wshbth.dll
0x00007fffbbe80000 - 0x00007fffbbe9d000 	C:\Windows\system32\NLAapi.dll
0x00007fffbaf40000 - 0x00007fffbaf52000 	C:\Windows\System32\winrnr.dll
0x00007fffb2410000 - 0x00007fffb241a000 	C:\Windows\System32\rasadhlp.dll
0x00007fffb2fe0000 - 0x00007fffb3060000 	C:\Windows\System32\fwpuclnt.dll
0x00007fffb3f90000 - 0x00007fffb3fae000 	C:\Users\LENOVO\AppData\Local\Temp\native-platform16216447746360798687dir\native-platform.dll
0x00007fffb7160000 - 0x00007fffb7167000 	C:\Program Files\Android\Android Studio\jbr\bin\rmi.dll

dbghelp: loaded successfully - version: 4.0.5 - missing functions: none
symbol engine: initialized successfully - sym options: 0x614 - pdb path: .;C:\Program Files\Android\Android Studio\jbr\bin;C:\Windows\SYSTEM32;C:\Windows\WinSxS\amd64_microsoft.windows.common-controls_6595b64144ccf1df_6.0.19041.4355_none_60b8b9eb71f62e16;C:\Program Files\Android\Android Studio\jbr\bin\server;C:\Users\LENOVO\.gradle\native\68d5fa5c4cc2d200863cafc0d521ce42e7d3e7ee720ec0a83991735586a16f82\windows-amd64;C:\Users\LENOVO\.gradle\native\e376f236ea51e6404a007f0833ffe2c6e607c4080706a723a18a27aeea778392\windows-amd64;C:\Users\LENOVO\AppData\Local\Temp\native-platform16216447746360798687dir

VM Arguments:
jvm_args: --add-opens=java.base/java.util=ALL-UNNAMED --add-opens=java.base/java.lang=ALL-UNNAMED --add-opens=java.base/java.lang.invoke=ALL-UNNAMED --add-opens=java.prefs/java.util.prefs=ALL-UNNAMED --add-opens=java.base/java.nio.charset=ALL-UNNAMED --add-opens=java.base/java.net=ALL-UNNAMED --add-opens=java.base/java.util.concurrent.atomic=ALL-UNNAMED -Xmx2048m -Dfile.encoding=UTF-8 -Duser.country=ID -Duser.language=en -Duser.variant 
java_command: org.gradle.launcher.daemon.bootstrap.GradleDaemon 8.0
java_class_path (initial): C:\Users\LENOVO\.gradle\wrapper\dists\gradle-8.0-bin\ca5e32bp14vu59qr306oxotwh\gradle-8.0\lib\gradle-launcher-8.0.jar
Launcher Type: SUN_STANDARD

[Global flags]
     intx CICompilerCount                          = 2                                         {product} {ergonomic}
     uint ConcGCThreads                            = 1                                         {product} {ergonomic}
     uint G1ConcRefinementThreads                  = 2                                         {product} {ergonomic}
   size_t G1HeapRegionSize                         = 1048576                                   {product} {ergonomic}
    uintx GCDrainStackTargetSize                   = 64                                        {product} {ergonomic}
   size_t InitialHeapSize                          = 192937984                                 {product} {ergonomic}
   size_t MarkStackSize                            = 4194304                                   {product} {ergonomic}
   size_t MaxHeapSize                              = 2147483648                                {product} {command line}
   size_t MaxNewSize                               = 1287651328                                {product} {ergonomic}
   size_t MinHeapDeltaBytes                        = 1048576                                   {product} {ergonomic}
   size_t MinHeapSize                              = 8388608                                   {product} {ergonomic}
    uintx NonNMethodCodeHeapSize                   = 5826188                                {pd product} {ergonomic}
    uintx NonProfiledCodeHeapSize                  = 122916026                              {pd product} {ergonomic}
    uintx ProfiledCodeHeapSize                     = 122916026                              {pd product} {ergonomic}
    uintx ReservedCodeCacheSize                    = 251658240                              {pd product} {ergonomic}
     bool SegmentedCodeCache                       = true                                      {product} {ergonomic}
   size_t SoftMaxHeapSize                          = 2147483648                             {manageable} {ergonomic}
     bool UseCompressedClassPointers               = true                           {product lp64_product} {ergonomic}
     bool UseCompressedOops                        = true                           {product lp64_product} {ergonomic}
     bool UseG1GC                                  = true                                      {product} {ergonomic}
     bool UseLargePagesIndividualAllocation        = false                                  {pd product} {ergonomic}

Logging:
Log output configuration:
 #0: stdout all=warning uptime,level,tags
 #1: stderr all=off uptime,level,tags

Environment Variables:
JAVA_HOME=C:\Program Files\Java\jdk1.8.0_202
PATH=C:\Program Files\Java\jdk1.8.0_202\bin;C:\Program Files (x86)\Common Files\Oracle\Java\javapath;C:\Windows\system32;C:\Windows;C:\Windows\System32\Wbem;C:\Windows\System32\WindowsPowerShell\v1.0\;C:\Windows\System32\OpenSSH\;C:\Program Files (x86)\Rational\common;C:\Program Files\IBM\SPSS\Statistics\25\JRE\bin;C:\laragon\bin\php\php;C:\composer;C:\Program Files\Git\cmd;C:\Program Files\kotlinc\bin;C:\Users\LENOVO\AppData\Local\Programs\Python\Python311\Scripts\;C:\Users\LENOVO\AppData\Local\Programs\Python\Python311\;C:\Users\LENOVO\AppData\Local\Microsoft\WindowsApps;C:\Users\LENOVO\AppData\Local\Programs\Microsoft VS Code\bin;C:\Program Files\JetBrains\IntelliJ IDEA 2023.2\bin;C:\Program Files\kotlinc;;C:\Users\LENOVO\AppData\Local\JetBrains\IntelliJ IDEA Community Edition 2023.2.1\bin;;C:\Users\LENOVO\AppData\Roaming\Composer\vendor\bin;C:\Program Files\kotlinc;
USERNAME=DZAKY
OS=Windows_NT
PROCESSOR_IDENTIFIER=AMD64 Family 21 Model 112 Stepping 0, AuthenticAMD
TMP=C:\Users\LENOVO\AppData\Local\Temp
TEMP=C:\Users\LENOVO\AppData\Local\Temp


JNI global refs:
JNI global refs: 25, weak refs: 17

JNI global refs memory usage: 843, weak refs: 841


---------------  S Y S T E M  ---------------

OS:
 Windows 10 , 64 bit Build 19041 (10.0.19041.5438)
OS uptime: 7 days 1:41 hours

CPU: total 2 (initial active 2) (2 cores per cpu, 1 threads per core) family 21 model 112 stepping 0 microcode 0x0, cx8, cmov, fxsr, mmx, 3dnowpref, sse, sse2, sse3, ssse3, sse4a, sse4.1, sse4.2, popcnt, lzcnt, tsc, tscinvbit, avx, avx2, aes, clmul, bmi1, bmi2, fma, vzeroupper, clflush

Memory: 4k page, system-wide physical 11680M (2993M free)
TotalPageFile size 11680M (AvailPageFile size 470M)
current process WorkingSet (physical memory assigned to process): 554M, peak: 602M
current process commit charge ("private bytes"): 666M, peak: 1263M

vm_info: OpenJDK 64-Bit Server VM (17.0.6+0-b2043.56-10027231) for windows-amd64 JRE (17.0.6+0-b2043.56-10027231), built on Apr 28 2023 00:43:19 by "androidbuild" with MS VC++ 16.10 / 16.11 (VS2019)

END.
