#
# There is insufficient memory for the Java Runtime Environment to continue.
# Native memory allocation (malloc) failed to allocate 2546208 bytes for Chunk::new
# Possible reasons:
#   The system is out of physical RAM or swap space
#   The process is running with CompressedOops enabled, and the Java Heap may be blocking the growth of the native heap
# Possible solutions:
#   Reduce memory load on the system
#   Increase physical memory or swap space
#   Check if swap backing store is full
#   Decrease Java heap size (-Xmx/-Xms)
#   Decrease number of Java threads
#   Decrease Java thread stack sizes (-Xss)
#   Set larger code cache with -XX:ReservedCodeCacheSize=
#   JVM is running with Zero Based Compressed Oops mode in which the Java heap is
#     placed in the first 32GB address space. The Java Heap base address is the
#     maximum limit for the native heap growth. Please use -XX:HeapBaseMinAddress
#     to set the Java Heap base and to place the Java Heap above 32GB virtual address.
# This output file may be truncated or incomplete.
#
#  Out of Memory Error (arena.cpp:189), pid=4456, tid=2736
#
# JRE version: OpenJDK Runtime Environment (17.0.6) (build 17.0.6+0-b2043.56-10027231)
# Java VM: OpenJDK 64-Bit Server VM (17.0.6+0-b2043.56-10027231, mixed mode, tiered, compressed oops, compressed class ptrs, g1 gc, windows-amd64)
# No core dump will be written. Minidumps are not enabled by default on client versions of Windows
#

---------------  S U M M A R Y ------------

Command Line: org.jetbrains.kotlin.cli.jvm.K2JVMCompiler @G:\Skripsi\WidyaAksara\app\build\20250415_14631059392817220850.compiler.options

Host: AMD A9-9420 RADEON R5, 5 COMPUTE CORES 2C+3G   , 2 cores, 11G,  Windows 10 , 64 bit Build 19041 (10.0.19041.5678)
Time: Tue Apr 15 11:40:40 2025 SE Asia Standard Time elapsed time: 24.703458 seconds (0d 0h 0m 24s)

---------------  T H R E A D  ---------------

Current thread (0x000001daa9071300):  JavaThread "C2 CompilerThread0" daemon [_thread_in_native, id=2736, stack(0x000000ac3f800000,0x000000ac3f900000)]


Current CompileTask:
C2:  24703 8443       4       org.jetbrains.kotlin.descriptors.impl.FunctionDescriptorImpl::doSubstitute (995 bytes)

Stack: [0x000000ac3f800000,0x000000ac3f900000]
Native frames: (J=compiled Java code, j=interpreted, Vv=VM code, C=native code)
V  [jvm.dll+0x683c9a]
V  [jvm.dll+0x8427a4]
V  [jvm.dll+0x843f9e]
V  [jvm.dll+0x844603]
V  [jvm.dll+0x249b75]
V  [jvm.dll+0xabcac]
V  [jvm.dll+0xac27c]
V  [jvm.dll+0x368857]
V  [jvm.dll+0x332f31]
V  [jvm.dll+0x3323da]
V  [jvm.dll+0x21c201]
V  [jvm.dll+0x21b621]
V  [jvm.dll+0x1a4fdd]
V  [jvm.dll+0x22b098]
V  [jvm.dll+0x229159]
V  [jvm.dll+0x7f81ec]
V  [jvm.dll+0x7f274a]
V  [jvm.dll+0x682ad5]
C  [ucrtbase.dll+0x21bb2]
C  [KERNEL32.DLL+0x17374]
C  [ntdll.dll+0x4cc91]


---------------  P R O C E S S  ---------------

Threads class SMR info:
_java_thread_list=0x000001daa921de90, length=12, elements={
0x000001da8d343830, 0x000001daa903b270, 0x000001daa903bff0, 0x000001daa9069c80,
0x000001daa906da60, 0x000001daa906e320, 0x000001daa906ebe0, 0x000001daa9071300,
0x000001daa908caa0, 0x000001daa908f7a0, 0x000001daa920b510, 0x000001daa9221020
}

Java Threads: ( => current thread )
  0x000001da8d343830 JavaThread "main" [_thread_in_vm, id=11828, stack(0x000000ac3eb00000,0x000000ac3ec00000)]
  0x000001daa903b270 JavaThread "Reference Handler" daemon [_thread_blocked, id=6988, stack(0x000000ac3f200000,0x000000ac3f300000)]
  0x000001daa903bff0 JavaThread "Finalizer" daemon [_thread_blocked, id=3216, stack(0x000000ac3f300000,0x000000ac3f400000)]
  0x000001daa9069c80 JavaThread "Signal Dispatcher" daemon [_thread_blocked, id=7940, stack(0x000000ac3f400000,0x000000ac3f500000)]
  0x000001daa906da60 JavaThread "Attach Listener" daemon [_thread_blocked, id=12116, stack(0x000000ac3f500000,0x000000ac3f600000)]
  0x000001daa906e320 JavaThread "Service Thread" daemon [_thread_blocked, id=10104, stack(0x000000ac3f600000,0x000000ac3f700000)]
  0x000001daa906ebe0 JavaThread "Monitor Deflation Thread" daemon [_thread_blocked, id=12152, stack(0x000000ac3f700000,0x000000ac3f800000)]
=>0x000001daa9071300 JavaThread "C2 CompilerThread0" daemon [_thread_in_native, id=2736, stack(0x000000ac3f800000,0x000000ac3f900000)]
  0x000001daa908caa0 JavaThread "C1 CompilerThread0" daemon [_thread_blocked, id=7796, stack(0x000000ac3f900000,0x000000ac3fa00000)]
  0x000001daa908f7a0 JavaThread "Sweeper thread" daemon [_thread_blocked, id=5932, stack(0x000000ac3fa00000,0x000000ac3fb00000)]
  0x000001daa920b510 JavaThread "Notification Thread" daemon [_thread_blocked, id=2176, stack(0x000000ac3fb00000,0x000000ac3fc00000)]
  0x000001daa9221020 JavaThread "Common-Cleaner" daemon [_thread_blocked, id=7164, stack(0x000000ac3fd00000,0x000000ac3fe00000)]

Other Threads:
  0x000001daa9017440 VMThread "VM Thread" [stack: 0x000000ac3f100000,0x000000ac3f200000] [id=9696]
  0x000001daa8650cb0 WatcherThread [stack: 0x000000ac3fc00000,0x000000ac3fd00000] [id=4500]
  0x000001da8d3984f0 GCTaskThread "GC Thread#0" [stack: 0x000000ac3ec00000,0x000000ac3ed00000] [id=9144]
  0x000001daa95832a0 GCTaskThread "GC Thread#1" [stack: 0x000000ac3fe00000,0x000000ac3ff00000] [id=11104]
  0x000001da8d3a49d0 ConcurrentGCThread "G1 Main Marker" [stack: 0x000000ac3ed00000,0x000000ac3ee00000] [id=8324]
  0x000001da8d3a5a90 ConcurrentGCThread "G1 Conc#0" [stack: 0x000000ac3ee00000,0x000000ac3ef00000] [id=4196]
  0x000001da8d40e900 ConcurrentGCThread "G1 Refine#0" [stack: 0x000000ac3ef00000,0x000000ac3f000000] [id=10648]
  0x000001daaae2ac60 ConcurrentGCThread "G1 Refine#1" [stack: 0x000000ac3ff00000,0x000000ac40000000] [id=8084]
  0x000001daa851a360 ConcurrentGCThread "G1 Service" [stack: 0x000000ac3f000000,0x000000ac3f100000] [id=9648]

Threads with active compile tasks:
C2 CompilerThread0    24731 8443       4       org.jetbrains.kotlin.descriptors.impl.FunctionDescriptorImpl::doSubstitute (995 bytes)

VM state: not at safepoint (normal execution)

VM Mutex/Monitor currently owned by a thread: None

Heap address: 0x0000000749600000, size: 2922 MB, Compressed Oops mode: Zero based, Oop shift amount: 3

CDS archive(s) not mapped
Compressed class space mapped at: 0x0000000800000000-0x0000000840000000, reserved size: 1073741824
Narrow klass base: 0x0000000800000000, Narrow klass shift: 0, Narrow klass range: 0x40000000

GC Precious Log:
 CPUs: 2 total, 2 available
 Memory: 11680M
 Large Page Support: Disabled
 NUMA Support: Disabled
 Compressed Oops: Enabled (Zero based)
 Heap Region Size: 2M
 Heap Min Capacity: 8M
 Heap Initial Capacity: 184M
 Heap Max Capacity: 2922M
 Pre-touch: Disabled
 Parallel Workers: 2
 Concurrent Workers: 1
 Concurrent Refinement Workers: 2
 Periodic GC: Disabled

Heap:
 garbage-first heap   total 126976K, used 100990K [0x0000000749600000, 0x0000000800000000)
  region size 2048K, 20 young (40960K), 1 survivors (2048K)
 Metaspace       used 62703K, committed 62976K, reserved 1105920K
  class space    used 7207K, committed 7360K, reserved 1048576K

Heap Regions: E=young(eden), S=young(survivor), O=old, HS=humongous(starts), HC=humongous(continues), CS=collection set, F=free, OA=open archive, CA=closed archive, TAMS=top-at-mark-start (previous, next)
|   0|0x0000000749600000, 0x0000000749800000, 0x0000000749800000|100%|HS|  |TAMS 0x0000000749800000, 0x0000000749600000| Complete 
|   1|0x0000000749800000, 0x0000000749a00000, 0x0000000749a00000|100%|HC|  |TAMS 0x0000000749a00000, 0x0000000749800000| Complete 
|   2|0x0000000749a00000, 0x0000000749c00000, 0x0000000749c00000|100%| O|  |TAMS 0x0000000749c00000, 0x0000000749a00000| Untracked 
|   3|0x0000000749c00000, 0x0000000749e00000, 0x0000000749e00000|100%|HS|  |TAMS 0x0000000749e00000, 0x0000000749c00000| Complete 
|   4|0x0000000749e00000, 0x000000074a000000, 0x000000074a000000|100%|HC|  |TAMS 0x000000074a000000, 0x0000000749e00000| Complete 
|   5|0x000000074a000000, 0x000000074a200000, 0x000000074a200000|100%| O|  |TAMS 0x000000074a200000, 0x000000074a000000| Untracked 
|   6|0x000000074a200000, 0x000000074a400000, 0x000000074a400000|100%| O|  |TAMS 0x000000074a400000, 0x000000074a200000| Untracked 
|   7|0x000000074a400000, 0x000000074a600000, 0x000000074a600000|100%| O|  |TAMS 0x000000074a600000, 0x000000074a400000| Untracked 
|   8|0x000000074a600000, 0x000000074a800000, 0x000000074a800000|100%|HS|  |TAMS 0x000000074a800000, 0x000000074a600000| Complete 
|   9|0x000000074a800000, 0x000000074aa00000, 0x000000074aa00000|100%| O|  |TAMS 0x000000074aa00000, 0x000000074a800000| Untracked 
|  10|0x000000074aa00000, 0x000000074ac00000, 0x000000074ac00000|100%| O|  |TAMS 0x000000074ac00000, 0x000000074aa00000| Untracked 
|  11|0x000000074ac00000, 0x000000074ae00000, 0x000000074ae00000|100%| O|  |TAMS 0x000000074ae00000, 0x000000074ac00000| Untracked 
|  12|0x000000074ae00000, 0x000000074b000000, 0x000000074b000000|100%| O|  |TAMS 0x000000074b000000, 0x000000074ae00000| Untracked 
|  13|0x000000074b000000, 0x000000074b200000, 0x000000074b200000|100%| O|  |TAMS 0x000000074b200000, 0x000000074b000000| Untracked 
|  14|0x000000074b200000, 0x000000074b400000, 0x000000074b400000|100%| O|  |TAMS 0x000000074b400000, 0x000000074b200000| Untracked 
|  15|0x000000074b400000, 0x000000074b600000, 0x000000074b600000|100%| O|  |TAMS 0x000000074b600000, 0x000000074b400000| Untracked 
|  16|0x000000074b600000, 0x000000074b800000, 0x000000074b800000|100%| O|  |TAMS 0x000000074b800000, 0x000000074b600000| Untracked 
|  17|0x000000074b800000, 0x000000074ba00000, 0x000000074ba00000|100%| O|  |TAMS 0x000000074ba00000, 0x000000074b800000| Untracked 
|  18|0x000000074ba00000, 0x000000074bc00000, 0x000000074bc00000|100%| O|  |TAMS 0x000000074bc00000, 0x000000074ba00000| Untracked 
|  19|0x000000074bc00000, 0x000000074be00000, 0x000000074be00000|100%| O|  |TAMS 0x000000074be00000, 0x000000074bc00000| Untracked 
|  20|0x000000074be00000, 0x000000074c000000, 0x000000074c000000|100%| O|  |TAMS 0x000000074c000000, 0x000000074be00000| Untracked 
|  21|0x000000074c000000, 0x000000074c200000, 0x000000074c200000|100%| O|  |TAMS 0x000000074c200000, 0x000000074c000000| Untracked 
|  22|0x000000074c200000, 0x000000074c400000, 0x000000074c400000|100%| O|  |TAMS 0x000000074c400000, 0x000000074c200000| Untracked 
|  23|0x000000074c400000, 0x000000074c600000, 0x000000074c600000|100%| O|  |TAMS 0x000000074c600000, 0x000000074c400000| Untracked 
|  24|0x000000074c600000, 0x000000074c800000, 0x000000074c800000|100%| O|  |TAMS 0x000000074c800000, 0x000000074c600000| Untracked 
|  25|0x000000074c800000, 0x000000074ca00000, 0x000000074ca00000|100%| O|  |TAMS 0x000000074ca00000, 0x000000074c800000| Untracked 
|  26|0x000000074ca00000, 0x000000074cc00000, 0x000000074cc00000|100%| O|  |TAMS 0x000000074cc00000, 0x000000074ca00000| Untracked 
|  27|0x000000074cc00000, 0x000000074ce00000, 0x000000074ce00000|100%| O|  |TAMS 0x000000074ce00000, 0x000000074cc00000| Untracked 
|  28|0x000000074ce00000, 0x000000074d000000, 0x000000074d000000|100%| O|  |TAMS 0x000000074d000000, 0x000000074ce00000| Untracked 
|  29|0x000000074d000000, 0x000000074d16a800, 0x000000074d200000| 70%| O|  |TAMS 0x000000074d16a800, 0x000000074d000000| Untracked 
|  30|0x000000074d200000, 0x000000074d200000, 0x000000074d400000|  0%| F|  |TAMS 0x000000074d200000, 0x000000074d200000| Untracked 
|  31|0x000000074d400000, 0x000000074d400000, 0x000000074d600000|  0%| F|  |TAMS 0x000000074d400000, 0x000000074d400000| Untracked 
|  32|0x000000074d600000, 0x000000074d600000, 0x000000074d800000|  0%| F|  |TAMS 0x000000074d600000, 0x000000074d600000| Untracked 
|  33|0x000000074d800000, 0x000000074d800000, 0x000000074da00000|  0%| F|  |TAMS 0x000000074d800000, 0x000000074d800000| Untracked 
|  34|0x000000074da00000, 0x000000074da00000, 0x000000074dc00000|  0%| F|  |TAMS 0x000000074da00000, 0x000000074da00000| Untracked 
|  35|0x000000074dc00000, 0x000000074dc00000, 0x000000074de00000|  0%| F|  |TAMS 0x000000074dc00000, 0x000000074dc00000| Untracked 
|  36|0x000000074de00000, 0x000000074de00000, 0x000000074e000000|  0%| F|  |TAMS 0x000000074de00000, 0x000000074de00000| Untracked 
|  37|0x000000074e000000, 0x000000074e000000, 0x000000074e200000|  0%| F|  |TAMS 0x000000074e000000, 0x000000074e000000| Untracked 
|  38|0x000000074e200000, 0x000000074e200000, 0x000000074e400000|  0%| F|  |TAMS 0x000000074e200000, 0x000000074e200000| Untracked 
|  39|0x000000074e400000, 0x000000074e400000, 0x000000074e600000|  0%| F|  |TAMS 0x000000074e400000, 0x000000074e400000| Untracked 
|  40|0x000000074e600000, 0x000000074e600000, 0x000000074e800000|  0%| F|  |TAMS 0x000000074e600000, 0x000000074e600000| Untracked 
|  41|0x000000074e800000, 0x000000074e935290, 0x000000074ea00000| 60%| S|CS|TAMS 0x000000074e800000, 0x000000074e800000| Complete 
|  42|0x000000074ea00000, 0x000000074ec00000, 0x000000074ec00000|100%| E|  |TAMS 0x000000074ea00000, 0x000000074ea00000| Complete 
|  43|0x000000074ec00000, 0x000000074ee00000, 0x000000074ee00000|100%| E|CS|TAMS 0x000000074ec00000, 0x000000074ec00000| Complete 
|  44|0x000000074ee00000, 0x000000074f000000, 0x000000074f000000|100%| E|CS|TAMS 0x000000074ee00000, 0x000000074ee00000| Complete 
|  45|0x000000074f000000, 0x000000074f200000, 0x000000074f200000|100%| E|CS|TAMS 0x000000074f000000, 0x000000074f000000| Complete 
|  46|0x000000074f200000, 0x000000074f400000, 0x000000074f400000|100%| E|CS|TAMS 0x000000074f200000, 0x000000074f200000| Complete 
|  47|0x000000074f400000, 0x000000074f600000, 0x000000074f600000|100%| E|CS|TAMS 0x000000074f400000, 0x000000074f400000| Complete 
|  48|0x000000074f600000, 0x000000074f800000, 0x000000074f800000|100%| E|CS|TAMS 0x000000074f600000, 0x000000074f600000| Complete 
|  49|0x000000074f800000, 0x000000074fa00000, 0x000000074fa00000|100%| E|CS|TAMS 0x000000074f800000, 0x000000074f800000| Complete 
|  50|0x000000074fa00000, 0x000000074fc00000, 0x000000074fc00000|100%| E|CS|TAMS 0x000000074fa00000, 0x000000074fa00000| Complete 
|  51|0x000000074fc00000, 0x000000074fe00000, 0x000000074fe00000|100%| E|CS|TAMS 0x000000074fc00000, 0x000000074fc00000| Complete 
|  52|0x000000074fe00000, 0x0000000750000000, 0x0000000750000000|100%| E|CS|TAMS 0x000000074fe00000, 0x000000074fe00000| Complete 
|  53|0x0000000750000000, 0x0000000750200000, 0x0000000750200000|100%| E|CS|TAMS 0x0000000750000000, 0x0000000750000000| Complete 
|  54|0x0000000750200000, 0x0000000750400000, 0x0000000750400000|100%| E|CS|TAMS 0x0000000750200000, 0x0000000750200000| Complete 
|  55|0x0000000750400000, 0x0000000750600000, 0x0000000750600000|100%| E|CS|TAMS 0x0000000750400000, 0x0000000750400000| Complete 
|  56|0x0000000750600000, 0x0000000750800000, 0x0000000750800000|100%| E|CS|TAMS 0x0000000750600000, 0x0000000750600000| Complete 
|  57|0x0000000750800000, 0x0000000750a00000, 0x0000000750a00000|100%| E|CS|TAMS 0x0000000750800000, 0x0000000750800000| Complete 
|  58|0x0000000750a00000, 0x0000000750c00000, 0x0000000750c00000|100%| E|CS|TAMS 0x0000000750a00000, 0x0000000750a00000| Complete 
|  59|0x0000000750c00000, 0x0000000750e00000, 0x0000000750e00000|100%| E|CS|TAMS 0x0000000750c00000, 0x0000000750c00000| Complete 
|  76|0x0000000752e00000, 0x0000000753000000, 0x0000000753000000|100%| E|CS|TAMS 0x0000000752e00000, 0x0000000752e00000| Complete 
|1460|0x00000007ffe00000, 0x0000000800000000, 0x0000000800000000|100%| O|  |TAMS 0x0000000800000000, 0x00000007ffe00000| Untracked 

Card table byte_map: [0x000001da9fdd0000,0x000001daa0390000] _byte_map_base: 0x000001da9c385000

Marking Bits (Prev, Next): (CMBitMap*) 0x000001da8d398a10, (CMBitMap*) 0x000001da8d398a50
 Prev Bits: [0x000001daa0950000, 0x000001daa36f8000)
 Next Bits: [0x000001daa3700000, 0x000001daa64a8000)

Polling page: 0x000001da8b150000

Metaspace:

Usage:
  Non-class:     54.20 MB used.
      Class:      7.04 MB used.
       Both:     61.23 MB used.

Virtual space:
  Non-class space:       56.00 MB reserved,      54.31 MB ( 97%) committed,  7 nodes.
      Class space:        1.00 GB reserved,       7.19 MB ( <1%) committed,  1 nodes.
             Both:        1.05 GB reserved,      61.50 MB (  6%) committed. 

Chunk freelists:
   Non-Class:  960.00 KB
       Class:  807.00 KB
        Both:  1.73 MB

MaxMetaspaceSize: unlimited
CompressedClassSpaceSize: 1.00 GB
Initial GC threshold: 21.00 MB
Current GC threshold: 96.50 MB
CDS: off
MetaspaceReclaimPolicy: balanced
 - commit_granule_bytes: 65536.
 - commit_granule_words: 8192.
 - virtual_space_node_default_size: 1048576.
 - enlarge_chunks_in_place: 1.
 - new_chunks_are_fully_committed: 0.
 - uncommit_free_chunks: 1.
 - use_allocation_guard: 0.
 - handle_deallocations: 1.


Internal statistics:

num_allocs_failed_limit: 9.
num_arena_births: 308.
num_arena_deaths: 0.
num_vsnodes_births: 8.
num_vsnodes_deaths: 0.
num_space_committed: 982.
num_space_uncommitted: 0.
num_chunks_returned_to_freelist: 9.
num_chunks_taken_from_freelist: 2216.
num_chunk_merges: 6.
num_chunk_splits: 1770.
num_chunks_enlarged: 1548.
num_purges: 0.
num_inconsistent_stats: 0.

CodeHeap 'non-profiled nmethods': size=120064Kb used=3615Kb max_used=3615Kb free=116448Kb
 bounds [0x000001da982d0000, 0x000001da98660000, 0x000001da9f810000]
CodeHeap 'profiled nmethods': size=120000Kb used=18970Kb max_used=18970Kb free=101029Kb
 bounds [0x000001da90810000, 0x000001da91aa0000, 0x000001da97d40000]
CodeHeap 'non-nmethods': size=5696Kb used=1308Kb max_used=1353Kb free=4387Kb
 bounds [0x000001da97d40000, 0x000001da97fb0000, 0x000001da982d0000]
 total_blobs=8284 nmethods=7659 adapters=537
 compilation: enabled
              stopped_count=0, restarted_count=0
 full_count=0

Compilation events (20 events):
Event: 24.690 Thread 0x000001daa908caa0 8622       2       org.jetbrains.kotlin.load.kotlin.AbstractBinaryClassAnnotationAndConstantLoader$loadAnnotationsAndInitializers$1$MemberAnnotationVisitor::<init> (32 bytes)
Event: 24.691 Thread 0x000001daa908caa0 nmethod 8622 0x000001da91a8eb10 code [0x000001da91a8ed00, 0x000001da91a8f1d8]
Event: 24.691 Thread 0x000001daa908caa0 8623       2       org.jetbrains.kotlin.load.kotlin.AbstractBinaryClassAnnotationAndConstantLoader$loadAnnotationsAndInitializers$1$MemberAnnotationVisitor::visitEnd (48 bytes)
Event: 24.692 Thread 0x000001daa908caa0 nmethod 8623 0x000001da91a8f410 code [0x000001da91a8f5c0, 0x000001da91a8f748]
Event: 24.692 Thread 0x000001daa908caa0 8624       1       org.jetbrains.kotlin.load.kotlin.AbstractBinaryClassAnnotationAndConstantLoader$loadAnnotationsAndInitializers$1$MemberAnnotationVisitor::getSignature (5 bytes)
Event: 24.693 Thread 0x000001daa908caa0 nmethod 8624 0x000001da98657090 code [0x000001da98657220, 0x000001da986572f8]
Event: 24.693 Thread 0x000001daa908caa0 8625       1       org.jetbrains.kotlin.load.kotlin.MemberSignature::getSignature (5 bytes)
Event: 24.693 Thread 0x000001daa908caa0 nmethod 8625 0x000001da98657390 code [0x000001da98657520, 0x000001da986575f8]
Event: 24.693 Thread 0x000001daa908caa0 8626       2       org.jetbrains.kotlin.load.kotlin.FileBasedKotlinClass::access$300 (6 bytes)
Event: 24.693 Thread 0x000001daa908caa0 nmethod 8626 0x000001da91a8f890 code [0x000001da91a8fa20, 0x000001da91a8fb28]
Event: 24.693 Thread 0x000001daa908caa0 8627       2       org.jetbrains.kotlin.load.kotlin.MemberSignature$Companion::fromMethodNameAndDesc (39 bytes)
Event: 24.694 Thread 0x000001daa908caa0 nmethod 8627 0x000001da91a8fc10 code [0x000001da91a8fe80, 0x000001da91a904e8]
Event: 24.695 Thread 0x000001daa908caa0 8628       2       org.jetbrains.kotlin.load.kotlin.FileBasedKotlinClass$4::visitMethod (61 bytes)
Event: 24.696 Thread 0x000001daa908caa0 nmethod 8628 0x000001da91a90890 code [0x000001da91a90aa0, 0x000001da91a90f28]
Event: 24.696 Thread 0x000001daa908caa0 8629       2       org.jetbrains.kotlin.load.kotlin.AbstractBinaryClassAnnotationAndConstantLoader$loadAnnotationsAndInitializers$1$AnnotationVisitorForMethod::<init> (18 bytes)
Event: 24.697 Thread 0x000001daa908caa0 nmethod 8629 0x000001da91a91190 code [0x000001da91a913c0, 0x000001da91a91a98]
Event: 24.697 Thread 0x000001daa908caa0 8630       2       org.jetbrains.kotlin.load.kotlin.FileBasedKotlinClass$4$2::visitEnd (10 bytes)
Event: 24.698 Thread 0x000001daa908caa0 nmethod 8630 0x000001da91a91d90 code [0x000001da91a91f40, 0x000001da91a920a8]
Event: 24.698 Thread 0x000001daa908caa0 8631       2       org.jetbrains.kotlin.load.kotlin.AbstractBinaryClassAnnotationAndConstantLoader$loadAnnotationsAndInitializers$1$MemberAnnotationVisitor::visitAnnotation (32 bytes)
Event: 24.699 Thread 0x000001daa908caa0 nmethod 8631 0x000001da91a92190 code [0x000001da91a923c0, 0x000001da91a92868]

GC Heap History (20 events):
Event: 10.372 GC heap before
{Heap before GC invocations=12 (full 0):
 garbage-first heap   total 96256K, used 69928K [0x0000000749600000, 0x0000000800000000)
  region size 2048K, 20 young (40960K), 1 survivors (2048K)
 Metaspace       used 50152K, committed 50368K, reserved 1097728K
  class space    used 5960K, committed 6080K, reserved 1048576K
}
Event: 10.386 GC heap after
{Heap after GC invocations=13 (full 0):
 garbage-first heap   total 96256K, used 34490K [0x0000000749600000, 0x0000000800000000)
  region size 2048K, 3 young (6144K), 3 survivors (6144K)
 Metaspace       used 50152K, committed 50368K, reserved 1097728K
  class space    used 5960K, committed 6080K, reserved 1048576K
}
Event: 13.374 GC heap before
{Heap before GC invocations=14 (full 0):
 garbage-first heap   total 96256K, used 69306K [0x0000000749600000, 0x0000000800000000)
  region size 2048K, 20 young (40960K), 3 survivors (6144K)
 Metaspace       used 54754K, committed 54976K, reserved 1097728K
  class space    used 6410K, committed 6528K, reserved 1048576K
}
Event: 13.404 GC heap after
{Heap after GC invocations=15 (full 0):
 garbage-first heap   total 96256K, used 40389K [0x0000000749600000, 0x0000000800000000)
  region size 2048K, 3 young (6144K), 3 survivors (6144K)
 Metaspace       used 54754K, committed 54976K, reserved 1097728K
  class space    used 6410K, committed 6528K, reserved 1048576K
}
Event: 16.306 GC heap before
{Heap before GC invocations=15 (full 0):
 garbage-first heap   total 96256K, used 71109K [0x0000000749600000, 0x0000000800000000)
  region size 2048K, 18 young (36864K), 3 survivors (6144K)
 Metaspace       used 58194K, committed 58432K, reserved 1105920K
  class space    used 6758K, committed 6912K, reserved 1048576K
}
Event: 16.335 GC heap after
{Heap after GC invocations=16 (full 0):
 garbage-first heap   total 96256K, used 45720K [0x0000000749600000, 0x0000000800000000)
  region size 2048K, 3 young (6144K), 3 survivors (6144K)
 Metaspace       used 58194K, committed 58432K, reserved 1105920K
  class space    used 6758K, committed 6912K, reserved 1048576K
}
Event: 18.066 GC heap before
{Heap before GC invocations=16 (full 0):
 garbage-first heap   total 96256K, used 72344K [0x0000000749600000, 0x0000000800000000)
  region size 2048K, 16 young (32768K), 3 survivors (6144K)
 Metaspace       used 58598K, committed 58880K, reserved 1105920K
  class space    used 6773K, committed 6912K, reserved 1048576K
}
Event: 18.091 GC heap after
{Heap after GC invocations=17 (full 0):
 garbage-first heap   total 96256K, used 50684K [0x0000000749600000, 0x0000000800000000)
  region size 2048K, 2 young (4096K), 2 survivors (4096K)
 Metaspace       used 58598K, committed 58880K, reserved 1105920K
  class space    used 6773K, committed 6912K, reserved 1048576K
}
Event: 18.708 GC heap before
{Heap before GC invocations=17 (full 0):
 garbage-first heap   total 96256K, used 73212K [0x0000000749600000, 0x0000000800000000)
  region size 2048K, 13 young (26624K), 2 survivors (4096K)
 Metaspace       used 58747K, committed 59072K, reserved 1105920K
  class space    used 6781K, committed 6912K, reserved 1048576K
}
Event: 18.731 GC heap after
{Heap after GC invocations=18 (full 0):
 garbage-first heap   total 126976K, used 55296K [0x0000000749600000, 0x0000000800000000)
  region size 2048K, 2 young (4096K), 2 survivors (4096K)
 Metaspace       used 58747K, committed 59072K, reserved 1105920K
  class space    used 6781K, committed 6912K, reserved 1048576K
}
Event: 19.955 GC heap before
{Heap before GC invocations=19 (full 0):
 garbage-first heap   total 126976K, used 94208K [0x0000000749600000, 0x0000000800000000)
  region size 2048K, 21 young (43008K), 2 survivors (4096K)
 Metaspace       used 58794K, committed 59072K, reserved 1105920K
  class space    used 6788K, committed 6912K, reserved 1048576K
}
Event: 19.984 GC heap after
{Heap after GC invocations=20 (full 0):
 garbage-first heap   total 126976K, used 62764K [0x0000000749600000, 0x0000000800000000)
  region size 2048K, 3 young (6144K), 3 survivors (6144K)
 Metaspace       used 58794K, committed 59072K, reserved 1105920K
  class space    used 6788K, committed 6912K, reserved 1048576K
}
Event: 20.346 GC heap before
{Heap before GC invocations=20 (full 0):
 garbage-first heap   total 126976K, used 95532K [0x0000000749600000, 0x0000000800000000)
  region size 2048K, 19 young (38912K), 3 survivors (6144K)
 Metaspace       used 58947K, committed 59264K, reserved 1105920K
  class space    used 6805K, committed 6976K, reserved 1048576K
}
Event: 20.369 GC heap after
{Heap after GC invocations=21 (full 0):
 garbage-first heap   total 126976K, used 64578K [0x0000000749600000, 0x0000000800000000)
  region size 2048K, 1 young (2048K), 1 survivors (2048K)
 Metaspace       used 58947K, committed 59264K, reserved 1105920K
  class space    used 6805K, committed 6976K, reserved 1048576K
}
Event: 20.655 GC heap before
{Heap before GC invocations=22 (full 0):
 garbage-first heap   total 126976K, used 97346K [0x0000000749600000, 0x0000000800000000)
  region size 2048K, 17 young (34816K), 1 survivors (2048K)
 Metaspace       used 58947K, committed 59264K, reserved 1105920K
  class space    used 6805K, committed 6976K, reserved 1048576K
}
Event: 20.659 GC heap after
{Heap after GC invocations=23 (full 0):
 garbage-first heap   total 126976K, used 64209K [0x0000000749600000, 0x0000000800000000)
  region size 2048K, 1 young (2048K), 1 survivors (2048K)
 Metaspace       used 58947K, committed 59264K, reserved 1105920K
  class space    used 6805K, committed 6976K, reserved 1048576K
}
Event: 20.733 GC heap before
{Heap before GC invocations=23 (full 0):
 garbage-first heap   total 126976K, used 99025K [0x0000000749600000, 0x0000000800000000)
  region size 2048K, 18 young (36864K), 1 survivors (2048K)
 Metaspace       used 58947K, committed 59264K, reserved 1105920K
  class space    used 6805K, committed 6976K, reserved 1048576K
}
Event: 20.737 GC heap after
{Heap after GC invocations=24 (full 0):
 garbage-first heap   total 126976K, used 64093K [0x0000000749600000, 0x0000000800000000)
  region size 2048K, 1 young (2048K), 1 survivors (2048K)
 Metaspace       used 58947K, committed 59264K, reserved 1105920K
  class space    used 6805K, committed 6976K, reserved 1048576K
}
Event: 21.054 GC heap before
{Heap before GC invocations=25 (full 0):
 garbage-first heap   total 126976K, used 100957K [0x0000000749600000, 0x0000000800000000)
  region size 2048K, 19 young (38912K), 1 survivors (2048K)
 Metaspace       used 58955K, committed 59264K, reserved 1105920K
  class space    used 6805K, committed 6976K, reserved 1048576K
}
Event: 21.057 GC heap after
{Heap after GC invocations=26 (full 0):
 garbage-first heap   total 126976K, used 64126K [0x0000000749600000, 0x0000000800000000)
  region size 2048K, 1 young (2048K), 1 survivors (2048K)
 Metaspace       used 58955K, committed 59264K, reserved 1105920K
  class space    used 6805K, committed 6976K, reserved 1048576K
}

Dll operation events (2 events):
Event: 0.015 Loaded shared library C:\Program Files\Android\Android Studio\jbr\bin\java.dll
Event: 2.599 Loaded shared library C:\Program Files\Android\Android Studio\jbr\bin\verify.dll

Deoptimization events (20 events):
Event: 24.608 Thread 0x000001da8d343830 Uncommon trap: trap_request=0xffffff45 fr.pc=0x000001da985f42bc relative=0x000000000000057c
Event: 24.608 Thread 0x000001da8d343830 Uncommon trap: reason=unstable_if action=reinterpret pc=0x000001da985f42bc method=org.jetbrains.kotlin.com.intellij.psi.impl.source.tree.CompositeElement.getChildren(Lorg/jetbrains/kotlin/com/intellij/psi/tree/TokenSet;)[Lorg/jetbrains/kotlin/com/intellij
Event: 24.608 Thread 0x000001da8d343830 DEOPT PACKING pc=0x000001da985f42bc sp=0x000000ac3ebfcdb0
Event: 24.608 Thread 0x000001da8d343830 DEOPT UNPACKING pc=0x000001da97d969a3 sp=0x000000ac3ebfcd88 mode 2
Event: 24.656 Thread 0x000001da8d343830 Uncommon trap: trap_request=0xffffff45 fr.pc=0x000001da982eb0f4 relative=0x0000000000000634
Event: 24.656 Thread 0x000001da8d343830 Uncommon trap: reason=unstable_if action=reinterpret pc=0x000001da982eb0f4 method=java.lang.AbstractStringBuilder.append(Ljava/lang/String;)Ljava/lang/AbstractStringBuilder; @ 1 c2
Event: 24.656 Thread 0x000001da8d343830 DEOPT PACKING pc=0x000001da982eb0f4 sp=0x000000ac3ebfdde0
Event: 24.656 Thread 0x000001da8d343830 DEOPT UNPACKING pc=0x000001da97d969a3 sp=0x000000ac3ebfddb8 mode 2
Event: 24.658 Thread 0x000001da8d343830 Uncommon trap: trap_request=0xffffffc6 fr.pc=0x000001da984b2ed8 relative=0x00000000000000b8
Event: 24.658 Thread 0x000001da8d343830 Uncommon trap: reason=bimorphic_or_optimized_type_check action=maybe_recompile pc=0x000001da984b2ed8 method=org.jetbrains.kotlin.com.intellij.psi.impl.source.tree.CompositeElement.drillDown(Lorg/jetbrains/kotlin/com/intellij/psi/impl/source/tree/TreeEleme
Event: 24.658 Thread 0x000001da8d343830 DEOPT PACKING pc=0x000001da984b2ed8 sp=0x000000ac3ebfd7f0
Event: 24.658 Thread 0x000001da8d343830 DEOPT UNPACKING pc=0x000001da97d969a3 sp=0x000000ac3ebfd778 mode 2
Event: 24.673 Thread 0x000001da8d343830 Uncommon trap: trap_request=0xffffffde fr.pc=0x000001da985e600c relative=0x000000000000014c
Event: 24.673 Thread 0x000001da8d343830 Uncommon trap: reason=class_check action=maybe_recompile pc=0x000001da985e600c method=kotlin.collections.CollectionsKt__MutableCollectionsKt.addAll(Ljava/util/Collection;Ljava/lang/Iterable;)Z @ 49 c2
Event: 24.673 Thread 0x000001da8d343830 DEOPT PACKING pc=0x000001da985e600c sp=0x000000ac3ebfbe20
Event: 24.673 Thread 0x000001da8d343830 DEOPT UNPACKING pc=0x000001da97d969a3 sp=0x000000ac3ebfbdb8 mode 2
Event: 24.676 Thread 0x000001da8d343830 Uncommon trap: trap_request=0xffffffde fr.pc=0x000001da985e600c relative=0x000000000000014c
Event: 24.676 Thread 0x000001da8d343830 Uncommon trap: reason=class_check action=maybe_recompile pc=0x000001da985e600c method=kotlin.collections.CollectionsKt__MutableCollectionsKt.addAll(Ljava/util/Collection;Ljava/lang/Iterable;)Z @ 49 c2
Event: 24.676 Thread 0x000001da8d343830 DEOPT PACKING pc=0x000001da985e600c sp=0x000000ac3ebfbe20
Event: 24.676 Thread 0x000001da8d343830 DEOPT UNPACKING pc=0x000001da97d969a3 sp=0x000000ac3ebfbdb8 mode 2

Classes unloaded (0 events):
No events

Classes redefined (0 events):
No events

Internal exceptions (20 events):
Event: 21.113 Thread 0x000001da8d343830 Implicit null exception at 0x000001da9841c9cc to 0x000001da9841cab4
Event: 21.460 Thread 0x000001da8d343830 Implicit null exception at 0x000001da984345f9 to 0x000001da9843498d
Event: 21.615 Thread 0x000001da8d343830 Exception <a 'java/lang/NoSuchMethodError'{0x00000007502e32d8}: 'int java.lang.invoke.DirectMethodHandle$Holder.invokeStaticInit(java.lang.Object, int)'> (0x00000007502e32d8) 
thrown [s\src\hotspot\share\interpreter\linkResolver.cpp, line 771]
Event: 23.680 Thread 0x000001da8d343830 Exception <a 'java/lang/NoSuchMethodError'{0x000000074f2468d0}: 'java.lang.Object java.lang.invoke.DirectMethodHandle$Holder.invokeInterface(java.lang.Object, java.lang.Object, java.lang.Object)'> (0x000000074f2468d0) 
thrown [s\src\hotspot\share\interpreter\linkResolver.cpp, line 771]
Event: 23.681 Thread 0x000001da8d343830 Exception <a 'java/lang/IncompatibleClassChangeError'{0x000000074f24a4e8}: Found class java.lang.Object, but interface was expected> (0x000000074f24a4e8) 
thrown [s\src\hotspot\share\interpreter\linkResolver.cpp, line 838]
Event: 24.508 Thread 0x000001da8d343830 Implicit null exception at 0x000001da985974bc to 0x000001da985984f0
Event: 24.593 Thread 0x000001da8d343830 Implicit null exception at 0x000001da98522728 to 0x000001da98526b58
Event: 24.594 Thread 0x000001da8d343830 Implicit null exception at 0x000001da98522728 to 0x000001da98526b58
Event: 24.594 Thread 0x000001da8d343830 Implicit null exception at 0x000001da98522728 to 0x000001da98526b58
Event: 24.594 Thread 0x000001da8d343830 Implicit null exception at 0x000001da98522728 to 0x000001da98526b58
Event: 24.594 Thread 0x000001da8d343830 Implicit null exception at 0x000001da98522728 to 0x000001da98526b58
Event: 24.594 Thread 0x000001da8d343830 Implicit null exception at 0x000001da98522728 to 0x000001da98526b58
Event: 24.594 Thread 0x000001da8d343830 Implicit null exception at 0x000001da98522728 to 0x000001da98526b58
Event: 24.594 Thread 0x000001da8d343830 Implicit null exception at 0x000001da98522728 to 0x000001da98526b58
Event: 24.594 Thread 0x000001da8d343830 Implicit null exception at 0x000001da98522728 to 0x000001da98526b58
Event: 24.594 Thread 0x000001da8d343830 Implicit null exception at 0x000001da98522728 to 0x000001da98526b58
Event: 24.594 Thread 0x000001da8d343830 Implicit null exception at 0x000001da98522728 to 0x000001da98526b58
Event: 24.594 Thread 0x000001da8d343830 Implicit null exception at 0x000001da984fcdb0 to 0x000001da984fd5e0
Event: 24.600 Thread 0x000001da8d343830 Implicit null exception at 0x000001da982e9e72 to 0x000001da982ea464
Event: 24.656 Thread 0x000001da8d343830 Implicit null exception at 0x000001da982eaaf2 to 0x000001da982eb0dc

VM Operations (20 events):
Event: 23.244 Executing VM operation: HandshakeAllThreads
Event: 23.244 Executing VM operation: HandshakeAllThreads done
Event: 23.588 Executing VM operation: HandshakeAllThreads
Event: 23.588 Executing VM operation: HandshakeAllThreads done
Event: 23.635 Executing VM operation: HandshakeAllThreads
Event: 23.635 Executing VM operation: HandshakeAllThreads done
Event: 23.959 Executing VM operation: ICBufferFull
Event: 23.959 Executing VM operation: ICBufferFull done
Event: 24.184 Executing VM operation: HandshakeAllThreads
Event: 24.184 Executing VM operation: HandshakeAllThreads done
Event: 24.409 Executing VM operation: ICBufferFull
Event: 24.409 Executing VM operation: ICBufferFull done
Event: 24.498 Executing VM operation: HandshakeAllThreads
Event: 24.498 Executing VM operation: HandshakeAllThreads done
Event: 24.628 Executing VM operation: HandshakeAllThreads
Event: 24.628 Executing VM operation: HandshakeAllThreads done
Event: 24.630 Executing VM operation: HandshakeAllThreads
Event: 24.630 Executing VM operation: HandshakeAllThreads done
Event: 24.655 Executing VM operation: ICBufferFull
Event: 24.655 Executing VM operation: ICBufferFull done

Events (20 events):
Event: 23.643 loading class jdk/internal/math/FloatingDecimal
Event: 23.644 loading class jdk/internal/math/FloatingDecimal done
Event: 23.644 loading class jdk/internal/math/FloatingDecimal$ExceptionalBinaryToASCIIBuffer
Event: 23.644 loading class jdk/internal/math/FloatingDecimal$BinaryToASCIIConverter
Event: 23.644 loading class jdk/internal/math/FloatingDecimal$BinaryToASCIIConverter done
Event: 23.644 loading class jdk/internal/math/FloatingDecimal$ExceptionalBinaryToASCIIBuffer done
Event: 23.645 loading class jdk/internal/math/FloatingDecimal$BinaryToASCIIBuffer
Event: 23.645 loading class jdk/internal/math/FloatingDecimal$BinaryToASCIIBuffer done
Event: 23.646 loading class jdk/internal/math/FloatingDecimal$1
Event: 23.646 loading class jdk/internal/math/FloatingDecimal$1 done
Event: 23.646 loading class jdk/internal/math/FloatingDecimal$PreparedASCIIToBinaryBuffer
Event: 23.646 loading class jdk/internal/math/FloatingDecimal$ASCIIToBinaryConverter
Event: 23.646 loading class jdk/internal/math/FloatingDecimal$ASCIIToBinaryConverter done
Event: 23.646 loading class jdk/internal/math/FloatingDecimal$PreparedASCIIToBinaryBuffer done
Event: 23.646 loading class jdk/internal/math/FloatingDecimal$ASCIIToBinaryBuffer
Event: 23.647 loading class jdk/internal/math/FloatingDecimal$ASCIIToBinaryBuffer done
Event: 24.198 loading class java/util/regex/Pattern$Bound
Event: 24.199 loading class java/util/regex/Pattern$Bound done
Event: 24.199 loading class java/util/regex/Pattern$NotBehind
Event: 24.199 loading class java/util/regex/Pattern$NotBehind done


Dynamic libraries:
0x00007ff7ec230000 - 0x00007ff7ec23a000 	C:\Program Files\Android\Android Studio\jbr\bin\java.exe
0x00007ffcfa1b0000 - 0x00007ffcfa3a8000 	C:\Windows\SYSTEM32\ntdll.dll
0x00007ffcf9cd0000 - 0x00007ffcf9d92000 	C:\Windows\System32\KERNEL32.DLL
0x00007ffcf7c70000 - 0x00007ffcf7f66000 	C:\Windows\System32\KERNELBASE.dll
0x00007ffcf7ac0000 - 0x00007ffcf7bc0000 	C:\Windows\System32\ucrtbase.dll
0x00007ffcd6080000 - 0x00007ffcd609b000 	C:\Program Files\Android\Android Studio\jbr\bin\VCRUNTIME140.dll
0x00007ffcd6cb0000 - 0x00007ffcd6cc7000 	C:\Program Files\Android\Android Studio\jbr\bin\jli.dll
0x00007ffcf8b80000 - 0x00007ffcf8d1d000 	C:\Windows\System32\USER32.dll
0x00007ffcf7c40000 - 0x00007ffcf7c62000 	C:\Windows\System32\win32u.dll
0x00007ffcf9840000 - 0x00007ffcf986b000 	C:\Windows\System32\GDI32.dll
0x00007ffcf8000000 - 0x00007ffcf811a000 	C:\Windows\System32\gdi32full.dll
0x00007ffcea990000 - 0x00007ffceac2a000 	C:\Windows\WinSxS\amd64_microsoft.windows.common-controls_6595b64144ccf1df_6.0.19041.4355_none_60b8b9eb71f62e16\COMCTL32.dll
0x00007ffcf7840000 - 0x00007ffcf78dd000 	C:\Windows\System32\msvcp_win.dll
0x00007ffcf9940000 - 0x00007ffcf99de000 	C:\Windows\System32\msvcrt.dll
0x00007ffcf8b50000 - 0x00007ffcf8b7f000 	C:\Windows\System32\IMM32.DLL
0x00007ffcf1280000 - 0x00007ffcf128c000 	C:\Program Files\Android\Android Studio\jbr\bin\vcruntime140_1.dll
0x00007ffc96920000 - 0x00007ffc969ad000 	C:\Program Files\Android\Android Studio\jbr\bin\msvcp140.dll
0x00007ffc93ed0000 - 0x00007ffc94b3e000 	C:\Program Files\Android\Android Studio\jbr\bin\server\jvm.dll
0x00007ffcf9080000 - 0x00007ffcf912f000 	C:\Windows\System32\ADVAPI32.dll
0x00007ffcf8d20000 - 0x00007ffcf8dbf000 	C:\Windows\System32\sechost.dll
0x00007ffcf8e80000 - 0x00007ffcf8fa3000 	C:\Windows\System32\RPCRT4.dll
0x00007ffcf7bc0000 - 0x00007ffcf7be7000 	C:\Windows\System32\bcrypt.dll
0x00007ffcf14a0000 - 0x00007ffcf14a9000 	C:\Windows\SYSTEM32\WSOCK32.dll
0x00007ffceada0000 - 0x00007ffceadc7000 	C:\Windows\SYSTEM32\WINMM.dll
0x00007ffcf9da0000 - 0x00007ffcf9e0b000 	C:\Windows\System32\WS2_32.dll
0x00007ffceadd0000 - 0x00007ffceadda000 	C:\Windows\SYSTEM32\VERSION.dll
0x00007ffcf56c0000 - 0x00007ffcf56d2000 	C:\Windows\SYSTEM32\kernel.appcore.dll
0x00007ffcf0880000 - 0x00007ffcf088a000 	C:\Program Files\Android\Android Studio\jbr\bin\jimage.dll
0x00007ffceed60000 - 0x00007ffceef44000 	C:\Windows\SYSTEM32\DBGHELP.DLL
0x00007ffceece0000 - 0x00007ffceed14000 	C:\Windows\SYSTEM32\dbgcore.DLL
0x00007ffcf7f70000 - 0x00007ffcf7ff2000 	C:\Windows\System32\bcryptPrimitives.dll
0x00007ffce2450000 - 0x00007ffce2475000 	C:\Program Files\Android\Android Studio\jbr\bin\java.dll
0x00007ffce2430000 - 0x00007ffce2448000 	C:\Program Files\Android\Android Studio\jbr\bin\zip.dll
0x00007ffcf81d0000 - 0x00007ffcf893f000 	C:\Windows\System32\SHELL32.dll
0x00007ffcf58c0000 - 0x00007ffcf6063000 	C:\Windows\SYSTEM32\windows.storage.dll
0x00007ffcf9e10000 - 0x00007ffcfa165000 	C:\Windows\System32\combase.dll
0x00007ffcf71a0000 - 0x00007ffcf71cb000 	C:\Windows\SYSTEM32\Wldp.dll
0x00007ffcf9870000 - 0x00007ffcf993d000 	C:\Windows\System32\OLEAUT32.dll
0x00007ffcf8fd0000 - 0x00007ffcf907d000 	C:\Windows\System32\SHCORE.dll
0x00007ffcf8dc0000 - 0x00007ffcf8e15000 	C:\Windows\System32\shlwapi.dll
0x00007ffcf7770000 - 0x00007ffcf7795000 	C:\Windows\SYSTEM32\profapi.dll
0x00007ffcdcf90000 - 0x00007ffcdcfa9000 	C:\Program Files\Android\Android Studio\jbr\bin\net.dll
0x00007ffceef70000 - 0x00007ffcef07a000 	C:\Windows\SYSTEM32\WINHTTP.dll
0x00007ffcf6f00000 - 0x00007ffcf6f6c000 	C:\Windows\system32\mswsock.dll
0x00007ffcd6f70000 - 0x00007ffcd6f86000 	C:\Program Files\Android\Android Studio\jbr\bin\nio.dll
0x00007ffcef210000 - 0x00007ffcef220000 	C:\Program Files\Android\Android Studio\jbr\bin\verify.dll

dbghelp: loaded successfully - version: 4.0.5 - missing functions: none
symbol engine: initialized successfully - sym options: 0x614 - pdb path: .;C:\Program Files\Android\Android Studio\jbr\bin;C:\Windows\SYSTEM32;C:\Windows\WinSxS\amd64_microsoft.windows.common-controls_6595b64144ccf1df_6.0.19041.4355_none_60b8b9eb71f62e16;C:\Program Files\Android\Android Studio\jbr\bin\server

VM Arguments:
java_command: org.jetbrains.kotlin.cli.jvm.K2JVMCompiler @G:\Skripsi\WidyaAksara\app\build\20250415_14631059392817220850.compiler.options
java_class_path (initial): C:\Users\LENOVO\.gradle\caches\modules-2\files-2.1\org.jetbrains.kotlin\kotlin-compiler-embeddable\1.8.0\eb9118d4bcceaa2a94b2ae2a33a4ddba7c9a947f\kotlin-compiler-embeddable-1.8.0.jar;C:\Users\LENOVO\.gradle\caches\modules-2\files-2.1\org.jetbrains.kotlin\kotlin-stdlib\1.8.0\1796921c7a3e2e2665a83e6c8d33399336cd39bc\kotlin-stdlib-1.8.0.jar;C:\Users\LENOVO\.gradle\caches\modules-2\files-2.1\org.jetbrains.kotlin\kotlin-script-runtime\1.8.0\b2f7e760d283cb339974851c222a4c1d48f2d3d\kotlin-script-runtime-1.8.0.jar;C:\Users\LENOVO\.gradle\caches\modules-2\files-2.1\org.jetbrains.kotlin\kotlin-reflect\1.6.10\1cbe9c92c12a94eea200d23c2bbaedaf3daf5132\kotlin-reflect-1.6.10.jar;C:\Users\LENOVO\.gradle\caches\modules-2\files-2.1\org.jetbrains.kotlin\kotlin-daemon-embeddable\1.8.0\d255216c551685dc3a7e852b53617f5f01aaaa5c\kotlin-daemon-embeddable-1.8.0.jar;C:\Users\LENOVO\.gradle\caches\modules-2\files-2.1\org.jetbrains.intellij.deps\trove4j\1.0.20200330\3afb14d5f9ceb459d724e907a21145e8ff394f02\trove4j-1.0.20200330.jar;C:\Users\LENOVO\.gradle\caches\modules-2\files-2.1\net.java.dev.jna\jna\5.6.0\330f2244e9030119ab3030fc3fededc86713d9cc\jna-5.6.0.jar;C:\Users\LENOVO\.gradle\caches\modules-2\files-2.1\org.jetbrains.kotlin\kotlin-stdlib-common\1.8.0\f7197e7cc76453ac59f8b0f8d5137cc600becd36\kotlin-stdlib-common-1.8.0.jar;C:\Users\LENOVO\.gradle\caches\modules-2\files-2.1\org.jetbrains\annotations\13.0\919f0dfe192fb4e063e7dacadee7f8bb9a2672a9\annotations-13.0.jar
Launcher Type: SUN_STANDARD

[Global flags]
     intx CICompilerCount                          = 2                                         {product} {ergonomic}
     uint ConcGCThreads                            = 1                                         {product} {ergonomic}
     uint G1ConcRefinementThreads                  = 2                                         {product} {ergonomic}
   size_t G1HeapRegionSize                         = 2097152                                   {product} {ergonomic}
    uintx GCDrainStackTargetSize                   = 64                                        {product} {ergonomic}
   size_t InitialHeapSize                          = 192937984                                 {product} {ergonomic}
   size_t MarkStackSize                            = 4194304                                   {product} {ergonomic}
   size_t MaxHeapSize                              = 3063939072                                {product} {ergonomic}
   size_t MaxNewSize                               = 1837105152                                {product} {ergonomic}
   size_t MinHeapDeltaBytes                        = 2097152                                   {product} {ergonomic}
   size_t MinHeapSize                              = 8388608                                   {product} {ergonomic}
    uintx NonNMethodCodeHeapSize                   = 5826188                                {pd product} {ergonomic}
    uintx NonProfiledCodeHeapSize                  = 122916026                              {pd product} {ergonomic}
    uintx ProfiledCodeHeapSize                     = 122916026                              {pd product} {ergonomic}
    uintx ReservedCodeCacheSize                    = 251658240                              {pd product} {ergonomic}
     bool SegmentedCodeCache                       = true                                      {product} {ergonomic}
   size_t SoftMaxHeapSize                          = 3063939072                             {manageable} {ergonomic}
     bool UseCompressedClassPointers               = true                           {product lp64_product} {ergonomic}
     bool UseCompressedOops                        = true                           {product lp64_product} {ergonomic}
     bool UseG1GC                                  = true                                      {product} {ergonomic}
     bool UseLargePagesIndividualAllocation        = false                                  {pd product} {ergonomic}

Logging:
Log output configuration:
 #0: stdout all=warning uptime,level,tags
 #1: stderr all=off uptime,level,tags

Environment Variables:
JAVA_HOME=C:\Program Files\Java\jdk1.8.0_202
PATH=C:\Program Files\Java\jdk1.8.0_202\bin;C:\Program Files (x86)\Common Files\Oracle\Java\javapath;C:\Windows\system32;C:\Windows;C:\Windows\System32\Wbem;C:\Windows\System32\WindowsPowerShell\v1.0\;C:\Windows\System32\OpenSSH\;C:\Program Files (x86)\Rational\common;C:\Program Files\IBM\SPSS\Statistics\25\JRE\bin;C:\laragon\bin\php\php;C:\composer;C:\Program Files\Git\cmd;C:\Program Files\kotlinc\bin;C:\Users\LENOVO\AppData\Local\Programs\Python\Python311\Scripts\;C:\Users\LENOVO\AppData\Local\Programs\Python\Python311\;C:\Users\LENOVO\AppData\Local\Microsoft\WindowsApps;C:\Users\LENOVO\AppData\Local\Programs\Microsoft VS Code\bin;C:\Program Files\JetBrains\IntelliJ IDEA 2023.2\bin;C:\Program Files\kotlinc;;C:\Users\LENOVO\AppData\Local\JetBrains\IntelliJ IDEA Community Edition 2023.2.1\bin;;C:\Users\LENOVO\AppData\Roaming\Composer\vendor\bin;C:\Program Files\kotlinc;
USERNAME=DZAKY
OS=Windows_NT
PROCESSOR_IDENTIFIER=AMD64 Family 21 Model 112 Stepping 0, AuthenticAMD
TMP=C:\Users\LENOVO\AppData\Local\Temp
TEMP=C:\Users\LENOVO\AppData\Local\Temp


JNI global refs:
JNI global refs: 8, weak refs: 7

JNI global refs memory usage: 843, weak refs: 841


---------------  S Y S T E M  ---------------

OS:
 Windows 10 , 64 bit Build 19041 (10.0.19041.5678)
OS uptime: 5 days 12:01 hours

CPU: total 2 (initial active 2) (2 cores per cpu, 1 threads per core) family 21 model 112 stepping 0 microcode 0x0, cx8, cmov, fxsr, mmx, 3dnowpref, sse, sse2, sse3, ssse3, sse4a, sse4.1, sse4.2, popcnt, lzcnt, tsc, tscinvbit, avx, avx2, aes, clmul, bmi1, bmi2, fma, vzeroupper, clflush

Memory: 4k page, system-wide physical 11680M (2564M free)
TotalPageFile size 11680M (AvailPageFile size 5M)
current process WorkingSet (physical memory assigned to process): 289M, peak: 290M
current process commit charge ("private bytes"): 316M, peak: 318M

vm_info: OpenJDK 64-Bit Server VM (17.0.6+0-b2043.56-10027231) for windows-amd64 JRE (17.0.6+0-b2043.56-10027231), built on Apr 28 2023 00:43:19 by "androidbuild" with MS VC++ 16.10 / 16.11 (VS2019)

END.
