#
# There is insufficient memory for the Java Runtime Environment to continue.
# Native memory allocation (mmap) failed to map 196083712 bytes for G1 virtual space
# Possible reasons:
#   The system is out of physical RAM or swap space
#   The process is running with CompressedOops enabled, and the Java Heap may be blocking the growth of the native heap
# Possible solutions:
#   Reduce memory load on the system
#   Increase physical memory or swap space
#   Check if swap backing store is full
#   Decrease Java heap size (-Xmx/-Xms)
#   Decrease number of Java threads
#   Decrease Java thread stack sizes (-Xss)
#   Set larger code cache with -XX:ReservedCodeCacheSize=
#   JVM is running with Unscaled Compressed Oops mode in which the Java heap is
#     placed in the first 4GB address space. The Java Heap base address is the
#     maximum limit for the native heap growth. Please use -XX:HeapBaseMinAddress
#     to set the Java Heap base and to place the Java Heap above 4GB virtual address.
# This output file may be truncated or incomplete.
#
#  Out of Memory Error (os_windows.cpp:3769), pid=10284, tid=1856
#
# JRE version: OpenJDK Runtime Environment (17.0.6) (build 17.0.6+0-b2043.56-10027231)
# Java VM: OpenJDK 64-Bit Server VM (17.0.6+0-b2043.56-10027231, mixed mode, tiered, compressed oops, compressed class ptrs, g1 gc, windows-amd64)
# No core dump will be written. Minidumps are not enabled by default on client versions of Windows
#

---------------  S U M M A R Y ------------

Command Line: --add-opens=java.base/java.util=ALL-UNNAMED --add-opens=java.base/java.lang=ALL-UNNAMED --add-opens=java.base/java.lang.invoke=ALL-UNNAMED --add-opens=java.prefs/java.util.prefs=ALL-UNNAMED --add-opens=java.base/java.nio.charset=ALL-UNNAMED --add-opens=java.base/java.net=ALL-UNNAMED --add-opens=java.base/java.util.concurrent.atomic=ALL-UNNAMED -Xmx2048m -Dfile.encoding=UTF-8 -Duser.country=ID -Duser.language=en -Duser.variant org.gradle.launcher.daemon.bootstrap.GradleDaemon 8.0

Host: AMD A9-9420 RADEON R5, 5 COMPUTE CORES 2C+3G   , 2 cores, 11G,  Windows 10 , 64 bit Build 19041 (10.0.19041.5438)
Time: Thu Mar 13 00:45:10 2025 SE Asia Standard Time elapsed time: 60.628983 seconds (0d 0h 1m 0s)

---------------  T H R E A D  ---------------

Current thread (0x000002622d071040):  VMThread "VM Thread" [stack: 0x000000b0fc700000,0x000000b0fc800000] [id=1856]

Stack: [0x000000b0fc700000,0x000000b0fc800000]
Native frames: (J=compiled Java code, j=interpreted, Vv=VM code, C=native code)
V  [jvm.dll+0x683c9a]
V  [jvm.dll+0x8427a4]
V  [jvm.dll+0x843f9e]
V  [jvm.dll+0x844603]
V  [jvm.dll+0x249b75]
V  [jvm.dll+0x680b69]
V  [jvm.dll+0x67505a]
V  [jvm.dll+0x309acb]
V  [jvm.dll+0x310f86]
V  [jvm.dll+0x3608ee]
V  [jvm.dll+0x360b1f]
V  [jvm.dll+0x2dfbf8]
V  [jvm.dll+0x2ddec4]
V  [jvm.dll+0x2dd4cc]
V  [jvm.dll+0x321f3b]
V  [jvm.dll+0x848ccb]
V  [jvm.dll+0x849a04]
V  [jvm.dll+0x849f1d]
V  [jvm.dll+0x84a2f4]
V  [jvm.dll+0x84a3c0]
V  [jvm.dll+0x7f274a]
V  [jvm.dll+0x682ad5]
C  [ucrtbase.dll+0x21bb2]
C  [KERNEL32.DLL+0x17374]
C  [ntdll.dll+0x4cc91]

VM_Operation (0x000000b080bfc440): G1CollectForAllocation, mode: safepoint, requested by thread 0x0000026230627230


---------------  P R O C E S S  ---------------

Threads class SMR info:
_java_thread_list=0x0000026230a72810, length=67, elements={
0x0000026211fd1660, 0x000002622dc13620, 0x000002622dc143a0, 0x000002622d0893c0,
0x000002622d08cca0, 0x000002622d08d560, 0x000002622d08de20, 0x000002622d08eac0,
0x000002622dc97620, 0x000002622dc9a2e0, 0x000002622ddc8b50, 0x000002622ddc9020,
0x000002622f206fb0, 0x000002622ed75a90, 0x000002622f1fea70, 0x000002622f6e05b0,
0x000002622efb6790, 0x000002622f1fd090, 0x000002622e168840, 0x000002622efaf7b0,
0x000002622efb0150, 0x000002622efb3170, 0x000002622efb0fc0, 0x000002622efb0620,
0x000002622efafc80, 0x000002622efb2ca0, 0x000002622efb2300, 0x000002622efb1e30,
0x000002622efb0af0, 0x000002622efb1490, 0x000002622efb1960, 0x000002622efb27d0,
0x0000026230e74a00, 0x0000026230e7b8b0, 0x0000026230e74530, 0x0000026230e74ed0,
0x0000026230e74060, 0x0000026230e77080, 0x0000026230e77ef0, 0x0000026230e7b3e0,
0x0000026230e79230, 0x0000026230e7a570, 0x0000026230e783c0, 0x0000026230e78890,
0x000002623220e840, 0x000002623220c690, 0x00000262322109f0, 0x000002623220c1c0,
0x000002623220ae80, 0x000002623220d9d0, 0x000002623220fb80, 0x000002623220dea0,
0x000002623220b820, 0x000002623220e370, 0x000002623220bcf0, 0x000002623220ed10,
0x000002623220b350, 0x000002623220f1e0, 0x000002623220a4e0, 0x000002623220d030,
0x0000026230627bd0, 0x00000262306298b0, 0x0000026230628f10, 0x0000026230627230,
0x0000026230622060, 0x0000026230622a00, 0x0000026230622ed0
}

Java Threads: ( => current thread )
  0x0000026211fd1660 JavaThread "main" [_thread_blocked, id=4012, stack(0x000000b0fc000000,0x000000b0fc100000)]
  0x000002622dc13620 JavaThread "Reference Handler" daemon [_thread_blocked, id=5376, stack(0x000000b0fc800000,0x000000b0fc900000)]
  0x000002622dc143a0 JavaThread "Finalizer" daemon [_thread_blocked, id=6764, stack(0x000000b0fc900000,0x000000b0fca00000)]
  0x000002622d0893c0 JavaThread "Signal Dispatcher" daemon [_thread_blocked, id=4316, stack(0x000000b0fca00000,0x000000b0fcb00000)]
  0x000002622d08cca0 JavaThread "Attach Listener" daemon [_thread_blocked, id=7768, stack(0x000000b0fcb00000,0x000000b0fcc00000)]
  0x000002622d08d560 JavaThread "Service Thread" daemon [_thread_blocked, id=5988, stack(0x000000b0fcc00000,0x000000b0fcd00000)]
  0x000002622d08de20 JavaThread "Monitor Deflation Thread" daemon [_thread_blocked, id=216, stack(0x000000b0fcd00000,0x000000b0fce00000)]
  0x000002622d08eac0 JavaThread "C2 CompilerThread0" daemon [_thread_in_native, id=10116, stack(0x000000b0fce00000,0x000000b0fcf00000)]
  0x000002622dc97620 JavaThread "C1 CompilerThread0" daemon [_thread_blocked, id=10132, stack(0x000000b0fcf00000,0x000000b0fd000000)]
  0x000002622dc9a2e0 JavaThread "Sweeper thread" daemon [_thread_blocked, id=5744, stack(0x000000b0fd000000,0x000000b0fd100000)]
  0x000002622ddc8b50 JavaThread "Common-Cleaner" daemon [_thread_blocked, id=11288, stack(0x000000b0fd100000,0x000000b0fd200000)]
  0x000002622ddc9020 JavaThread "Notification Thread" daemon [_thread_blocked, id=4572, stack(0x000000b0fd200000,0x000000b0fd300000)]
  0x000002622f206fb0 JavaThread "Daemon health stats" [_thread_blocked, id=6632, stack(0x000000b0fd500000,0x000000b0fd600000)]
  0x000002622ed75a90 JavaThread "Incoming local TCP Connector on port 59219" [_thread_in_native, id=8392, stack(0x000000b0fd600000,0x000000b0fd700000)]
  0x000002622f1fea70 JavaThread "Daemon periodic checks" [_thread_blocked, id=5896, stack(0x000000b0fd700000,0x000000b0fd800000)]
  0x000002622f6e05b0 JavaThread "Daemon" [_thread_blocked, id=10984, stack(0x000000b0fd800000,0x000000b0fd900000)]
  0x000002622efb6790 JavaThread "Handler for socket connection from /127.0.0.1:59219 to /127.0.0.1:59220" [_thread_in_native, id=10020, stack(0x000000b0fd900000,0x000000b0fda00000)]
  0x000002622f1fd090 JavaThread "Cancel handler" [_thread_blocked, id=8452, stack(0x000000b0fda00000,0x000000b0fdb00000)]
  0x000002622e168840 JavaThread "Daemon worker" [_thread_blocked, id=10540, stack(0x000000b0fdb00000,0x000000b0fdc00000)]
  0x000002622efaf7b0 JavaThread "Asynchronous log dispatcher for DefaultDaemonConnection: socket connection from /127.0.0.1:59219 to /127.0.0.1:59220" [_thread_blocked, id=10060, stack(0x000000b0fdc00000,0x000000b0fdd00000)]
  0x000002622efb0150 JavaThread "Stdin handler" [_thread_blocked, id=3572, stack(0x000000b0fdd00000,0x000000b0fde00000)]
  0x000002622efb3170 JavaThread "Daemon client event forwarder" [_thread_blocked, id=5492, stack(0x000000b0fde00000,0x000000b0fdf00000)]
  0x000002622efb0fc0 JavaThread "Cache worker for journal cache (C:\Users\LENOVO\.gradle\caches\journal-1)" [_thread_blocked, id=8580, stack(0x000000b0fdf00000,0x000000b0fe000000)]
  0x000002622efb0620 JavaThread "File lock request listener" [_thread_in_native, id=8196, stack(0x000000b0fe000000,0x000000b0fe100000)]
  0x000002622efafc80 JavaThread "Cache worker for file hash cache (C:\Users\LENOVO\.gradle\caches\8.0\fileHashes)" [_thread_blocked, id=8040, stack(0x000000b0fe100000,0x000000b0fe200000)]
  0x000002622efb2ca0 JavaThread "File watcher server" daemon [_thread_in_native, id=11864, stack(0x000000b0fe200000,0x000000b0fe300000)]
  0x000002622efb2300 JavaThread "File watcher consumer" daemon [_thread_blocked, id=6480, stack(0x000000b0fe300000,0x000000b0fe400000)]
  0x000002622efb1e30 JavaThread "Cache worker for checksums cache (G:\Skripsi\WidyaAksara\.gradle\8.0\checksums)" [_thread_blocked, id=8556, stack(0x000000b0fe400000,0x000000b0fe500000)]
  0x000002622efb0af0 JavaThread "Cache worker for cache directory md-rule (C:\Users\LENOVO\.gradle\caches\8.0\md-rule)" [_thread_blocked, id=976, stack(0x000000b0fe500000,0x000000b0fe600000)]
  0x000002622efb1490 JavaThread "Cache worker for file content cache (C:\Users\LENOVO\.gradle\caches\8.0\fileContent)" [_thread_blocked, id=7364, stack(0x000000b0fe600000,0x000000b0fe700000)]
  0x000002622efb1960 JavaThread "Cache worker for file hash cache (G:\Skripsi\WidyaAksara\.gradle\8.0\fileHashes)" [_thread_blocked, id=10796, stack(0x000000b0fe700000,0x000000b0fe800000)]
  0x000002622efb27d0 JavaThread "Cache worker for cache directory md-supplier (C:\Users\LENOVO\.gradle\caches\8.0\md-supplier)" [_thread_blocked, id=8740, stack(0x000000b0fe800000,0x000000b0fe900000)]
  0x0000026230e74a00 JavaThread "Cache worker for execution history cache (C:\Users\LENOVO\.gradle\caches\8.0\executionHistory)" [_thread_blocked, id=5304, stack(0x000000b0fe900000,0x000000b0fea00000)]
  0x0000026230e7b8b0 JavaThread "jar transforms" [_thread_blocked, id=1760, stack(0x000000b0fea00000,0x000000b0feb00000)]
  0x0000026230e74530 JavaThread "jar transforms Thread 2" [_thread_blocked, id=6504, stack(0x000000b0feb00000,0x000000b0fec00000)]
  0x0000026230e74ed0 JavaThread "Cache worker for kotlin-dsl (C:\Users\LENOVO\.gradle\caches\8.0\kotlin-dsl)" [_thread_blocked, id=7588, stack(0x000000b0fed00000,0x000000b0fee00000)]
  0x0000026230e74060 JavaThread "Cache worker for dependencies-accessors (G:\Skripsi\WidyaAksara\.gradle\8.0\dependencies-accessors)" [_thread_blocked, id=6064, stack(0x000000b0fee00000,0x000000b0fef00000)]
  0x0000026230e77080 JavaThread "Cache worker for Build Output Cleanup Cache (G:\Skripsi\WidyaAksara\.gradle\buildOutputCleanup)" [_thread_blocked, id=4612, stack(0x000000b0fef00000,0x000000b0ff000000)]
  0x0000026230e77ef0 JavaThread "Unconstrained build operations" [_thread_blocked, id=8472, stack(0x000000b0ff000000,0x000000b0ff100000)]
  0x0000026230e7b3e0 JavaThread "Unconstrained build operations Thread 2" [_thread_blocked, id=9224, stack(0x000000b0ff100000,0x000000b0ff200000)]
  0x0000026230e79230 JavaThread "Unconstrained build operations Thread 3" [_thread_blocked, id=10076, stack(0x000000b0ff200000,0x000000b0ff300000)]
  0x0000026230e7a570 JavaThread "Unconstrained build operations Thread 4" [_thread_blocked, id=9432, stack(0x000000b0ff300000,0x000000b0ff400000)]
  0x0000026230e783c0 JavaThread "Unconstrained build operations Thread 5" [_thread_blocked, id=1476, stack(0x000000b0ff400000,0x000000b0ff500000)]
  0x0000026230e78890 JavaThread "Unconstrained build operations Thread 6" [_thread_blocked, id=9308, stack(0x000000b0ff500000,0x000000b0ff600000)]
  0x000002623220e840 JavaThread "Unconstrained build operations Thread 7" [_thread_blocked, id=8668, stack(0x000000b0ff600000,0x000000b0ff700000)]
  0x000002623220c690 JavaThread "Unconstrained build operations Thread 8" [_thread_blocked, id=10936, stack(0x000000b0ff700000,0x000000b0ff800000)]
  0x00000262322109f0 JavaThread "Unconstrained build operations Thread 9" [_thread_blocked, id=8976, stack(0x000000b0ff800000,0x000000b0ff900000)]
  0x000002623220c1c0 JavaThread "Unconstrained build operations Thread 10" [_thread_blocked, id=9800, stack(0x000000b0ff900000,0x000000b0ffa00000)]
  0x000002623220ae80 JavaThread "Unconstrained build operations Thread 11" [_thread_blocked, id=12000, stack(0x000000b0ffa00000,0x000000b0ffb00000)]
  0x000002623220d9d0 JavaThread "Unconstrained build operations Thread 12" [_thread_blocked, id=6744, stack(0x000000b0ffb00000,0x000000b0ffc00000)]
  0x000002623220fb80 JavaThread "Unconstrained build operations Thread 13" [_thread_blocked, id=8204, stack(0x000000b0ffc00000,0x000000b0ffd00000)]
  0x000002623220dea0 JavaThread "Unconstrained build operations Thread 14" [_thread_blocked, id=5496, stack(0x000000b0ffd00000,0x000000b0ffe00000)]
  0x000002623220b820 JavaThread "Unconstrained build operations Thread 15" [_thread_blocked, id=11040, stack(0x000000b0ffe00000,0x000000b0fff00000)]
  0x000002623220e370 JavaThread "Unconstrained build operations Thread 16" [_thread_blocked, id=5044, stack(0x000000b0fff00000,0x000000b100000000)]
  0x000002623220bcf0 JavaThread "Unconstrained build operations Thread 17" [_thread_blocked, id=5452, stack(0x000000b080000000,0x000000b080100000)]
  0x000002623220ed10 JavaThread "Unconstrained build operations Thread 18" [_thread_blocked, id=7488, stack(0x000000b080100000,0x000000b080200000)]
  0x000002623220b350 JavaThread "Unconstrained build operations Thread 19" [_thread_blocked, id=9680, stack(0x000000b080200000,0x000000b080300000)]
  0x000002623220f1e0 JavaThread "Unconstrained build operations Thread 20" [_thread_blocked, id=6352, stack(0x000000b080300000,0x000000b080400000)]
  0x000002623220a4e0 JavaThread "build event listener" [_thread_blocked, id=12064, stack(0x000000b080400000,0x000000b080500000)]
  0x000002623220d030 JavaThread "Memory manager" [_thread_blocked, id=2704, stack(0x000000b080500000,0x000000b080600000)]
  0x0000026230627bd0 JavaThread "included builds" [_thread_in_native, id=1096, stack(0x000000b080800000,0x000000b080900000)]
  0x00000262306298b0 JavaThread "Execution worker" [_thread_blocked, id=5580, stack(0x000000b080900000,0x000000b080a00000)]
  0x0000026230628f10 JavaThread "Cache worker for execution history cache (G:\Skripsi\WidyaAksara\.gradle\8.0\executionHistory)" [_thread_blocked, id=8784, stack(0x000000b080a00000,0x000000b080b00000)]
  0x0000026230627230 JavaThread "WorkerExecutor Queue" [_thread_blocked, id=228, stack(0x000000b080b00000,0x000000b080c00000)]
  0x0000026230622060 JavaThread "WorkerExecutor Queue Thread 2" [_thread_blocked, id=8788, stack(0x000000b080c00000,0x000000b080d00000)]
  0x0000026230622a00 JavaThread "Java2D Disposer" daemon [_thread_blocked, id=9920, stack(0x000000b080d00000,0x000000b080e00000)]
  0x0000026230622ed0 JavaThread "AWT-Windows" daemon [_thread_in_native, id=1808, stack(0x000000b080f00000,0x000000b081000000)]

Other Threads:
=>0x000002622d071040 VMThread "VM Thread" [stack: 0x000000b0fc700000,0x000000b0fc800000] [id=1856]
  0x000002622ddc6420 WatcherThread [stack: 0x000000b0fd300000,0x000000b0fd400000] [id=2108]
  0x000002621202cea0 GCTaskThread "GC Thread#0" [stack: 0x000000b0fc200000,0x000000b0fc300000] [id=2044]
  0x000002622e1cd7b0 GCTaskThread "GC Thread#1" [stack: 0x000000b0fd400000,0x000000b0fd500000] [id=9444]
  0x000002621203dcf0 ConcurrentGCThread "G1 Main Marker" [stack: 0x000000b0fc300000,0x000000b0fc400000] [id=6380]
  0x000002621203e610 ConcurrentGCThread "G1 Conc#0" [stack: 0x000000b0fc400000,0x000000b0fc500000] [id=12004]
  0x000002621209de20 ConcurrentGCThread "G1 Refine#0" [stack: 0x000000b0fc500000,0x000000b0fc600000] [id=808]
  0x000002623018ce20 ConcurrentGCThread "G1 Refine#1" [stack: 0x000000b0fec00000,0x000000b0fed00000] [id=7684]
  0x000002621209e750 ConcurrentGCThread "G1 Service" [stack: 0x000000b0fc600000,0x000000b0fc700000] [id=2380]

Threads with active compile tasks:
C2 CompilerThread0    60663 12702   !   4       java.io.ObjectOutputStream::writeObject0 (620 bytes)

VM state: at safepoint (normal execution)

VM Mutex/Monitor currently owned by a thread:  ([mutex/lock_event])
[0x0000026211f9d2c0] Threads_lock - owner thread: 0x000002622d071040
[0x0000026211f9d860] Heap_lock - owner thread: 0x0000026230627230

Heap address: 0x0000000080000000, size: 2048 MB, Compressed Oops mode: 32-bit

CDS archive(s) not mapped
Compressed class space mapped at: 0x0000000100000000-0x0000000140000000, reserved size: 1073741824
Narrow klass base: 0x0000000000000000, Narrow klass shift: 3, Narrow klass range: 0x140000000

GC Precious Log:
 CPUs: 2 total, 2 available
 Memory: 11680M
 Large Page Support: Disabled
 NUMA Support: Disabled
 Compressed Oops: Enabled (32-bit)
 Heap Region Size: 1M
 Heap Min Capacity: 8M
 Heap Initial Capacity: 184M
 Heap Max Capacity: 2G
 Pre-touch: Disabled
 Parallel Workers: 2
 Concurrent Workers: 1
 Concurrent Refinement Workers: 2
 Periodic GC: Disabled

Heap:
 garbage-first heap   total 226304K, used 141000K [0x0000000080000000, 0x0000000100000000)
  region size 1024K, 5 young (5120K), 5 survivors (5120K)
 Metaspace       used 105172K, committed 105920K, reserved 1146880K
  class space    used 13949K, committed 14336K, reserved 1048576K

Heap Regions: E=young(eden), S=young(survivor), O=old, HS=humongous(starts), HC=humongous(continues), CS=collection set, F=free, OA=open archive, CA=closed archive, TAMS=top-at-mark-start (previous, next)
|   0|0x0000000080000000, 0x0000000080100000, 0x0000000080100000|100%|HS|  |TAMS 0x0000000080100000, 0x0000000080000000| Complete 
|   1|0x0000000080100000, 0x0000000080200000, 0x0000000080200000|100%|HC|  |TAMS 0x0000000080200000, 0x0000000080100000| Complete 
|   2|0x0000000080200000, 0x0000000080300000, 0x0000000080300000|100%|HC|  |TAMS 0x0000000080300000, 0x0000000080200000| Complete 
|   3|0x0000000080300000, 0x0000000080400000, 0x0000000080400000|100%|HC|  |TAMS 0x0000000080400000, 0x0000000080300000| Complete 
|   4|0x0000000080400000, 0x0000000080500000, 0x0000000080500000|100%| O|  |TAMS 0x0000000080500000, 0x0000000080400000| Untracked 
|   5|0x0000000080500000, 0x0000000080600000, 0x0000000080600000|100%| O|  |TAMS 0x0000000080600000, 0x0000000080500000| Untracked 
|   6|0x0000000080600000, 0x0000000080700000, 0x0000000080700000|100%| O|  |TAMS 0x0000000080700000, 0x0000000080600000| Untracked 
|   7|0x0000000080700000, 0x0000000080800000, 0x0000000080800000|100%| O|  |TAMS 0x0000000080800000, 0x0000000080700000| Untracked 
|   8|0x0000000080800000, 0x0000000080900000, 0x0000000080900000|100%| O|  |TAMS 0x0000000080900000, 0x0000000080800000| Untracked 
|   9|0x0000000080900000, 0x0000000080a00000, 0x0000000080a00000|100%| O|  |TAMS 0x0000000080a00000, 0x0000000080900000| Untracked 
|  10|0x0000000080a00000, 0x0000000080b00000, 0x0000000080b00000|100%| O|  |TAMS 0x0000000080b00000, 0x0000000080a00000| Untracked 
|  11|0x0000000080b00000, 0x0000000080c00000, 0x0000000080c00000|100%| O|  |TAMS 0x0000000080c00000, 0x0000000080b00000| Untracked 
|  12|0x0000000080c00000, 0x0000000080d00000, 0x0000000080d00000|100%| O|  |TAMS 0x0000000080d00000, 0x0000000080c00000| Untracked 
|  13|0x0000000080d00000, 0x0000000080e00000, 0x0000000080e00000|100%| O|  |TAMS 0x0000000080e00000, 0x0000000080d00000| Untracked 
|  14|0x0000000080e00000, 0x0000000080f00000, 0x0000000080f00000|100%| O|  |TAMS 0x0000000080f00000, 0x0000000080e00000| Untracked 
|  15|0x0000000080f00000, 0x0000000081000000, 0x0000000081000000|100%| O|  |TAMS 0x0000000081000000, 0x0000000080f00000| Untracked 
|  16|0x0000000081000000, 0x0000000081100000, 0x0000000081100000|100%| O|  |TAMS 0x0000000081100000, 0x0000000081000000| Untracked 
|  17|0x0000000081100000, 0x0000000081200000, 0x0000000081200000|100%| O|  |TAMS 0x0000000081200000, 0x0000000081100000| Untracked 
|  18|0x0000000081200000, 0x0000000081300000, 0x0000000081300000|100%| O|  |TAMS 0x0000000081300000, 0x0000000081200000| Untracked 
|  19|0x0000000081300000, 0x0000000081400000, 0x0000000081400000|100%| O|  |TAMS 0x0000000081400000, 0x0000000081300000| Untracked 
|  20|0x0000000081400000, 0x0000000081500000, 0x0000000081500000|100%| O|  |TAMS 0x0000000081500000, 0x0000000081400000| Untracked 
|  21|0x0000000081500000, 0x0000000081600000, 0x0000000081600000|100%| O|  |TAMS 0x0000000081600000, 0x0000000081500000| Untracked 
|  22|0x0000000081600000, 0x0000000081700000, 0x0000000081700000|100%| O|  |TAMS 0x0000000081700000, 0x0000000081600000| Untracked 
|  23|0x0000000081700000, 0x0000000081800000, 0x0000000081800000|100%| O|  |TAMS 0x0000000081800000, 0x0000000081700000| Untracked 
|  24|0x0000000081800000, 0x0000000081900000, 0x0000000081900000|100%| O|  |TAMS 0x0000000081800000, 0x0000000081800000| Untracked 
|  25|0x0000000081900000, 0x0000000081a00000, 0x0000000081a00000|100%| O|  |TAMS 0x0000000081a00000, 0x0000000081900000| Untracked 
|  26|0x0000000081a00000, 0x0000000081b00000, 0x0000000081b00000|100%| O|  |TAMS 0x0000000081b00000, 0x0000000081a00000| Untracked 
|  27|0x0000000081b00000, 0x0000000081c00000, 0x0000000081c00000|100%| O|  |TAMS 0x0000000081c00000, 0x0000000081b00000| Untracked 
|  28|0x0000000081c00000, 0x0000000081d00000, 0x0000000081d00000|100%| O|  |TAMS 0x0000000081d00000, 0x0000000081c00000| Untracked 
|  29|0x0000000081d00000, 0x0000000081e00000, 0x0000000081e00000|100%| O|  |TAMS 0x0000000081e00000, 0x0000000081d00000| Untracked 
|  30|0x0000000081e00000, 0x0000000081f00000, 0x0000000081f00000|100%| O|  |TAMS 0x0000000081f00000, 0x0000000081e00000| Untracked 
|  31|0x0000000081f00000, 0x0000000082000000, 0x0000000082000000|100%| O|  |TAMS 0x0000000082000000, 0x0000000081f00000| Untracked 
|  32|0x0000000082000000, 0x0000000082100000, 0x0000000082100000|100%|HS|  |TAMS 0x0000000082100000, 0x0000000082000000| Complete 
|  33|0x0000000082100000, 0x0000000082200000, 0x0000000082200000|100%|HS|  |TAMS 0x0000000082200000, 0x0000000082100000| Complete 
|  34|0x0000000082200000, 0x0000000082300000, 0x0000000082300000|100%| O|  |TAMS 0x0000000082300000, 0x0000000082200000| Untracked 
|  35|0x0000000082300000, 0x0000000082400000, 0x0000000082400000|100%| O|  |TAMS 0x0000000082400000, 0x0000000082300000| Untracked 
|  36|0x0000000082400000, 0x0000000082500000, 0x0000000082500000|100%| O|  |TAMS 0x0000000082500000, 0x0000000082400000| Untracked 
|  37|0x0000000082500000, 0x0000000082600000, 0x0000000082600000|100%|HS|  |TAMS 0x0000000082600000, 0x0000000082500000| Complete 
|  38|0x0000000082600000, 0x0000000082700000, 0x0000000082700000|100%|HC|  |TAMS 0x0000000082700000, 0x0000000082600000| Complete 
|  39|0x0000000082700000, 0x0000000082800000, 0x0000000082800000|100%| O|  |TAMS 0x0000000082800000, 0x0000000082700000| Untracked 
|  40|0x0000000082800000, 0x0000000082900000, 0x0000000082900000|100%| O|  |TAMS 0x0000000082900000, 0x0000000082800000| Untracked 
|  41|0x0000000082900000, 0x0000000082a00000, 0x0000000082a00000|100%| O|  |TAMS 0x0000000082a00000, 0x0000000082900000| Untracked 
|  42|0x0000000082a00000, 0x0000000082b00000, 0x0000000082b00000|100%| O|  |TAMS 0x0000000082a00000, 0x0000000082a00000| Untracked 
|  43|0x0000000082b00000, 0x0000000082c00000, 0x0000000082c00000|100%|HS|  |TAMS 0x0000000082c00000, 0x0000000082b00000| Complete 
|  44|0x0000000082c00000, 0x0000000082d00000, 0x0000000082d00000|100%|HS|  |TAMS 0x0000000082d00000, 0x0000000082c00000| Complete 
|  45|0x0000000082d00000, 0x0000000082e00000, 0x0000000082e00000|100%|HC|  |TAMS 0x0000000082e00000, 0x0000000082d00000| Complete 
|  46|0x0000000082e00000, 0x0000000082f00000, 0x0000000082f00000|100%|HC|  |TAMS 0x0000000082f00000, 0x0000000082e00000| Complete 
|  47|0x0000000082f00000, 0x0000000083000000, 0x0000000083000000|100%|HC|  |TAMS 0x0000000083000000, 0x0000000082f00000| Complete 
|  48|0x0000000083000000, 0x0000000083100000, 0x0000000083100000|100%| O|  |TAMS 0x0000000083100000, 0x0000000083000000| Untracked 
|  49|0x0000000083100000, 0x0000000083200000, 0x0000000083200000|100%| O|  |TAMS 0x0000000083200000, 0x0000000083100000| Untracked 
|  50|0x0000000083200000, 0x0000000083300000, 0x0000000083300000|100%| O|  |TAMS 0x0000000083300000, 0x0000000083200000| Untracked 
|  51|0x0000000083300000, 0x0000000083400000, 0x0000000083400000|100%| O|  |TAMS 0x0000000083400000, 0x0000000083300000| Untracked 
|  52|0x0000000083400000, 0x0000000083500000, 0x0000000083500000|100%| O|  |TAMS 0x0000000083500000, 0x0000000083400000| Untracked 
|  53|0x0000000083500000, 0x0000000083600000, 0x0000000083600000|100%| O|  |TAMS 0x0000000083600000, 0x0000000083500000| Untracked 
|  54|0x0000000083600000, 0x0000000083700000, 0x0000000083700000|100%| O|  |TAMS 0x0000000083700000, 0x0000000083600000| Untracked 
|  55|0x0000000083700000, 0x0000000083800000, 0x0000000083800000|100%| O|  |TAMS 0x0000000083800000, 0x0000000083700000| Untracked 
|  56|0x0000000083800000, 0x0000000083900000, 0x0000000083900000|100%| O|  |TAMS 0x0000000083900000, 0x0000000083800000| Untracked 
|  57|0x0000000083900000, 0x00000000839b2200, 0x0000000083a00000| 69%| O|  |TAMS 0x00000000839b2200, 0x0000000083900000| Untracked 
|  58|0x0000000083a00000, 0x0000000083b00000, 0x0000000083b00000|100%| O|  |TAMS 0x0000000083a00000, 0x0000000083a00000| Untracked 
|  59|0x0000000083b00000, 0x0000000083c00000, 0x0000000083c00000|100%| O|  |TAMS 0x0000000083b00000, 0x0000000083b00000| Untracked 
|  60|0x0000000083c00000, 0x0000000083d00000, 0x0000000083d00000|100%| O|  |TAMS 0x0000000083c00000, 0x0000000083c00000| Untracked 
|  61|0x0000000083d00000, 0x0000000083e00000, 0x0000000083e00000|100%| O|  |TAMS 0x0000000083d00000, 0x0000000083d00000| Untracked 
|  62|0x0000000083e00000, 0x0000000083f00000, 0x0000000083f00000|100%| O|  |TAMS 0x0000000083e00000, 0x0000000083e00000| Untracked 
|  63|0x0000000083f00000, 0x0000000084000000, 0x0000000084000000|100%| O|  |TAMS 0x0000000083f00000, 0x0000000083f00000| Untracked 
|  64|0x0000000084000000, 0x0000000084100000, 0x0000000084100000|100%| O|  |TAMS 0x0000000084000000, 0x0000000084000000| Untracked 
|  65|0x0000000084100000, 0x0000000084200000, 0x0000000084200000|100%| O|  |TAMS 0x0000000084100000, 0x0000000084100000| Untracked 
|  66|0x0000000084200000, 0x0000000084300000, 0x0000000084300000|100%| O|  |TAMS 0x0000000084200000, 0x0000000084200000| Untracked 
|  67|0x0000000084300000, 0x0000000084400000, 0x0000000084400000|100%| O|  |TAMS 0x0000000084300000, 0x0000000084300000| Untracked 
|  68|0x0000000084400000, 0x0000000084500000, 0x0000000084500000|100%| O|  |TAMS 0x0000000084400000, 0x0000000084400000| Untracked 
|  69|0x0000000084500000, 0x0000000084600000, 0x0000000084600000|100%| O|  |TAMS 0x0000000084500000, 0x0000000084500000| Untracked 
|  70|0x0000000084600000, 0x0000000084700000, 0x0000000084700000|100%| O|  |TAMS 0x0000000084600000, 0x0000000084600000| Untracked 
|  71|0x0000000084700000, 0x0000000084800000, 0x0000000084800000|100%| O|  |TAMS 0x0000000084700000, 0x0000000084700000| Untracked 
|  72|0x0000000084800000, 0x0000000084900000, 0x0000000084900000|100%| O|  |TAMS 0x0000000084800000, 0x0000000084800000| Untracked 
|  73|0x0000000084900000, 0x0000000084a00000, 0x0000000084a00000|100%| O|  |TAMS 0x0000000084900000, 0x0000000084900000| Untracked 
|  74|0x0000000084a00000, 0x0000000084b00000, 0x0000000084b00000|100%| O|  |TAMS 0x0000000084a00000, 0x0000000084a00000| Untracked 
|  75|0x0000000084b00000, 0x0000000084c00000, 0x0000000084c00000|100%| O|  |TAMS 0x0000000084b00000, 0x0000000084b00000| Untracked 
|  76|0x0000000084c00000, 0x0000000084d00000, 0x0000000084d00000|100%| O|  |TAMS 0x0000000084c00000, 0x0000000084c00000| Untracked 
|  77|0x0000000084d00000, 0x0000000084e00000, 0x0000000084e00000|100%| O|  |TAMS 0x0000000084d00000, 0x0000000084d00000| Untracked 
|  78|0x0000000084e00000, 0x0000000084f00000, 0x0000000084f00000|100%| O|  |TAMS 0x0000000084e00000, 0x0000000084e00000| Untracked 
|  79|0x0000000084f00000, 0x0000000085000000, 0x0000000085000000|100%| O|  |TAMS 0x0000000084f00000, 0x0000000084f00000| Untracked 
|  80|0x0000000085000000, 0x0000000085100000, 0x0000000085100000|100%| O|  |TAMS 0x0000000085000000, 0x0000000085000000| Untracked 
|  81|0x0000000085100000, 0x0000000085200000, 0x0000000085200000|100%| O|  |TAMS 0x0000000085100000, 0x0000000085100000| Untracked 
|  82|0x0000000085200000, 0x0000000085300000, 0x0000000085300000|100%| O|  |TAMS 0x0000000085200000, 0x0000000085200000| Untracked 
|  83|0x0000000085300000, 0x0000000085400000, 0x0000000085400000|100%| O|  |TAMS 0x0000000085300000, 0x0000000085300000| Untracked 
|  84|0x0000000085400000, 0x0000000085500000, 0x0000000085500000|100%| O|  |TAMS 0x0000000085400000, 0x0000000085400000| Untracked 
|  85|0x0000000085500000, 0x0000000085600000, 0x0000000085600000|100%| O|  |TAMS 0x0000000085500000, 0x0000000085500000| Untracked 
|  86|0x0000000085600000, 0x0000000085700000, 0x0000000085700000|100%| O|  |TAMS 0x0000000085600000, 0x0000000085600000| Untracked 
|  87|0x0000000085700000, 0x0000000085800000, 0x0000000085800000|100%| O|  |TAMS 0x0000000085700000, 0x0000000085700000| Untracked 
|  88|0x0000000085800000, 0x0000000085900000, 0x0000000085900000|100%| O|  |TAMS 0x0000000085800000, 0x0000000085800000| Untracked 
|  89|0x0000000085900000, 0x0000000085a00000, 0x0000000085a00000|100%| O|  |TAMS 0x0000000085900000, 0x0000000085900000| Untracked 
|  90|0x0000000085a00000, 0x0000000085b00000, 0x0000000085b00000|100%| O|  |TAMS 0x0000000085a00000, 0x0000000085a00000| Untracked 
|  91|0x0000000085b00000, 0x0000000085c00000, 0x0000000085c00000|100%| O|  |TAMS 0x0000000085b00000, 0x0000000085b00000| Untracked 
|  92|0x0000000085c00000, 0x0000000085c00000, 0x0000000085d00000|  0%| F|  |TAMS 0x0000000085c00000, 0x0000000085c00000| Untracked 
|  93|0x0000000085d00000, 0x0000000085e00000, 0x0000000085e00000|100%|HS|  |TAMS 0x0000000085d00000, 0x0000000085d00000| Complete 
|  94|0x0000000085e00000, 0x0000000085f00000, 0x0000000085f00000|100%|HC|  |TAMS 0x0000000085e00000, 0x0000000085e00000| Complete 
|  95|0x0000000085f00000, 0x0000000086000000, 0x0000000086000000|100%| O|  |TAMS 0x0000000085f00000, 0x0000000085f00000| Untracked 
|  96|0x0000000086000000, 0x0000000086100000, 0x0000000086100000|100%| O|  |TAMS 0x0000000086000000, 0x0000000086000000| Untracked 
|  97|0x0000000086100000, 0x0000000086200000, 0x0000000086200000|100%| O|  |TAMS 0x0000000086100000, 0x0000000086100000| Untracked 
|  98|0x0000000086200000, 0x0000000086300000, 0x0000000086300000|100%| O|  |TAMS 0x0000000086200000, 0x0000000086200000| Untracked 
|  99|0x0000000086300000, 0x0000000086400000, 0x0000000086400000|100%| O|  |TAMS 0x0000000086300000, 0x0000000086300000| Untracked 
| 100|0x0000000086400000, 0x0000000086500000, 0x0000000086500000|100%| O|  |TAMS 0x0000000086400000, 0x0000000086400000| Untracked 
| 101|0x0000000086500000, 0x0000000086600000, 0x0000000086600000|100%| O|  |TAMS 0x0000000086500000, 0x0000000086500000| Untracked 
| 102|0x0000000086600000, 0x0000000086700000, 0x0000000086700000|100%| O|  |TAMS 0x0000000086600000, 0x0000000086600000| Untracked 
| 103|0x0000000086700000, 0x0000000086800000, 0x0000000086800000|100%| O|  |TAMS 0x0000000086700000, 0x0000000086700000| Untracked 
| 104|0x0000000086800000, 0x0000000086900000, 0x0000000086900000|100%| O|  |TAMS 0x0000000086800000, 0x0000000086800000| Untracked 
| 105|0x0000000086900000, 0x0000000086a00000, 0x0000000086a00000|100%| O|  |TAMS 0x0000000086900000, 0x0000000086900000| Untracked 
| 106|0x0000000086a00000, 0x0000000086b00000, 0x0000000086b00000|100%| O|  |TAMS 0x0000000086a00000, 0x0000000086a00000| Untracked 
| 107|0x0000000086b00000, 0x0000000086c00000, 0x0000000086c00000|100%| O|  |TAMS 0x0000000086b00000, 0x0000000086b00000| Untracked 
| 108|0x0000000086c00000, 0x0000000086d00000, 0x0000000086d00000|100%| O|  |TAMS 0x0000000086c00000, 0x0000000086c00000| Untracked 
| 109|0x0000000086d00000, 0x0000000086e00000, 0x0000000086e00000|100%| O|  |TAMS 0x0000000086d00000, 0x0000000086d00000| Untracked 
| 110|0x0000000086e00000, 0x0000000086f00000, 0x0000000086f00000|100%| O|  |TAMS 0x0000000086e00000, 0x0000000086e00000| Untracked 
| 111|0x0000000086f00000, 0x0000000087000000, 0x0000000087000000|100%| O|  |TAMS 0x0000000086f00000, 0x0000000086f00000| Untracked 
| 112|0x0000000087000000, 0x0000000087100000, 0x0000000087100000|100%| O|  |TAMS 0x0000000087000000, 0x0000000087000000| Untracked 
| 113|0x0000000087100000, 0x0000000087200000, 0x0000000087200000|100%| O|  |TAMS 0x0000000087100000, 0x0000000087100000| Untracked 
| 114|0x0000000087200000, 0x0000000087300000, 0x0000000087300000|100%| O|  |TAMS 0x0000000087200000, 0x0000000087200000| Untracked 
| 115|0x0000000087300000, 0x0000000087400000, 0x0000000087400000|100%| O|  |TAMS 0x0000000087300000, 0x0000000087300000| Untracked 
| 116|0x0000000087400000, 0x0000000087500000, 0x0000000087500000|100%| O|  |TAMS 0x0000000087400000, 0x0000000087400000| Untracked 
| 117|0x0000000087500000, 0x0000000087600000, 0x0000000087600000|100%| O|  |TAMS 0x0000000087500000, 0x0000000087500000| Untracked 
| 118|0x0000000087600000, 0x0000000087700000, 0x0000000087700000|100%| O|  |TAMS 0x0000000087600000, 0x0000000087600000| Untracked 
| 119|0x0000000087700000, 0x0000000087800000, 0x0000000087800000|100%| O|  |TAMS 0x0000000087700000, 0x0000000087700000| Untracked 
| 120|0x0000000087800000, 0x0000000087900000, 0x0000000087900000|100%| O|  |TAMS 0x0000000087800000, 0x0000000087800000| Untracked 
| 121|0x0000000087900000, 0x0000000087a00000, 0x0000000087a00000|100%| O|  |TAMS 0x0000000087900000, 0x0000000087900000| Untracked 
| 122|0x0000000087a00000, 0x0000000087b00000, 0x0000000087b00000|100%| O|  |TAMS 0x0000000087a00000, 0x0000000087a00000| Untracked 
| 123|0x0000000087b00000, 0x0000000087c00000, 0x0000000087c00000|100%| O|  |TAMS 0x0000000087b00000, 0x0000000087b00000| Untracked 
| 124|0x0000000087c00000, 0x0000000087d00000, 0x0000000087d00000|100%| O|  |TAMS 0x0000000087c00000, 0x0000000087c00000| Untracked 
| 125|0x0000000087d00000, 0x0000000087e00000, 0x0000000087e00000|100%| O|  |TAMS 0x0000000087d00000, 0x0000000087d00000| Untracked 
| 126|0x0000000087e00000, 0x0000000087e00000, 0x0000000087f00000|  0%| F|  |TAMS 0x0000000087e00000, 0x0000000087e00000| Untracked 
| 127|0x0000000087f00000, 0x0000000087f00000, 0x0000000088000000|  0%| F|  |TAMS 0x0000000087f00000, 0x0000000087f00000| Untracked 
| 128|0x0000000088000000, 0x0000000088000000, 0x0000000088100000|  0%| F|  |TAMS 0x0000000088000000, 0x0000000088000000| Untracked 
| 129|0x0000000088100000, 0x0000000088100000, 0x0000000088200000|  0%| F|  |TAMS 0x0000000088100000, 0x0000000088100000| Untracked 
| 130|0x0000000088200000, 0x0000000088200000, 0x0000000088300000|  0%| F|  |TAMS 0x0000000088200000, 0x0000000088200000| Untracked 
| 131|0x0000000088300000, 0x0000000088300000, 0x0000000088400000|  0%| F|  |TAMS 0x0000000088300000, 0x0000000088300000| Untracked 
| 132|0x0000000088400000, 0x0000000088400000, 0x0000000088500000|  0%| F|  |TAMS 0x0000000088400000, 0x0000000088400000| Untracked 
| 133|0x0000000088500000, 0x0000000088500000, 0x0000000088600000|  0%| F|  |TAMS 0x0000000088500000, 0x0000000088500000| Untracked 
| 134|0x0000000088600000, 0x0000000088700000, 0x0000000088700000|100%| O|  |TAMS 0x0000000088600000, 0x0000000088600000| Untracked 
| 135|0x0000000088700000, 0x0000000088800000, 0x0000000088800000|100%| O|  |TAMS 0x0000000088700000, 0x0000000088700000| Untracked 
| 136|0x0000000088800000, 0x0000000088900000, 0x0000000088900000|100%| O|  |TAMS 0x0000000088800000, 0x0000000088800000| Untracked 
| 137|0x0000000088900000, 0x0000000088a00000, 0x0000000088a00000|100%| O|  |TAMS 0x0000000088900000, 0x0000000088900000| Untracked 
| 138|0x0000000088a00000, 0x0000000088a00000, 0x0000000088b00000|  0%| F|  |TAMS 0x0000000088a00000, 0x0000000088a00000| Untracked 
| 139|0x0000000088b00000, 0x0000000088b00000, 0x0000000088c00000|  0%| F|  |TAMS 0x0000000088b00000, 0x0000000088b00000| Untracked 
| 140|0x0000000088c00000, 0x0000000088c00000, 0x0000000088d00000|  0%| F|  |TAMS 0x0000000088c00000, 0x0000000088c00000| Untracked 
| 141|0x0000000088d00000, 0x0000000088d00000, 0x0000000088e00000|  0%| F|  |TAMS 0x0000000088d00000, 0x0000000088d00000| Untracked 
| 142|0x0000000088e00000, 0x0000000088e00000, 0x0000000088f00000|  0%| F|  |TAMS 0x0000000088e00000, 0x0000000088e00000| Untracked 
| 143|0x0000000088f00000, 0x0000000088f00000, 0x0000000089000000|  0%| F|  |TAMS 0x0000000088f00000, 0x0000000088f00000| Untracked 
| 144|0x0000000089000000, 0x0000000089000000, 0x0000000089100000|  0%| F|  |TAMS 0x0000000089000000, 0x0000000089000000| Untracked 
| 145|0x0000000089100000, 0x0000000089100000, 0x0000000089200000|  0%| F|  |TAMS 0x0000000089100000, 0x0000000089100000| Untracked 
| 146|0x0000000089200000, 0x0000000089200000, 0x0000000089300000|  0%| F|  |TAMS 0x0000000089200000, 0x0000000089200000| Untracked 
| 147|0x0000000089300000, 0x0000000089300000, 0x0000000089400000|  0%| F|  |TAMS 0x0000000089300000, 0x0000000089300000| Untracked 
| 148|0x0000000089400000, 0x0000000089400000, 0x0000000089500000|  0%| F|  |TAMS 0x0000000089400000, 0x0000000089400000| Untracked 
| 149|0x0000000089500000, 0x0000000089500000, 0x0000000089600000|  0%| F|  |TAMS 0x0000000089500000, 0x0000000089500000| Untracked 
| 150|0x0000000089600000, 0x0000000089600000, 0x0000000089700000|  0%| F|  |TAMS 0x0000000089600000, 0x0000000089600000| Untracked 
| 151|0x0000000089700000, 0x0000000089700000, 0x0000000089800000|  0%| F|  |TAMS 0x0000000089700000, 0x0000000089700000| Untracked 
| 152|0x0000000089800000, 0x0000000089800000, 0x0000000089900000|  0%| F|  |TAMS 0x0000000089800000, 0x0000000089800000| Untracked 
| 153|0x0000000089900000, 0x0000000089900000, 0x0000000089a00000|  0%| F|  |TAMS 0x0000000089900000, 0x0000000089900000| Untracked 
| 154|0x0000000089a00000, 0x0000000089a00000, 0x0000000089b00000|  0%| F|  |TAMS 0x0000000089a00000, 0x0000000089a00000| Untracked 
| 155|0x0000000089b00000, 0x0000000089b00000, 0x0000000089c00000|  0%| F|  |TAMS 0x0000000089b00000, 0x0000000089b00000| Untracked 
| 156|0x0000000089c00000, 0x0000000089c00000, 0x0000000089d00000|  0%| F|  |TAMS 0x0000000089c00000, 0x0000000089c00000| Untracked 
| 157|0x0000000089d00000, 0x0000000089d00000, 0x0000000089e00000|  0%| F|  |TAMS 0x0000000089d00000, 0x0000000089d00000| Untracked 
| 158|0x0000000089e00000, 0x0000000089f00000, 0x0000000089f00000|100%| S|CS|TAMS 0x0000000089e00000, 0x0000000089e00000| Complete 
| 159|0x0000000089f00000, 0x000000008a000000, 0x000000008a000000|100%| S|CS|TAMS 0x0000000089f00000, 0x0000000089f00000| Complete 
| 160|0x000000008a000000, 0x000000008a100000, 0x000000008a100000|100%| S|CS|TAMS 0x000000008a000000, 0x000000008a000000| Complete 
| 161|0x000000008a100000, 0x000000008a200000, 0x000000008a200000|100%| S|CS|TAMS 0x000000008a100000, 0x000000008a100000| Complete 
| 162|0x000000008a200000, 0x000000008a300000, 0x000000008a300000|100%| S|CS|TAMS 0x000000008a200000, 0x000000008a200000| Complete 
| 163|0x000000008a300000, 0x000000008a300000, 0x000000008a400000|  0%| F|  |TAMS 0x000000008a300000, 0x000000008a300000| Untracked 
| 164|0x000000008a400000, 0x000000008a400000, 0x000000008a500000|  0%| F|  |TAMS 0x000000008a400000, 0x000000008a400000| Untracked 
| 165|0x000000008a500000, 0x000000008a500000, 0x000000008a600000|  0%| F|  |TAMS 0x000000008a500000, 0x000000008a500000| Untracked 
| 166|0x000000008a600000, 0x000000008a600000, 0x000000008a700000|  0%| F|  |TAMS 0x000000008a600000, 0x000000008a600000| Untracked 
| 167|0x000000008a700000, 0x000000008a700000, 0x000000008a800000|  0%| F|  |TAMS 0x000000008a700000, 0x000000008a700000| Untracked 
| 168|0x000000008a800000, 0x000000008a800000, 0x000000008a900000|  0%| F|  |TAMS 0x000000008a800000, 0x000000008a800000| Untracked 
| 169|0x000000008a900000, 0x000000008a900000, 0x000000008aa00000|  0%| F|  |TAMS 0x000000008a900000, 0x000000008a900000| Untracked 
| 170|0x000000008aa00000, 0x000000008aa00000, 0x000000008ab00000|  0%| F|  |TAMS 0x000000008aa00000, 0x000000008aa00000| Untracked 
| 171|0x000000008ab00000, 0x000000008ab00000, 0x000000008ac00000|  0%| F|  |TAMS 0x000000008ab00000, 0x000000008ab00000| Untracked 
| 172|0x000000008ac00000, 0x000000008ac00000, 0x000000008ad00000|  0%| F|  |TAMS 0x000000008ac00000, 0x000000008ac00000| Untracked 
| 173|0x000000008ad00000, 0x000000008ad00000, 0x000000008ae00000|  0%| F|  |TAMS 0x000000008ad00000, 0x000000008ad00000| Untracked 
| 174|0x000000008ae00000, 0x000000008ae00000, 0x000000008af00000|  0%| F|  |TAMS 0x000000008ae00000, 0x000000008ae00000| Untracked 
| 175|0x000000008af00000, 0x000000008af00000, 0x000000008b000000|  0%| F|  |TAMS 0x000000008af00000, 0x000000008af00000| Untracked 
| 176|0x000000008b000000, 0x000000008b000000, 0x000000008b100000|  0%| F|  |TAMS 0x000000008b000000, 0x000000008b000000| Untracked 
| 177|0x000000008b100000, 0x000000008b100000, 0x000000008b200000|  0%| F|  |TAMS 0x000000008b100000, 0x000000008b100000| Untracked 
| 178|0x000000008b200000, 0x000000008b200000, 0x000000008b300000|  0%| F|  |TAMS 0x000000008b200000, 0x000000008b200000| Untracked 
| 179|0x000000008b300000, 0x000000008b300000, 0x000000008b400000|  0%| F|  |TAMS 0x000000008b300000, 0x000000008b300000| Untracked 
| 180|0x000000008b400000, 0x000000008b400000, 0x000000008b500000|  0%| F|  |TAMS 0x000000008b400000, 0x000000008b400000| Untracked 
| 181|0x000000008b500000, 0x000000008b500000, 0x000000008b600000|  0%| F|  |TAMS 0x000000008b500000, 0x000000008b500000| Untracked 
| 182|0x000000008b600000, 0x000000008b600000, 0x000000008b700000|  0%| F|  |TAMS 0x000000008b600000, 0x000000008b600000| Untracked 
| 183|0x000000008b700000, 0x000000008b700000, 0x000000008b800000|  0%| F|  |TAMS 0x000000008b700000, 0x000000008b700000| Untracked 
| 184|0x000000008b800000, 0x000000008b800000, 0x000000008b900000|  0%| F|  |TAMS 0x000000008b800000, 0x000000008b800000| Untracked 
| 185|0x000000008b900000, 0x000000008b900000, 0x000000008ba00000|  0%| F|  |TAMS 0x000000008b900000, 0x000000008b900000| Untracked 
| 186|0x000000008ba00000, 0x000000008ba00000, 0x000000008bb00000|  0%| F|  |TAMS 0x000000008ba00000, 0x000000008ba00000| Untracked 
| 187|0x000000008bb00000, 0x000000008bb00000, 0x000000008bc00000|  0%| F|  |TAMS 0x000000008bb00000, 0x000000008bb00000| Untracked 
| 188|0x000000008bc00000, 0x000000008bc00000, 0x000000008bd00000|  0%| F|  |TAMS 0x000000008bc00000, 0x000000008bc00000| Untracked 
| 189|0x000000008bd00000, 0x000000008bd00000, 0x000000008be00000|  0%| F|  |TAMS 0x000000008bd00000, 0x000000008bd00000| Untracked 
| 190|0x000000008be00000, 0x000000008be00000, 0x000000008bf00000|  0%| F|  |TAMS 0x000000008be00000, 0x000000008be00000| Untracked 
| 191|0x000000008bf00000, 0x000000008bf00000, 0x000000008c000000|  0%| F|  |TAMS 0x000000008bf00000, 0x000000008bf00000| Untracked 
| 192|0x000000008c000000, 0x000000008c000000, 0x000000008c100000|  0%| F|  |TAMS 0x000000008c000000, 0x000000008c000000| Untracked 
| 193|0x000000008c100000, 0x000000008c100000, 0x000000008c200000|  0%| F|  |TAMS 0x000000008c100000, 0x000000008c100000| Untracked 
| 194|0x000000008c200000, 0x000000008c200000, 0x000000008c300000|  0%| F|  |TAMS 0x000000008c200000, 0x000000008c200000| Untracked 
| 195|0x000000008c300000, 0x000000008c300000, 0x000000008c400000|  0%| F|  |TAMS 0x000000008c300000, 0x000000008c300000| Untracked 
| 196|0x000000008c400000, 0x000000008c400000, 0x000000008c500000|  0%| F|  |TAMS 0x000000008c400000, 0x000000008c400000| Untracked 
| 197|0x000000008c500000, 0x000000008c500000, 0x000000008c600000|  0%| F|  |TAMS 0x000000008c500000, 0x000000008c500000| Untracked 
| 198|0x000000008c600000, 0x000000008c600000, 0x000000008c700000|  0%| F|  |TAMS 0x000000008c600000, 0x000000008c600000| Untracked 
| 199|0x000000008c700000, 0x000000008c700000, 0x000000008c800000|  0%| F|  |TAMS 0x000000008c700000, 0x000000008c700000| Untracked 
| 200|0x000000008c800000, 0x000000008c800000, 0x000000008c900000|  0%| F|  |TAMS 0x000000008c800000, 0x000000008c800000| Untracked 
| 201|0x000000008c900000, 0x000000008c900000, 0x000000008ca00000|  0%| F|  |TAMS 0x000000008c900000, 0x000000008c900000| Untracked 
| 202|0x000000008ca00000, 0x000000008ca00000, 0x000000008cb00000|  0%| F|  |TAMS 0x000000008ca00000, 0x000000008ca00000| Untracked 
| 203|0x000000008cb00000, 0x000000008cb00000, 0x000000008cc00000|  0%| F|  |TAMS 0x000000008cb00000, 0x000000008cb00000| Untracked 
| 204|0x000000008cc00000, 0x000000008cc00000, 0x000000008cd00000|  0%| F|  |TAMS 0x000000008cc00000, 0x000000008cc00000| Untracked 
| 205|0x000000008cd00000, 0x000000008cd00000, 0x000000008ce00000|  0%| F|  |TAMS 0x000000008cd00000, 0x000000008cd00000| Untracked 
| 206|0x000000008ce00000, 0x000000008ce00000, 0x000000008cf00000|  0%| F|  |TAMS 0x000000008ce00000, 0x000000008ce00000| Untracked 
| 207|0x000000008cf00000, 0x000000008cf00000, 0x000000008d000000|  0%| F|  |TAMS 0x000000008cf00000, 0x000000008cf00000| Untracked 
| 208|0x000000008d000000, 0x000000008d000000, 0x000000008d100000|  0%| F|  |TAMS 0x000000008d000000, 0x000000008d000000| Untracked 
| 209|0x000000008d100000, 0x000000008d100000, 0x000000008d200000|  0%| F|  |TAMS 0x000000008d100000, 0x000000008d100000| Untracked 
| 210|0x000000008d200000, 0x000000008d200000, 0x000000008d300000|  0%| F|  |TAMS 0x000000008d200000, 0x000000008d200000| Untracked 
| 211|0x000000008d300000, 0x000000008d300000, 0x000000008d400000|  0%| F|  |TAMS 0x000000008d300000, 0x000000008d300000| Untracked 
| 212|0x000000008d400000, 0x000000008d400000, 0x000000008d500000|  0%| F|  |TAMS 0x000000008d400000, 0x000000008d400000| Untracked 
| 213|0x000000008d500000, 0x000000008d500000, 0x000000008d600000|  0%| F|  |TAMS 0x000000008d500000, 0x000000008d500000| Untracked 
| 214|0x000000008d600000, 0x000000008d600000, 0x000000008d700000|  0%| F|  |TAMS 0x000000008d600000, 0x000000008d600000| Untracked 
| 215|0x000000008d700000, 0x000000008d700000, 0x000000008d800000|  0%| F|  |TAMS 0x000000008d700000, 0x000000008d700000| Untracked 
| 216|0x000000008d800000, 0x000000008d800000, 0x000000008d900000|  0%| F|  |TAMS 0x000000008d800000, 0x000000008d800000| Untracked 
|2044|0x00000000ffc00000, 0x00000000ffd00000, 0x00000000ffd00000|100%| O|  |TAMS 0x00000000ffc00000, 0x00000000ffc00000| Untracked 
|2045|0x00000000ffd00000, 0x00000000ffe00000, 0x00000000ffe00000|100%| O|  |TAMS 0x00000000ffd00000, 0x00000000ffd00000| Untracked 
|2046|0x00000000ffe00000, 0x00000000fff00000, 0x00000000fff00000|100%| O|  |TAMS 0x00000000ffe00000, 0x00000000ffe00000| Untracked 
|2047|0x00000000fff00000, 0x0000000100000000, 0x0000000100000000|100%| O|  |TAMS 0x00000000fff00000, 0x00000000fff00000| Untracked 

Card table byte_map: [0x0000026226470000,0x0000026226870000] _byte_map_base: 0x0000026226070000

Marking Bits (Prev, Next): (CMBitMap*) 0x000002621202d400, (CMBitMap*) 0x000002621202d3c0
 Prev Bits: [0x0000026228c70000, 0x000002622ac70000)
 Next Bits: [0x0000026226c70000, 0x0000026228c70000)

Polling page: 0x0000026211e20000

Metaspace:

Usage:
  Non-class:     89.09 MB used.
      Class:     13.62 MB used.
       Both:    102.71 MB used.

Virtual space:
  Non-class space:       96.00 MB reserved,      89.44 MB ( 93%) committed,  12 nodes.
      Class space:        1.00 GB reserved,      14.00 MB (  1%) committed,  1 nodes.
             Both:        1.09 GB reserved,     103.44 MB (  9%) committed. 

Chunk freelists:
   Non-Class:  2.20 MB
       Class:  1.94 MB
        Both:  4.14 MB

MaxMetaspaceSize: unlimited
CompressedClassSpaceSize: 1.00 GB
Initial GC threshold: 21.00 MB
Current GC threshold: 111.19 MB
CDS: off
MetaspaceReclaimPolicy: balanced
 - commit_granule_bytes: 65536.
 - commit_granule_words: 8192.
 - virtual_space_node_default_size: 1048576.
 - enlarge_chunks_in_place: 1.
 - new_chunks_are_fully_committed: 0.
 - uncommit_free_chunks: 1.
 - use_allocation_guard: 0.
 - handle_deallocations: 1.


Internal statistics:

num_allocs_failed_limit: 6.
num_arena_births: 1208.
num_arena_deaths: 0.
num_vsnodes_births: 13.
num_vsnodes_deaths: 0.
num_space_committed: 1653.
num_space_uncommitted: 0.
num_chunks_returned_to_freelist: 6.
num_chunks_taken_from_freelist: 5023.
num_chunk_merges: 6.
num_chunk_splits: 3336.
num_chunks_enlarged: 2262.
num_purges: 0.
num_inconsistent_stats: 0.

CodeHeap 'non-profiled nmethods': size=120064Kb used=6262Kb max_used=6262Kb free=113801Kb
 bounds [0x000002621e730000, 0x000002621ed50000, 0x0000026225c70000]
CodeHeap 'profiled nmethods': size=120000Kb used=23294Kb max_used=23294Kb free=96705Kb
 bounds [0x0000026216c70000, 0x0000026218330000, 0x000002621e1a0000]
CodeHeap 'non-nmethods': size=5696Kb used=2488Kb max_used=2535Kb free=3207Kb
 bounds [0x000002621e1a0000, 0x000002621e430000, 0x000002621e730000]
 total_blobs=12627 nmethods=11570 adapters=970
 compilation: enabled
              stopped_count=0, restarted_count=0
 full_count=0

Compilation events (20 events):
Event: 60.358 Thread 0x000002622dc97620 13308       3       com.android.aaptcompiler.android.ResTableConfig$Companion::compareArrays$aaptcompiler (88 bytes)
Event: 60.360 Thread 0x000002622dc97620 nmethod 13308 0x0000026218329e10 code [0x000002621832a0c0, 0x000002621832ac98]
Event: 60.361 Thread 0x000002622dc97620 13309       2       com.android.aaptcompiler.XmlUtilKt::walkToEndOfElement (119 bytes)
Event: 60.363 Thread 0x000002622dc97620 nmethod 13309 0x000002621832b190 code [0x000002621832b420, 0x000002621832bd18]
Event: 60.364 Thread 0x000002622dc97620 13310       1       com.android.aaptcompiler.Value::getWeak (5 bytes)
Event: 60.364 Thread 0x000002622dc97620 nmethod 13310 0x000002621ed4d590 code [0x000002621ed4d720, 0x000002621ed4d7f8]
Event: 60.365 Thread 0x000002622dc97620 13311       1       com.android.aaptcompiler.Visibility::getLevel (5 bytes)
Event: 60.365 Thread 0x000002622dc97620 nmethod 13311 0x000002621ed4d890 code [0x000002621ed4da20, 0x000002621ed4daf8]
Event: 60.370 Thread 0x000002622dc97620 13312       2       java.util.TreeMap::key (17 bytes)
Event: 60.370 Thread 0x000002622dc97620 nmethod 13312 0x000002621832c410 code [0x000002621832c5c0, 0x000002621832c768]
Event: 60.372 Thread 0x000002622dc97620 13313 %     3       com.sun.org.apache.xerces.internal.util.NamespaceSupport::<init> @ 41 (81 bytes)
Event: 60.373 Thread 0x000002622dc97620 nmethod 13313% 0x000002621832c890 code [0x000002621832cac0, 0x000002621832d418]
Event: 60.373 Thread 0x000002622dc97620 13314       3       com.sun.org.apache.xerces.internal.util.NamespaceSupport::<init> (81 bytes)
Event: 60.374 Thread 0x000002622dc97620 nmethod 13314 0x000002621832d710 code [0x000002621832d940, 0x000002621832e1f8]
Event: 60.374 Thread 0x000002622dc97620 13315       2       com.android.aaptcompiler.AttributeResource$Symbol::<init> (26 bytes)
Event: 60.375 Thread 0x000002622dc97620 nmethod 13315 0x000002621832e490 code [0x000002621832e660, 0x000002621832e998]
Event: 60.604 Thread 0x000002622dc97620 13316       2       java.util.TreeMap::firstKey (8 bytes)
Event: 60.605 Thread 0x000002622dc97620 nmethod 13316 0x000002621832eb90 code [0x000002621832ed40, 0x000002621832ef88]
Event: 60.605 Thread 0x000002622dc97620 13317       2       com.android.aaptcompiler.ResourceTable$addResourceWithId$2::invoke (13 bytes)
Event: 60.606 Thread 0x000002622dc97620 nmethod 13317 0x000002621832f110 code [0x000002621832f340, 0x000002621832f848]

GC Heap History (20 events):
Event: 30.116 GC heap after
{Heap after GC invocations=35 (full 0):
 garbage-first heap   total 222208K, used 59570K [0x0000000080000000, 0x0000000100000000)
  region size 1024K, 2 young (2048K), 2 survivors (2048K)
 Metaspace       used 67701K, committed 68288K, reserved 1114112K
  class space    used 8948K, committed 9216K, reserved 1048576K
}
Event: 33.823 GC heap before
{Heap before GC invocations=36 (full 0):
 garbage-first heap   total 204800K, used 139442K [0x0000000080000000, 0x0000000100000000)
  region size 1024K, 80 young (81920K), 2 survivors (2048K)
 Metaspace       used 75687K, committed 76288K, reserved 1122304K
  class space    used 9995K, committed 10304K, reserved 1048576K
}
Event: 33.845 GC heap after
{Heap after GC invocations=37 (full 0):
 garbage-first heap   total 204800K, used 65496K [0x0000000080000000, 0x0000000100000000)
  region size 1024K, 8 young (8192K), 8 survivors (8192K)
 Metaspace       used 75687K, committed 76288K, reserved 1122304K
  class space    used 9995K, committed 10304K, reserved 1048576K
}
Event: 33.876 GC heap before
{Heap before GC invocations=37 (full 0):
 garbage-first heap   total 204800K, used 67544K [0x0000000080000000, 0x0000000100000000)
  region size 1024K, 10 young (10240K), 8 survivors (8192K)
 Metaspace       used 75690K, committed 76288K, reserved 1122304K
  class space    used 9995K, committed 10304K, reserved 1048576K
}
Event: 33.891 GC heap after
{Heap after GC invocations=38 (full 0):
 garbage-first heap   total 204800K, used 66029K [0x0000000080000000, 0x0000000100000000)
  region size 1024K, 1 young (1024K), 1 survivors (1024K)
 Metaspace       used 75690K, committed 76288K, reserved 1122304K
  class space    used 9995K, committed 10304K, reserved 1048576K
}
Event: 37.414 GC heap before
{Heap before GC invocations=38 (full 0):
 garbage-first heap   total 204800K, used 146925K [0x0000000080000000, 0x0000000100000000)
  region size 1024K, 80 young (81920K), 1 survivors (1024K)
 Metaspace       used 84435K, committed 85056K, reserved 1122304K
  class space    used 11409K, committed 11712K, reserved 1048576K
}
Event: 37.434 GC heap after
{Heap after GC invocations=39 (full 0):
 garbage-first heap   total 204800K, used 70424K [0x0000000080000000, 0x0000000100000000)
  region size 1024K, 6 young (6144K), 6 survivors (6144K)
 Metaspace       used 84435K, committed 85056K, reserved 1122304K
  class space    used 11409K, committed 11712K, reserved 1048576K
}
Event: 40.906 GC heap before
{Heap before GC invocations=39 (full 0):
 garbage-first heap   total 204800K, used 153368K [0x0000000080000000, 0x0000000100000000)
  region size 1024K, 87 young (89088K), 6 survivors (6144K)
 Metaspace       used 92869K, committed 93504K, reserved 1130496K
  class space    used 12615K, committed 12928K, reserved 1048576K
}
Event: 40.945 GC heap after
{Heap after GC invocations=40 (full 0):
 garbage-first heap   total 204800K, used 76488K [0x0000000080000000, 0x0000000100000000)
  region size 1024K, 11 young (11264K), 11 survivors (11264K)
 Metaspace       used 92869K, committed 93504K, reserved 1130496K
  class space    used 12615K, committed 12928K, reserved 1048576K
}
Event: 44.418 GC heap before
{Heap before GC invocations=40 (full 0):
 garbage-first heap   total 204800K, used 157384K [0x0000000080000000, 0x0000000100000000)
  region size 1024K, 90 young (92160K), 11 survivors (11264K)
 Metaspace       used 95008K, committed 95680K, reserved 1138688K
  class space    used 12937K, committed 13248K, reserved 1048576K
}
Event: 44.478 GC heap after
{Heap after GC invocations=41 (full 0):
 garbage-first heap   total 204800K, used 87719K [0x0000000080000000, 0x0000000100000000)
  region size 1024K, 11 young (11264K), 11 survivors (11264K)
 Metaspace       used 95008K, committed 95680K, reserved 1138688K
  class space    used 12937K, committed 13248K, reserved 1048576K
}
Event: 50.338 GC heap before
{Heap before GC invocations=41 (full 0):
 garbage-first heap   total 204800K, used 159399K [0x0000000080000000, 0x0000000100000000)
  region size 1024K, 81 young (82944K), 11 survivors (11264K)
 Metaspace       used 99164K, committed 99968K, reserved 1138688K
  class space    used 13371K, committed 13760K, reserved 1048576K
}
Event: 50.384 GC heap after
{Heap after GC invocations=42 (full 0):
 garbage-first heap   total 204800K, used 94920K [0x0000000080000000, 0x0000000100000000)
  region size 1024K, 8 young (8192K), 8 survivors (8192K)
 Metaspace       used 99164K, committed 99968K, reserved 1138688K
  class space    used 13371K, committed 13760K, reserved 1048576K
}
Event: 54.586 GC heap before
{Heap before GC invocations=42 (full 0):
 garbage-first heap   total 204800K, used 176840K [0x0000000080000000, 0x0000000100000000)
  region size 1024K, 71 young (72704K), 8 survivors (8192K)
 Metaspace       used 103195K, committed 103936K, reserved 1138688K
  class space    used 13784K, committed 14144K, reserved 1048576K
}
Event: 54.652 GC heap after
{Heap after GC invocations=43 (full 0):
 garbage-first heap   total 208896K, used 120520K [0x0000000080000000, 0x0000000100000000)
  region size 1024K, 9 young (9216K), 9 survivors (9216K)
 Metaspace       used 103195K, committed 103936K, reserved 1138688K
  class space    used 13784K, committed 14144K, reserved 1048576K
}
Event: 58.126 GC heap before
{Heap before GC invocations=43 (full 0):
 garbage-first heap   total 208896K, used 169672K [0x0000000080000000, 0x0000000100000000)
  region size 1024K, 51 young (52224K), 9 survivors (9216K)
 Metaspace       used 103436K, committed 104192K, reserved 1146880K
  class space    used 13795K, committed 14144K, reserved 1048576K
}
Event: 58.170 GC heap after
{Heap after GC invocations=44 (full 0):
 garbage-first heap   total 208896K, used 133832K [0x0000000080000000, 0x0000000100000000)
  region size 1024K, 7 young (7168K), 7 survivors (7168K)
 Metaspace       used 103436K, committed 104192K, reserved 1146880K
  class space    used 13795K, committed 14144K, reserved 1048576K
}
Event: 58.824 GC heap before
{Heap before GC invocations=44 (full 0):
 garbage-first heap   total 208896K, used 175816K [0x0000000080000000, 0x0000000100000000)
  region size 1024K, 39 young (39936K), 7 survivors (7168K)
 Metaspace       used 103869K, committed 104640K, reserved 1146880K
  class space    used 13830K, committed 14208K, reserved 1048576K
}
Event: 58.864 GC heap after
{Heap after GC invocations=45 (full 0):
 garbage-first heap   total 208896K, used 135880K [0x0000000080000000, 0x0000000100000000)
  region size 1024K, 5 young (5120K), 5 survivors (5120K)
 Metaspace       used 103869K, committed 104640K, reserved 1146880K
  class space    used 13830K, committed 14208K, reserved 1048576K
}
Event: 60.607 GC heap before
{Heap before GC invocations=45 (full 0):
 garbage-first heap   total 208896K, used 168648K [0x0000000080000000, 0x0000000100000000)
  region size 1024K, 37 young (37888K), 5 survivors (5120K)
 Metaspace       used 105172K, committed 105920K, reserved 1146880K
  class space    used 13949K, committed 14336K, reserved 1048576K
}

Dll operation events (2 events):
Event: 0.230 Loaded shared library C:\Program Files\Android\Android Studio\jbr\bin\java.dll
Event: 2.316 Loaded shared library C:\Program Files\Android\Android Studio\jbr\bin\verify.dll

Deoptimization events (20 events):
Event: 60.141 Thread 0x0000026230627230 DEOPT PACKING pc=0x000002621827d00f sp=0x000000b080bfd370
Event: 60.141 Thread 0x0000026230627230 DEOPT UNPACKING pc=0x000002621e1f7143 sp=0x000000b080bfc818 mode 0
Event: 60.171 Thread 0x0000026230627230 DEOPT PACKING pc=0x000002621828f007 sp=0x000000b080bfce10
Event: 60.171 Thread 0x0000026230627230 DEOPT UNPACKING pc=0x000002621e1f7143 sp=0x000000b080bfc2f0 mode 0
Event: 60.179 Thread 0x0000026230627230 DEOPT PACKING pc=0x00000262182ac562 sp=0x000000b080bfc840
Event: 60.179 Thread 0x0000026230627230 DEOPT UNPACKING pc=0x000002621e1f7143 sp=0x000000b080bfbd48 mode 0
Event: 60.224 Thread 0x0000026230627230 DEOPT PACKING pc=0x000002621821ac5c sp=0x000000b080bfcd50
Event: 60.224 Thread 0x0000026230627230 DEOPT UNPACKING pc=0x000002621e1f7143 sp=0x000000b080bfc208 mode 0
Event: 60.243 Thread 0x000002622efb3170 Uncommon trap: trap_request=0xffffff45 fr.pc=0x000002621ed2cf98 relative=0x0000000000001058
Event: 60.243 Thread 0x000002622efb3170 Uncommon trap: reason=unstable_if action=reinterpret pc=0x000002621ed2cf98 method=java.io.Bits.putBoolean([BIZ)V @ 3 c2
Event: 60.243 Thread 0x000002622efb3170 DEOPT PACKING pc=0x000002621ed2cf98 sp=0x000000b0fdefe440
Event: 60.243 Thread 0x000002622efb3170 DEOPT UNPACKING pc=0x000002621e1f69a3 sp=0x000000b0fdefe278 mode 2
Event: 60.324 Thread 0x0000026230627230 Uncommon trap: trap_request=0xffffff45 fr.pc=0x000002621e8d39f8 relative=0x0000000000000458
Event: 60.324 Thread 0x0000026230627230 Uncommon trap: reason=unstable_if action=reinterpret pc=0x000002621e8d39f8 method=java.lang.String.substring(II)Ljava/lang/String; @ 31 c2
Event: 60.324 Thread 0x0000026230627230 DEOPT PACKING pc=0x000002621e8d39f8 sp=0x000000b080bfcfd0
Event: 60.324 Thread 0x0000026230627230 DEOPT UNPACKING pc=0x000002621e1f69a3 sp=0x000000b080bfcf08 mode 2
Event: 60.360 Thread 0x0000026230627230 DEOPT PACKING pc=0x000002621824ff56 sp=0x000000b080bfcd90
Event: 60.360 Thread 0x0000026230627230 DEOPT UNPACKING pc=0x000002621e1f7143 sp=0x000000b080bfc248 mode 0
Event: 60.374 Thread 0x0000026230627230 DEOPT PACKING pc=0x000002621829980f sp=0x000000b080bfcb90
Event: 60.374 Thread 0x0000026230627230 DEOPT UNPACKING pc=0x000002621e1f7143 sp=0x000000b080bfc030 mode 0

Classes unloaded (0 events):
No events

Classes redefined (0 events):
No events

Internal exceptions (20 events):
Event: 52.283 Thread 0x00000262306298b0 Exception <a 'java/lang/NoSuchMethodError'{0x0000000089780a38}: static Ljava/lang/Object;.<clinit>()V> (0x0000000089780a38) 
thrown [s\src\hotspot\share\prims\jni.cpp, line 1108]
Event: 52.286 Thread 0x00000262306298b0 Exception <a 'java/lang/NoSuchMethodError'{0x0000000089791670}: static Lcom/android/build/gradle/internal/LoggerWrapper$LoggerSupplier;.<clinit>()V> (0x0000000089791670) 
thrown [s\src\hotspot\share\prims\jni.cpp, line 1108]
Event: 52.541 Thread 0x0000026230627230 Exception <a 'java/lang/ClassNotFoundException'{0x000000008925b2f8}: sun/awt/resources/spi/awtProvider> (0x000000008925b2f8) 
thrown [s\src\hotspot\share\classfile\systemDictionary.cpp, line 256]
Event: 52.549 Thread 0x0000026230627230 Exception <a 'java/io/FileNotFoundException'{0x0000000089265408}> (0x0000000089265408) 
thrown [s\src\hotspot\share\prims\jni.cpp, line 517]
Event: 52.550 Thread 0x0000026230627230 Exception <a 'java/io/FileNotFoundException'{0x0000000089266970}> (0x0000000089266970) 
thrown [s\src\hotspot\share\prims\jni.cpp, line 517]
Event: 52.840 Thread 0x0000026230627230 Exception <a 'java/lang/NoSuchMethodError'{0x00000000891c5980}: 'java.lang.Object java.lang.invoke.DirectMethodHandle$Holder.invokeStaticInit(java.lang.Object, java.lang.Object, java.lang.Object, java.lang.Object, java.lang.Object, java.lang.Object, java.lang.Object)'> (0x00000000891c5980) 
thrown [s\src\hotspot\share\interpreter\linkResolver.cpp, line 771]
Event: 52.842 Thread 0x0000026230627230 Exception <a 'java/lang/NoSuchMethodError'{0x00000000891ce658}: 'java.lang.Object java.lang.invoke.Invokers$Holder.invoke_MT(java.lang.Object, java.lang.Object, java.lang.Object, java.lang.Object, java.lang.Object, java.lang.Object, java.lang.Object, java.lang.Object, java.lang.Object, java.lang.Object)'> (0x00000000891ce658) 
thrown [s\src\hotspot\share\interpreter\linkResolver.cpp, line 771]
Event: 52.852 Thread 0x0000026230627230 Exception <a 'java/lang/NoSuchMethodError'{0x00000000891f1000}: 'int java.lang.invoke.DirectMethodHandle$Holder.invokeStaticInit(java.lang.Object, int, int)'> (0x00000000891f1000) 
thrown [s\src\hotspot\share\interpreter\linkResolver.cpp, line 771]
Event: 52.853 Thread 0x0000026230627230 Exception <a 'java/lang/NoSuchMethodError'{0x00000000891f8ce0}: 'int java.lang.invoke.DirectMethodHandle$Holder.invokeStaticInit(java.lang.Object, long, long)'> (0x00000000891f8ce0) 
thrown [s\src\hotspot\share\interpreter\linkResolver.cpp, line 771]
Event: 52.855 Thread 0x0000026230627230 Exception <a 'java/lang/NoSuchMethodError'{0x0000000089000078}: 'int java.lang.invoke.DirectMethodHandle$Holder.invokeStaticInit(java.lang.Object, float, float)'> (0x0000000089000078) 
thrown [s\src\hotspot\share\interpreter\linkResolver.cpp, line 771]
Event: 52.858 Thread 0x0000026230627230 Exception <a 'java/lang/NoSuchMethodError'{0x0000000089007498}: 'int java.lang.invoke.DirectMethodHandle$Holder.invokeStaticInit(java.lang.Object, double, double)'> (0x0000000089007498) 
thrown [s\src\hotspot\share\interpreter\linkResolver.cpp, line 771]
Event: 52.859 Thread 0x0000026230627230 Exception <a 'java/lang/NoSuchMethodError'{0x000000008900bc30}: 'int java.lang.invoke.DirectMethodHandle$Holder.invokeStatic(java.lang.Object, long)'> (0x000000008900bc30) 
thrown [s\src\hotspot\share\interpreter\linkResolver.cpp, line 771]
Event: 52.865 Thread 0x0000026230627230 Exception <a 'java/lang/NoSuchMethodError'{0x0000000089022098}: 'int java.lang.invoke.DirectMethodHandle$Holder.invokeSpecial(java.lang.Object, java.lang.Object, int, int)'> (0x0000000089022098) 
thrown [s\src\hotspot\share\interpreter\linkResolver.cpp, line 771]
Event: 52.927 Thread 0x0000026230627230 Exception <a 'java/lang/NoSuchMethodError'{0x0000000089030c00}: 'int java.lang.invoke.Invokers$Holder.linkToTargetMethod(java.lang.Object, java.lang.Object)'> (0x0000000089030c00) 
thrown [s\src\hotspot\share\interpreter\linkResolver.cpp, line 771]
Event: 58.183 Thread 0x00000262306298b0 Implicit null exception at 0x000002621ecac38a to 0x000002621ecb2684
Event: 58.328 Thread 0x00000262306298b0 Exception <a 'java/lang/NoSuchMethodError'{0x000000008c685668}: static Lcom/android/ide/common/resources/CompileResourceRequest;.<clinit>()V> (0x000000008c685668) 
thrown [s\src\hotspot\share\prims\jni.cpp, line 1108]
Event: 58.341 Thread 0x00000262306298b0 Exception <a 'java/lang/NoSuchMethodError'{0x000000008c69c068}: static Ljava/lang/Object;.<clinit>()V> (0x000000008c69c068) 
thrown [s\src\hotspot\share\prims\jni.cpp, line 1108]
Event: 58.345 Thread 0x00000262306298b0 Exception <a 'java/lang/NoSuchMethodError'{0x000000008c6ad890}: static Ljava/lang/Object;.<clinit>()V> (0x000000008c6ad890) 
thrown [s\src\hotspot\share\prims\jni.cpp, line 1108]
Event: 58.386 Thread 0x00000262306298b0 Exception <a 'java/lang/NoSuchMethodError'{0x000000008c6bef40}: static Ljava/lang/Object;.<clinit>()V> (0x000000008c6bef40) 
thrown [s\src\hotspot\share\prims\jni.cpp, line 1108]
Event: 58.411 Thread 0x00000262306298b0 Exception <a 'java/lang/NoSuchMethodError'{0x000000008c43f910}: static Lkotlin/InitializedLazyImpl;.<clinit>()V> (0x000000008c43f910) 
thrown [s\src\hotspot\share\prims\jni.cpp, line 1108]

VM Operations (20 events):
Event: 58.896 Executing VM operation: HandshakeAllThreads done
Event: 58.900 Executing VM operation: HandshakeAllThreads
Event: 58.900 Executing VM operation: HandshakeAllThreads done
Event: 58.948 Executing VM operation: HandshakeAllThreads
Event: 58.956 Executing VM operation: HandshakeAllThreads done
Event: 58.961 Executing VM operation: HandshakeAllThreads
Event: 58.962 Executing VM operation: HandshakeAllThreads done
Event: 58.989 Executing VM operation: HandshakeAllThreads
Event: 58.989 Executing VM operation: HandshakeAllThreads done
Event: 59.046 Executing VM operation: HandshakeAllThreads
Event: 59.046 Executing VM operation: HandshakeAllThreads done
Event: 59.048 Executing VM operation: HandshakeAllThreads
Event: 59.048 Executing VM operation: HandshakeAllThreads done
Event: 59.789 Executing VM operation: HandshakeAllThreads
Event: 59.790 Executing VM operation: HandshakeAllThreads done
Event: 59.931 Executing VM operation: HandshakeAllThreads
Event: 59.932 Executing VM operation: HandshakeAllThreads done
Event: 59.932 Executing VM operation: Cleanup
Event: 59.933 Executing VM operation: Cleanup done
Event: 60.607 Executing VM operation: G1CollectForAllocation

Events (20 events):
Event: 59.084 loading class com/sun/xml/internal/stream/events/EndElementEvent
Event: 59.089 loading class javax/xml/stream/events/EndElement
Event: 59.089 loading class javax/xml/stream/events/EndElement done
Event: 59.089 loading class com/sun/xml/internal/stream/events/EndElementEvent done
Event: 59.177 loading class java/nio/file/StandardCopyOption
Event: 59.177 loading class java/nio/file/StandardCopyOption done
Event: 59.177 loading class sun/nio/fs/WindowsFileCopy
Event: 59.178 loading class sun/nio/fs/WindowsFileCopy done
Event: 59.533 loading class java/util/Spliterators$2Adapter
Event: 59.533 loading class java/util/PrimitiveIterator$OfInt
Event: 59.533 loading class java/util/PrimitiveIterator
Event: 59.533 loading class java/util/PrimitiveIterator done
Event: 59.533 loading class java/util/PrimitiveIterator$OfInt done
Event: 59.534 loading class java/util/Spliterators$2Adapter done
Event: 59.798 loading class java/lang/StringUTF16$CodePointsSpliterator
Event: 59.799 loading class java/lang/StringUTF16$CodePointsSpliterator done
Event: 60.309 loading class com/sun/xml/internal/stream/events/CommentEvent
Event: 60.310 loading class javax/xml/stream/events/Comment
Event: 60.310 loading class javax/xml/stream/events/Comment done
Event: 60.310 loading class com/sun/xml/internal/stream/events/CommentEvent done


Dynamic libraries:
0x00007ff628c70000 - 0x00007ff628c7a000 	C:\Program Files\Android\Android Studio\jbr\bin\java.exe
0x00007fffc46d0000 - 0x00007fffc48c8000 	C:\Windows\SYSTEM32\ntdll.dll
0x00007fffc45c0000 - 0x00007fffc4682000 	C:\Windows\System32\KERNEL32.DLL
0x00007fffc1e10000 - 0x00007fffc210f000 	C:\Windows\System32\KERNELBASE.dll
0x00007fffc2540000 - 0x00007fffc2640000 	C:\Windows\System32\ucrtbase.dll
0x00007fff7ccf0000 - 0x00007fff7cd07000 	C:\Program Files\Android\Android Studio\jbr\bin\jli.dll
0x00007fffc2d60000 - 0x00007fffc2efd000 	C:\Windows\System32\USER32.dll
0x00007fffc2380000 - 0x00007fffc23a2000 	C:\Windows\System32\win32u.dll
0x00007fffc3ca0000 - 0x00007fffc3ccb000 	C:\Windows\System32\GDI32.dll
0x00007fffc2260000 - 0x00007fffc237a000 	C:\Windows\System32\gdi32full.dll
0x00007fffc1d70000 - 0x00007fffc1e0d000 	C:\Windows\System32\msvcp_win.dll
0x00007fffbc900000 - 0x00007fffbc91b000 	C:\Program Files\Android\Android Studio\jbr\bin\VCRUNTIME140.dll
0x00007fffaa8a0000 - 0x00007fffaab3a000 	C:\Windows\WinSxS\amd64_microsoft.windows.common-controls_6595b64144ccf1df_6.0.19041.4355_none_60b8b9eb71f62e16\COMCTL32.dll
0x00007fffc3da0000 - 0x00007fffc3e3e000 	C:\Windows\System32\msvcrt.dll
0x00007fffc2c10000 - 0x00007fffc2c3f000 	C:\Windows\System32\IMM32.DLL
0x00007fffbc760000 - 0x00007fffbc76c000 	C:\Program Files\Android\Android Studio\jbr\bin\vcruntime140_1.dll
0x00007fffb3dd0000 - 0x00007fffb3e5d000 	C:\Program Files\Android\Android Studio\jbr\bin\msvcp140.dll
0x00007fff767c0000 - 0x00007fff7742e000 	C:\Program Files\Android\Android Studio\jbr\bin\server\jvm.dll
0x00007fffc2cb0000 - 0x00007fffc2d5f000 	C:\Windows\System32\ADVAPI32.dll
0x00007fffc3c00000 - 0x00007fffc3c9f000 	C:\Windows\System32\sechost.dll
0x00007fffc2ae0000 - 0x00007fffc2c03000 	C:\Windows\System32\RPCRT4.dll
0x00007fffc2510000 - 0x00007fffc2537000 	C:\Windows\System32\bcrypt.dll
0x00007fffb3d80000 - 0x00007fffb3d89000 	C:\Windows\SYSTEM32\WSOCK32.dll
0x00007fffc3410000 - 0x00007fffc347b000 	C:\Windows\System32\WS2_32.dll
0x00007fffb6db0000 - 0x00007fffb6dd7000 	C:\Windows\SYSTEM32\WINMM.dll
0x00007fffbfb80000 - 0x00007fffbfb8a000 	C:\Windows\SYSTEM32\VERSION.dll
0x00007fffbfdd0000 - 0x00007fffbfde2000 	C:\Windows\SYSTEM32\kernel.appcore.dll
0x00007fffb3830000 - 0x00007fffb383a000 	C:\Program Files\Android\Android Studio\jbr\bin\jimage.dll
0x00007fffa45e0000 - 0x00007fffa47c4000 	C:\Windows\SYSTEM32\DBGHELP.DLL
0x00007fffa45a0000 - 0x00007fffa45d4000 	C:\Windows\SYSTEM32\dbgcore.DLL
0x00007fffc2110000 - 0x00007fffc2192000 	C:\Windows\System32\bcryptPrimitives.dll
0x00007fff8d9b0000 - 0x00007fff8d9d5000 	C:\Program Files\Android\Android Studio\jbr\bin\java.dll
0x00007fffa0770000 - 0x00007fffa0788000 	C:\Program Files\Android\Android Studio\jbr\bin\zip.dll
0x00007fffc3e50000 - 0x00007fffc45bd000 	C:\Windows\System32\SHELL32.dll
0x00007fffbfdf0000 - 0x00007fffc0594000 	C:\Windows\SYSTEM32\windows.storage.dll
0x00007fffc2f00000 - 0x00007fffc3255000 	C:\Windows\System32\combase.dll
0x00007fffc16d0000 - 0x00007fffc16ff000 	C:\Windows\SYSTEM32\Wldp.dll
0x00007fffc27a0000 - 0x00007fffc286d000 	C:\Windows\System32\OLEAUT32.dll
0x00007fffc3cf0000 - 0x00007fffc3d9d000 	C:\Windows\System32\SHCORE.dll
0x00007fffc2c40000 - 0x00007fffc2c95000 	C:\Windows\System32\shlwapi.dll
0x00007fffc1ca0000 - 0x00007fffc1cc4000 	C:\Windows\SYSTEM32\profapi.dll
0x00007fff9aa60000 - 0x00007fff9aa79000 	C:\Program Files\Android\Android Studio\jbr\bin\net.dll
0x00007fffb7c70000 - 0x00007fffb7d7a000 	C:\Windows\SYSTEM32\WINHTTP.dll
0x00007fffc1430000 - 0x00007fffc149c000 	C:\Windows\system32\mswsock.dll
0x00007fff97450000 - 0x00007fff97466000 	C:\Program Files\Android\Android Studio\jbr\bin\nio.dll
0x00007fffb1b50000 - 0x00007fffb1b60000 	C:\Program Files\Android\Android Studio\jbr\bin\verify.dll
0x00007fffbb460000 - 0x00007fffbb487000 	C:\Users\LENOVO\.gradle\native\68d5fa5c4cc2d200863cafc0d521ce42e7d3e7ee720ec0a83991735586a16f82\windows-amd64\native-platform.dll
0x00007fffb49a0000 - 0x00007fffb4ae4000 	C:\Users\LENOVO\.gradle\native\e376f236ea51e6404a007f0833ffe2c6e607c4080706a723a18a27aeea778392\windows-amd64\native-platform-file-events.dll
0x00007fffab670000 - 0x00007fffab679000 	C:\Program Files\Android\Android Studio\jbr\bin\management.dll
0x00007fffaa850000 - 0x00007fffaa85b000 	C:\Program Files\Android\Android Studio\jbr\bin\management_ext.dll
0x00007fffc3e40000 - 0x00007fffc3e48000 	C:\Windows\System32\PSAPI.DLL
0x00007fffc1630000 - 0x00007fffc1648000 	C:\Windows\SYSTEM32\CRYPTSP.dll
0x00007fffc0d50000 - 0x00007fffc0d84000 	C:\Windows\system32\rsaenh.dll
0x00007fffc1c20000 - 0x00007fffc1c4e000 	C:\Windows\SYSTEM32\USERENV.dll
0x00007fffc1620000 - 0x00007fffc162c000 	C:\Windows\SYSTEM32\CRYPTBASE.dll
0x00007fffc1110000 - 0x00007fffc114b000 	C:\Windows\SYSTEM32\IPHLPAPI.DLL
0x00007fffc2ca0000 - 0x00007fffc2ca8000 	C:\Windows\System32\NSI.dll
0x00007fffb7d80000 - 0x00007fffb7d97000 	C:\Windows\SYSTEM32\dhcpcsvc6.DLL
0x00007fffb8370000 - 0x00007fffb838d000 	C:\Windows\SYSTEM32\dhcpcsvc.DLL
0x00007fffc1150000 - 0x00007fffc121a000 	C:\Windows\SYSTEM32\DNSAPI.dll
0x00007fffa6db0000 - 0x00007fffa6db7000 	C:\Windows\system32\wshunix.dll
0x00007fffbc3f0000 - 0x00007fffbc407000 	C:\Windows\system32\napinsp.dll
0x00007fffbc340000 - 0x00007fffbc35b000 	C:\Windows\system32\pnrpnsp.dll
0x00007fffbd6b0000 - 0x00007fffbd6c5000 	C:\Windows\system32\wshbth.dll
0x00007fffbbe80000 - 0x00007fffbbe9d000 	C:\Windows\system32\NLAapi.dll
0x00007fffbaf40000 - 0x00007fffbaf52000 	C:\Windows\System32\winrnr.dll
0x00007fffb2410000 - 0x00007fffb241a000 	C:\Windows\System32\rasadhlp.dll
0x00007fffb2fe0000 - 0x00007fffb3060000 	C:\Windows\System32\fwpuclnt.dll
0x00007fff7ca00000 - 0x00007fff7cb98000 	C:\Program Files\Android\Android Studio\jbr\bin\awt.dll
0x00007fffbf560000 - 0x00007fffbf58f000 	C:\Windows\SYSTEM32\dwmapi.dll
0x00007fffbea20000 - 0x00007fffbeab4000 	C:\Windows\SYSTEM32\apphelp.dll
0x00007fffbf350000 - 0x00007fffbf3ee000 	C:\Windows\system32\uxtheme.dll
0x0000000066d80000 - 0x0000000066fe5000 	C:\Program Files (x86)\Common Files\Keyman\Keyman Engine\keyman64.dll
0x00007fffc2870000 - 0x00007fffc299b000 	C:\Windows\System32\ole32.dll
0x00007fffc3ae0000 - 0x00007fffc3bf5000 	C:\Windows\System32\MSCTF.dll
0x00007fffc0fa0000 - 0x00007fffc0fd3000 	C:\Windows\SYSTEM32\ntmarta.dll

dbghelp: loaded successfully - version: 4.0.5 - missing functions: none
symbol engine: initialized successfully - sym options: 0x614 - pdb path: .;C:\Program Files\Android\Android Studio\jbr\bin;C:\Windows\SYSTEM32;C:\Windows\WinSxS\amd64_microsoft.windows.common-controls_6595b64144ccf1df_6.0.19041.4355_none_60b8b9eb71f62e16;C:\Program Files\Android\Android Studio\jbr\bin\server;C:\Users\LENOVO\.gradle\native\68d5fa5c4cc2d200863cafc0d521ce42e7d3e7ee720ec0a83991735586a16f82\windows-amd64;C:\Users\LENOVO\.gradle\native\e376f236ea51e6404a007f0833ffe2c6e607c4080706a723a18a27aeea778392\windows-amd64;C:\Program Files (x86)\Common Files\Keyman\Keyman Engine

VM Arguments:
jvm_args: --add-opens=java.base/java.util=ALL-UNNAMED --add-opens=java.base/java.lang=ALL-UNNAMED --add-opens=java.base/java.lang.invoke=ALL-UNNAMED --add-opens=java.prefs/java.util.prefs=ALL-UNNAMED --add-opens=java.base/java.nio.charset=ALL-UNNAMED --add-opens=java.base/java.net=ALL-UNNAMED --add-opens=java.base/java.util.concurrent.atomic=ALL-UNNAMED -Xmx2048m -Dfile.encoding=UTF-8 -Duser.country=ID -Duser.language=en -Duser.variant 
java_command: org.gradle.launcher.daemon.bootstrap.GradleDaemon 8.0
java_class_path (initial): C:\Users\LENOVO\.gradle\wrapper\dists\gradle-8.0-bin\ca5e32bp14vu59qr306oxotwh\gradle-8.0\lib\gradle-launcher-8.0.jar
Launcher Type: SUN_STANDARD

[Global flags]
     intx CICompilerCount                          = 2                                         {product} {ergonomic}
     uint ConcGCThreads                            = 1                                         {product} {ergonomic}
     uint G1ConcRefinementThreads                  = 2                                         {product} {ergonomic}
   size_t G1HeapRegionSize                         = 1048576                                   {product} {ergonomic}
    uintx GCDrainStackTargetSize                   = 64                                        {product} {ergonomic}
   size_t InitialHeapSize                          = 192937984                                 {product} {ergonomic}
   size_t MarkStackSize                            = 4194304                                   {product} {ergonomic}
   size_t MaxHeapSize                              = 2147483648                                {product} {command line}
   size_t MaxNewSize                               = 1287651328                                {product} {ergonomic}
   size_t MinHeapDeltaBytes                        = 1048576                                   {product} {ergonomic}
   size_t MinHeapSize                              = 8388608                                   {product} {ergonomic}
    uintx NonNMethodCodeHeapSize                   = 5826188                                {pd product} {ergonomic}
    uintx NonProfiledCodeHeapSize                  = 122916026                              {pd product} {ergonomic}
    uintx ProfiledCodeHeapSize                     = 122916026                              {pd product} {ergonomic}
    uintx ReservedCodeCacheSize                    = 251658240                              {pd product} {ergonomic}
     bool SegmentedCodeCache                       = true                                      {product} {ergonomic}
   size_t SoftMaxHeapSize                          = 2147483648                             {manageable} {ergonomic}
     bool UseCompressedClassPointers               = true                           {product lp64_product} {ergonomic}
     bool UseCompressedOops                        = true                           {product lp64_product} {ergonomic}
     bool UseG1GC                                  = true                                      {product} {ergonomic}
     bool UseLargePagesIndividualAllocation        = false                                  {pd product} {ergonomic}

Logging:
Log output configuration:
 #0: stdout all=warning uptime,level,tags
 #1: stderr all=off uptime,level,tags

Environment Variables:
JAVA_HOME=C:\Program Files\Java\jdk1.8.0_202
PATH=C:\Program Files\Java\jdk1.8.0_202\bin;C:\Program Files (x86)\Common Files\Oracle\Java\javapath;C:\Windows\system32;C:\Windows;C:\Windows\System32\Wbem;C:\Windows\System32\WindowsPowerShell\v1.0\;C:\Windows\System32\OpenSSH\;C:\Program Files (x86)\Rational\common;C:\Program Files\IBM\SPSS\Statistics\25\JRE\bin;C:\laragon\bin\php\php;C:\composer;C:\Program Files\Git\cmd;C:\Program Files\kotlinc\bin;C:\Users\LENOVO\AppData\Local\Programs\Python\Python311\Scripts\;C:\Users\LENOVO\AppData\Local\Programs\Python\Python311\;C:\Users\LENOVO\AppData\Local\Microsoft\WindowsApps;C:\Users\LENOVO\AppData\Local\Programs\Microsoft VS Code\bin;C:\Program Files\JetBrains\IntelliJ IDEA 2023.2\bin;C:\Program Files\kotlinc;;C:\Users\LENOVO\AppData\Local\JetBrains\IntelliJ IDEA Community Edition 2023.2.1\bin;;C:\Users\LENOVO\AppData\Roaming\Composer\vendor\bin;C:\Program Files\kotlinc;
USERNAME=DZAKY
OS=Windows_NT
PROCESSOR_IDENTIFIER=AMD64 Family 21 Model 112 Stepping 0, AuthenticAMD
TMP=C:\Users\LENOVO\AppData\Local\Temp
TEMP=C:\Users\LENOVO\AppData\Local\Temp


JNI global refs:
JNI global refs: 92, weak refs: 5

JNI global refs memory usage: 1475, weak refs: 841


---------------  S Y S T E M  ---------------

OS:
 Windows 10 , 64 bit Build 19041 (10.0.19041.5438)
OS uptime: 5 days 12:00 hours

CPU: total 2 (initial active 2) (2 cores per cpu, 1 threads per core) family 21 model 112 stepping 0 microcode 0x0, cx8, cmov, fxsr, mmx, 3dnowpref, sse, sse2, sse3, ssse3, sse4a, sse4.1, sse4.2, popcnt, lzcnt, tsc, tscinvbit, avx, avx2, aes, clmul, bmi1, bmi2, fma, vzeroupper, clflush

Memory: 4k page, system-wide physical 11680M (2551M free)
TotalPageFile size 11680M (AvailPageFile size 89M)
current process WorkingSet (physical memory assigned to process): 468M, peak: 471M
current process commit charge ("private bytes"): 506M, peak: 696M

vm_info: OpenJDK 64-Bit Server VM (17.0.6+0-b2043.56-10027231) for windows-amd64 JRE (17.0.6+0-b2043.56-10027231), built on Apr 28 2023 00:43:19 by "androidbuild" with MS VC++ 16.10 / 16.11 (VS2019)

END.
