#
# There is insufficient memory for the Java Runtime Environment to continue.
# Native memory allocation (mmap) failed to map 632291328 bytes for G1 virtual space
# Possible reasons:
#   The system is out of physical RAM or swap space
#   The process is running with CompressedOops enabled, and the Java Heap may be blocking the growth of the native heap
# Possible solutions:
#   Reduce memory load on the system
#   Increase physical memory or swap space
#   Check if swap backing store is full
#   Decrease Java heap size (-Xmx/-Xms)
#   Decrease number of Java threads
#   Decrease Java thread stack sizes (-Xss)
#   Set larger code cache with -XX:ReservedCodeCacheSize=
#   JVM is running with Unscaled Compressed Oops mode in which the Java heap is
#     placed in the first 4GB address space. The Java Heap base address is the
#     maximum limit for the native heap growth. Please use -XX:HeapBaseMinAddress
#     to set the Java Heap base and to place the Java Heap above 4GB virtual address.
# This output file may be truncated or incomplete.
#
#  Out of Memory Error (os_windows.cpp:3769), pid=10236, tid=11308
#
# JRE version: OpenJDK Runtime Environment (17.0.6) (build 17.0.6+0-b2043.56-10027231)
# Java VM: OpenJDK 64-Bit Server VM (17.0.6+0-b2043.56-10027231, mixed mode, tiered, compressed oops, compressed class ptrs, g1 gc, windows-amd64)
# No core dump will be written. Minidumps are not enabled by default on client versions of Windows
#

---------------  S U M M A R Y ------------

Command Line: --add-opens=java.base/java.util=ALL-UNNAMED --add-opens=java.base/java.lang=ALL-UNNAMED --add-opens=java.base/java.lang.invoke=ALL-UNNAMED --add-opens=java.prefs/java.util.prefs=ALL-UNNAMED --add-opens=java.base/java.nio.charset=ALL-UNNAMED --add-opens=java.base/java.net=ALL-UNNAMED --add-opens=java.base/java.util.concurrent.atomic=ALL-UNNAMED -Xmx2048m -Dfile.encoding=UTF-8 -Duser.country=ID -Duser.language=en -Duser.variant org.gradle.launcher.daemon.bootstrap.GradleDaemon 8.0

Host: AMD A9-9420 RADEON R5, 5 COMPUTE CORES 2C+3G   , 2 cores, 11G,  Windows 10 , 64 bit Build 19041 (10.0.19041.5438)
Time: Sun Apr  6 01:13:45 2025 SE Asia Standard Time elapsed time: 15947.126206 seconds (0d 4h 25m 47s)

---------------  T H R E A D  ---------------

Current thread (0x000002167bbfe7c0):  VMThread "VM Thread" [stack: 0x000000763bf00000,0x000000763c000000] [id=11308]

Stack: [0x000000763bf00000,0x000000763c000000]
Native frames: (J=compiled Java code, j=interpreted, Vv=VM code, C=native code)
V  [jvm.dll+0x683c9a]
V  [jvm.dll+0x8427a4]
V  [jvm.dll+0x843f9e]
V  [jvm.dll+0x844603]
V  [jvm.dll+0x249b75]
V  [jvm.dll+0x680b69]
V  [jvm.dll+0x67505a]
V  [jvm.dll+0x309acb]
V  [jvm.dll+0x310f86]
V  [jvm.dll+0x3608ee]
V  [jvm.dll+0x360b1f]
V  [jvm.dll+0x2dfbf8]
V  [jvm.dll+0x2ddec4]
V  [jvm.dll+0x2dd4cc]
V  [jvm.dll+0x322261]
V  [jvm.dll+0x848ccb]
V  [jvm.dll+0x849a04]
V  [jvm.dll+0x849f1d]
V  [jvm.dll+0x84a2f4]
V  [jvm.dll+0x84a3c0]
V  [jvm.dll+0x7f274a]
V  [jvm.dll+0x682ad5]
C  [ucrtbase.dll+0x21bb2]
C  [KERNEL32.DLL+0x17374]
C  [ntdll.dll+0x4cc91]

VM_Operation (0x00000076404fe690): G1TryInitiateConcMark, mode: safepoint, requested by thread 0x0000021610675ca0


---------------  P R O C E S S  ---------------

Threads class SMR info:
_java_thread_list=0x000002167e17ac20, length=72, elements={
0x0000021671b33060, 0x000002167c813620, 0x000002167c8143a0, 0x000002167bc173c0,
0x000002167c833b80, 0x000002167c834440, 0x000002167c834d00, 0x000002167c835670,
0x000002167bc1d7d0, 0x000002167bc1dce0, 0x000002167c9e75d0, 0x000002167c9edec0,
0x000002167d91d470, 0x000002167e351ef0, 0x000002167e2db590, 0x000002167d4a2a00,
0x000002167d4a2ed0, 0x000002167d4a33a0, 0x000002167d4a3d40, 0x000002167d4a4bb0,
0x000002167d4a5a20, 0x000002167fb28d60, 0x000002167fb24ed0, 0x000002167fb24060,
0x000002167fb2a0a0, 0x000002167d56eea0, 0x0000021610678320, 0x000002161067a9a0,
0x0000021615913ed0, 0x000002161590f6a0, 0x000002167fb24530, 0x000002167fb2aa40,
0x000002167fb28890, 0x000002167fb25d40, 0x000002167fb24a00, 0x000002167fb266e0,
0x0000021615910040, 0x0000021615913a00, 0x00000216159109e0, 0x0000021615910510,
0x0000021615910eb0, 0x0000021615911380, 0x0000021615912b90, 0x0000021615914d40,
0x00000216159143a0, 0x0000021615913060, 0x0000021615914870, 0x0000021615915210,
0x00000216159156e0, 0x0000021615916550, 0x0000021615916a20, 0x0000021615911d20,
0x0000021615916ef0, 0x0000021615911850, 0x000002161586b640, 0x00000216158677b0,
0x000002161586b170, 0x0000021615868620, 0x0000021615865fa0, 0x000002161586a7d0,
0x0000021615866940, 0x0000021615868af0, 0x0000021615869490, 0x000002161586bfe0,
0x000002161586c4b0, 0x000002161586c980, 0x000002161586ce50, 0x000002167d571050,
0x000002167d573200, 0x000002167d5701e0, 0x000002167d574540, 0x0000021610675ca0
}

Java Threads: ( => current thread )
  0x0000021671b33060 JavaThread "main" [_thread_blocked, id=12020, stack(0x000000763b900000,0x000000763ba00000)]
  0x000002167c813620 JavaThread "Reference Handler" daemon [_thread_blocked, id=10492, stack(0x000000763c000000,0x000000763c100000)]
  0x000002167c8143a0 JavaThread "Finalizer" daemon [_thread_blocked, id=10864, stack(0x000000763c100000,0x000000763c200000)]
  0x000002167bc173c0 JavaThread "Signal Dispatcher" daemon [_thread_blocked, id=9492, stack(0x000000763c200000,0x000000763c300000)]
  0x000002167c833b80 JavaThread "Attach Listener" daemon [_thread_blocked, id=10400, stack(0x000000763c300000,0x000000763c400000)]
  0x000002167c834440 JavaThread "Service Thread" daemon [_thread_blocked, id=9400, stack(0x000000763c400000,0x000000763c500000)]
  0x000002167c834d00 JavaThread "Monitor Deflation Thread" daemon [_thread_blocked, id=2604, stack(0x000000763c500000,0x000000763c600000)]
  0x000002167c835670 JavaThread "C2 CompilerThread0" daemon [_thread_blocked, id=10068, stack(0x000000763c600000,0x000000763c700000)]
  0x000002167bc1d7d0 JavaThread "C1 CompilerThread0" daemon [_thread_blocked, id=7052, stack(0x000000763c700000,0x000000763c800000)]
  0x000002167bc1dce0 JavaThread "Sweeper thread" daemon [_thread_blocked, id=11412, stack(0x000000763c800000,0x000000763c900000)]
  0x000002167c9e75d0 JavaThread "Common-Cleaner" daemon [_thread_blocked, id=9008, stack(0x000000763c900000,0x000000763ca00000)]
  0x000002167c9edec0 JavaThread "Notification Thread" daemon [_thread_blocked, id=7496, stack(0x000000763ca00000,0x000000763cb00000)]
  0x000002167d91d470 JavaThread "Daemon health stats" [_thread_blocked, id=8260, stack(0x000000763cd00000,0x000000763ce00000)]
  0x000002167e351ef0 JavaThread "Incoming local TCP Connector on port 62337" [_thread_in_native, id=2724, stack(0x000000763ce00000,0x000000763cf00000)]
  0x000002167e2db590 JavaThread "Daemon periodic checks" [_thread_blocked, id=4420, stack(0x000000763cf00000,0x000000763d000000)]
  0x000002167d4a2a00 JavaThread "Cache worker for journal cache (C:\Users\LENOVO\.gradle\caches\journal-1)" [_thread_blocked, id=10724, stack(0x000000763d700000,0x000000763d800000)]
  0x000002167d4a2ed0 JavaThread "File lock request listener" [_thread_in_native, id=4672, stack(0x000000763d800000,0x000000763d900000)]
  0x000002167d4a33a0 JavaThread "Cache worker for file hash cache (C:\Users\LENOVO\.gradle\caches\8.0\fileHashes)" [_thread_blocked, id=8708, stack(0x000000763d900000,0x000000763da00000)]
  0x000002167d4a3d40 JavaThread "File watcher server" daemon [_thread_blocked, id=4712, stack(0x000000763da00000,0x000000763db00000)]
  0x000002167d4a4bb0 JavaThread "File watcher consumer" daemon [_thread_blocked, id=8476, stack(0x000000763db00000,0x000000763dc00000)]
  0x000002167d4a5a20 JavaThread "Cache worker for file content cache (C:\Users\LENOVO\.gradle\caches\8.0\fileContent)" [_thread_blocked, id=8412, stack(0x000000763de00000,0x000000763df00000)]
  0x000002167fb28d60 JavaThread "Cache worker for execution history cache (C:\Users\LENOVO\.gradle\caches\8.0\executionHistory)" [_thread_blocked, id=11568, stack(0x000000763e100000,0x000000763e200000)]
  0x000002167fb24ed0 JavaThread "jar transforms" [_thread_blocked, id=12236, stack(0x000000763e200000,0x000000763e300000)]
  0x000002167fb24060 JavaThread "jar transforms Thread 2" [_thread_blocked, id=8928, stack(0x000000763e300000,0x000000763e400000)]
  0x000002167fb2a0a0 JavaThread "Cache worker for kotlin-dsl (C:\Users\LENOVO\.gradle\caches\8.0\kotlin-dsl)" [_thread_blocked, id=8428, stack(0x000000763e500000,0x000000763e600000)]
  0x000002167d56eea0 JavaThread "Memory manager" [_thread_blocked, id=10644, stack(0x000000763fe00000,0x000000763ff00000)]
  0x0000021610678320 JavaThread "RMI Scheduler(0)" daemon [_thread_blocked, id=10316, stack(0x000000763b700000,0x000000763b800000)]
  0x000002161067a9a0 JavaThread "RMI TCP Accept-0" daemon [_thread_in_native, id=3052, stack(0x0000007640600000,0x0000007640700000)]
  0x0000021615913ed0 JavaThread "RMI GC Daemon" daemon [_thread_blocked, id=7888, stack(0x0000007640700000,0x0000007640800000)]
  0x000002161590f6a0 JavaThread "RMI Reaper" [_thread_blocked, id=4732, stack(0x0000007640800000,0x0000007640900000)]
  0x000002167fb24530 JavaThread "Daemon Thread 12" [_thread_blocked, id=3380, stack(0x000000763b800000,0x000000763b900000)]
  0x000002167fb2aa40 JavaThread "Handler for socket connection from /127.0.0.1:62337 to /127.0.0.1:63179" [_thread_in_native, id=13268, stack(0x000000763d000000,0x000000763d100000)]
  0x000002167fb28890 JavaThread "Cancel handler" [_thread_blocked, id=5168, stack(0x000000763d100000,0x000000763d200000)]
  0x000002167fb25d40 JavaThread "Daemon worker Thread 12" [_thread_blocked, id=11856, stack(0x000000763d200000,0x000000763d300000)]
  0x000002167fb24a00 JavaThread "Asynchronous log dispatcher for DefaultDaemonConnection: socket connection from /127.0.0.1:62337 to /127.0.0.1:63179" [_thread_blocked, id=12508, stack(0x000000763d300000,0x000000763d400000)]
  0x000002167fb266e0 JavaThread "Stdin handler" [_thread_blocked, id=7224, stack(0x000000763d400000,0x000000763d500000)]
  0x0000021615910040 JavaThread "Daemon client event forwarder" [_thread_blocked, id=8164, stack(0x000000763d500000,0x000000763d600000)]
  0x0000021615913a00 JavaThread "Cache worker for checksums cache (G:\Skripsi\WidyaAksara\.gradle\8.0\checksums)" [_thread_blocked, id=6460, stack(0x000000763d600000,0x000000763d700000)]
  0x00000216159109e0 JavaThread "Cache worker for cache directory md-rule (C:\Users\LENOVO\.gradle\caches\8.0\md-rule)" [_thread_blocked, id=5868, stack(0x000000763dc00000,0x000000763dd00000)]
  0x0000021615910510 JavaThread "Cache worker for file hash cache (G:\Skripsi\WidyaAksara\.gradle\8.0\fileHashes)" [_thread_blocked, id=7932, stack(0x000000763dd00000,0x000000763de00000)]
  0x0000021615910eb0 JavaThread "Cache worker for cache directory md-supplier (C:\Users\LENOVO\.gradle\caches\8.0\md-supplier)" [_thread_blocked, id=11592, stack(0x000000763df00000,0x000000763e000000)]
  0x0000021615911380 JavaThread "Cache worker for dependencies-accessors (G:\Skripsi\WidyaAksara\.gradle\8.0\dependencies-accessors)" [_thread_blocked, id=12600, stack(0x000000763e000000,0x000000763e100000)]
  0x0000021615912b90 JavaThread "Cache worker for Build Output Cleanup Cache (G:\Skripsi\WidyaAksara\.gradle\buildOutputCleanup)" [_thread_blocked, id=10112, stack(0x000000763e600000,0x000000763e700000)]
  0x0000021615914d40 JavaThread "Unconstrained build operations" [_thread_blocked, id=9292, stack(0x000000763e700000,0x000000763e800000)]
  0x00000216159143a0 JavaThread "Unconstrained build operations Thread 2" [_thread_blocked, id=11276, stack(0x000000763e800000,0x000000763e900000)]
  0x0000021615913060 JavaThread "Unconstrained build operations Thread 3" [_thread_blocked, id=12192, stack(0x000000763e900000,0x000000763ea00000)]
  0x0000021615914870 JavaThread "Unconstrained build operations Thread 4" [_thread_blocked, id=13264, stack(0x000000763ea00000,0x000000763eb00000)]
  0x0000021615915210 JavaThread "Unconstrained build operations Thread 5" [_thread_blocked, id=12120, stack(0x000000763eb00000,0x000000763ec00000)]
  0x00000216159156e0 JavaThread "Unconstrained build operations Thread 6" [_thread_blocked, id=13072, stack(0x000000763ec00000,0x000000763ed00000)]
  0x0000021615916550 JavaThread "Unconstrained build operations Thread 7" [_thread_blocked, id=1408, stack(0x000000763ed00000,0x000000763ee00000)]
  0x0000021615916a20 JavaThread "Unconstrained build operations Thread 8" [_thread_blocked, id=7184, stack(0x000000763ee00000,0x000000763ef00000)]
  0x0000021615911d20 JavaThread "Unconstrained build operations Thread 9" [_thread_blocked, id=12276, stack(0x000000763ef00000,0x000000763f000000)]
  0x0000021615916ef0 JavaThread "Unconstrained build operations Thread 10" [_thread_blocked, id=348, stack(0x000000763f000000,0x000000763f100000)]
  0x0000021615911850 JavaThread "Unconstrained build operations Thread 11" [_thread_blocked, id=2096, stack(0x000000763f100000,0x000000763f200000)]
  0x000002161586b640 JavaThread "Unconstrained build operations Thread 12" [_thread_blocked, id=7016, stack(0x000000763f200000,0x000000763f300000)]
  0x00000216158677b0 JavaThread "Unconstrained build operations Thread 13" [_thread_blocked, id=2708, stack(0x000000763f300000,0x000000763f400000)]
  0x000002161586b170 JavaThread "Unconstrained build operations Thread 14" [_thread_blocked, id=10912, stack(0x000000763f400000,0x000000763f500000)]
  0x0000021615868620 JavaThread "Unconstrained build operations Thread 15" [_thread_blocked, id=4316, stack(0x000000763f500000,0x000000763f600000)]
  0x0000021615865fa0 JavaThread "Unconstrained build operations Thread 16" [_thread_blocked, id=12240, stack(0x000000763f600000,0x000000763f700000)]
  0x000002161586a7d0 JavaThread "Unconstrained build operations Thread 17" [_thread_blocked, id=12972, stack(0x000000763f700000,0x000000763f800000)]
  0x0000021615866940 JavaThread "Unconstrained build operations Thread 18" [_thread_blocked, id=6408, stack(0x000000763f800000,0x000000763f900000)]
  0x0000021615868af0 JavaThread "Unconstrained build operations Thread 19" [_thread_blocked, id=12676, stack(0x000000763f900000,0x000000763fa00000)]
  0x0000021615869490 JavaThread "Unconstrained build operations Thread 20" [_thread_blocked, id=10876, stack(0x000000763fa00000,0x000000763fb00000)]
  0x000002161586bfe0 JavaThread "build event listener" [_thread_blocked, id=1436, stack(0x000000763fb00000,0x000000763fc00000)]
  0x000002161586c4b0 JavaThread "included builds" [_thread_blocked, id=10216, stack(0x000000763fc00000,0x000000763fd00000)]
  0x000002161586c980 JavaThread "Execution worker" [_thread_blocked, id=10208, stack(0x000000763fd00000,0x000000763fe00000)]
  0x000002161586ce50 JavaThread "Cache worker for execution history cache (G:\Skripsi\WidyaAksara\.gradle\8.0\executionHistory)" [_thread_blocked, id=12540, stack(0x000000763ff00000,0x0000007640000000)]
  0x000002167d571050 JavaThread "WorkerExecutor Queue" [_thread_blocked, id=12180, stack(0x0000007640000000,0x0000007640100000)]
  0x000002167d573200 JavaThread "RMI RenewClean-[127.0.0.1:17936,org.jetbrains.kotlin.daemon.common.LoopbackNetworkInterface$ClientLoopbackSocketFactory@27ecfc18]" daemon [_thread_blocked, id=5688, stack(0x0000007640100000,0x0000007640200000)]
  0x000002167d5701e0 JavaThread "RMI TCP Connection(53)-127.0.0.1" daemon [_thread_in_native, id=11720, stack(0x0000007640200000,0x0000007640300000)]
  0x000002167d574540 JavaThread "WorkerExecutor Queue Thread 2" [_thread_blocked, id=13188, stack(0x0000007640300000,0x0000007640400000)]
  0x0000021610675ca0 JavaThread "ForkJoinPool.commonPool-worker-7" daemon [_thread_blocked, id=12896, stack(0x0000007640400000,0x0000007640500000)]

Other Threads:
=>0x000002167bbfe7c0 VMThread "VM Thread" [stack: 0x000000763bf00000,0x000000763c000000] [id=11308]
  0x000002167c9e52a0 WatcherThread [stack: 0x000000763cb00000,0x000000763cc00000] [id=8796]
  0x0000021671b8cc80 GCTaskThread "GC Thread#0" [stack: 0x000000763ba00000,0x000000763bb00000] [id=1720]
  0x000002167cbfe3d0 GCTaskThread "GC Thread#1" [stack: 0x000000763cc00000,0x000000763cd00000] [id=10752]
  0x0000021671b9dad0 ConcurrentGCThread "G1 Main Marker" [stack: 0x000000763bb00000,0x000000763bc00000] [id=260]
  0x0000021671b9e3f0 ConcurrentGCThread "G1 Conc#0" [stack: 0x000000763bc00000,0x000000763bd00000] [id=5256]
  0x0000021671bfdc00 ConcurrentGCThread "G1 Refine#0" [stack: 0x000000763bd00000,0x000000763be00000] [id=11052]
  0x000002167ccc3440 ConcurrentGCThread "G1 Refine#1" [stack: 0x000000763e400000,0x000000763e500000] [id=4480]
  0x0000021671bfe530 ConcurrentGCThread "G1 Service" [stack: 0x000000763be00000,0x000000763bf00000] [id=4976]

Threads with active compile tasks:
C2 CompilerThread0  15947182 27698       4       com.android.tools.r8.internal.ML::a (447 bytes)

VM state: at safepoint (normal execution)

VM Mutex/Monitor currently owned by a thread:  ([mutex/lock_event])
[0x0000021671b2d840] Threads_lock - owner thread: 0x000002167bbfe7c0
[0x0000021671b2ef50] Heap_lock - owner thread: 0x0000021610675ca0

Heap address: 0x0000000080000000, size: 2048 MB, Compressed Oops mode: 32-bit

CDS archive(s) not mapped
Compressed class space mapped at: 0x0000000100000000-0x0000000140000000, reserved size: 1073741824
Narrow klass base: 0x0000000000000000, Narrow klass shift: 3, Narrow klass range: 0x140000000

GC Precious Log:
 CPUs: 2 total, 2 available
 Memory: 11680M
 Large Page Support: Disabled
 NUMA Support: Disabled
 Compressed Oops: Enabled (32-bit)
 Heap Region Size: 1M
 Heap Min Capacity: 8M
 Heap Initial Capacity: 184M
 Heap Max Capacity: 2G
 Pre-touch: Disabled
 Parallel Workers: 2
 Concurrent Workers: 1
 Concurrent Refinement Workers: 2
 Periodic GC: Disabled

Heap:
 garbage-first heap   total 353280K, used 124723K [0x0000000080000000, 0x0000000100000000)
  region size 1024K, 9 young (9216K), 9 survivors (9216K)
 Metaspace       used 140039K, committed 141440K, reserved 1171456K
  class space    used 18337K, committed 19008K, reserved 1048576K

Heap Regions: E=young(eden), S=young(survivor), O=old, HS=humongous(starts), HC=humongous(continues), CS=collection set, F=free, OA=open archive, CA=closed archive, TAMS=top-at-mark-start (previous, next)
|   0|0x0000000080000000, 0x0000000080100000, 0x0000000080100000|100%|HS|  |TAMS 0x0000000080100000, 0x0000000080100000| Complete 
|   1|0x0000000080100000, 0x0000000080200000, 0x0000000080200000|100%|HC|  |TAMS 0x0000000080200000, 0x0000000080200000| Complete 
|   2|0x0000000080200000, 0x0000000080300000, 0x0000000080300000|100%|HC|  |TAMS 0x0000000080300000, 0x0000000080300000| Complete 
|   3|0x0000000080300000, 0x0000000080400000, 0x0000000080400000|100%|HC|  |TAMS 0x0000000080400000, 0x0000000080400000| Complete 
|   4|0x0000000080400000, 0x00000000804f46e0, 0x0000000080500000| 95%| O|  |TAMS 0x00000000804f46e0, 0x00000000804f46e0| Untracked 
|   5|0x0000000080500000, 0x00000000805fff98, 0x0000000080600000| 99%| O|  |TAMS 0x00000000805fff98, 0x00000000805fff98| Untracked 
|   6|0x0000000080600000, 0x0000000080700000, 0x0000000080700000|100%| O|  |TAMS 0x0000000080700000, 0x0000000080700000| Untracked 
|   7|0x0000000080700000, 0x00000000807f4568, 0x0000000080800000| 95%| O|  |TAMS 0x00000000807f4568, 0x00000000807f4568| Untracked 
|   8|0x0000000080800000, 0x00000000808e6588, 0x0000000080900000| 89%| O|  |TAMS 0x00000000808e6588, 0x00000000808e6588| Untracked 
|   9|0x0000000080900000, 0x00000000809fffe0, 0x0000000080a00000| 99%| O|  |TAMS 0x00000000809fffe0, 0x00000000809fffe0| Untracked 
|  10|0x0000000080a00000, 0x0000000080b00000, 0x0000000080b00000|100%| O|  |TAMS 0x0000000080b00000, 0x0000000080b00000| Untracked 
|  11|0x0000000080b00000, 0x0000000080c00000, 0x0000000080c00000|100%| O|  |TAMS 0x0000000080c00000, 0x0000000080c00000| Untracked 
|  12|0x0000000080c00000, 0x0000000080cffff8, 0x0000000080d00000| 99%| O|  |TAMS 0x0000000080cffff8, 0x0000000080cffff8| Untracked 
|  13|0x0000000080d00000, 0x0000000080e00000, 0x0000000080e00000|100%| O|  |TAMS 0x0000000080e00000, 0x0000000080e00000| Untracked 
|  14|0x0000000080e00000, 0x0000000080f00000, 0x0000000080f00000|100%| O|  |TAMS 0x0000000080f00000, 0x0000000080f00000| Untracked 
|  15|0x0000000080f00000, 0x0000000081000000, 0x0000000081000000|100%| O|  |TAMS 0x0000000081000000, 0x0000000081000000| Untracked 
|  16|0x0000000081000000, 0x00000000810ffff8, 0x0000000081100000| 99%| O|  |TAMS 0x00000000810ffff8, 0x00000000810ffff8| Untracked 
|  17|0x0000000081100000, 0x0000000081200000, 0x0000000081200000|100%| O|  |TAMS 0x0000000081200000, 0x0000000081200000| Untracked 
|  18|0x0000000081200000, 0x00000000812fff50, 0x0000000081300000| 99%| O|  |TAMS 0x00000000812fff50, 0x00000000812fff50| Untracked 
|  19|0x0000000081300000, 0x00000000813ffff0, 0x0000000081400000| 99%| O|  |TAMS 0x00000000813ffff0, 0x00000000813ffff0| Untracked 
|  20|0x0000000081400000, 0x00000000814fffd0, 0x0000000081500000| 99%| O|  |TAMS 0x00000000814fffd0, 0x00000000814fffd0| Untracked 
|  21|0x0000000081500000, 0x00000000815ffff8, 0x0000000081600000| 99%| O|  |TAMS 0x00000000815ffff8, 0x00000000815ffff8| Untracked 
|  22|0x0000000081600000, 0x00000000816ffff8, 0x0000000081700000| 99%| O|  |TAMS 0x00000000816ffff8, 0x00000000816ffff8| Untracked 
|  23|0x0000000081700000, 0x00000000817fffb8, 0x0000000081800000| 99%| O|  |TAMS 0x00000000817fffb8, 0x00000000817fffb8| Untracked 
|  24|0x0000000081800000, 0x00000000818fffd0, 0x0000000081900000| 99%| O|  |TAMS 0x00000000818fffd0, 0x00000000818fffd0| Untracked 
|  25|0x0000000081900000, 0x00000000819f2790, 0x0000000081a00000| 94%| O|  |TAMS 0x00000000819f2790, 0x00000000819f2790| Untracked 
|  26|0x0000000081a00000, 0x0000000081affff8, 0x0000000081b00000| 99%| O|  |TAMS 0x0000000081affff8, 0x0000000081affff8| Untracked 
|  27|0x0000000081b00000, 0x0000000081bcfde0, 0x0000000081c00000| 81%| O|  |TAMS 0x0000000081bcfde0, 0x0000000081bcfde0| Untracked 
|  28|0x0000000081c00000, 0x0000000081cfe9f0, 0x0000000081d00000| 99%| O|  |TAMS 0x0000000081cfe9f0, 0x0000000081cfe9f0| Untracked 
|  29|0x0000000081d00000, 0x0000000081dfbc08, 0x0000000081e00000| 98%| O|  |TAMS 0x0000000081dfbc08, 0x0000000081dfbc08| Untracked 
|  30|0x0000000081e00000, 0x0000000081effff8, 0x0000000081f00000| 99%| O|  |TAMS 0x0000000081effff8, 0x0000000081effff8| Untracked 
|  31|0x0000000081f00000, 0x0000000081ff63d8, 0x0000000082000000| 96%| O|  |TAMS 0x0000000081ff63d8, 0x0000000081ff63d8| Untracked 
|  32|0x0000000082000000, 0x00000000820ffff8, 0x0000000082100000| 99%| O|  |TAMS 0x00000000820ffff8, 0x00000000820ffff8| Untracked 
|  33|0x0000000082100000, 0x00000000821ffff8, 0x0000000082200000| 99%| O|  |TAMS 0x00000000821ffff8, 0x00000000821ffff8| Untracked 
|  34|0x0000000082200000, 0x0000000082300000, 0x0000000082300000|100%| O|  |TAMS 0x0000000082300000, 0x0000000082300000| Untracked 
|  35|0x0000000082300000, 0x00000000823ffff0, 0x0000000082400000| 99%| O|  |TAMS 0x00000000823ffff0, 0x00000000823ffff0| Untracked 
|  36|0x0000000082400000, 0x00000000824fffa8, 0x0000000082500000| 99%| O|  |TAMS 0x00000000824fffa8, 0x00000000824fffa8| Untracked 
|  37|0x0000000082500000, 0x00000000825ffff8, 0x0000000082600000| 99%| O|  |TAMS 0x00000000825ffff8, 0x00000000825ffff8| Untracked 
|  38|0x0000000082600000, 0x0000000082700000, 0x0000000082700000|100%| O|  |TAMS 0x0000000082700000, 0x0000000082700000| Untracked 
|  39|0x0000000082700000, 0x0000000082800000, 0x0000000082800000|100%|HS|  |TAMS 0x0000000082800000, 0x0000000082800000| Complete 
|  40|0x0000000082800000, 0x0000000082900000, 0x0000000082900000|100%|HS|  |TAMS 0x0000000082900000, 0x0000000082900000| Complete 
|  41|0x0000000082900000, 0x0000000082a00000, 0x0000000082a00000|100%|HS|  |TAMS 0x0000000082a00000, 0x0000000082a00000| Complete 
|  42|0x0000000082a00000, 0x0000000082b00000, 0x0000000082b00000|100%|HC|  |TAMS 0x0000000082b00000, 0x0000000082b00000| Complete 
|  43|0x0000000082b00000, 0x0000000082c00000, 0x0000000082c00000|100%|HS|  |TAMS 0x0000000082c00000, 0x0000000082c00000| Complete 
|  44|0x0000000082c00000, 0x0000000082d00000, 0x0000000082d00000|100%|HS|  |TAMS 0x0000000082d00000, 0x0000000082d00000| Complete 
|  45|0x0000000082d00000, 0x0000000082e00000, 0x0000000082e00000|100%|HC|  |TAMS 0x0000000082e00000, 0x0000000082e00000| Complete 
|  46|0x0000000082e00000, 0x0000000082f00000, 0x0000000082f00000|100%|HC|  |TAMS 0x0000000082f00000, 0x0000000082f00000| Complete 
|  47|0x0000000082f00000, 0x0000000083000000, 0x0000000083000000|100%|HC|  |TAMS 0x0000000083000000, 0x0000000083000000| Complete 
|  48|0x0000000083000000, 0x0000000083100000, 0x0000000083100000|100%| O|  |TAMS 0x0000000083100000, 0x0000000083100000| Untracked 
|  49|0x0000000083100000, 0x0000000083200000, 0x0000000083200000|100%| O|  |TAMS 0x0000000083200000, 0x0000000083200000| Untracked 
|  50|0x0000000083200000, 0x00000000832fff78, 0x0000000083300000| 99%| O|  |TAMS 0x00000000832fff78, 0x00000000832fff78| Untracked 
|  51|0x0000000083300000, 0x0000000083400000, 0x0000000083400000|100%| O|  |TAMS 0x0000000083400000, 0x0000000083400000| Untracked 
|  52|0x0000000083400000, 0x00000000834ffff8, 0x0000000083500000| 99%| O|  |TAMS 0x00000000834ffff8, 0x00000000834ffff8| Untracked 
|  53|0x0000000083500000, 0x0000000083600000, 0x0000000083600000|100%| O|  |TAMS 0x0000000083600000, 0x0000000083600000| Untracked 
|  54|0x0000000083600000, 0x00000000836fffe0, 0x0000000083700000| 99%| O|  |TAMS 0x00000000836fffe0, 0x00000000836fffe0| Untracked 
|  55|0x0000000083700000, 0x00000000837fffe8, 0x0000000083800000| 99%| O|  |TAMS 0x00000000837fffe8, 0x00000000837fffe8| Untracked 
|  56|0x0000000083800000, 0x00000000838fffc8, 0x0000000083900000| 99%| O|  |TAMS 0x00000000838fffc8, 0x00000000838fffc8| Untracked 
|  57|0x0000000083900000, 0x00000000839ffff8, 0x0000000083a00000| 99%| O|  |TAMS 0x00000000839ffff8, 0x00000000839ffff8| Untracked 
|  58|0x0000000083a00000, 0x0000000083b00000, 0x0000000083b00000|100%| O|  |TAMS 0x0000000083b00000, 0x0000000083b00000| Untracked 
|  59|0x0000000083b00000, 0x0000000083c00000, 0x0000000083c00000|100%| O|  |TAMS 0x0000000083c00000, 0x0000000083c00000| Untracked 
|  60|0x0000000083c00000, 0x0000000083cffff8, 0x0000000083d00000| 99%| O|  |TAMS 0x0000000083cffff8, 0x0000000083cffff8| Untracked 
|  61|0x0000000083d00000, 0x0000000083e00000, 0x0000000083e00000|100%| O|  |TAMS 0x0000000083e00000, 0x0000000083e00000| Untracked 
|  62|0x0000000083e00000, 0x0000000083effff8, 0x0000000083f00000| 99%| O|  |TAMS 0x0000000083effff8, 0x0000000083effff8| Untracked 
|  63|0x0000000083f00000, 0x0000000083fff3f0, 0x0000000084000000| 99%| O|  |TAMS 0x0000000083fff3f0, 0x0000000083fff3f0| Untracked 
|  64|0x0000000084000000, 0x0000000084100000, 0x0000000084100000|100%| O|  |TAMS 0x0000000084100000, 0x0000000084100000| Untracked 
|  65|0x0000000084100000, 0x00000000841ffff8, 0x0000000084200000| 99%| O|  |TAMS 0x00000000841ffff8, 0x00000000841ffff8| Untracked 
|  66|0x0000000084200000, 0x00000000842ffff8, 0x0000000084300000| 99%| O|  |TAMS 0x00000000842ffff8, 0x00000000842ffff8| Untracked 
|  67|0x0000000084300000, 0x00000000843ffff8, 0x0000000084400000| 99%| O|  |TAMS 0x00000000843ffff8, 0x00000000843ffff8| Untracked 
|  68|0x0000000084400000, 0x00000000844fffa0, 0x0000000084500000| 99%| O|  |TAMS 0x00000000844fffa0, 0x00000000844fffa0| Untracked 
|  69|0x0000000084500000, 0x00000000845ffff8, 0x0000000084600000| 99%| O|  |TAMS 0x00000000845ffff8, 0x00000000845ffff8| Untracked 
|  70|0x0000000084600000, 0x0000000084700000, 0x0000000084700000|100%| O|  |TAMS 0x0000000084700000, 0x0000000084700000| Untracked 
|  71|0x0000000084700000, 0x0000000084700000, 0x0000000084800000|  0%| F|  |TAMS 0x0000000084700000, 0x0000000084700000| Untracked 
|  72|0x0000000084800000, 0x00000000848bd350, 0x0000000084900000| 73%| O|  |TAMS 0x00000000848bd350, 0x00000000848bd350| Untracked 
|  73|0x0000000084900000, 0x0000000084a00000, 0x0000000084a00000|100%| O|  |TAMS 0x0000000084a00000, 0x0000000084a00000| Untracked 
|  74|0x0000000084a00000, 0x0000000084b00000, 0x0000000084b00000|100%| O|  |TAMS 0x0000000084b00000, 0x0000000084b00000| Untracked 
|  75|0x0000000084b00000, 0x0000000084c00000, 0x0000000084c00000|100%| O|  |TAMS 0x0000000084c00000, 0x0000000084c00000| Untracked 
|  76|0x0000000084c00000, 0x0000000084d00000, 0x0000000084d00000|100%| O|  |TAMS 0x0000000084d00000, 0x0000000084d00000| Untracked 
|  77|0x0000000084d00000, 0x0000000084e00000, 0x0000000084e00000|100%| O|  |TAMS 0x0000000084e00000, 0x0000000084e00000| Untracked 
|  78|0x0000000084e00000, 0x0000000084f00000, 0x0000000084f00000|100%| O|  |TAMS 0x0000000084f00000, 0x0000000084f00000| Untracked 
|  79|0x0000000084f00000, 0x0000000085000000, 0x0000000085000000|100%| O|  |TAMS 0x0000000084f00000, 0x0000000085000000| Untracked 
|  80|0x0000000085000000, 0x0000000085100000, 0x0000000085100000|100%| O|  |TAMS 0x0000000085000000, 0x0000000085100000| Untracked 
|  81|0x0000000085100000, 0x0000000085200000, 0x0000000085200000|100%| O|  |TAMS 0x0000000085100000, 0x0000000085200000| Untracked 
|  82|0x0000000085200000, 0x0000000085300000, 0x0000000085300000|100%| O|  |TAMS 0x0000000085300000, 0x0000000085300000| Untracked 
|  83|0x0000000085300000, 0x0000000085400000, 0x0000000085400000|100%| O|  |TAMS 0x0000000085400000, 0x0000000085400000| Untracked 
|  84|0x0000000085400000, 0x0000000085500000, 0x0000000085500000|100%| O|  |TAMS 0x0000000085500000, 0x0000000085500000| Untracked 
|  85|0x0000000085500000, 0x0000000085600000, 0x0000000085600000|100%| O|  |TAMS 0x0000000085600000, 0x0000000085600000| Untracked 
|  86|0x0000000085600000, 0x0000000085700000, 0x0000000085700000|100%| O|  |TAMS 0x0000000085600000, 0x0000000085700000| Untracked 
|  87|0x0000000085700000, 0x0000000085800000, 0x0000000085800000|100%| O|  |TAMS 0x0000000085700000, 0x0000000085800000| Untracked 
|  88|0x0000000085800000, 0x0000000085900000, 0x0000000085900000|100%| O|  |TAMS 0x0000000085900000, 0x0000000085900000| Untracked 
|  89|0x0000000085900000, 0x0000000085a00000, 0x0000000085a00000|100%| O|  |TAMS 0x0000000085a00000, 0x0000000085a00000| Untracked 
|  90|0x0000000085a00000, 0x0000000085b00000, 0x0000000085b00000|100%| O|  |TAMS 0x0000000085b00000, 0x0000000085b00000| Untracked 
|  91|0x0000000085b00000, 0x0000000085c00000, 0x0000000085c00000|100%| O|  |TAMS 0x0000000085b00000, 0x0000000085c00000| Untracked 
|  92|0x0000000085c00000, 0x0000000085d00000, 0x0000000085d00000|100%| O|  |TAMS 0x0000000085c00000, 0x0000000085d00000| Untracked 
|  93|0x0000000085d00000, 0x0000000085e00000, 0x0000000085e00000|100%| O|  |TAMS 0x0000000085d00000, 0x0000000085e00000| Untracked 
|  94|0x0000000085e00000, 0x0000000085f00000, 0x0000000085f00000|100%| O|  |TAMS 0x0000000085f00000, 0x0000000085f00000| Untracked 
|  95|0x0000000085f00000, 0x0000000086000000, 0x0000000086000000|100%| O|  |TAMS 0x0000000086000000, 0x0000000086000000| Untracked 
|  96|0x0000000086000000, 0x0000000086100000, 0x0000000086100000|100%| O|  |TAMS 0x0000000086100000, 0x0000000086100000| Untracked 
|  97|0x0000000086100000, 0x0000000086200000, 0x0000000086200000|100%| O|  |TAMS 0x000000008618f400, 0x0000000086200000| Untracked 
|  98|0x0000000086200000, 0x00000000862eac00, 0x0000000086300000| 91%| O|  |TAMS 0x0000000086200000, 0x00000000862eac00| Untracked 
|  99|0x0000000086300000, 0x0000000086400000, 0x0000000086400000|100%| O|  |TAMS 0x0000000086400000, 0x0000000086400000| Untracked 
| 100|0x0000000086400000, 0x0000000086400000, 0x0000000086500000|  0%| F|  |TAMS 0x0000000086400000, 0x0000000086400000| Untracked 
| 101|0x0000000086500000, 0x0000000086600000, 0x0000000086600000|100%| O|  |TAMS 0x0000000086600000, 0x0000000086600000| Untracked 
| 102|0x0000000086600000, 0x0000000086700000, 0x0000000086700000|100%| O|  |TAMS 0x0000000086700000, 0x0000000086700000| Untracked 
| 103|0x0000000086700000, 0x0000000086800000, 0x0000000086800000|100%| O|  |TAMS 0x0000000086800000, 0x0000000086800000| Untracked 
| 104|0x0000000086800000, 0x0000000086900000, 0x0000000086900000|100%| O|  |TAMS 0x0000000086900000, 0x0000000086900000| Untracked 
| 105|0x0000000086900000, 0x0000000086a00000, 0x0000000086a00000|100%| O|  |TAMS 0x0000000086a00000, 0x0000000086a00000| Untracked 
| 106|0x0000000086a00000, 0x0000000086a00000, 0x0000000086b00000|  0%| F|  |TAMS 0x0000000086a00000, 0x0000000086a00000| Untracked 
| 107|0x0000000086b00000, 0x0000000086c00000, 0x0000000086c00000|100%| O|  |TAMS 0x0000000086c00000, 0x0000000086c00000| Untracked 
| 108|0x0000000086c00000, 0x0000000086c00000, 0x0000000086d00000|  0%| F|  |TAMS 0x0000000086c00000, 0x0000000086c00000| Untracked 
| 109|0x0000000086d00000, 0x0000000086d00000, 0x0000000086e00000|  0%| F|  |TAMS 0x0000000086d00000, 0x0000000086d00000| Untracked 
| 110|0x0000000086e00000, 0x0000000086f00000, 0x0000000086f00000|100%| O|  |TAMS 0x0000000086f00000, 0x0000000086f00000| Untracked 
| 111|0x0000000086f00000, 0x0000000086f00000, 0x0000000087000000|  0%| F|  |TAMS 0x0000000086f00000, 0x0000000086f00000| Untracked 
| 112|0x0000000087000000, 0x0000000087000000, 0x0000000087100000|  0%| F|  |TAMS 0x0000000087000000, 0x0000000087000000| Untracked 
| 113|0x0000000087100000, 0x0000000087100000, 0x0000000087200000|  0%| F|  |TAMS 0x0000000087100000, 0x0000000087100000| Untracked 
| 114|0x0000000087200000, 0x0000000087200000, 0x0000000087300000|  0%| F|  |TAMS 0x0000000087200000, 0x0000000087200000| Untracked 
| 115|0x0000000087300000, 0x0000000087300000, 0x0000000087400000|  0%| F|  |TAMS 0x0000000087300000, 0x0000000087300000| Untracked 
| 116|0x0000000087400000, 0x0000000087400000, 0x0000000087500000|  0%| F|  |TAMS 0x0000000087400000, 0x0000000087400000| Untracked 
| 117|0x0000000087500000, 0x0000000087500000, 0x0000000087600000|  0%| F|  |TAMS 0x0000000087500000, 0x0000000087500000| Untracked 
| 118|0x0000000087600000, 0x0000000087600000, 0x0000000087700000|  0%| F|  |TAMS 0x0000000087600000, 0x0000000087600000| Untracked 
| 119|0x0000000087700000, 0x0000000087700000, 0x0000000087800000|  0%| F|  |TAMS 0x0000000087700000, 0x0000000087700000| Untracked 
| 120|0x0000000087800000, 0x0000000087900000, 0x0000000087900000|100%| O|  |TAMS 0x0000000087900000, 0x0000000087900000| Untracked 
| 121|0x0000000087900000, 0x0000000087a00000, 0x0000000087a00000|100%| O|  |TAMS 0x0000000087a00000, 0x0000000087a00000| Untracked 
| 122|0x0000000087a00000, 0x0000000087b00000, 0x0000000087b00000|100%| O|  |TAMS 0x0000000087b00000, 0x0000000087b00000| Untracked 
| 123|0x0000000087b00000, 0x0000000087b00000, 0x0000000087c00000|  0%| F|  |TAMS 0x0000000087b00000, 0x0000000087b00000| Untracked 
| 124|0x0000000087c00000, 0x0000000087d00000, 0x0000000087d00000|100%| O|  |TAMS 0x0000000087d00000, 0x0000000087d00000| Untracked 
| 125|0x0000000087d00000, 0x0000000087e00000, 0x0000000087e00000|100%| O|  |TAMS 0x0000000087e00000, 0x0000000087e00000| Untracked 
| 126|0x0000000087e00000, 0x0000000087e00000, 0x0000000087f00000|  0%| F|  |TAMS 0x0000000087e00000, 0x0000000087e00000| Untracked 
| 127|0x0000000087f00000, 0x0000000087f00000, 0x0000000088000000|  0%| F|  |TAMS 0x0000000087f00000, 0x0000000087f00000| Untracked 
| 128|0x0000000088000000, 0x0000000088100000, 0x0000000088100000|100%| O|  |TAMS 0x0000000088100000, 0x0000000088100000| Untracked 
| 129|0x0000000088100000, 0x0000000088200000, 0x0000000088200000|100%| O|  |TAMS 0x0000000088200000, 0x0000000088200000| Untracked 
| 130|0x0000000088200000, 0x0000000088300000, 0x0000000088300000|100%| O|  |TAMS 0x0000000088300000, 0x0000000088300000| Untracked 
| 131|0x0000000088300000, 0x0000000088300000, 0x0000000088400000|  0%| F|  |TAMS 0x0000000088300000, 0x0000000088300000| Untracked 
| 132|0x0000000088400000, 0x0000000088400000, 0x0000000088500000|  0%| F|  |TAMS 0x0000000088400000, 0x0000000088400000| Untracked 
| 133|0x0000000088500000, 0x0000000088500000, 0x0000000088600000|  0%| F|  |TAMS 0x0000000088500000, 0x0000000088500000| Untracked 
| 134|0x0000000088600000, 0x0000000088600000, 0x0000000088700000|  0%| F|  |TAMS 0x0000000088600000, 0x0000000088600000| Untracked 
| 135|0x0000000088700000, 0x0000000088700000, 0x0000000088800000|  0%| F|  |TAMS 0x0000000088700000, 0x0000000088700000| Untracked 
| 136|0x0000000088800000, 0x0000000088800000, 0x0000000088900000|  0%| F|  |TAMS 0x0000000088800000, 0x0000000088800000| Untracked 
| 137|0x0000000088900000, 0x0000000088900000, 0x0000000088a00000|  0%| F|  |TAMS 0x0000000088900000, 0x0000000088900000| Untracked 
| 138|0x0000000088a00000, 0x0000000088a00000, 0x0000000088b00000|  0%| F|  |TAMS 0x0000000088a00000, 0x0000000088a00000| Untracked 
| 139|0x0000000088b00000, 0x0000000088b00000, 0x0000000088c00000|  0%| F|  |TAMS 0x0000000088b00000, 0x0000000088b00000| Untracked 
| 140|0x0000000088c00000, 0x0000000088c00000, 0x0000000088d00000|  0%| F|  |TAMS 0x0000000088c00000, 0x0000000088c00000| Untracked 
| 141|0x0000000088d00000, 0x0000000088d00000, 0x0000000088e00000|  0%| F|  |TAMS 0x0000000088d00000, 0x0000000088d00000| Untracked 
| 142|0x0000000088e00000, 0x0000000088e00000, 0x0000000088f00000|  0%| F|  |TAMS 0x0000000088e00000, 0x0000000088e00000| Untracked 
| 143|0x0000000088f00000, 0x0000000088f00000, 0x0000000089000000|  0%| F|  |TAMS 0x0000000088f00000, 0x0000000088f00000| Untracked 
| 144|0x0000000089000000, 0x0000000089000000, 0x0000000089100000|  0%| F|  |TAMS 0x0000000089000000, 0x0000000089000000| Untracked 
| 145|0x0000000089100000, 0x0000000089100000, 0x0000000089200000|  0%| F|  |TAMS 0x0000000089100000, 0x0000000089100000| Untracked 
| 146|0x0000000089200000, 0x0000000089200000, 0x0000000089300000|  0%| F|  |TAMS 0x0000000089200000, 0x0000000089200000| Untracked 
| 147|0x0000000089300000, 0x0000000089300000, 0x0000000089400000|  0%| F|  |TAMS 0x0000000089300000, 0x0000000089300000| Untracked 
| 148|0x0000000089400000, 0x0000000089400000, 0x0000000089500000|  0%| F|  |TAMS 0x0000000089400000, 0x0000000089400000| Untracked 
| 149|0x0000000089500000, 0x0000000089500000, 0x0000000089600000|  0%| F|  |TAMS 0x0000000089500000, 0x0000000089500000| Untracked 
| 150|0x0000000089600000, 0x0000000089600000, 0x0000000089700000|  0%| F|  |TAMS 0x0000000089600000, 0x0000000089600000| Untracked 
| 151|0x0000000089700000, 0x0000000089700000, 0x0000000089800000|  0%| F|  |TAMS 0x0000000089700000, 0x0000000089700000| Untracked 
| 152|0x0000000089800000, 0x0000000089800000, 0x0000000089900000|  0%| F|  |TAMS 0x0000000089800000, 0x0000000089800000| Untracked 
| 153|0x0000000089900000, 0x0000000089900000, 0x0000000089a00000|  0%| F|  |TAMS 0x0000000089900000, 0x0000000089900000| Untracked 
| 154|0x0000000089a00000, 0x0000000089a00000, 0x0000000089b00000|  0%| F|  |TAMS 0x0000000089a00000, 0x0000000089a00000| Untracked 
| 155|0x0000000089b00000, 0x0000000089b00000, 0x0000000089c00000|  0%| F|  |TAMS 0x0000000089b00000, 0x0000000089b00000| Untracked 
| 156|0x0000000089c00000, 0x0000000089c00000, 0x0000000089d00000|  0%| F|  |TAMS 0x0000000089c00000, 0x0000000089c00000| Untracked 
| 157|0x0000000089d00000, 0x0000000089d00000, 0x0000000089e00000|  0%| F|  |TAMS 0x0000000089d00000, 0x0000000089d00000| Untracked 
| 158|0x0000000089e00000, 0x0000000089e00000, 0x0000000089f00000|  0%| F|  |TAMS 0x0000000089e00000, 0x0000000089e00000| Untracked 
| 159|0x0000000089f00000, 0x0000000089f00000, 0x000000008a000000|  0%| F|  |TAMS 0x0000000089f00000, 0x0000000089f00000| Untracked 
| 160|0x000000008a000000, 0x000000008a000000, 0x000000008a100000|  0%| F|  |TAMS 0x000000008a000000, 0x000000008a000000| Untracked 
| 161|0x000000008a100000, 0x000000008a100000, 0x000000008a200000|  0%| F|  |TAMS 0x000000008a100000, 0x000000008a100000| Untracked 
| 162|0x000000008a200000, 0x000000008a200000, 0x000000008a300000|  0%| F|  |TAMS 0x000000008a200000, 0x000000008a200000| Untracked 
| 163|0x000000008a300000, 0x000000008a300000, 0x000000008a400000|  0%| F|  |TAMS 0x000000008a300000, 0x000000008a300000| Untracked 
| 164|0x000000008a400000, 0x000000008a400000, 0x000000008a500000|  0%| F|  |TAMS 0x000000008a400000, 0x000000008a400000| Untracked 
| 165|0x000000008a500000, 0x000000008a500000, 0x000000008a600000|  0%| F|  |TAMS 0x000000008a500000, 0x000000008a500000| Untracked 
| 166|0x000000008a600000, 0x000000008a600000, 0x000000008a700000|  0%| F|  |TAMS 0x000000008a600000, 0x000000008a600000| Untracked 
| 167|0x000000008a700000, 0x000000008a700000, 0x000000008a800000|  0%| F|  |TAMS 0x000000008a700000, 0x000000008a700000| Untracked 
| 168|0x000000008a800000, 0x000000008a800000, 0x000000008a900000|  0%| F|  |TAMS 0x000000008a800000, 0x000000008a800000| Untracked 
| 169|0x000000008a900000, 0x000000008a900000, 0x000000008aa00000|  0%| F|  |TAMS 0x000000008a900000, 0x000000008a900000| Untracked 
| 170|0x000000008aa00000, 0x000000008aa00000, 0x000000008ab00000|  0%| F|  |TAMS 0x000000008aa00000, 0x000000008aa00000| Untracked 
| 171|0x000000008ab00000, 0x000000008ab00000, 0x000000008ac00000|  0%| F|  |TAMS 0x000000008ab00000, 0x000000008ab00000| Untracked 
| 172|0x000000008ac00000, 0x000000008ac00000, 0x000000008ad00000|  0%| F|  |TAMS 0x000000008ac00000, 0x000000008ac00000| Untracked 
| 173|0x000000008ad00000, 0x000000008ad00000, 0x000000008ae00000|  0%| F|  |TAMS 0x000000008ad00000, 0x000000008ad00000| Untracked 
| 174|0x000000008ae00000, 0x000000008ae00000, 0x000000008af00000|  0%| F|  |TAMS 0x000000008ae00000, 0x000000008ae00000| Untracked 
| 175|0x000000008af00000, 0x000000008af00000, 0x000000008b000000|  0%| F|  |TAMS 0x000000008af00000, 0x000000008af00000| Untracked 
| 176|0x000000008b000000, 0x000000008b000000, 0x000000008b100000|  0%| F|  |TAMS 0x000000008b000000, 0x000000008b000000| Untracked 
| 177|0x000000008b100000, 0x000000008b100000, 0x000000008b200000|  0%| F|  |TAMS 0x000000008b100000, 0x000000008b100000| Untracked 
| 178|0x000000008b200000, 0x000000008b200000, 0x000000008b300000|  0%| F|  |TAMS 0x000000008b200000, 0x000000008b200000| Untracked 
| 179|0x000000008b300000, 0x000000008b300000, 0x000000008b400000|  0%| F|  |TAMS 0x000000008b300000, 0x000000008b300000| Untracked 
| 180|0x000000008b400000, 0x000000008b400000, 0x000000008b500000|  0%| F|  |TAMS 0x000000008b400000, 0x000000008b400000| Untracked 
| 181|0x000000008b500000, 0x000000008b500000, 0x000000008b600000|  0%| F|  |TAMS 0x000000008b500000, 0x000000008b500000| Untracked 
| 182|0x000000008b600000, 0x000000008b600000, 0x000000008b700000|  0%| F|  |TAMS 0x000000008b600000, 0x000000008b600000| Untracked 
| 183|0x000000008b700000, 0x000000008b700000, 0x000000008b800000|  0%| F|  |TAMS 0x000000008b700000, 0x000000008b700000| Untracked 
| 184|0x000000008b800000, 0x000000008b800000, 0x000000008b900000|  0%| F|  |TAMS 0x000000008b800000, 0x000000008b800000| Untracked 
| 185|0x000000008b900000, 0x000000008b900000, 0x000000008ba00000|  0%| F|  |TAMS 0x000000008b900000, 0x000000008b900000| Untracked 
| 186|0x000000008ba00000, 0x000000008ba00000, 0x000000008bb00000|  0%| F|  |TAMS 0x000000008ba00000, 0x000000008ba00000| Untracked 
| 187|0x000000008bb00000, 0x000000008bb00000, 0x000000008bc00000|  0%| F|  |TAMS 0x000000008bb00000, 0x000000008bb00000| Untracked 
| 188|0x000000008bc00000, 0x000000008bc00000, 0x000000008bd00000|  0%| F|  |TAMS 0x000000008bc00000, 0x000000008bc00000| Untracked 
| 189|0x000000008bd00000, 0x000000008bd00000, 0x000000008be00000|  0%| F|  |TAMS 0x000000008bd00000, 0x000000008bd00000| Untracked 
| 190|0x000000008be00000, 0x000000008be00000, 0x000000008bf00000|  0%| F|  |TAMS 0x000000008be00000, 0x000000008be00000| Untracked 
| 191|0x000000008bf00000, 0x000000008bf00000, 0x000000008c000000|  0%| F|  |TAMS 0x000000008bf00000, 0x000000008bf00000| Untracked 
| 192|0x000000008c000000, 0x000000008c000000, 0x000000008c100000|  0%| F|  |TAMS 0x000000008c000000, 0x000000008c000000| Untracked 
| 193|0x000000008c100000, 0x000000008c100000, 0x000000008c200000|  0%| F|  |TAMS 0x000000008c100000, 0x000000008c100000| Untracked 
| 194|0x000000008c200000, 0x000000008c200000, 0x000000008c300000|  0%| F|  |TAMS 0x000000008c200000, 0x000000008c200000| Untracked 
| 195|0x000000008c300000, 0x000000008c300000, 0x000000008c400000|  0%| F|  |TAMS 0x000000008c300000, 0x000000008c300000| Untracked 
| 196|0x000000008c400000, 0x000000008c400000, 0x000000008c500000|  0%| F|  |TAMS 0x000000008c400000, 0x000000008c400000| Untracked 
| 197|0x000000008c500000, 0x000000008c500000, 0x000000008c600000|  0%| F|  |TAMS 0x000000008c500000, 0x000000008c500000| Untracked 
| 198|0x000000008c600000, 0x000000008c600000, 0x000000008c700000|  0%| F|  |TAMS 0x000000008c600000, 0x000000008c600000| Untracked 
| 199|0x000000008c700000, 0x000000008c700000, 0x000000008c800000|  0%| F|  |TAMS 0x000000008c700000, 0x000000008c700000| Untracked 
| 200|0x000000008c800000, 0x000000008c800000, 0x000000008c900000|  0%| F|  |TAMS 0x000000008c800000, 0x000000008c800000| Untracked 
| 201|0x000000008c900000, 0x000000008c900000, 0x000000008ca00000|  0%| F|  |TAMS 0x000000008c900000, 0x000000008c900000| Untracked 
| 202|0x000000008ca00000, 0x000000008ca00000, 0x000000008cb00000|  0%| F|  |TAMS 0x000000008ca00000, 0x000000008ca00000| Untracked 
| 203|0x000000008cb00000, 0x000000008cb00000, 0x000000008cc00000|  0%| F|  |TAMS 0x000000008cb00000, 0x000000008cb00000| Untracked 
| 204|0x000000008cc00000, 0x000000008cc00000, 0x000000008cd00000|  0%| F|  |TAMS 0x000000008cc00000, 0x000000008cc00000| Untracked 
| 205|0x000000008cd00000, 0x000000008cd00000, 0x000000008ce00000|  0%| F|  |TAMS 0x000000008cd00000, 0x000000008cd00000| Untracked 
| 206|0x000000008ce00000, 0x000000008ce00000, 0x000000008cf00000|  0%| F|  |TAMS 0x000000008ce00000, 0x000000008ce00000| Untracked 
| 207|0x000000008cf00000, 0x000000008cf00000, 0x000000008d000000|  0%| F|  |TAMS 0x000000008cf00000, 0x000000008cf00000| Untracked 
| 208|0x000000008d000000, 0x000000008d000000, 0x000000008d100000|  0%| F|  |TAMS 0x000000008d000000, 0x000000008d000000| Untracked 
| 209|0x000000008d100000, 0x000000008d100000, 0x000000008d200000|  0%| F|  |TAMS 0x000000008d100000, 0x000000008d100000| Untracked 
| 210|0x000000008d200000, 0x000000008d200000, 0x000000008d300000|  0%| F|  |TAMS 0x000000008d200000, 0x000000008d200000| Untracked 
| 211|0x000000008d300000, 0x000000008d300000, 0x000000008d400000|  0%| F|  |TAMS 0x000000008d300000, 0x000000008d300000| Untracked 
| 212|0x000000008d400000, 0x000000008d400000, 0x000000008d500000|  0%| F|  |TAMS 0x000000008d400000, 0x000000008d400000| Untracked 
| 213|0x000000008d500000, 0x000000008d500000, 0x000000008d600000|  0%| F|  |TAMS 0x000000008d500000, 0x000000008d500000| Untracked 
| 214|0x000000008d600000, 0x000000008d600000, 0x000000008d700000|  0%| F|  |TAMS 0x000000008d600000, 0x000000008d600000| Untracked 
| 215|0x000000008d700000, 0x000000008d700000, 0x000000008d800000|  0%| F|  |TAMS 0x000000008d700000, 0x000000008d700000| Untracked 
| 216|0x000000008d800000, 0x000000008d800000, 0x000000008d900000|  0%| F|  |TAMS 0x000000008d800000, 0x000000008d800000| Untracked 
| 217|0x000000008d900000, 0x000000008d900000, 0x000000008da00000|  0%| F|  |TAMS 0x000000008d900000, 0x000000008d900000| Untracked 
| 218|0x000000008da00000, 0x000000008da00000, 0x000000008db00000|  0%| F|  |TAMS 0x000000008da00000, 0x000000008da00000| Untracked 
| 219|0x000000008db00000, 0x000000008db00000, 0x000000008dc00000|  0%| F|  |TAMS 0x000000008db00000, 0x000000008db00000| Untracked 
| 220|0x000000008dc00000, 0x000000008dc00000, 0x000000008dd00000|  0%| F|  |TAMS 0x000000008dc00000, 0x000000008dc00000| Untracked 
| 221|0x000000008dd00000, 0x000000008dd00000, 0x000000008de00000|  0%| F|  |TAMS 0x000000008dd00000, 0x000000008dd00000| Untracked 
| 222|0x000000008de00000, 0x000000008de00000, 0x000000008df00000|  0%| F|  |TAMS 0x000000008de00000, 0x000000008de00000| Untracked 
| 223|0x000000008df00000, 0x000000008df00000, 0x000000008e000000|  0%| F|  |TAMS 0x000000008df00000, 0x000000008df00000| Untracked 
| 224|0x000000008e000000, 0x000000008e000000, 0x000000008e100000|  0%| F|  |TAMS 0x000000008e000000, 0x000000008e000000| Untracked 
| 225|0x000000008e100000, 0x000000008e100000, 0x000000008e200000|  0%| F|  |TAMS 0x000000008e100000, 0x000000008e100000| Untracked 
| 226|0x000000008e200000, 0x000000008e200000, 0x000000008e300000|  0%| F|  |TAMS 0x000000008e200000, 0x000000008e200000| Untracked 
| 227|0x000000008e300000, 0x000000008e300000, 0x000000008e400000|  0%| F|  |TAMS 0x000000008e300000, 0x000000008e300000| Untracked 
| 228|0x000000008e400000, 0x000000008e400000, 0x000000008e500000|  0%| F|  |TAMS 0x000000008e400000, 0x000000008e400000| Untracked 
| 229|0x000000008e500000, 0x000000008e500000, 0x000000008e600000|  0%| F|  |TAMS 0x000000008e500000, 0x000000008e500000| Untracked 
| 230|0x000000008e600000, 0x000000008e600000, 0x000000008e700000|  0%| F|  |TAMS 0x000000008e600000, 0x000000008e600000| Untracked 
| 231|0x000000008e700000, 0x000000008e700000, 0x000000008e800000|  0%| F|  |TAMS 0x000000008e700000, 0x000000008e700000| Untracked 
| 232|0x000000008e800000, 0x000000008e800000, 0x000000008e900000|  0%| F|  |TAMS 0x000000008e800000, 0x000000008e800000| Untracked 
| 233|0x000000008e900000, 0x000000008e900000, 0x000000008ea00000|  0%| F|  |TAMS 0x000000008e900000, 0x000000008e900000| Untracked 
| 234|0x000000008ea00000, 0x000000008ea00000, 0x000000008eb00000|  0%| F|  |TAMS 0x000000008ea00000, 0x000000008ea00000| Untracked 
| 235|0x000000008eb00000, 0x000000008eb00000, 0x000000008ec00000|  0%| F|  |TAMS 0x000000008eb00000, 0x000000008eb00000| Untracked 
| 236|0x000000008ec00000, 0x000000008ec00000, 0x000000008ed00000|  0%| F|  |TAMS 0x000000008ec00000, 0x000000008ec00000| Untracked 
| 237|0x000000008ed00000, 0x000000008ed00000, 0x000000008ee00000|  0%| F|  |TAMS 0x000000008ed00000, 0x000000008ed00000| Untracked 
| 238|0x000000008ee00000, 0x000000008eea3d10, 0x000000008ef00000| 63%| S|CS|TAMS 0x000000008ee00000, 0x000000008ee00000| Complete 
| 239|0x000000008ef00000, 0x000000008f000000, 0x000000008f000000|100%| S|CS|TAMS 0x000000008ef00000, 0x000000008ef00000| Complete 
| 240|0x000000008f000000, 0x000000008f100000, 0x000000008f100000|100%| S|CS|TAMS 0x000000008f000000, 0x000000008f000000| Complete 
| 241|0x000000008f100000, 0x000000008f200000, 0x000000008f200000|100%| S|CS|TAMS 0x000000008f100000, 0x000000008f100000| Complete 
| 242|0x000000008f200000, 0x000000008f300000, 0x000000008f300000|100%| S|CS|TAMS 0x000000008f200000, 0x000000008f200000| Complete 
| 243|0x000000008f300000, 0x000000008f400000, 0x000000008f400000|100%| S|CS|TAMS 0x000000008f300000, 0x000000008f300000| Complete 
| 244|0x000000008f400000, 0x000000008f500000, 0x000000008f500000|100%| S|CS|TAMS 0x000000008f400000, 0x000000008f400000| Complete 
| 245|0x000000008f500000, 0x000000008f600000, 0x000000008f600000|100%| S|CS|TAMS 0x000000008f500000, 0x000000008f500000| Complete 
| 246|0x000000008f600000, 0x000000008f700000, 0x000000008f700000|100%| S|CS|TAMS 0x000000008f600000, 0x000000008f600000| Complete 
| 247|0x000000008f700000, 0x000000008f700000, 0x000000008f800000|  0%| F|  |TAMS 0x000000008f700000, 0x000000008f700000| Untracked 
| 248|0x000000008f800000, 0x000000008f800000, 0x000000008f900000|  0%| F|  |TAMS 0x000000008f800000, 0x000000008f800000| Untracked 
| 249|0x000000008f900000, 0x000000008f900000, 0x000000008fa00000|  0%| F|  |TAMS 0x000000008f900000, 0x000000008f900000| Untracked 
| 250|0x000000008fa00000, 0x000000008fa00000, 0x000000008fb00000|  0%| F|  |TAMS 0x000000008fa00000, 0x000000008fa00000| Untracked 
| 251|0x000000008fb00000, 0x000000008fb00000, 0x000000008fc00000|  0%| F|  |TAMS 0x000000008fb00000, 0x000000008fb00000| Untracked 
| 252|0x000000008fc00000, 0x000000008fc00000, 0x000000008fd00000|  0%| F|  |TAMS 0x000000008fc00000, 0x000000008fc00000| Untracked 
| 253|0x000000008fd00000, 0x000000008fd00000, 0x000000008fe00000|  0%| F|  |TAMS 0x000000008fd00000, 0x000000008fd00000| Untracked 
| 254|0x000000008fe00000, 0x000000008fe00000, 0x000000008ff00000|  0%| F|  |TAMS 0x000000008fe00000, 0x000000008fe00000| Untracked 
| 255|0x000000008ff00000, 0x000000008ff00000, 0x0000000090000000|  0%| F|  |TAMS 0x000000008ff00000, 0x000000008ff00000| Untracked 
| 256|0x0000000090000000, 0x0000000090000000, 0x0000000090100000|  0%| F|  |TAMS 0x0000000090000000, 0x0000000090000000| Untracked 
| 257|0x0000000090100000, 0x0000000090100000, 0x0000000090200000|  0%| F|  |TAMS 0x0000000090100000, 0x0000000090100000| Untracked 
| 258|0x0000000090200000, 0x0000000090200000, 0x0000000090300000|  0%| F|  |TAMS 0x0000000090200000, 0x0000000090200000| Untracked 
| 259|0x0000000090300000, 0x0000000090300000, 0x0000000090400000|  0%| F|  |TAMS 0x0000000090300000, 0x0000000090300000| Untracked 
| 260|0x0000000090400000, 0x0000000090400000, 0x0000000090500000|  0%| F|  |TAMS 0x0000000090400000, 0x0000000090400000| Untracked 
| 261|0x0000000090500000, 0x0000000090500000, 0x0000000090600000|  0%| F|  |TAMS 0x0000000090500000, 0x0000000090500000| Untracked 
| 262|0x0000000090600000, 0x0000000090600000, 0x0000000090700000|  0%| F|  |TAMS 0x0000000090600000, 0x0000000090600000| Untracked 
| 263|0x0000000090700000, 0x0000000090700000, 0x0000000090800000|  0%| F|  |TAMS 0x0000000090700000, 0x0000000090700000| Untracked 
| 264|0x0000000090800000, 0x0000000090800000, 0x0000000090900000|  0%| F|  |TAMS 0x0000000090800000, 0x0000000090800000| Untracked 
| 265|0x0000000090900000, 0x0000000090900000, 0x0000000090a00000|  0%| F|  |TAMS 0x0000000090900000, 0x0000000090900000| Untracked 
| 266|0x0000000090a00000, 0x0000000090a00000, 0x0000000090b00000|  0%| F|  |TAMS 0x0000000090a00000, 0x0000000090a00000| Untracked 
| 267|0x0000000090b00000, 0x0000000090b00000, 0x0000000090c00000|  0%| F|  |TAMS 0x0000000090b00000, 0x0000000090b00000| Untracked 
| 268|0x0000000090c00000, 0x0000000090c00000, 0x0000000090d00000|  0%| F|  |TAMS 0x0000000090c00000, 0x0000000090c00000| Untracked 
| 269|0x0000000090d00000, 0x0000000090d00000, 0x0000000090e00000|  0%| F|  |TAMS 0x0000000090d00000, 0x0000000090d00000| Untracked 
| 270|0x0000000090e00000, 0x0000000090e00000, 0x0000000090f00000|  0%| F|  |TAMS 0x0000000090e00000, 0x0000000090e00000| Untracked 
| 271|0x0000000090f00000, 0x0000000090f00000, 0x0000000091000000|  0%| F|  |TAMS 0x0000000090f00000, 0x0000000090f00000| Untracked 
| 272|0x0000000091000000, 0x0000000091000000, 0x0000000091100000|  0%| F|  |TAMS 0x0000000091000000, 0x0000000091000000| Untracked 
| 273|0x0000000091100000, 0x0000000091100000, 0x0000000091200000|  0%| F|  |TAMS 0x0000000091100000, 0x0000000091100000| Untracked 
| 274|0x0000000091200000, 0x0000000091200000, 0x0000000091300000|  0%| F|  |TAMS 0x0000000091200000, 0x0000000091200000| Untracked 
| 275|0x0000000091300000, 0x0000000091300000, 0x0000000091400000|  0%| F|  |TAMS 0x0000000091300000, 0x0000000091300000| Untracked 
| 276|0x0000000091400000, 0x0000000091400000, 0x0000000091500000|  0%| F|  |TAMS 0x0000000091400000, 0x0000000091400000| Untracked 
| 277|0x0000000091500000, 0x0000000091500000, 0x0000000091600000|  0%| F|  |TAMS 0x0000000091500000, 0x0000000091500000| Untracked 
| 278|0x0000000091600000, 0x0000000091600000, 0x0000000091700000|  0%| F|  |TAMS 0x0000000091600000, 0x0000000091600000| Untracked 
| 279|0x0000000091700000, 0x0000000091700000, 0x0000000091800000|  0%| F|  |TAMS 0x0000000091700000, 0x0000000091700000| Untracked 
| 280|0x0000000091800000, 0x0000000091800000, 0x0000000091900000|  0%| F|  |TAMS 0x0000000091800000, 0x0000000091800000| Untracked 
| 281|0x0000000091900000, 0x0000000091900000, 0x0000000091a00000|  0%| F|  |TAMS 0x0000000091900000, 0x0000000091900000| Untracked 
| 282|0x0000000091a00000, 0x0000000091a00000, 0x0000000091b00000|  0%| F|  |TAMS 0x0000000091a00000, 0x0000000091a00000| Untracked 
| 283|0x0000000091b00000, 0x0000000091b00000, 0x0000000091c00000|  0%| F|  |TAMS 0x0000000091b00000, 0x0000000091b00000| Untracked 
| 284|0x0000000091c00000, 0x0000000091c00000, 0x0000000091d00000|  0%| F|  |TAMS 0x0000000091c00000, 0x0000000091c00000| Untracked 
| 285|0x0000000091d00000, 0x0000000091d00000, 0x0000000091e00000|  0%| F|  |TAMS 0x0000000091d00000, 0x0000000091d00000| Untracked 
| 286|0x0000000091e00000, 0x0000000091e00000, 0x0000000091f00000|  0%| F|  |TAMS 0x0000000091e00000, 0x0000000091e00000| Untracked 
| 287|0x0000000091f00000, 0x0000000091f00000, 0x0000000092000000|  0%| F|  |TAMS 0x0000000091f00000, 0x0000000091f00000| Untracked 
| 288|0x0000000092000000, 0x0000000092000000, 0x0000000092100000|  0%| F|  |TAMS 0x0000000092000000, 0x0000000092000000| Untracked 
| 289|0x0000000092100000, 0x0000000092100000, 0x0000000092200000|  0%| F|  |TAMS 0x0000000092100000, 0x0000000092100000| Untracked 
| 290|0x0000000092200000, 0x0000000092200000, 0x0000000092300000|  0%| F|  |TAMS 0x0000000092200000, 0x0000000092200000| Untracked 
| 291|0x0000000092300000, 0x0000000092300000, 0x0000000092400000|  0%| F|  |TAMS 0x0000000092300000, 0x0000000092300000| Untracked 
| 292|0x0000000092400000, 0x0000000092400000, 0x0000000092500000|  0%| F|  |TAMS 0x0000000092400000, 0x0000000092400000| Untracked 
| 293|0x0000000092500000, 0x0000000092500000, 0x0000000092600000|  0%| F|  |TAMS 0x0000000092500000, 0x0000000092500000| Untracked 
| 294|0x0000000092600000, 0x0000000092600000, 0x0000000092700000|  0%| F|  |TAMS 0x0000000092600000, 0x0000000092600000| Untracked 
| 295|0x0000000092700000, 0x0000000092700000, 0x0000000092800000|  0%| F|  |TAMS 0x0000000092700000, 0x0000000092700000| Untracked 
| 296|0x0000000092800000, 0x0000000092800000, 0x0000000092900000|  0%| F|  |TAMS 0x0000000092800000, 0x0000000092800000| Untracked 
| 297|0x0000000092900000, 0x0000000092900000, 0x0000000092a00000|  0%| F|  |TAMS 0x0000000092900000, 0x0000000092900000| Untracked 
| 298|0x0000000092a00000, 0x0000000092a00000, 0x0000000092b00000|  0%| F|  |TAMS 0x0000000092a00000, 0x0000000092a00000| Untracked 
| 299|0x0000000092b00000, 0x0000000092b00000, 0x0000000092c00000|  0%| F|  |TAMS 0x0000000092b00000, 0x0000000092b00000| Untracked 
| 300|0x0000000092c00000, 0x0000000092c00000, 0x0000000092d00000|  0%| F|  |TAMS 0x0000000092c00000, 0x0000000092c00000| Untracked 
| 301|0x0000000092d00000, 0x0000000092d00000, 0x0000000092e00000|  0%| F|  |TAMS 0x0000000092d00000, 0x0000000092d00000| Untracked 
| 302|0x0000000092e00000, 0x0000000092e00000, 0x0000000092f00000|  0%| F|  |TAMS 0x0000000092e00000, 0x0000000092e00000| Untracked 
| 303|0x0000000092f00000, 0x0000000092f00000, 0x0000000093000000|  0%| F|  |TAMS 0x0000000092f00000, 0x0000000092f00000| Untracked 
| 304|0x0000000093000000, 0x0000000093000000, 0x0000000093100000|  0%| F|  |TAMS 0x0000000093000000, 0x0000000093000000| Untracked 
| 305|0x0000000093100000, 0x0000000093100000, 0x0000000093200000|  0%| F|  |TAMS 0x0000000093100000, 0x0000000093100000| Untracked 
| 306|0x0000000093200000, 0x0000000093200000, 0x0000000093300000|  0%| F|  |TAMS 0x0000000093200000, 0x0000000093200000| Untracked 
| 307|0x0000000093300000, 0x0000000093300000, 0x0000000093400000|  0%| F|  |TAMS 0x0000000093300000, 0x0000000093300000| Untracked 
| 308|0x0000000093400000, 0x0000000093400000, 0x0000000093500000|  0%| F|  |TAMS 0x0000000093400000, 0x0000000093400000| Untracked 
| 309|0x0000000093500000, 0x0000000093500000, 0x0000000093600000|  0%| F|  |TAMS 0x0000000093500000, 0x0000000093500000| Untracked 
| 310|0x0000000093600000, 0x0000000093600000, 0x0000000093700000|  0%| F|  |TAMS 0x0000000093600000, 0x0000000093600000| Untracked 
| 311|0x0000000093700000, 0x0000000093700000, 0x0000000093800000|  0%| F|  |TAMS 0x0000000093700000, 0x0000000093700000| Untracked 
| 312|0x0000000093800000, 0x0000000093800000, 0x0000000093900000|  0%| F|  |TAMS 0x0000000093800000, 0x0000000093800000| Untracked 
| 313|0x0000000093900000, 0x0000000093900000, 0x0000000093a00000|  0%| F|  |TAMS 0x0000000093900000, 0x0000000093900000| Untracked 
| 314|0x0000000093a00000, 0x0000000093a00000, 0x0000000093b00000|  0%| F|  |TAMS 0x0000000093a00000, 0x0000000093a00000| Untracked 
| 315|0x0000000093b00000, 0x0000000093b00000, 0x0000000093c00000|  0%| F|  |TAMS 0x0000000093b00000, 0x0000000093b00000| Untracked 
| 316|0x0000000093c00000, 0x0000000093c00000, 0x0000000093d00000|  0%| F|  |TAMS 0x0000000093c00000, 0x0000000093c00000| Untracked 
| 317|0x0000000093d00000, 0x0000000093d00000, 0x0000000093e00000|  0%| F|  |TAMS 0x0000000093d00000, 0x0000000093d00000| Untracked 
| 318|0x0000000093e00000, 0x0000000093e00000, 0x0000000093f00000|  0%| F|  |TAMS 0x0000000093e00000, 0x0000000093e00000| Untracked 
| 319|0x0000000093f00000, 0x0000000093f00000, 0x0000000094000000|  0%| F|  |TAMS 0x0000000093f00000, 0x0000000093f00000| Untracked 
| 320|0x0000000094000000, 0x0000000094000000, 0x0000000094100000|  0%| F|  |TAMS 0x0000000094000000, 0x0000000094000000| Untracked 
| 321|0x0000000094100000, 0x0000000094100000, 0x0000000094200000|  0%| F|  |TAMS 0x0000000094100000, 0x0000000094100000| Untracked 
| 322|0x0000000094200000, 0x0000000094200000, 0x0000000094300000|  0%| F|  |TAMS 0x0000000094200000, 0x0000000094200000| Untracked 
| 323|0x0000000094300000, 0x0000000094300000, 0x0000000094400000|  0%| F|  |TAMS 0x0000000094300000, 0x0000000094300000| Untracked 
| 324|0x0000000094400000, 0x0000000094400000, 0x0000000094500000|  0%| F|  |TAMS 0x0000000094400000, 0x0000000094400000| Untracked 
| 325|0x0000000094500000, 0x0000000094500000, 0x0000000094600000|  0%| F|  |TAMS 0x0000000094500000, 0x0000000094500000| Untracked 
| 326|0x0000000094600000, 0x0000000094600000, 0x0000000094700000|  0%| F|  |TAMS 0x0000000094600000, 0x0000000094600000| Untracked 
| 327|0x0000000094700000, 0x0000000094700000, 0x0000000094800000|  0%| F|  |TAMS 0x0000000094700000, 0x0000000094700000| Untracked 
| 328|0x0000000094800000, 0x0000000094800000, 0x0000000094900000|  0%| F|  |TAMS 0x0000000094800000, 0x0000000094800000| Untracked 
| 329|0x0000000094900000, 0x0000000094900000, 0x0000000094a00000|  0%| F|  |TAMS 0x0000000094900000, 0x0000000094900000| Untracked 
| 330|0x0000000094a00000, 0x0000000094a00000, 0x0000000094b00000|  0%| F|  |TAMS 0x0000000094a00000, 0x0000000094a00000| Untracked 
| 331|0x0000000094b00000, 0x0000000094b00000, 0x0000000094c00000|  0%| F|  |TAMS 0x0000000094b00000, 0x0000000094b00000| Untracked 
| 332|0x0000000094c00000, 0x0000000094c00000, 0x0000000094d00000|  0%| F|  |TAMS 0x0000000094c00000, 0x0000000094c00000| Untracked 
| 333|0x0000000094d00000, 0x0000000094d00000, 0x0000000094e00000|  0%| F|  |TAMS 0x0000000094d00000, 0x0000000094d00000| Untracked 
| 334|0x0000000094e00000, 0x0000000094e00000, 0x0000000094f00000|  0%| F|  |TAMS 0x0000000094e00000, 0x0000000094e00000| Untracked 
| 335|0x0000000094f00000, 0x0000000094f00000, 0x0000000095000000|  0%| F|  |TAMS 0x0000000094f00000, 0x0000000094f00000| Untracked 
| 336|0x0000000095000000, 0x0000000095000000, 0x0000000095100000|  0%| F|  |TAMS 0x0000000095000000, 0x0000000095000000| Untracked 
| 337|0x0000000095100000, 0x0000000095100000, 0x0000000095200000|  0%| F|  |TAMS 0x0000000095100000, 0x0000000095100000| Untracked 
| 338|0x0000000095200000, 0x0000000095200000, 0x0000000095300000|  0%| F|  |TAMS 0x0000000095200000, 0x0000000095200000| Untracked 
| 339|0x0000000095300000, 0x0000000095300000, 0x0000000095400000|  0%| F|  |TAMS 0x0000000095300000, 0x0000000095300000| Untracked 
| 340|0x0000000095400000, 0x0000000095400000, 0x0000000095500000|  0%| F|  |TAMS 0x0000000095400000, 0x0000000095400000| Untracked 
| 341|0x0000000095500000, 0x0000000095500000, 0x0000000095600000|  0%| F|  |TAMS 0x0000000095500000, 0x0000000095500000| Untracked 
| 342|0x0000000095600000, 0x0000000095600000, 0x0000000095700000|  0%| F|  |TAMS 0x0000000095600000, 0x0000000095600000| Untracked 
| 343|0x0000000095700000, 0x0000000095700000, 0x0000000095800000|  0%| F|  |TAMS 0x0000000095700000, 0x0000000095700000| Untracked 
| 344|0x0000000095800000, 0x0000000095800000, 0x0000000095900000|  0%| F|  |TAMS 0x0000000095800000, 0x0000000095800000| Untracked 

Card table byte_map: [0x0000021675000000,0x0000021675400000] _byte_map_base: 0x0000021674c00000

Marking Bits (Prev, Next): (CMBitMap*) 0x0000021671b8d1a0, (CMBitMap*) 0x0000021671b8d1e0
 Prev Bits: [0x0000021675800000, 0x0000021677800000)
 Next Bits: [0x0000021677800000, 0x0000021679800000)

Polling page: 0x000002166f9a0000

Metaspace:

Usage:
  Non-class:    118.85 MB used.
      Class:     17.91 MB used.
       Both:    136.76 MB used.

Virtual space:
  Non-class space:      120.00 MB reserved,     119.56 MB (>99%) committed,  15 nodes.
      Class space:        1.00 GB reserved,      18.56 MB (  2%) committed,  1 nodes.
             Both:        1.12 GB reserved,     138.12 MB ( 12%) committed. 

Chunk freelists:
   Non-Class:  48.00 KB
       Class:  1.48 MB
        Both:  1.53 MB

MaxMetaspaceSize: unlimited
CompressedClassSpaceSize: 1.00 GB
Initial GC threshold: 21.00 MB
Current GC threshold: 229.50 MB
CDS: off
MetaspaceReclaimPolicy: balanced
 - commit_granule_bytes: 65536.
 - commit_granule_words: 8192.
 - virtual_space_node_default_size: 1048576.
 - enlarge_chunks_in_place: 1.
 - new_chunks_are_fully_committed: 0.
 - uncommit_free_chunks: 1.
 - use_allocation_guard: 0.
 - handle_deallocations: 1.


Internal statistics:

num_allocs_failed_limit: 12.
num_arena_births: 3586.
num_arena_deaths: 1250.
num_vsnodes_births: 16.
num_vsnodes_deaths: 0.
num_space_committed: 2211.
num_space_uncommitted: 2.
num_chunks_returned_to_freelist: 1725.
num_chunks_taken_from_freelist: 9574.
num_chunk_merges: 630.
num_chunk_splits: 5674.
num_chunks_enlarged: 3207.
num_purges: 8.
num_inconsistent_stats: 0.

CodeHeap 'non-profiled nmethods': size=120064Kb used=16019Kb max_used=16019Kb free=104044Kb
 bounds [0x0000021607ac0000, 0x0000021608a70000, 0x000002160f000000]
CodeHeap 'profiled nmethods': size=120000Kb used=44824Kb max_used=44824Kb free=75175Kb
 bounds [0x0000021600000000, 0x0000021602c10000, 0x0000021607530000]
CodeHeap 'non-nmethods': size=5696Kb used=2520Kb max_used=2586Kb free=3175Kb
 bounds [0x0000021607530000, 0x00000216077d0000, 0x0000021607ac0000]
 total_blobs=23706 nmethods=22636 adapters=980
 compilation: enabled
              stopped_count=0, restarted_count=0
 full_count=0

Compilation events (20 events):
Event: 15946.950 Thread 0x000002167bc1d7d0 27916       2       com.android.tools.r8.dex.K$$Lambda$1913/0x00000001010c7ad0::applyAsInt (12 bytes)
Event: 15946.950 Thread 0x000002167bc1d7d0 nmethod 27916 0x0000021601425e10 code [0x0000021601425fc0, 0x0000021601426128]
Event: 15946.951 Thread 0x000002167bc1d7d0 27917 %     3       com.android.tools.r8.dex.K::a @ 35 (63 bytes)
Event: 15946.951 Thread 0x000002167bc1d7d0 nmethod 27917% 0x0000021600951590 code [0x0000021600951780, 0x0000021600951d98]
Event: 15946.951 Thread 0x000002167bc1d7d0 27918       3       com.android.tools.r8.dex.K::a (63 bytes)
Event: 15946.952 Thread 0x000002167bc1d7d0 nmethod 27918 0x0000021600950c10 code [0x0000021600950e00, 0x00000216009513b8]
Event: 15946.991 Thread 0x000002167bc1d7d0 27920       2       java.io.ObjectInputStream$FieldValues::get (67 bytes)
Event: 15946.992 Thread 0x000002167bc1d7d0 nmethod 27920 0x0000021600950410 code [0x0000021600950600, 0x0000021600950918]
Event: 15946.992 Thread 0x000002167bc1d7d0 27921       2       java.io.ObjectInputStream$BlockDataInputStream::readChar (73 bytes)
Event: 15946.993 Thread 0x000002167bc1d7d0 nmethod 27921 0x000002160094fe90 code [0x0000021600950040, 0x0000021600950278]
Event: 15946.995 Thread 0x000002167bc1d7d0 27922       1       com.sun.org.apache.xerces.internal.utils.XMLSecurityPropertyManager$Property::defaultValue (5 bytes)
Event: 15946.995 Thread 0x000002167bc1d7d0 nmethod 27922 0x0000021608a64a90 code [0x0000021608a64c20, 0x0000021608a64cf8]
Event: 15947.020 Thread 0x000002167bc1d7d0 27923 % !   3       com.sun.crypto.provider.PKCS12PBECipherCore::derive @ 227 (381 bytes)
Event: 15947.024 Thread 0x000002167bc1d7d0 nmethod 27923% 0x00000216009b2110 code [0x00000216009b25a0, 0x00000216009b54a8]
Event: 15947.024 Thread 0x000002167bc1d7d0 27924   !   3       com.sun.crypto.provider.PKCS12PBECipherCore::derive (381 bytes)
Event: 15947.027 Thread 0x000002167bc1d7d0 nmethod 27924 0x00000216000ec090 code [0x00000216000ec500, 0x00000216000ef068]
Event: 15947.059 Thread 0x000002167bc1d7d0 27925       2       java.util.Collections$UnmodifiableCollection::toArray (10 bytes)
Event: 15947.060 Thread 0x000002167bc1d7d0 nmethod 27925 0x000002160094fb10 code [0x000002160094fca0, 0x000002160094fdc8]
Event: 15947.087 Thread 0x000002167bc1d7d0 27926       2       com.android.zipflinger.ZipArchive::fillFreeLocation (95 bytes)
Event: 15947.088 Thread 0x000002167bc1d7d0 nmethod 27926 0x000002160094f110 code [0x000002160094f300, 0x000002160094f6b8]

GC Heap History (20 events):
Event: 14361.875 GC heap after
{Heap after GC invocations=91 (full 1):
 garbage-first heap   total 353280K, used 124306K [0x0000000080000000, 0x0000000100000000)
  region size 1024K, 1 young (1024K), 1 survivors (1024K)
 Metaspace       used 138062K, committed 139264K, reserved 1171456K
  class space    used 18241K, committed 18816K, reserved 1048576K
}
Event: 14362.846 GC heap before
{Heap before GC invocations=91 (full 1):
 garbage-first heap   total 353280K, used 142738K [0x0000000080000000, 0x0000000100000000)
  region size 1024K, 21 young (21504K), 1 survivors (1024K)
 Metaspace       used 138428K, committed 139712K, reserved 1171456K
  class space    used 18274K, committed 18880K, reserved 1048576K
}
Event: 14362.851 GC heap after
{Heap after GC invocations=92 (full 1):
 garbage-first heap   total 353280K, used 124639K [0x0000000080000000, 0x0000000100000000)
  region size 1024K, 2 young (2048K), 2 survivors (2048K)
 Metaspace       used 138428K, committed 139712K, reserved 1171456K
  class space    used 18274K, committed 18880K, reserved 1048576K
}
Event: 14561.947 GC heap before
{Heap before GC invocations=93 (full 1):
 garbage-first heap   total 353280K, used 314079K [0x0000000080000000, 0x0000000100000000)
  region size 1024K, 150 young (153600K), 2 survivors (2048K)
 Metaspace       used 139004K, committed 140352K, reserved 1171456K
  class space    used 18328K, committed 19008K, reserved 1048576K
}
Event: 14562.001 GC heap after
{Heap after GC invocations=94 (full 1):
 garbage-first heap   total 353280K, used 133522K [0x0000000080000000, 0x0000000100000000)
  region size 1024K, 11 young (11264K), 11 survivors (11264K)
 Metaspace       used 139004K, committed 140352K, reserved 1171456K
  class space    used 18328K, committed 19008K, reserved 1048576K
}
Event: 14562.027 GC heap before
{Heap before GC invocations=94 (full 1):
 garbage-first heap   total 353280K, used 138642K [0x0000000080000000, 0x0000000100000000)
  region size 1024K, 17 young (17408K), 11 survivors (11264K)
 Metaspace       used 139004K, committed 140352K, reserved 1171456K
  class space    used 18328K, committed 19008K, reserved 1048576K
}
Event: 14562.057 GC heap after
{Heap after GC invocations=95 (full 1):
 garbage-first heap   total 353280K, used 125689K [0x0000000080000000, 0x0000000100000000)
  region size 1024K, 2 young (2048K), 2 survivors (2048K)
 Metaspace       used 139004K, committed 140352K, reserved 1171456K
  class space    used 18328K, committed 19008K, reserved 1048576K
}
Event: 14562.739 GC heap before
{Heap before GC invocations=95 (full 1):
 garbage-first heap   total 353280K, used 167673K [0x0000000080000000, 0x0000000100000000)
  region size 1024K, 45 young (46080K), 2 survivors (2048K)
 Metaspace       used 139045K, committed 140416K, reserved 1171456K
  class space    used 18328K, committed 19008K, reserved 1048576K
}
Event: 14562.752 GC heap after
{Heap after GC invocations=96 (full 1):
 garbage-first heap   total 353280K, used 128249K [0x0000000080000000, 0x0000000100000000)
  region size 1024K, 4 young (4096K), 4 survivors (4096K)
 Metaspace       used 139045K, committed 140416K, reserved 1171456K
  class space    used 18328K, committed 19008K, reserved 1048576K
}
Event: 15188.005 GC heap before
{Heap before GC invocations=97 (full 1):
 garbage-first heap   total 353280K, used 275705K [0x0000000080000000, 0x0000000100000000)
  region size 1024K, 131 young (134144K), 4 survivors (4096K)
 Metaspace       used 139172K, committed 140544K, reserved 1171456K
  class space    used 18329K, committed 19008K, reserved 1048576K
}
Event: 15188.019 GC heap after
{Heap after GC invocations=98 (full 1):
 garbage-first heap   total 353280K, used 125545K [0x0000000080000000, 0x0000000100000000)
  region size 1024K, 4 young (4096K), 4 survivors (4096K)
 Metaspace       used 139172K, committed 140544K, reserved 1171456K
  class space    used 18329K, committed 19008K, reserved 1048576K
}
Event: 15188.312 GC heap before
{Heap before GC invocations=98 (full 1):
 garbage-first heap   total 353280K, used 138857K [0x0000000080000000, 0x0000000100000000)
  region size 1024K, 17 young (17408K), 4 survivors (4096K)
 Metaspace       used 139197K, committed 140544K, reserved 1171456K
  class space    used 18329K, committed 19008K, reserved 1048576K
}
Event: 15188.326 GC heap after
{Heap after GC invocations=99 (full 1):
 garbage-first heap   total 353280K, used 118218K [0x0000000080000000, 0x0000000100000000)
  region size 1024K, 2 young (2048K), 2 survivors (2048K)
 Metaspace       used 139197K, committed 140544K, reserved 1171456K
  class space    used 18329K, committed 19008K, reserved 1048576K
}
Event: 15206.995 GC heap before
{Heap before GC invocations=99 (full 1):
 garbage-first heap   total 353280K, used 213450K [0x0000000080000000, 0x0000000100000000)
  region size 1024K, 97 young (99328K), 2 survivors (2048K)
 Metaspace       used 139620K, committed 140992K, reserved 1171456K
  class space    used 18334K, committed 19008K, reserved 1048576K
}
Event: 15207.021 GC heap after
{Heap after GC invocations=100 (full 1):
 garbage-first heap   total 353280K, used 125448K [0x0000000080000000, 0x0000000100000000)
  region size 1024K, 9 young (9216K), 9 survivors (9216K)
 Metaspace       used 139620K, committed 140992K, reserved 1171456K
  class space    used 18334K, committed 19008K, reserved 1048576K
}
Event: 15925.610 GC heap before
{Heap before GC invocations=101 (full 1):
 garbage-first heap   total 353280K, used 274952K [0x0000000080000000, 0x0000000100000000)
  region size 1024K, 142 young (145408K), 9 survivors (9216K)
 Metaspace       used 139741K, committed 141120K, reserved 1171456K
  class space    used 18335K, committed 19008K, reserved 1048576K
}
Event: 15925.647 GC heap after
{Heap after GC invocations=102 (full 1):
 garbage-first heap   total 353280K, used 119606K [0x0000000080000000, 0x0000000100000000)
  region size 1024K, 10 young (10240K), 10 survivors (10240K)
 Metaspace       used 139741K, committed 141120K, reserved 1171456K
  class space    used 18335K, committed 19008K, reserved 1048576K
}
Event: 15925.896 GC heap before
{Heap before GC invocations=102 (full 1):
 garbage-first heap   total 353280K, used 126774K [0x0000000080000000, 0x0000000100000000)
  region size 1024K, 17 young (17408K), 10 survivors (10240K)
 Metaspace       used 139776K, committed 141120K, reserved 1171456K
  class space    used 18335K, committed 19008K, reserved 1048576K
}
Event: 15925.927 GC heap after
{Heap after GC invocations=103 (full 1):
 garbage-first heap   total 353280K, used 117412K [0x0000000080000000, 0x0000000100000000)
  region size 1024K, 2 young (2048K), 2 survivors (2048K)
 Metaspace       used 139776K, committed 141120K, reserved 1171456K
  class space    used 18335K, committed 19008K, reserved 1048576K
}
Event: 15947.096 GC heap before
{Heap before GC invocations=103 (full 1):
 garbage-first heap   total 353280K, used 213668K [0x0000000080000000, 0x0000000100000000)
  region size 1024K, 98 young (100352K), 2 survivors (2048K)
 Metaspace       used 140039K, committed 141440K, reserved 1171456K
  class space    used 18337K, committed 19008K, reserved 1048576K
}

Dll operation events (2 events):
Event: 0.019 Loaded shared library C:\Program Files\Android\Android Studio\jbr\bin\java.dll
Event: 2.109 Loaded shared library C:\Program Files\Android\Android Studio\jbr\bin\verify.dll

Deoptimization events (20 events):
Event: 15946.696 Thread 0x000002167d571050 DEOPT PACKING pc=0x00000216019c0df5 sp=0x00000076400fda40
Event: 15946.696 Thread 0x000002167d571050 DEOPT UNPACKING pc=0x0000021607587143 sp=0x00000076400fd0a0 mode 0
Event: 15946.698 Thread 0x000002167d571050 DEOPT PACKING pc=0x00000216019c0df5 sp=0x00000076400fda40
Event: 15946.698 Thread 0x000002167d571050 DEOPT UNPACKING pc=0x0000021607587143 sp=0x00000076400fd0a0 mode 0
Event: 15946.700 Thread 0x000002167d571050 DEOPT PACKING pc=0x00000216019c0df5 sp=0x00000076400fda40
Event: 15946.700 Thread 0x000002167d571050 DEOPT UNPACKING pc=0x0000021607587143 sp=0x00000076400fd0a0 mode 0
Event: 15946.701 Thread 0x000002167d571050 DEOPT PACKING pc=0x00000216019c0df5 sp=0x00000076400fda40
Event: 15946.701 Thread 0x000002167d571050 DEOPT UNPACKING pc=0x0000021607587143 sp=0x00000076400fd0a0 mode 0
Event: 15946.761 Thread 0x000002167d571050 DEOPT PACKING pc=0x0000021601a1e341 sp=0x00000076400fd200
Event: 15946.761 Thread 0x000002167d571050 DEOPT UNPACKING pc=0x0000021607587143 sp=0x00000076400fc7f0 mode 0
Event: 15946.848 Thread 0x000002167d571050 DEOPT PACKING pc=0x0000021601a77040 sp=0x00000076400fd6c0
Event: 15946.848 Thread 0x000002167d571050 DEOPT UNPACKING pc=0x0000021607587143 sp=0x00000076400fcb60 mode 0
Event: 15946.864 Thread 0x000002167d571050 DEOPT PACKING pc=0x0000021601a78fc2 sp=0x00000076400fd520
Event: 15946.864 Thread 0x000002167d571050 DEOPT UNPACKING pc=0x0000021607587143 sp=0x00000076400fca50 mode 0
Event: 15946.905 Thread 0x000002167d571050 DEOPT PACKING pc=0x00000216028e8811 sp=0x00000076400fd390
Event: 15946.905 Thread 0x000002167d571050 DEOPT UNPACKING pc=0x0000021607587143 sp=0x00000076400fc8c0 mode 0
Event: 15946.929 Thread 0x000002167d571050 DEOPT PACKING pc=0x0000021601aa5719 sp=0x00000076400fd240
Event: 15946.929 Thread 0x000002167d571050 DEOPT UNPACKING pc=0x0000021607587143 sp=0x00000076400fc738 mode 0
Event: 15946.952 Thread 0x000002167d571050 DEOPT PACKING pc=0x00000216028fc95e sp=0x00000076400fd320
Event: 15946.952 Thread 0x000002167d571050 DEOPT UNPACKING pc=0x0000021607587143 sp=0x00000076400fc7d8 mode 0

Classes unloaded (20 events):
Event: 14326.841 Thread 0x000002167bbfe7c0 Unloading class 0x00000001008c9000 'java/lang/invoke/LambdaForm$MH+0x00000001008c9000'
Event: 14326.841 Thread 0x000002167bbfe7c0 Unloading class 0x00000001008c9c00 'java/lang/invoke/LambdaForm$MH+0x00000001008c9c00'
Event: 14326.841 Thread 0x000002167bbfe7c0 Unloading class 0x00000001008d2000 'java/lang/invoke/LambdaForm$MH+0x00000001008d2000'
Event: 14326.841 Thread 0x000002167bbfe7c0 Unloading class 0x0000000100940000 'java/lang/invoke/LambdaForm$BMH+0x0000000100940000'
Event: 14326.841 Thread 0x000002167bbfe7c0 Unloading class 0x0000000100a34c00 'java/lang/invoke/LambdaForm$MH+0x0000000100a34c00'
Event: 14326.841 Thread 0x000002167bbfe7c0 Unloading class 0x0000000100c08c00 'java/lang/invoke/LambdaForm$MH+0x0000000100c08c00'
Event: 14326.841 Thread 0x000002167bbfe7c0 Unloading class 0x0000000100c24000 'java/lang/invoke/LambdaForm$MH+0x0000000100c24000'
Event: 14326.841 Thread 0x000002167bbfe7c0 Unloading class 0x0000000100d55000 'java/lang/invoke/LambdaForm$MH+0x0000000100d55000'
Event: 14326.841 Thread 0x000002167bbfe7c0 Unloading class 0x0000000100d6c400 'java/lang/invoke/LambdaForm$MH+0x0000000100d6c400'
Event: 14326.841 Thread 0x000002167bbfe7c0 Unloading class 0x0000000100d70000 'java/lang/invoke/LambdaForm$MH+0x0000000100d70000'
Event: 14326.841 Thread 0x000002167bbfe7c0 Unloading class 0x0000000100d89800 'java/lang/invoke/LambdaForm$MH+0x0000000100d89800'
Event: 14326.841 Thread 0x000002167bbfe7c0 Unloading class 0x0000000100d8a800 'java/lang/invoke/LambdaForm$MH+0x0000000100d8a800'
Event: 14326.841 Thread 0x000002167bbfe7c0 Unloading class 0x0000000100e00000 'java/lang/invoke/LambdaForm$MH+0x0000000100e00000'
Event: 14326.841 Thread 0x000002167bbfe7c0 Unloading class 0x0000000100e74800 'java/lang/invoke/LambdaForm$MH+0x0000000100e74800'
Event: 14326.841 Thread 0x000002167bbfe7c0 Unloading class 0x0000000101158400 'java/lang/invoke/LambdaForm$MH+0x0000000101158400'
Event: 14326.841 Thread 0x000002167bbfe7c0 Unloading class 0x0000000101205000 'java/lang/invoke/LambdaForm$MH+0x0000000101205000'
Event: 14326.841 Thread 0x000002167bbfe7c0 Unloading class 0x0000000101220000 'org/gradle/api/execution/TaskExecutionGraph$whenReady'
Event: 14563.009 Thread 0x000002167bbfe7c0 Unloading class 0x0000000100e7a000 'jdk/internal/reflect/GeneratedConstructorAccessor137'
Event: 14563.009 Thread 0x000002167bbfe7c0 Unloading class 0x0000000100e79c00 'jdk/internal/reflect/GeneratedConstructorAccessor136'
Event: 14563.009 Thread 0x000002167bbfe7c0 Unloading class 0x0000000100e79800 'jdk/internal/reflect/GeneratedConstructorAccessor135'

Classes redefined (0 events):
No events

Internal exceptions (20 events):
Event: 15926.417 Thread 0x000002167fb25d40 Exception <a 'sun/nio/fs/WindowsException'{0x0000000094f9ec60}> (0x0000000094f9ec60) 
thrown [s\src\hotspot\share\prims\jni.cpp, line 517]
Event: 15926.418 Thread 0x000002167fb25d40 Exception <a 'sun/nio/fs/WindowsException'{0x0000000094f9ffe8}> (0x0000000094f9ffe8) 
thrown [s\src\hotspot\share\prims\jni.cpp, line 517]
Event: 15926.418 Thread 0x000002167fb25d40 Exception <a 'sun/nio/fs/WindowsException'{0x0000000094fa13c0}> (0x0000000094fa13c0) 
thrown [s\src\hotspot\share\prims\jni.cpp, line 517]
Event: 15926.418 Thread 0x000002167fb25d40 Exception <a 'sun/nio/fs/WindowsException'{0x0000000094fa2798}> (0x0000000094fa2798) 
thrown [s\src\hotspot\share\prims\jni.cpp, line 517]
Event: 15926.548 Thread 0x000002161586c980 Exception <a 'sun/nio/fs/WindowsException'{0x0000000094a46c40}> (0x0000000094a46c40) 
thrown [s\src\hotspot\share\prims\jni.cpp, line 517]
Event: 15928.044 Thread 0x000002161586c980 Exception <a 'sun/nio/fs/WindowsException'{0x0000000092e95680}> (0x0000000092e95680) 
thrown [s\src\hotspot\share\prims\jni.cpp, line 517]
Event: 15928.215 Thread 0x000002161586c980 Exception <a 'sun/nio/fs/WindowsException'{0x0000000092973b20}> (0x0000000092973b20) 
thrown [s\src\hotspot\share\prims\jni.cpp, line 517]
Event: 15928.241 Thread 0x000002161586c980 Exception <a 'sun/nio/fs/WindowsException'{0x0000000092854990}> (0x0000000092854990) 
thrown [s\src\hotspot\share\prims\jni.cpp, line 517]
Event: 15928.847 Thread 0x000002167d573200 Exception <a 'java/lang/InterruptedException'{0x00000000928bbf08}> (0x00000000928bbf08) 
thrown [s\src\hotspot\share\runtime\objectMonitor.cpp, line 1648]
Event: 15945.486 Thread 0x000002161586c980 Exception <a 'sun/nio/fs/WindowsException'{0x000000009288e458}> (0x000000009288e458) 
thrown [s\src\hotspot\share\prims\jni.cpp, line 517]
Event: 15945.486 Thread 0x000002161586c980 Exception <a 'sun/nio/fs/WindowsException'{0x000000009288fd28}> (0x000000009288fd28) 
thrown [s\src\hotspot\share\prims\jni.cpp, line 517]
Event: 15945.488 Thread 0x000002161586c980 Exception <a 'sun/nio/fs/WindowsException'{0x00000000928914f8}> (0x00000000928914f8) 
thrown [s\src\hotspot\share\prims\jni.cpp, line 517]
Event: 15945.671 Thread 0x000002167d571050 Exception <a 'sun/nio/fs/WindowsException'{0x00000000922f46a8}> (0x00000000922f46a8) 
thrown [s\src\hotspot\share\prims\jni.cpp, line 517]
Event: 15946.544 Thread 0x000002167d571050 Exception <a 'sun/nio/fs/WindowsException'{0x0000000090911c78}> (0x0000000090911c78) 
thrown [s\src\hotspot\share\prims\jni.cpp, line 517]
Event: 15946.557 Thread 0x000002167d571050 Exception <a 'sun/nio/fs/WindowsException'{0x00000000909cf470}> (0x00000000909cf470) 
thrown [s\src\hotspot\share\prims\jni.cpp, line 517]
Event: 15946.566 Thread 0x000002167d571050 Exception <a 'sun/nio/fs/WindowsException'{0x00000000909dd070}> (0x00000000909dd070) 
thrown [s\src\hotspot\share\prims\jni.cpp, line 517]
Event: 15946.620 Thread 0x000002167d574540 Exception <a 'sun/nio/fs/WindowsException'{0x00000000907b8dc8}> (0x00000000907b8dc8) 
thrown [s\src\hotspot\share\prims\jni.cpp, line 517]
Event: 15946.620 Thread 0x000002167d574540 Exception <a 'sun/nio/fs/WindowsException'{0x00000000907b9120}> (0x00000000907b9120) 
thrown [s\src\hotspot\share\prims\jni.cpp, line 517]
Event: 15946.651 Thread 0x000002167d571050 Exception <a 'sun/nio/fs/WindowsException'{0x0000000090641f68}> (0x0000000090641f68) 
thrown [s\src\hotspot\share\prims\jni.cpp, line 517]
Event: 15946.955 Thread 0x000002167d571050 Exception <a 'sun/nio/fs/WindowsException'{0x000000008fcaf480}> (0x000000008fcaf480) 
thrown [s\src\hotspot\share\prims\jni.cpp, line 517]

VM Operations (20 events):
Event: 15234.958 Executing VM operation: Cleanup done
Event: 15236.958 Executing VM operation: Cleanup
Event: 15236.964 Executing VM operation: Cleanup done
Event: 15237.969 Executing VM operation: Cleanup
Event: 15239.084 Executing VM operation: Cleanup done
Event: 15925.234 Executing VM operation: Cleanup
Event: 15925.234 Executing VM operation: Cleanup done
Event: 15925.610 Executing VM operation: G1CollectForAllocation
Event: 15925.657 Executing VM operation: G1CollectForAllocation done
Event: 15925.896 Executing VM operation: G1CollectForAllocation
Event: 15925.927 Executing VM operation: G1CollectForAllocation done
Event: 15926.927 Executing VM operation: Cleanup
Event: 15926.928 Executing VM operation: Cleanup done
Event: 15928.928 Executing VM operation: Cleanup
Event: 15928.929 Executing VM operation: Cleanup done
Event: 15945.941 Executing VM operation: Cleanup
Event: 15946.050 Executing VM operation: Cleanup done
Event: 15947.050 Executing VM operation: Cleanup
Event: 15947.075 Executing VM operation: Cleanup done
Event: 15947.096 Executing VM operation: G1TryInitiateConcMark

Events (20 events):
Event: 15925.348 Thread 0x0000021615916ef0 Thread added: 0x0000021615916ef0
Event: 15925.348 Thread 0x0000021615911850 Thread added: 0x0000021615911850
Event: 15925.349 Thread 0x000002161586b640 Thread added: 0x000002161586b640
Event: 15925.349 Thread 0x00000216158677b0 Thread added: 0x00000216158677b0
Event: 15925.349 Thread 0x000002161586b170 Thread added: 0x000002161586b170
Event: 15925.349 Thread 0x0000021615868620 Thread added: 0x0000021615868620
Event: 15925.349 Thread 0x0000021615865fa0 Thread added: 0x0000021615865fa0
Event: 15925.349 Thread 0x000002161586a7d0 Thread added: 0x000002161586a7d0
Event: 15925.349 Thread 0x0000021615866940 Thread added: 0x0000021615866940
Event: 15925.350 Thread 0x0000021615868af0 Thread added: 0x0000021615868af0
Event: 15925.350 Thread 0x0000021615869490 Thread added: 0x0000021615869490
Event: 15925.559 Thread 0x000002161586bfe0 Thread added: 0x000002161586bfe0
Event: 15926.523 Thread 0x000002161586c4b0 Thread added: 0x000002161586c4b0
Event: 15926.531 Thread 0x000002161586c980 Thread added: 0x000002161586c980
Event: 15926.534 Thread 0x000002161586ce50 Thread added: 0x000002161586ce50
Event: 15927.928 Thread 0x000002167d571050 Thread added: 0x000002167d571050
Event: 15928.840 Thread 0x000002167d573200 Thread added: 0x000002167d573200
Event: 15928.911 Thread 0x000002167d5701e0 Thread added: 0x000002167d5701e0
Event: 15945.660 Thread 0x000002167d574540 Thread added: 0x000002167d574540
Event: 15947.074 Thread 0x0000021610675ca0 Thread added: 0x0000021610675ca0


Dynamic libraries:
0x00007ff766010000 - 0x00007ff76601a000 	C:\Program Files\Android\Android Studio\jbr\bin\java.exe
0x00007ffc168d0000 - 0x00007ffc16ac8000 	C:\Windows\SYSTEM32\ntdll.dll
0x00007ffc14ba0000 - 0x00007ffc14c62000 	C:\Windows\System32\KERNEL32.DLL
0x00007ffc141f0000 - 0x00007ffc144ef000 	C:\Windows\System32\KERNELBASE.dll
0x00007ffc14650000 - 0x00007ffc14750000 	C:\Windows\System32\ucrtbase.dll
0x00007ffbf34c0000 - 0x00007ffbf34d7000 	C:\Program Files\Android\Android Studio\jbr\bin\jli.dll
0x00007ffc15de0000 - 0x00007ffc15f7d000 	C:\Windows\System32\USER32.dll
0x00007ffc14750000 - 0x00007ffc14772000 	C:\Windows\System32\win32u.dll
0x00007ffc16020000 - 0x00007ffc1604b000 	C:\Windows\System32\GDI32.dll
0x00007ffc140d0000 - 0x00007ffc141ea000 	C:\Windows\System32\gdi32full.dll
0x00007ffc14030000 - 0x00007ffc140cd000 	C:\Windows\System32\msvcp_win.dll
0x00007ffbf8ab0000 - 0x00007ffbf8acb000 	C:\Program Files\Android\Android Studio\jbr\bin\VCRUNTIME140.dll
0x00007ffc02f30000 - 0x00007ffc031ca000 	C:\Windows\WinSxS\amd64_microsoft.windows.common-controls_6595b64144ccf1df_6.0.19041.4355_none_60b8b9eb71f62e16\COMCTL32.dll
0x00007ffc16490000 - 0x00007ffc1652e000 	C:\Windows\System32\msvcrt.dll
0x00007ffc15bd0000 - 0x00007ffc15bff000 	C:\Windows\System32\IMM32.DLL
0x00007ffbf4cf0000 - 0x00007ffbf4cfc000 	C:\Program Files\Android\Android Studio\jbr\bin\vcruntime140_1.dll
0x00007ffbba680000 - 0x00007ffbba70d000 	C:\Program Files\Android\Android Studio\jbr\bin\msvcp140.dll
0x00007ffbc5bd0000 - 0x00007ffbc683e000 	C:\Program Files\Android\Android Studio\jbr\bin\server\jvm.dll
0x00007ffc161d0000 - 0x00007ffc1627f000 	C:\Windows\System32\ADVAPI32.dll
0x00007ffc163d0000 - 0x00007ffc1646f000 	C:\Windows\System32\sechost.dll
0x00007ffc14a00000 - 0x00007ffc14b23000 	C:\Windows\System32\RPCRT4.dll
0x00007ffc14780000 - 0x00007ffc147a7000 	C:\Windows\System32\bcrypt.dll
0x00007ffc0df90000 - 0x00007ffc0df99000 	C:\Windows\SYSTEM32\WSOCK32.dll
0x00007ffc14d60000 - 0x00007ffc14dcb000 	C:\Windows\System32\WS2_32.dll
0x00007ffc07e50000 - 0x00007ffc07e77000 	C:\Windows\SYSTEM32\WINMM.dll
0x00007ffc0b400000 - 0x00007ffc0b40a000 	C:\Windows\SYSTEM32\VERSION.dll
0x00007ffc11df0000 - 0x00007ffc11e02000 	C:\Windows\SYSTEM32\kernel.appcore.dll
0x00007ffc0d800000 - 0x00007ffc0d80a000 	C:\Program Files\Android\Android Studio\jbr\bin\jimage.dll
0x00007ffc03200000 - 0x00007ffc033e4000 	C:\Windows\SYSTEM32\DBGHELP.DLL
0x00007ffbf6bf0000 - 0x00007ffbf6c24000 	C:\Windows\SYSTEM32\dbgcore.DLL
0x00007ffc147b0000 - 0x00007ffc14832000 	C:\Windows\System32\bcryptPrimitives.dll
0x00007ffbf8960000 - 0x00007ffbf8985000 	C:\Program Files\Android\Android Studio\jbr\bin\java.dll
0x00007ffc04070000 - 0x00007ffc04088000 	C:\Program Files\Android\Android Studio\jbr\bin\zip.dll
0x00007ffc14dd0000 - 0x00007ffc1553d000 	C:\Windows\System32\SHELL32.dll
0x00007ffc11ff0000 - 0x00007ffc12794000 	C:\Windows\SYSTEM32\windows.storage.dll
0x00007ffc16530000 - 0x00007ffc16885000 	C:\Windows\System32\combase.dll
0x00007ffc138d0000 - 0x00007ffc138fb000 	C:\Windows\SYSTEM32\Wldp.dll
0x00007ffc16300000 - 0x00007ffc163cd000 	C:\Windows\System32\OLEAUT32.dll
0x00007ffc148f0000 - 0x00007ffc1499d000 	C:\Windows\System32\SHCORE.dll
0x00007ffc16050000 - 0x00007ffc160a5000 	C:\Windows\System32\shlwapi.dll
0x00007ffc13ea0000 - 0x00007ffc13ec5000 	C:\Windows\SYSTEM32\profapi.dll
0x00007ffbf9370000 - 0x00007ffbf9389000 	C:\Program Files\Android\Android Studio\jbr\bin\net.dll
0x00007ffc0a300000 - 0x00007ffc0a40a000 	C:\Windows\SYSTEM32\WINHTTP.dll
0x00007ffc13630000 - 0x00007ffc1369c000 	C:\Windows\system32\mswsock.dll
0x00007ffbf92e0000 - 0x00007ffbf92f6000 	C:\Program Files\Android\Android Studio\jbr\bin\nio.dll
0x00007ffc05650000 - 0x00007ffc05660000 	C:\Program Files\Android\Android Studio\jbr\bin\verify.dll
0x00007ffbf8ad0000 - 0x00007ffbf8af7000 	C:\Users\LENOVO\.gradle\native\68d5fa5c4cc2d200863cafc0d521ce42e7d3e7ee720ec0a83991735586a16f82\windows-amd64\native-platform.dll
0x00007ffba2d80000 - 0x00007ffba2ec4000 	C:\Users\LENOVO\.gradle\native\e376f236ea51e6404a007f0833ffe2c6e607c4080706a723a18a27aeea778392\windows-amd64\native-platform-file-events.dll
0x00007ffc05160000 - 0x00007ffc05169000 	C:\Program Files\Android\Android Studio\jbr\bin\management.dll
0x00007ffbf8e60000 - 0x00007ffbf8e6b000 	C:\Program Files\Android\Android Studio\jbr\bin\management_ext.dll
0x00007ffc14b90000 - 0x00007ffc14b98000 	C:\Windows\System32\PSAPI.DLL
0x00007ffc13830000 - 0x00007ffc13848000 	C:\Windows\SYSTEM32\CRYPTSP.dll
0x00007ffc12f50000 - 0x00007ffc12f88000 	C:\Windows\system32\rsaenh.dll
0x00007ffc13e60000 - 0x00007ffc13e8e000 	C:\Windows\SYSTEM32\USERENV.dll
0x00007ffc13820000 - 0x00007ffc1382c000 	C:\Windows\SYSTEM32\CRYPTBASE.dll
0x00007ffc13310000 - 0x00007ffc1334b000 	C:\Windows\SYSTEM32\IPHLPAPI.DLL
0x00007ffc14d50000 - 0x00007ffc14d58000 	C:\Windows\System32\NSI.dll
0x00007ffc0bb90000 - 0x00007ffc0bba7000 	C:\Windows\SYSTEM32\dhcpcsvc6.DLL
0x00007ffc0bf90000 - 0x00007ffc0bfad000 	C:\Windows\SYSTEM32\dhcpcsvc.DLL
0x00007ffc13350000 - 0x00007ffc1341a000 	C:\Windows\SYSTEM32\DNSAPI.dll
0x00007ffbdfea0000 - 0x00007ffbdfea7000 	C:\Windows\system32\wshunix.dll
0x00007ffc04b10000 - 0x00007ffc04b1a000 	C:\Windows\System32\rasadhlp.dll
0x00007ffc04bf0000 - 0x00007ffc04c70000 	C:\Windows\System32\fwpuclnt.dll
0x00007ffc056f0000 - 0x00007ffc05707000 	C:\Windows\system32\napinsp.dll
0x00007ffc00860000 - 0x00007ffc0087b000 	C:\Windows\system32\pnrpnsp.dll
0x00007ffc0ea40000 - 0x00007ffc0ea55000 	C:\Windows\system32\wshbth.dll
0x00007ffc0fce0000 - 0x00007ffc0fcfd000 	C:\Windows\system32\NLAapi.dll
0x00007ffbf9250000 - 0x00007ffbf9262000 	C:\Windows\System32\winrnr.dll
0x00007ffc05170000 - 0x00007ffc0518e000 	C:\Users\LENOVO\AppData\Local\Temp\native-platform2797921191162714801dir\native-platform.dll
0x00007ffbf8b10000 - 0x00007ffbf8b17000 	C:\Program Files\Android\Android Studio\jbr\bin\rmi.dll
0x00007ffc131a0000 - 0x00007ffc131d3000 	C:\Windows\SYSTEM32\ntmarta.dll

dbghelp: loaded successfully - version: 4.0.5 - missing functions: none
symbol engine: initialized successfully - sym options: 0x614 - pdb path: .;C:\Program Files\Android\Android Studio\jbr\bin;C:\Windows\SYSTEM32;C:\Windows\WinSxS\amd64_microsoft.windows.common-controls_6595b64144ccf1df_6.0.19041.4355_none_60b8b9eb71f62e16;C:\Program Files\Android\Android Studio\jbr\bin\server;C:\Users\LENOVO\.gradle\native\68d5fa5c4cc2d200863cafc0d521ce42e7d3e7ee720ec0a83991735586a16f82\windows-amd64;C:\Users\LENOVO\.gradle\native\e376f236ea51e6404a007f0833ffe2c6e607c4080706a723a18a27aeea778392\windows-amd64;C:\Users\LENOVO\AppData\Local\Temp\native-platform2797921191162714801dir

VM Arguments:
jvm_args: --add-opens=java.base/java.util=ALL-UNNAMED --add-opens=java.base/java.lang=ALL-UNNAMED --add-opens=java.base/java.lang.invoke=ALL-UNNAMED --add-opens=java.prefs/java.util.prefs=ALL-UNNAMED --add-opens=java.base/java.nio.charset=ALL-UNNAMED --add-opens=java.base/java.net=ALL-UNNAMED --add-opens=java.base/java.util.concurrent.atomic=ALL-UNNAMED -Xmx2048m -Dfile.encoding=UTF-8 -Duser.country=ID -Duser.language=en -Duser.variant 
java_command: org.gradle.launcher.daemon.bootstrap.GradleDaemon 8.0
java_class_path (initial): C:\Users\LENOVO\.gradle\wrapper\dists\gradle-8.0-bin\ca5e32bp14vu59qr306oxotwh\gradle-8.0\lib\gradle-launcher-8.0.jar
Launcher Type: SUN_STANDARD

[Global flags]
     intx CICompilerCount                          = 2                                         {product} {ergonomic}
     uint ConcGCThreads                            = 1                                         {product} {ergonomic}
     uint G1ConcRefinementThreads                  = 2                                         {product} {ergonomic}
   size_t G1HeapRegionSize                         = 1048576                                   {product} {ergonomic}
    uintx GCDrainStackTargetSize                   = 64                                        {product} {ergonomic}
   size_t InitialHeapSize                          = 192937984                                 {product} {ergonomic}
   size_t MarkStackSize                            = 4194304                                   {product} {ergonomic}
   size_t MaxHeapSize                              = 2147483648                                {product} {command line}
   size_t MaxNewSize                               = 1287651328                                {product} {ergonomic}
   size_t MinHeapDeltaBytes                        = 1048576                                   {product} {ergonomic}
   size_t MinHeapSize                              = 8388608                                   {product} {ergonomic}
    uintx NonNMethodCodeHeapSize                   = 5826188                                {pd product} {ergonomic}
    uintx NonProfiledCodeHeapSize                  = 122916026                              {pd product} {ergonomic}
    uintx ProfiledCodeHeapSize                     = 122916026                              {pd product} {ergonomic}
    uintx ReservedCodeCacheSize                    = 251658240                              {pd product} {ergonomic}
     bool SegmentedCodeCache                       = true                                      {product} {ergonomic}
   size_t SoftMaxHeapSize                          = 2147483648                             {manageable} {ergonomic}
     bool UseCompressedClassPointers               = true                           {product lp64_product} {ergonomic}
     bool UseCompressedOops                        = true                           {product lp64_product} {ergonomic}
     bool UseG1GC                                  = true                                      {product} {ergonomic}
     bool UseLargePagesIndividualAllocation        = false                                  {pd product} {ergonomic}

Logging:
Log output configuration:
 #0: stdout all=warning uptime,level,tags
 #1: stderr all=off uptime,level,tags

Environment Variables:
JAVA_HOME=C:\Program Files\Java\jdk1.8.0_202
PATH=C:\Program Files\Java\jdk1.8.0_202\bin;C:\Program Files (x86)\Common Files\Oracle\Java\javapath;C:\Windows\system32;C:\Windows;C:\Windows\System32\Wbem;C:\Windows\System32\WindowsPowerShell\v1.0\;C:\Windows\System32\OpenSSH\;C:\Program Files (x86)\Rational\common;C:\Program Files\IBM\SPSS\Statistics\25\JRE\bin;C:\laragon\bin\php\php;C:\composer;C:\Program Files\Git\cmd;C:\Program Files\kotlinc\bin;C:\Users\LENOVO\AppData\Local\Programs\Python\Python311\Scripts\;C:\Users\LENOVO\AppData\Local\Programs\Python\Python311\;C:\Users\LENOVO\AppData\Local\Microsoft\WindowsApps;C:\Users\LENOVO\AppData\Local\Programs\Microsoft VS Code\bin;C:\Program Files\JetBrains\IntelliJ IDEA 2023.2\bin;C:\Program Files\kotlinc;;C:\Users\LENOVO\AppData\Local\JetBrains\IntelliJ IDEA Community Edition 2023.2.1\bin;;C:\Users\LENOVO\AppData\Roaming\Composer\vendor\bin;C:\Program Files\kotlinc;
USERNAME=DZAKY
OS=Windows_NT
PROCESSOR_IDENTIFIER=AMD64 Family 21 Model 112 Stepping 0, AuthenticAMD
TMP=C:\Users\LENOVO\AppData\Local\Temp
TEMP=C:\Users\LENOVO\AppData\Local\Temp


JNI global refs:
JNI global refs: 25, weak refs: 24

JNI global refs memory usage: 843, weak refs: 841


---------------  S Y S T E M  ---------------

OS:
 Windows 10 , 64 bit Build 19041 (10.0.19041.5438)
OS uptime: 7 days 3:53 hours

CPU: total 2 (initial active 2) (2 cores per cpu, 1 threads per core) family 21 model 112 stepping 0 microcode 0x0, cx8, cmov, fxsr, mmx, 3dnowpref, sse, sse2, sse3, ssse3, sse4a, sse4.1, sse4.2, popcnt, lzcnt, tsc, tscinvbit, avx, avx2, aes, clmul, bmi1, bmi2, fma, vzeroupper, clflush

Memory: 4k page, system-wide physical 11680M (2533M free)
TotalPageFile size 11680M (AvailPageFile size 127M)
current process WorkingSet (physical memory assigned to process): 634M, peak: 654M
current process commit charge ("private bytes"): 712M, peak: 1316M

vm_info: OpenJDK 64-Bit Server VM (17.0.6+0-b2043.56-10027231) for windows-amd64 JRE (17.0.6+0-b2043.56-10027231), built on Apr 28 2023 00:43:19 by "androidbuild" with MS VC++ 16.10 / 16.11 (VS2019)

END.
