#
# There is insufficient memory for the Java Runtime Environment to continue.
# Native memory allocation (mmap) failed to map 127926272 bytes for G1 virtual space
# Possible reasons:
#   The system is out of physical RAM or swap space
#   The process is running with CompressedOops enabled, and the Java Heap may be blocking the growth of the native heap
# Possible solutions:
#   Reduce memory load on the system
#   Increase physical memory or swap space
#   Check if swap backing store is full
#   Decrease Java heap size (-Xmx/-Xms)
#   Decrease number of Java threads
#   Decrease Java thread stack sizes (-Xss)
#   Set larger code cache with -XX:ReservedCodeCacheSize=
#   JVM is running with Zero Based Compressed Oops mode in which the Java heap is
#     placed in the first 32GB address space. The Java Heap base address is the
#     maximum limit for the native heap growth. Please use -XX:HeapBaseMinAddress
#     to set the Java Heap base and to place the Java Heap above 32GB virtual address.
# This output file may be truncated or incomplete.
#
#  Out of Memory Error (os_windows.cpp:3769), pid=3780, tid=9008
#
# JRE version: OpenJDK Runtime Environment (17.0.6) (build 17.0.6+0-b2043.56-10027231)
# Java VM: OpenJDK 64-Bit Server VM (17.0.6+0-b2043.56-10027231, mixed mode, tiered, compressed oops, compressed class ptrs, g1 gc, windows-amd64)
# No core dump will be written. Minidumps are not enabled by default on client versions of Windows
#

---------------  S U M M A R Y ------------

Command Line: org.jetbrains.kotlin.cli.jvm.K2JVMCompiler @G:\Skripsi\WidyaAksara\app\build\20250415_2656570226601975790.compiler.options

Host: AMD A9-9420 RADEON R5, 5 COMPUTE CORES 2C+3G   , 2 cores, 11G,  Windows 10 , 64 bit Build 19041 (10.0.19041.5678)
Time: Tue Apr 15 11:54:44 2025 SE Asia Standard Time elapsed time: 65.502244 seconds (0d 0h 1m 5s)

---------------  T H R E A D  ---------------

Current thread (0x000001f8b601f620):  VMThread "VM Thread" [stack: 0x0000004f83e00000,0x0000004f83f00000] [id=9008]

Stack: [0x0000004f83e00000,0x0000004f83f00000]
Native frames: (J=compiled Java code, j=interpreted, Vv=VM code, C=native code)
V  [jvm.dll+0x683c9a]
V  [jvm.dll+0x8427a4]
V  [jvm.dll+0x843f9e]
V  [jvm.dll+0x844603]
V  [jvm.dll+0x249b75]
V  [jvm.dll+0x680b69]
V  [jvm.dll+0x67505a]
V  [jvm.dll+0x309acb]
V  [jvm.dll+0x310f86]
V  [jvm.dll+0x3608ee]
V  [jvm.dll+0x360b1f]
V  [jvm.dll+0x2dfbf8]
V  [jvm.dll+0x2ddec4]
V  [jvm.dll+0x2dd4cc]
V  [jvm.dll+0x321f3b]
V  [jvm.dll+0x848ccb]
V  [jvm.dll+0x849a04]
V  [jvm.dll+0x849f1d]
V  [jvm.dll+0x84a2f4]
V  [jvm.dll+0x84a3c0]
V  [jvm.dll+0x7f274a]
V  [jvm.dll+0x682ad5]
C  [ucrtbase.dll+0x21bb2]
C  [KERNEL32.DLL+0x17374]
C  [ntdll.dll+0x4cc91]

VM_Operation (0x0000004f838fd880): G1CollectForAllocation, mode: safepoint, requested by thread 0x000001f89a2132c0


---------------  P R O C E S S  ---------------

Threads class SMR info:
_java_thread_list=0x000001f8b61f71d0, length=12, elements={
0x000001f89a2132c0, 0x000001f8b6021320, 0x000001f8b6022190, 0x000001f8b606fa10,
0x000001f8b6073940, 0x000001f8b60742f0, 0x000001f8b6074ca0, 0x000001f8b6075980,
0x000001f8b60e1010, 0x000001f8b6076b50, 0x000001f8b60fcd50, 0x000001f8b6215930
}

Java Threads: ( => current thread )
  0x000001f89a2132c0 JavaThread "main" [_thread_blocked, id=7172, stack(0x0000004f83800000,0x0000004f83900000)]
  0x000001f8b6021320 JavaThread "Reference Handler" daemon [_thread_blocked, id=11688, stack(0x0000004f83f00000,0x0000004f84000000)]
  0x000001f8b6022190 JavaThread "Finalizer" daemon [_thread_blocked, id=7976, stack(0x0000004f84000000,0x0000004f84100000)]
  0x000001f8b606fa10 JavaThread "Signal Dispatcher" daemon [_thread_blocked, id=3984, stack(0x0000004f84100000,0x0000004f84200000)]
  0x000001f8b6073940 JavaThread "Attach Listener" daemon [_thread_blocked, id=8732, stack(0x0000004f84200000,0x0000004f84300000)]
  0x000001f8b60742f0 JavaThread "Service Thread" daemon [_thread_blocked, id=11336, stack(0x0000004f84300000,0x0000004f84400000)]
  0x000001f8b6074ca0 JavaThread "Monitor Deflation Thread" daemon [_thread_blocked, id=8324, stack(0x0000004f84400000,0x0000004f84500000)]
  0x000001f8b6075980 JavaThread "C2 CompilerThread0" daemon [_thread_blocked, id=12048, stack(0x0000004f84500000,0x0000004f84600000)]
  0x000001f8b60e1010 JavaThread "C1 CompilerThread0" daemon [_thread_blocked, id=9692, stack(0x0000004f84600000,0x0000004f84700000)]
  0x000001f8b6076b50 JavaThread "Sweeper thread" daemon [_thread_blocked, id=6752, stack(0x0000004f84700000,0x0000004f84800000)]
  0x000001f8b60fcd50 JavaThread "Notification Thread" daemon [_thread_blocked, id=11380, stack(0x0000004f84800000,0x0000004f84900000)]
  0x000001f8b6215930 JavaThread "Common-Cleaner" daemon [_thread_blocked, id=10228, stack(0x0000004f84a00000,0x0000004f84b00000)]

Other Threads:
=>0x000001f8b601f620 VMThread "VM Thread" [stack: 0x0000004f83e00000,0x0000004f83f00000] [id=9008]
  0x000001f89a27c790 WatcherThread [stack: 0x0000004f84900000,0x0000004f84a00000] [id=12076]
  0x000001f89a267260 GCTaskThread "GC Thread#0" [stack: 0x0000004f83900000,0x0000004f83a00000] [id=9420]
  0x000001f8b64290a0 GCTaskThread "GC Thread#1" [stack: 0x0000004f84b00000,0x0000004f84c00000] [id=2572]
  0x000001f89a273830 ConcurrentGCThread "G1 Main Marker" [stack: 0x0000004f83a00000,0x0000004f83b00000] [id=9536]
  0x000001f89a274240 ConcurrentGCThread "G1 Conc#0" [stack: 0x0000004f83b00000,0x0000004f83c00000] [id=3248]
  0x000001f89a2dcb60 ConcurrentGCThread "G1 Refine#0" [stack: 0x0000004f83c00000,0x0000004f83d00000] [id=2736]
  0x000001f8b7fdf610 ConcurrentGCThread "G1 Refine#1" [stack: 0x0000004f84c00000,0x0000004f84d00000] [id=6176]
  0x000001f89a2dd580 ConcurrentGCThread "G1 Service" [stack: 0x0000004f83d00000,0x0000004f83e00000] [id=9972]

Threads with active compile tasks:
C2 CompilerThread0    65525 15509       4       org.jetbrains.kotlin.resolve.calls.inference.components.NewTypeSubstitutor::substitute (1067 bytes)

VM state: at safepoint (normal execution)

VM Mutex/Monitor currently owned by a thread:  ([mutex/lock_event])
[0x000001f89a20e5c0] Threads_lock - owner thread: 0x000001f8b601f620
[0x000001f89a20db10] Heap_lock - owner thread: 0x000001f89a2132c0

Heap address: 0x0000000749600000, size: 2922 MB, Compressed Oops mode: Zero based, Oop shift amount: 3

CDS archive(s) not mapped
Compressed class space mapped at: 0x0000000800000000-0x0000000840000000, reserved size: 1073741824
Narrow klass base: 0x0000000800000000, Narrow klass shift: 0, Narrow klass range: 0x40000000

GC Precious Log:
 CPUs: 2 total, 2 available
 Memory: 11680M
 Large Page Support: Disabled
 NUMA Support: Disabled
 Compressed Oops: Enabled (Zero based)
 Heap Region Size: 2M
 Heap Min Capacity: 8M
 Heap Initial Capacity: 184M
 Heap Max Capacity: 2922M
 Pre-touch: Disabled
 Parallel Workers: 2
 Concurrent Workers: 1
 Concurrent Refinement Workers: 2
 Periodic GC: Disabled

Heap:
 garbage-first heap   total 188416K, used 120765K [0x0000000749600000, 0x0000000800000000)
  region size 2048K, 2 young (4096K), 2 survivors (4096K)
 Metaspace       used 75629K, committed 76096K, reserved 1122304K
  class space    used 8234K, committed 8448K, reserved 1048576K

Heap Regions: E=young(eden), S=young(survivor), O=old, HS=humongous(starts), HC=humongous(continues), CS=collection set, F=free, OA=open archive, CA=closed archive, TAMS=top-at-mark-start (previous, next)
|   0|0x0000000749600000, 0x0000000749800000, 0x0000000749800000|100%|HS|  |TAMS 0x0000000749800000, 0x0000000749600000| Complete 
|   1|0x0000000749800000, 0x0000000749a00000, 0x0000000749a00000|100%|HC|  |TAMS 0x0000000749a00000, 0x0000000749800000| Complete 
|   2|0x0000000749a00000, 0x0000000749c00000, 0x0000000749c00000|100%|HS|  |TAMS 0x0000000749c00000, 0x0000000749a00000| Complete 
|   3|0x0000000749c00000, 0x0000000749e00000, 0x0000000749e00000|100%|HS|  |TAMS 0x0000000749e00000, 0x0000000749c00000| Complete 
|   4|0x0000000749e00000, 0x000000074a000000, 0x000000074a000000|100%|HC|  |TAMS 0x000000074a000000, 0x0000000749e00000| Complete 
|   5|0x000000074a000000, 0x000000074a200000, 0x000000074a200000|100%| O|  |TAMS 0x000000074a200000, 0x000000074a000000| Untracked 
|   6|0x000000074a200000, 0x000000074a400000, 0x000000074a400000|100%| O|  |TAMS 0x000000074a400000, 0x000000074a200000| Untracked 
|   7|0x000000074a400000, 0x000000074a600000, 0x000000074a600000|100%| O|  |TAMS 0x000000074a600000, 0x000000074a400000| Untracked 
|   8|0x000000074a600000, 0x000000074a800000, 0x000000074a800000|100%| O|  |TAMS 0x000000074a800000, 0x000000074a600000| Untracked 
|   9|0x000000074a800000, 0x000000074aa00000, 0x000000074aa00000|100%| O|  |TAMS 0x000000074aa00000, 0x000000074a800000| Untracked 
|  10|0x000000074aa00000, 0x000000074ac00000, 0x000000074ac00000|100%| O|  |TAMS 0x000000074ac00000, 0x000000074aa00000| Untracked 
|  11|0x000000074ac00000, 0x000000074ae00000, 0x000000074ae00000|100%| O|  |TAMS 0x000000074ae00000, 0x000000074ac00000| Untracked 
|  12|0x000000074ae00000, 0x000000074b000000, 0x000000074b000000|100%| O|  |TAMS 0x000000074b000000, 0x000000074ae00000| Untracked 
|  13|0x000000074b000000, 0x000000074b200000, 0x000000074b200000|100%| O|  |TAMS 0x000000074b200000, 0x000000074b000000| Untracked 
|  14|0x000000074b200000, 0x000000074b400000, 0x000000074b400000|100%| O|  |TAMS 0x000000074b400000, 0x000000074b200000| Untracked 
|  15|0x000000074b400000, 0x000000074b600000, 0x000000074b600000|100%| O|  |TAMS 0x000000074b400000, 0x000000074b400000| Untracked 
|  16|0x000000074b600000, 0x000000074b800000, 0x000000074b800000|100%| O|  |TAMS 0x000000074b800000, 0x000000074b600000| Untracked 
|  17|0x000000074b800000, 0x000000074ba00000, 0x000000074ba00000|100%| O|  |TAMS 0x000000074ba00000, 0x000000074b800000| Untracked 
|  18|0x000000074ba00000, 0x000000074bc00000, 0x000000074bc00000|100%| O|  |TAMS 0x000000074bc00000, 0x000000074ba00000| Untracked 
|  19|0x000000074bc00000, 0x000000074be00000, 0x000000074be00000|100%| O|  |TAMS 0x000000074be00000, 0x000000074bc00000| Untracked 
|  20|0x000000074be00000, 0x000000074c000000, 0x000000074c000000|100%| O|  |TAMS 0x000000074c000000, 0x000000074be00000| Untracked 
|  21|0x000000074c000000, 0x000000074c200000, 0x000000074c200000|100%| O|  |TAMS 0x000000074c200000, 0x000000074c000000| Untracked 
|  22|0x000000074c200000, 0x000000074c400000, 0x000000074c400000|100%| O|  |TAMS 0x000000074c400000, 0x000000074c200000| Untracked 
|  23|0x000000074c400000, 0x000000074c600000, 0x000000074c600000|100%| O|  |TAMS 0x000000074c600000, 0x000000074c400000| Untracked 
|  24|0x000000074c600000, 0x000000074c800000, 0x000000074c800000|100%| O|  |TAMS 0x000000074c800000, 0x000000074c600000| Untracked 
|  25|0x000000074c800000, 0x000000074ca00000, 0x000000074ca00000|100%| O|  |TAMS 0x000000074ca00000, 0x000000074c800000| Untracked 
|  26|0x000000074ca00000, 0x000000074cc00000, 0x000000074cc00000|100%| O|  |TAMS 0x000000074cc00000, 0x000000074ca00000| Untracked 
|  27|0x000000074cc00000, 0x000000074ce00000, 0x000000074ce00000|100%| O|  |TAMS 0x000000074ce00000, 0x000000074cc00000| Untracked 
|  28|0x000000074ce00000, 0x000000074d000000, 0x000000074d000000|100%| O|  |TAMS 0x000000074d000000, 0x000000074ce00000| Untracked 
|  29|0x000000074d000000, 0x000000074d200000, 0x000000074d200000|100%| O|  |TAMS 0x000000074d200000, 0x000000074d000000| Untracked 
|  30|0x000000074d200000, 0x000000074d400000, 0x000000074d400000|100%| O|  |TAMS 0x000000074d400000, 0x000000074d200000| Untracked 
|  31|0x000000074d400000, 0x000000074d600000, 0x000000074d600000|100%| O|  |TAMS 0x000000074d600000, 0x000000074d400000| Untracked 
|  32|0x000000074d600000, 0x000000074d800000, 0x000000074d800000|100%| O|  |TAMS 0x000000074d800000, 0x000000074d600000| Untracked 
|  33|0x000000074d800000, 0x000000074da00000, 0x000000074da00000|100%| O|  |TAMS 0x000000074da00000, 0x000000074d800000| Untracked 
|  34|0x000000074da00000, 0x000000074dc00000, 0x000000074dc00000|100%| O|  |TAMS 0x000000074dc00000, 0x000000074da00000| Untracked 
|  35|0x000000074dc00000, 0x000000074de00000, 0x000000074de00000|100%| O|  |TAMS 0x000000074de00000, 0x000000074dc00000| Untracked 
|  36|0x000000074de00000, 0x000000074e000000, 0x000000074e000000|100%| O|  |TAMS 0x000000074e000000, 0x000000074de00000| Untracked 
|  37|0x000000074e000000, 0x000000074e200000, 0x000000074e200000|100%| O|  |TAMS 0x000000074e200000, 0x000000074e000000| Untracked 
|  38|0x000000074e200000, 0x000000074e400000, 0x000000074e400000|100%| O|  |TAMS 0x000000074e400000, 0x000000074e200000| Untracked 
|  39|0x000000074e400000, 0x000000074e600000, 0x000000074e600000|100%|HS|  |TAMS 0x000000074e600000, 0x000000074e400000| Complete 
|  40|0x000000074e600000, 0x000000074e800000, 0x000000074e800000|100%| O|  |TAMS 0x000000074e800000, 0x000000074e600000| Untracked 
|  41|0x000000074e800000, 0x000000074ea00000, 0x000000074ea00000|100%| O|  |TAMS 0x000000074ea00000, 0x000000074e800000| Untracked 
|  42|0x000000074ea00000, 0x000000074ec00000, 0x000000074ec00000|100%| O|  |TAMS 0x000000074ec00000, 0x000000074ea00000| Untracked 
|  43|0x000000074ec00000, 0x000000074ee00000, 0x000000074ee00000|100%| O|  |TAMS 0x000000074ee00000, 0x000000074ec00000| Untracked 
|  44|0x000000074ee00000, 0x000000074f000000, 0x000000074f000000|100%| O|  |TAMS 0x000000074f000000, 0x000000074ee00000| Untracked 
|  45|0x000000074f000000, 0x000000074f200000, 0x000000074f200000|100%| O|  |TAMS 0x000000074f200000, 0x000000074f000000| Untracked 
|  46|0x000000074f200000, 0x000000074f400000, 0x000000074f400000|100%| O|  |TAMS 0x000000074f324c00, 0x000000074f200000| Untracked 
|  47|0x000000074f400000, 0x000000074f600000, 0x000000074f600000|100%| O|  |TAMS 0x000000074f400000, 0x000000074f400000| Untracked 
|  48|0x000000074f600000, 0x000000074f800000, 0x000000074f800000|100%| O|  |TAMS 0x000000074f600000, 0x000000074f600000| Untracked 
|  49|0x000000074f800000, 0x000000074fa00000, 0x000000074fa00000|100%| O|  |TAMS 0x000000074f800000, 0x000000074f800000| Untracked 
|  50|0x000000074fa00000, 0x000000074fc00000, 0x000000074fc00000|100%| O|  |TAMS 0x000000074fa00000, 0x000000074fa00000| Untracked 
|  51|0x000000074fc00000, 0x000000074fe00000, 0x000000074fe00000|100%| O|  |TAMS 0x000000074fc00000, 0x000000074fc00000| Untracked 
|  52|0x000000074fe00000, 0x0000000750000000, 0x0000000750000000|100%| O|  |TAMS 0x000000074fe00000, 0x000000074fe00000| Untracked 
|  53|0x0000000750000000, 0x0000000750200000, 0x0000000750200000|100%| O|  |TAMS 0x0000000750000000, 0x0000000750000000| Untracked 
|  54|0x0000000750200000, 0x0000000750400000, 0x0000000750400000|100%| O|  |TAMS 0x0000000750200000, 0x0000000750200000| Untracked 
|  55|0x0000000750400000, 0x0000000750600000, 0x0000000750600000|100%| O|  |TAMS 0x0000000750400000, 0x0000000750400000| Untracked 
|  56|0x0000000750600000, 0x00000007507ef600, 0x0000000750800000| 96%| O|  |TAMS 0x0000000750600000, 0x0000000750600000| Untracked 
|  57|0x0000000750800000, 0x0000000750800000, 0x0000000750a00000|  0%| F|  |TAMS 0x0000000750800000, 0x0000000750800000| Untracked 
|  58|0x0000000750a00000, 0x0000000750a00000, 0x0000000750c00000|  0%| F|  |TAMS 0x0000000750a00000, 0x0000000750a00000| Untracked 
|  59|0x0000000750c00000, 0x0000000750c00000, 0x0000000750e00000|  0%| F|  |TAMS 0x0000000750c00000, 0x0000000750c00000| Untracked 
|  60|0x0000000750e00000, 0x0000000750e00000, 0x0000000751000000|  0%| F|  |TAMS 0x0000000750e00000, 0x0000000750e00000| Untracked 
|  61|0x0000000751000000, 0x0000000751000000, 0x0000000751200000|  0%| F|  |TAMS 0x0000000751000000, 0x0000000751000000| Untracked 
|  62|0x0000000751200000, 0x0000000751200000, 0x0000000751400000|  0%| F|  |TAMS 0x0000000751200000, 0x0000000751200000| Untracked 
|  63|0x0000000751400000, 0x0000000751400000, 0x0000000751600000|  0%| F|  |TAMS 0x0000000751400000, 0x0000000751400000| Untracked 
|  64|0x0000000751600000, 0x0000000751600000, 0x0000000751800000|  0%| F|  |TAMS 0x0000000751600000, 0x0000000751600000| Untracked 
|  65|0x0000000751800000, 0x0000000751800000, 0x0000000751a00000|  0%| F|  |TAMS 0x0000000751800000, 0x0000000751800000| Untracked 
|  66|0x0000000751a00000, 0x0000000751a00000, 0x0000000751c00000|  0%| F|  |TAMS 0x0000000751a00000, 0x0000000751a00000| Untracked 
|  67|0x0000000751c00000, 0x0000000751c00000, 0x0000000751e00000|  0%| F|  |TAMS 0x0000000751c00000, 0x0000000751c00000| Untracked 
|  68|0x0000000751e00000, 0x0000000751e00000, 0x0000000752000000|  0%| F|  |TAMS 0x0000000751e00000, 0x0000000751e00000| Untracked 
|  69|0x0000000752000000, 0x0000000752000000, 0x0000000752200000|  0%| F|  |TAMS 0x0000000752000000, 0x0000000752000000| Untracked 
|  70|0x0000000752200000, 0x0000000752400000, 0x0000000752400000|100%| S|CS|TAMS 0x0000000752200000, 0x0000000752200000| Complete 
|  71|0x0000000752400000, 0x0000000752600000, 0x0000000752600000|100%| S|CS|TAMS 0x0000000752400000, 0x0000000752400000| Complete 
|  72|0x0000000752600000, 0x0000000752600000, 0x0000000752800000|  0%| F|  |TAMS 0x0000000752600000, 0x0000000752600000| Untracked 
|  73|0x0000000752800000, 0x0000000752800000, 0x0000000752a00000|  0%| F|  |TAMS 0x0000000752800000, 0x0000000752800000| Untracked 
|  74|0x0000000752a00000, 0x0000000752a00000, 0x0000000752c00000|  0%| F|  |TAMS 0x0000000752a00000, 0x0000000752a00000| Untracked 
|  75|0x0000000752c00000, 0x0000000752c00000, 0x0000000752e00000|  0%| F|  |TAMS 0x0000000752c00000, 0x0000000752c00000| Untracked 
|  76|0x0000000752e00000, 0x0000000752e00000, 0x0000000753000000|  0%| F|  |TAMS 0x0000000752e00000, 0x0000000752e00000| Untracked 
|  77|0x0000000753000000, 0x0000000753000000, 0x0000000753200000|  0%| F|  |TAMS 0x0000000753000000, 0x0000000753000000| Untracked 
|  78|0x0000000753200000, 0x0000000753200000, 0x0000000753400000|  0%| F|  |TAMS 0x0000000753200000, 0x0000000753200000| Untracked 
|  79|0x0000000753400000, 0x0000000753400000, 0x0000000753600000|  0%| F|  |TAMS 0x0000000753400000, 0x0000000753400000| Untracked 
|  80|0x0000000753600000, 0x0000000753600000, 0x0000000753800000|  0%| F|  |TAMS 0x0000000753600000, 0x0000000753600000| Untracked 
|  81|0x0000000753800000, 0x0000000753800000, 0x0000000753a00000|  0%| F|  |TAMS 0x0000000753800000, 0x0000000753800000| Untracked 
|  82|0x0000000753a00000, 0x0000000753a00000, 0x0000000753c00000|  0%| F|  |TAMS 0x0000000753a00000, 0x0000000753a00000| Untracked 
|  83|0x0000000753c00000, 0x0000000753c00000, 0x0000000753e00000|  0%| F|  |TAMS 0x0000000753c00000, 0x0000000753c00000| Untracked 
|  84|0x0000000753e00000, 0x0000000753e00000, 0x0000000754000000|  0%| F|  |TAMS 0x0000000753e00000, 0x0000000753e00000| Untracked 
|  85|0x0000000754000000, 0x0000000754000000, 0x0000000754200000|  0%| F|  |TAMS 0x0000000754000000, 0x0000000754000000| Untracked 
|  86|0x0000000754200000, 0x0000000754200000, 0x0000000754400000|  0%| F|  |TAMS 0x0000000754200000, 0x0000000754200000| Untracked 
|  87|0x0000000754400000, 0x0000000754400000, 0x0000000754600000|  0%| F|  |TAMS 0x0000000754400000, 0x0000000754400000| Untracked 
|  88|0x0000000754600000, 0x0000000754600000, 0x0000000754800000|  0%| F|  |TAMS 0x0000000754600000, 0x0000000754600000| Untracked 
|  89|0x0000000754800000, 0x0000000754800000, 0x0000000754a00000|  0%| F|  |TAMS 0x0000000754800000, 0x0000000754800000| Untracked 
|  90|0x0000000754a00000, 0x0000000754a00000, 0x0000000754c00000|  0%| F|  |TAMS 0x0000000754a00000, 0x0000000754a00000| Untracked 
|  91|0x0000000754c00000, 0x0000000754c00000, 0x0000000754e00000|  0%| F|  |TAMS 0x0000000754c00000, 0x0000000754c00000| Untracked 

Card table byte_map: [0x000001f8acca0000,0x000001f8ad260000] _byte_map_base: 0x000001f8a9255000

Marking Bits (Prev, Next): (CMBitMap*) 0x000001f89a267870, (CMBitMap*) 0x000001f89a2678b0
 Prev Bits: [0x000001f8ad820000, 0x000001f8b05c8000)
 Next Bits: [0x000001f8b05d0000, 0x000001f8b3378000)

Polling page: 0x000001f898200000

Metaspace:

Usage:
  Non-class:     65.82 MB used.
      Class:      8.04 MB used.
       Both:     73.86 MB used.

Virtual space:
  Non-class space:       72.00 MB reserved,      66.06 MB ( 92%) committed,  9 nodes.
      Class space:        1.00 GB reserved,       8.25 MB ( <1%) committed,  1 nodes.
             Both:        1.07 GB reserved,      74.31 MB (  7%) committed. 

Chunk freelists:
   Non-Class:  1.03 MB
       Class:  3.70 MB
        Both:  4.73 MB

MaxMetaspaceSize: unlimited
CompressedClassSpaceSize: 1.00 GB
Initial GC threshold: 21.00 MB
Current GC threshold: 112.94 MB
CDS: off
MetaspaceReclaimPolicy: balanced
 - commit_granule_bytes: 65536.
 - commit_granule_words: 8192.
 - virtual_space_node_default_size: 1048576.
 - enlarge_chunks_in_place: 1.
 - new_chunks_are_fully_committed: 0.
 - uncommit_free_chunks: 1.
 - use_allocation_guard: 0.
 - handle_deallocations: 1.


Internal statistics:

num_allocs_failed_limit: 6.
num_arena_births: 732.
num_arena_deaths: 0.
num_vsnodes_births: 10.
num_vsnodes_deaths: 0.
num_space_committed: 1187.
num_space_uncommitted: 0.
num_chunks_returned_to_freelist: 6.
num_chunks_taken_from_freelist: 3344.
num_chunk_merges: 6.
num_chunk_splits: 2474.
num_chunks_enlarged: 1925.
num_purges: 0.
num_inconsistent_stats: 0.

CodeHeap 'non-profiled nmethods': size=120064Kb used=7233Kb max_used=7233Kb free=112831Kb
 bounds [0x000001f8a51a0000, 0x000001f8a58c0000, 0x000001f8ac6e0000]
CodeHeap 'profiled nmethods': size=120000Kb used=33558Kb max_used=34769Kb free=86442Kb
 bounds [0x000001f89d6e0000, 0x000001f89f8e0000, 0x000001f8a4c10000]
CodeHeap 'non-nmethods': size=5696Kb used=1392Kb max_used=1436Kb free=4303Kb
 bounds [0x000001f8a4c10000, 0x000001f8a4e80000, 0x000001f8a51a0000]
 total_blobs=12794 nmethods=12076 adapters=626
 compilation: enabled
              stopped_count=0, restarted_count=0
 full_count=0

Compilation events (20 events):
Event: 65.355 Thread 0x000001f8b60e1010 15514       2       org.jetbrains.kotlin.psi2ir.transformations.InsertImplicitCasts::implicitCast (32 bytes)
Event: 65.356 Thread 0x000001f8b60e1010 nmethod 15514 0x000001f89e3d5e90 code [0x000001f89e3d60a0, 0x000001f89e3d6508]
Event: 65.361 Thread 0x000001f8b60e1010 15515       2       org.jetbrains.kotlin.ir.expressions.impl.IrCallImpl::getSymbol (8 bytes)
Event: 65.361 Thread 0x000001f8b60e1010 nmethod 15515 0x000001f89ef3d790 code [0x000001f89ef3d920, 0x000001f89ef3da78]
Event: 65.363 Thread 0x000001f8b60e1010 15516 %     3       org.jetbrains.kotlin.psi2ir.transformations.InsertImplicitCasts$visitFunction$1::invoke @ 60 (136 bytes)
Event: 65.365 Thread 0x000001f8b60e1010 nmethod 15516% 0x000001f89e3d3410 code [0x000001f89e3d3820, 0x000001f89e3d5528]
Event: 65.365 Thread 0x000001f8b60e1010 15517       3       org.jetbrains.kotlin.psi2ir.transformations.InsertImplicitCasts$visitFunction$1::invoke (136 bytes)
Event: 65.367 Thread 0x000001f8b60e1010 nmethod 15517 0x000001f89e93e310 code [0x000001f89e93e700, 0x000001f89e940268]
Event: 65.368 Thread 0x000001f8b60e1010 15518       2       org.jetbrains.kotlin.psi2ir.transformations.InsertImplicitCasts$postprocessReturnExpressions$1::visitFunctionAccess (6 bytes)
Event: 65.368 Thread 0x000001f8b60e1010 nmethod 15518 0x000001f89e3d2a10 code [0x000001f89e3d2c40, 0x000001f89e3d30b8]
Event: 65.372 Thread 0x000001f8b60e1010 15519       2       org.jetbrains.kotlin.psi2ir.generators.AnnotationGenerator::visitFunctionAccess (6 bytes)
Event: 65.372 Thread 0x000001f8b60e1010 nmethod 15519 0x000001f89e93d910 code [0x000001f89e93db40, 0x000001f89e93dfb8]
Event: 65.388 Thread 0x000001f8b60e1010 15520       1       org.jetbrains.kotlin.descriptors.impl.ClassConstructorDescriptorImpl::isPrimary (5 bytes)
Event: 65.388 Thread 0x000001f8b60e1010 nmethod 15520 0x000001f8a58afb10 code [0x000001f8a58afca0, 0x000001f8a58afd78]
Event: 65.449 Thread 0x000001f8b60e1010 15522       2       org.jetbrains.kotlin.ir.expressions.IrGetObjectValue::accept (15 bytes)
Event: 65.450 Thread 0x000001f8b60e1010 nmethod 15522 0x000001f89e3d2290 code [0x000001f89e3d2480, 0x000001f89e3d2768]
Event: 65.464 Thread 0x000001f8b60e1010 15524       1       org.jetbrains.kotlin.ir.expressions.impl.IrFunctionExpressionImpl::getStartOffset (5 bytes)
Event: 65.465 Thread 0x000001f8b60e1010 nmethod 15524 0x000001f8a58afe10 code [0x000001f8a58affa0, 0x000001f8a58b0078]
Event: 65.465 Thread 0x000001f8b60e1010 15525       1       org.jetbrains.kotlin.ir.expressions.impl.IrFunctionExpressionImpl::getEndOffset (5 bytes)
Event: 65.465 Thread 0x000001f8b60e1010 nmethod 15525 0x000001f8a58b0110 code [0x000001f8a58b02a0, 0x000001f8a58b0378]

GC Heap History (20 events):
Event: 46.793 GC heap after
{Heap after GC invocations=40 (full 0):
 garbage-first heap   total 153600K, used 90537K [0x0000000749600000, 0x0000000800000000)
  region size 2048K, 2 young (4096K), 2 survivors (4096K)
 Metaspace       used 68116K, committed 68608K, reserved 1114112K
  class space    used 7618K, committed 7872K, reserved 1048576K
}
Event: 46.927 GC heap before
{Heap before GC invocations=40 (full 0):
 garbage-first heap   total 153600K, used 92585K [0x0000000749600000, 0x0000000800000000)
  region size 2048K, 3 young (6144K), 2 survivors (4096K)
 Metaspace       used 68120K, committed 68608K, reserved 1114112K
  class space    used 7618K, committed 7872K, reserved 1048576K
}
Event: 46.947 GC heap after
{Heap after GC invocations=41 (full 0):
 garbage-first heap   total 153600K, used 90364K [0x0000000749600000, 0x0000000800000000)
  region size 2048K, 1 young (2048K), 1 survivors (2048K)
 Metaspace       used 68120K, committed 68608K, reserved 1114112K
  class space    used 7618K, committed 7872K, reserved 1048576K
}
Event: 50.041 GC heap before
{Heap before GC invocations=41 (full 0):
 garbage-first heap   total 153600K, used 127228K [0x0000000749600000, 0x0000000800000000)
  region size 2048K, 19 young (38912K), 1 survivors (2048K)
 Metaspace       used 68473K, committed 68928K, reserved 1114112K
  class space    used 7623K, committed 7872K, reserved 1048576K
}
Event: 50.056 GC heap after
{Heap after GC invocations=42 (full 0):
 garbage-first heap   total 153600K, used 92565K [0x0000000749600000, 0x0000000800000000)
  region size 2048K, 2 young (4096K), 2 survivors (4096K)
 Metaspace       used 68473K, committed 68928K, reserved 1114112K
  class space    used 7623K, committed 7872K, reserved 1048576K
}
Event: 53.455 GC heap before
{Heap before GC invocations=43 (full 0):
 garbage-first heap   total 161792K, used 127381K [0x0000000749600000, 0x0000000800000000)
  region size 2048K, 19 young (38912K), 2 survivors (4096K)
 Metaspace       used 68623K, committed 69056K, reserved 1114112K
  class space    used 7623K, committed 7872K, reserved 1048576K
}
Event: 53.474 GC heap after
{Heap after GC invocations=44 (full 0):
 garbage-first heap   total 161792K, used 94469K [0x0000000749600000, 0x0000000800000000)
  region size 2048K, 3 young (6144K), 3 survivors (6144K)
 Metaspace       used 68623K, committed 69056K, reserved 1114112K
  class space    used 7623K, committed 7872K, reserved 1048576K
}
Event: 53.626 GC heap before
{Heap before GC invocations=44 (full 0):
 garbage-first heap   total 161792K, used 96517K [0x0000000749600000, 0x0000000800000000)
  region size 2048K, 4 young (8192K), 3 survivors (6144K)
 Metaspace       used 68651K, committed 69120K, reserved 1114112K
  class space    used 7623K, committed 7872K, reserved 1048576K
}
Event: 53.674 GC heap after
{Heap after GC invocations=45 (full 0):
 garbage-first heap   total 161792K, used 94159K [0x0000000749600000, 0x0000000800000000)
  region size 2048K, 1 young (2048K), 1 survivors (2048K)
 Metaspace       used 68651K, committed 69120K, reserved 1114112K
  class space    used 7623K, committed 7872K, reserved 1048576K
}
Event: 56.503 GC heap before
{Heap before GC invocations=45 (full 0):
 garbage-first heap   total 161792K, used 135119K [0x0000000749600000, 0x0000000800000000)
  region size 2048K, 21 young (43008K), 1 survivors (2048K)
 Metaspace       used 68930K, committed 69376K, reserved 1114112K
  class space    used 7623K, committed 7872K, reserved 1048576K
}
Event: 56.517 GC heap after
{Heap after GC invocations=46 (full 0):
 garbage-first heap   total 161792K, used 96501K [0x0000000749600000, 0x0000000800000000)
  region size 2048K, 2 young (4096K), 2 survivors (4096K)
 Metaspace       used 68930K, committed 69376K, reserved 1114112K
  class space    used 7623K, committed 7872K, reserved 1048576K
}
Event: 58.784 GC heap before
{Heap before GC invocations=47 (full 0):
 garbage-first heap   total 167936K, used 133365K [0x0000000749600000, 0x0000000800000000)
  region size 2048K, 20 young (40960K), 2 survivors (4096K)
 Metaspace       used 69497K, committed 69888K, reserved 1114112K
  class space    used 7664K, committed 7872K, reserved 1048576K
}
Event: 58.804 GC heap after
{Heap after GC invocations=48 (full 0):
 garbage-first heap   total 167936K, used 98945K [0x0000000749600000, 0x0000000800000000)
  region size 2048K, 3 young (6144K), 3 survivors (6144K)
 Metaspace       used 69497K, committed 69888K, reserved 1114112K
  class space    used 7664K, committed 7872K, reserved 1048576K
}
Event: 61.091 GC heap before
{Heap before GC invocations=48 (full 0):
 garbage-first heap   total 167936K, used 139905K [0x0000000749600000, 0x0000000800000000)
  region size 2048K, 23 young (47104K), 3 survivors (6144K)
 Metaspace       used 73720K, committed 74112K, reserved 1122304K
  class space    used 8058K, committed 8256K, reserved 1048576K
}
Event: 61.113 GC heap after
{Heap after GC invocations=49 (full 0):
 garbage-first heap   total 167936K, used 100281K [0x0000000749600000, 0x0000000800000000)
  region size 2048K, 2 young (4096K), 2 survivors (4096K)
 Metaspace       used 73720K, committed 74112K, reserved 1122304K
  class space    used 8058K, committed 8256K, reserved 1048576K
}
Event: 63.631 GC heap before
{Heap before GC invocations=49 (full 0):
 garbage-first heap   total 167936K, used 139193K [0x0000000749600000, 0x0000000800000000)
  region size 2048K, 21 young (43008K), 2 survivors (4096K)
 Metaspace       used 75446K, committed 75904K, reserved 1122304K
  class space    used 8234K, committed 8448K, reserved 1048576K
}
Event: 63.665 GC heap after
{Heap after GC invocations=50 (full 0):
 garbage-first heap   total 167936K, used 107834K [0x0000000749600000, 0x0000000800000000)
  region size 2048K, 3 young (6144K), 3 survivors (6144K)
 Metaspace       used 75446K, committed 75904K, reserved 1122304K
  class space    used 8234K, committed 8448K, reserved 1048576K
}
Event: 64.704 GC heap before
{Heap before GC invocations=50 (full 0):
 garbage-first heap   total 167936K, used 138554K [0x0000000749600000, 0x0000000800000000)
  region size 2048K, 18 young (36864K), 3 survivors (6144K)
 Metaspace       used 75554K, committed 76032K, reserved 1122304K
  class space    used 8234K, committed 8448K, reserved 1048576K
}
Event: 64.747 GC heap after
{Heap after GC invocations=51 (full 0):
 garbage-first heap   total 167936K, used 115524K [0x0000000749600000, 0x0000000800000000)
  region size 2048K, 3 young (6144K), 3 survivors (6144K)
 Metaspace       used 75554K, committed 76032K, reserved 1122304K
  class space    used 8234K, committed 8448K, reserved 1048576K
}
Event: 65.469 GC heap before
{Heap before GC invocations=51 (full 0):
 garbage-first heap   total 167936K, used 136004K [0x0000000749600000, 0x0000000800000000)
  region size 2048K, 13 young (26624K), 3 survivors (6144K)
 Metaspace       used 75629K, committed 76096K, reserved 1122304K
  class space    used 8234K, committed 8448K, reserved 1048576K
}

Dll operation events (2 events):
Event: 0.015 Loaded shared library C:\Program Files\Android\Android Studio\jbr\bin\java.dll
Event: 2.768 Loaded shared library C:\Program Files\Android\Android Studio\jbr\bin\verify.dll

Deoptimization events (20 events):
Event: 64.198 Thread 0x000001f89a2132c0 Uncommon trap: trap_request=0xffffffc6 fr.pc=0x000001f8a5747a08 relative=0x0000000000000248
Event: 64.198 Thread 0x000001f89a2132c0 Uncommon trap: reason=bimorphic_or_optimized_type_check action=maybe_recompile pc=0x000001f8a5747a08 method=kotlin.collections.CollectionsKt___CollectionsKt.singleOrNull(Ljava/lang/Iterable;)Ljava/lang/Object; @ 31 c2
Event: 64.198 Thread 0x000001f89a2132c0 DEOPT PACKING pc=0x000001f8a5747a08 sp=0x0000004f838fd630
Event: 64.198 Thread 0x000001f89a2132c0 DEOPT UNPACKING pc=0x000001f8a4c669a3 sp=0x0000004f838fd5b0 mode 2
Event: 64.198 Thread 0x000001f89a2132c0 Uncommon trap: trap_request=0xffffffc6 fr.pc=0x000001f8a5747a08 relative=0x0000000000000248
Event: 64.198 Thread 0x000001f89a2132c0 Uncommon trap: reason=bimorphic_or_optimized_type_check action=maybe_recompile pc=0x000001f8a5747a08 method=kotlin.collections.CollectionsKt___CollectionsKt.singleOrNull(Ljava/lang/Iterable;)Ljava/lang/Object; @ 31 c2
Event: 64.198 Thread 0x000001f89a2132c0 DEOPT PACKING pc=0x000001f8a5747a08 sp=0x0000004f838fd630
Event: 64.198 Thread 0x000001f89a2132c0 DEOPT UNPACKING pc=0x000001f8a4c669a3 sp=0x0000004f838fd5b0 mode 2
Event: 64.278 Thread 0x000001f89a2132c0 Uncommon trap: trap_request=0xffffffde fr.pc=0x000001f8a5745574 relative=0x0000000000001414
Event: 64.278 Thread 0x000001f89a2132c0 Uncommon trap: reason=class_check action=maybe_recompile pc=0x000001f8a5745574 method=org.jetbrains.kotlin.types.AbstractNullabilityChecker.hasNotNullSupertype(Lorg/jetbrains/kotlin/types/TypeCheckerState;Lorg/jetbrains/kotlin/types/model/SimpleTypeMarker
Event: 64.278 Thread 0x000001f89a2132c0 DEOPT PACKING pc=0x000001f8a5745574 sp=0x0000004f838fc2b0
Event: 64.278 Thread 0x000001f89a2132c0 DEOPT UNPACKING pc=0x000001f8a4c669a3 sp=0x0000004f838fc258 mode 2
Event: 64.348 Thread 0x000001f89a2132c0 Uncommon trap: trap_request=0xffffffde fr.pc=0x000001f8a5745574 relative=0x0000000000001414
Event: 64.348 Thread 0x000001f89a2132c0 Uncommon trap: reason=class_check action=maybe_recompile pc=0x000001f8a5745574 method=org.jetbrains.kotlin.types.AbstractNullabilityChecker.hasNotNullSupertype(Lorg/jetbrains/kotlin/types/TypeCheckerState;Lorg/jetbrains/kotlin/types/model/SimpleTypeMarker
Event: 64.348 Thread 0x000001f89a2132c0 DEOPT PACKING pc=0x000001f8a5745574 sp=0x0000004f838fc2b0
Event: 64.348 Thread 0x000001f89a2132c0 DEOPT UNPACKING pc=0x000001f8a4c669a3 sp=0x0000004f838fc258 mode 2
Event: 64.891 Thread 0x000001f89a2132c0 DEOPT PACKING pc=0x000001f89e8b648e sp=0x0000004f838fc910
Event: 64.891 Thread 0x000001f89a2132c0 DEOPT UNPACKING pc=0x000001f8a4c67143 sp=0x0000004f838fbe90 mode 0
Event: 65.367 Thread 0x000001f89a2132c0 DEOPT PACKING pc=0x000001f89e2955cf sp=0x0000004f838fd9c0
Event: 65.367 Thread 0x000001f89a2132c0 DEOPT UNPACKING pc=0x000001f8a4c67143 sp=0x0000004f838fcee0 mode 0

Classes unloaded (0 events):
No events

Classes redefined (0 events):
No events

Internal exceptions (20 events):
Event: 24.044 Thread 0x000001f89a2132c0 Implicit null exception at 0x000001f8a521c65b to 0x000001f8a521d3dc
Event: 24.212 Thread 0x000001f89a2132c0 Exception <a 'java/lang/NoSuchMethodError'{0x000000074f6d5d10}: 'int java.lang.invoke.DirectMethodHandle$Holder.invokeStaticInit(java.lang.Object, int)'> (0x000000074f6d5d10) 
thrown [s\src\hotspot\share\interpreter\linkResolver.cpp, line 771]
Event: 26.352 Thread 0x000001f89a2132c0 Exception <a 'java/lang/NoSuchMethodError'{0x0000000752bfc3b0}: 'java.lang.Object java.lang.invoke.DirectMethodHandle$Holder.invokeInterface(java.lang.Object, java.lang.Object, java.lang.Object)'> (0x0000000752bfc3b0) 
thrown [s\src\hotspot\share\interpreter\linkResolver.cpp, line 771]
Event: 26.353 Thread 0x000001f89a2132c0 Exception <a 'java/lang/IncompatibleClassChangeError'{0x0000000751200210}: Found class java.lang.Object, but interface was expected> (0x0000000751200210) 
thrown [s\src\hotspot\share\interpreter\linkResolver.cpp, line 838]
Event: 27.133 Thread 0x000001f89a2132c0 Implicit null exception at 0x000001f8a51c85bc to 0x000001f8a51c8e94
Event: 27.260 Thread 0x000001f89a2132c0 Implicit null exception at 0x000001f8a53b2730 to 0x000001f8a53b2f60
Event: 27.264 Thread 0x000001f89a2132c0 Implicit null exception at 0x000001f8a51b90f2 to 0x000001f8a51b96e4
Event: 27.310 Thread 0x000001f89a2132c0 Implicit null exception at 0x000001f8a51ba1f2 to 0x000001f8a51ba7dc
Event: 28.041 Thread 0x000001f89a2132c0 Exception <a 'java/lang/NoSuchMethodError'{0x0000000750400b18}: 'java.lang.Object java.lang.invoke.DirectMethodHandle$Holder.newInvokeSpecial(java.lang.Object, java.lang.Object, java.lang.Object, java.lang.Object, java.lang.Object, java.lang.Object, java.lang.Object)'> (0x0000000750400b18) 
thrown [s\src\hotspot\share\interpreter\linkResolver.cpp, line 771]
Event: 28.042 Thread 0x000001f89a2132c0 Exception <a 'java/lang/NoSuchMethodError'{0x0000000750405978}: 'java.lang.Object java.lang.invoke.Invokers$Holder.linkToTargetMethod(java.lang.Object, java.lang.Object, java.lang.Object, java.lang.Object, java.lang.Object, java.lang.Object, java.lang.Object)'> (0x0000000750405978) 
thrown [s\src\hotspot\share\interpreter\linkResolver.cpp, line 771]
Event: 33.470 Thread 0x000001f89a2132c0 Exception <a 'java/lang/NoSuchMethodError'{0x000000074f8edc18}: 'java.lang.Object java.lang.invoke.DirectMethodHandle$Holder.invokeStatic(java.lang.Object, int, java.lang.Object)'> (0x000000074f8edc18) 
thrown [s\src\hotspot\share\interpreter\linkResolver.cpp, line 771]
Event: 37.014 Thread 0x000001f89a2132c0 Exception <a 'java/lang/NoSuchMethodError'{0x0000000750cd3310}: 'java.lang.Object java.lang.invoke.DirectMethodHandle$Holder.newInvokeSpecial(java.lang.Object, int, java.lang.Object, java.lang.Object)'> (0x0000000750cd3310) 
thrown [s\src\hotspot\share\interpreter\linkResolver.cpp, line 771]
Event: 37.367 Thread 0x000001f89a2132c0 Exception <a 'java/lang/NoSuchMethodError'{0x000000075091f790}: 'void java.lang.invoke.DirectMethodHandle$Holder.invokeStatic(java.lang.Object, java.lang.Object, java.lang.Object)'> (0x000000075091f790) 
thrown [s\src\hotspot\share\interpreter\linkResolver.cpp, line 771]
Event: 58.037 Thread 0x000001f89a2132c0 Implicit null exception at 0x000001f8a5232514 to 0x000001f8a5232790
Event: 59.776 Thread 0x000001f89a2132c0 Implicit null exception at 0x000001f8a51b6fd7 to 0x000001f8a51b72d8
Event: 60.667 Thread 0x000001f89a2132c0 Exception <a 'java/lang/NoSuchMethodError'{0x0000000751e3b178}: 'java.lang.Object java.lang.invoke.DirectMethodHandle$Holder.invokeStaticInit(java.lang.Object, java.lang.Object, java.lang.Object, java.lang.Object)'> (0x0000000751e3b178) 
thrown [s\src\hotspot\share\interpreter\linkResolver.cpp, line 771]
Event: 61.125 Thread 0x000001f89a2132c0 Exception <a 'java/lang/NoSuchMethodError'{0x0000000754c694f0}: 'java.lang.Object java.lang.invoke.DirectMethodHandle$Holder.newInvokeSpecial(java.lang.Object, java.lang.Object, java.lang.Object, int, int)'> (0x0000000754c694f0) 
thrown [s\src\hotspot\share\interpreter\linkResolver.cpp, line 771]
Event: 61.125 Thread 0x000001f89a2132c0 Exception <a 'java/lang/NoSuchMethodError'{0x0000000754c6d330}: 'java.lang.Object java.lang.invoke.DirectMethodHandle$Holder.invokeSpecial(java.lang.Object, java.lang.Object, java.lang.Object, java.lang.Object, int, int)'> (0x0000000754c6d330) 
thrown [s\src\hotspot\share\interpreter\linkResolver.cpp, line 771]
Event: 61.261 Thread 0x000001f89a2132c0 Exception <a 'java/lang/NoSuchMethodError'{0x0000000753646f60}: 'java.lang.Object java.lang.invoke.Invokers$Holder.linkToTargetMethod(java.lang.Object, java.lang.Object, int, int, java.lang.Object, java.lang.Object, java.lang.Object, java.lang.Object, java.lang.Object)'> (0x0000000753646f60) 
thrown [s\src\hotspot\share\interpreter\linkResolver.cpp, line 771]
Event: 61.836 Thread 0x000001f89a2132c0 Implicit null exception at 0x000001f8a5207599 to 0x000001f8a5207868

VM Operations (20 events):
Event: 62.031 Executing VM operation: ICBufferFull done
Event: 62.208 Executing VM operation: ICBufferFull
Event: 62.208 Executing VM operation: ICBufferFull done
Event: 62.573 Executing VM operation: HandshakeAllThreads
Event: 62.573 Executing VM operation: HandshakeAllThreads done
Event: 62.706 Executing VM operation: HandshakeAllThreads
Event: 62.706 Executing VM operation: HandshakeAllThreads done
Event: 62.831 Executing VM operation: ICBufferFull
Event: 62.832 Executing VM operation: ICBufferFull done
Event: 63.075 Executing VM operation: ICBufferFull
Event: 63.075 Executing VM operation: ICBufferFull done
Event: 63.317 Executing VM operation: ICBufferFull
Event: 63.318 Executing VM operation: ICBufferFull done
Event: 63.631 Executing VM operation: G1CollectForAllocation
Event: 63.672 Executing VM operation: G1CollectForAllocation done
Event: 64.611 Executing VM operation: ICBufferFull
Event: 64.611 Executing VM operation: ICBufferFull done
Event: 64.704 Executing VM operation: G1CollectForAllocation
Event: 64.747 Executing VM operation: G1CollectForAllocation done
Event: 65.469 Executing VM operation: G1CollectForAllocation

Events (20 events):
Event: 61.327 Thread 0x000001f8b6076b50 flushing nmethod 0x000001f89ef88310
Event: 61.328 Thread 0x000001f8b6076b50 flushing nmethod 0x000001f89efb9f90
Event: 61.328 Thread 0x000001f8b6076b50 flushing nmethod 0x000001f89efe1090
Event: 61.328 Thread 0x000001f8b6076b50 flushing nmethod 0x000001f89eff1d10
Event: 61.328 Thread 0x000001f8b6076b50 flushing nmethod 0x000001f89f025f10
Event: 61.328 Thread 0x000001f8b6076b50 flushing nmethod 0x000001f89f0a5a90
Event: 61.329 Thread 0x000001f8b6076b50 flushing nmethod 0x000001f89f0bd690
Event: 61.329 Thread 0x000001f8b6076b50 flushing nmethod 0x000001f89f0fe390
Event: 61.330 Thread 0x000001f8b6076b50 flushing nmethod 0x000001f89f247490
Event: 61.330 Thread 0x000001f8b6076b50 flushing nmethod 0x000001f89f2c8d90
Event: 61.330 Thread 0x000001f8b6076b50 flushing nmethod 0x000001f89f2cf210
Event: 61.330 Thread 0x000001f8b6076b50 flushing nmethod 0x000001f89f2e4490
Event: 61.331 Thread 0x000001f8b6076b50 flushing nmethod 0x000001f89f308b90
Event: 61.331 Thread 0x000001f8b6076b50 flushing nmethod 0x000001f89f31eb10
Event: 61.331 Thread 0x000001f8b6076b50 flushing nmethod 0x000001f89f373590
Event: 61.333 Thread 0x000001f8b6076b50 flushing nmethod 0x000001f89f5ab710
Event: 61.333 Thread 0x000001f8b6076b50 flushing nmethod 0x000001f89f5efc90
Event: 61.333 Thread 0x000001f8b6076b50 flushing nmethod 0x000001f89f620690
Event: 61.333 Thread 0x000001f8b6076b50 flushing nmethod 0x000001f89f631e90
Event: 61.333 Thread 0x000001f8b6076b50 flushing nmethod 0x000001f89f654890


Dynamic libraries:
0x00007ff7ec230000 - 0x00007ff7ec23a000 	C:\Program Files\Android\Android Studio\jbr\bin\java.exe
0x00007ffcfa1b0000 - 0x00007ffcfa3a8000 	C:\Windows\SYSTEM32\ntdll.dll
0x00007ffcf9cd0000 - 0x00007ffcf9d92000 	C:\Windows\System32\KERNEL32.DLL
0x00007ffcf7c70000 - 0x00007ffcf7f66000 	C:\Windows\System32\KERNELBASE.dll
0x00007ffcf7ac0000 - 0x00007ffcf7bc0000 	C:\Windows\System32\ucrtbase.dll
0x00007ffcd6cb0000 - 0x00007ffcd6cc7000 	C:\Program Files\Android\Android Studio\jbr\bin\jli.dll
0x00007ffcd6080000 - 0x00007ffcd609b000 	C:\Program Files\Android\Android Studio\jbr\bin\VCRUNTIME140.dll
0x00007ffcf8b80000 - 0x00007ffcf8d1d000 	C:\Windows\System32\USER32.dll
0x00007ffcf7c40000 - 0x00007ffcf7c62000 	C:\Windows\System32\win32u.dll
0x00007ffcea990000 - 0x00007ffceac2a000 	C:\Windows\WinSxS\amd64_microsoft.windows.common-controls_6595b64144ccf1df_6.0.19041.4355_none_60b8b9eb71f62e16\COMCTL32.dll
0x00007ffcf9840000 - 0x00007ffcf986b000 	C:\Windows\System32\GDI32.dll
0x00007ffcf9940000 - 0x00007ffcf99de000 	C:\Windows\System32\msvcrt.dll
0x00007ffcf8000000 - 0x00007ffcf811a000 	C:\Windows\System32\gdi32full.dll
0x00007ffcf7840000 - 0x00007ffcf78dd000 	C:\Windows\System32\msvcp_win.dll
0x00007ffcf8b50000 - 0x00007ffcf8b7f000 	C:\Windows\System32\IMM32.DLL
0x00007ffcf1280000 - 0x00007ffcf128c000 	C:\Program Files\Android\Android Studio\jbr\bin\vcruntime140_1.dll
0x00007ffc96920000 - 0x00007ffc969ad000 	C:\Program Files\Android\Android Studio\jbr\bin\msvcp140.dll
0x00007ffc93ed0000 - 0x00007ffc94b3e000 	C:\Program Files\Android\Android Studio\jbr\bin\server\jvm.dll
0x00007ffcf9080000 - 0x00007ffcf912f000 	C:\Windows\System32\ADVAPI32.dll
0x00007ffcf8d20000 - 0x00007ffcf8dbf000 	C:\Windows\System32\sechost.dll
0x00007ffcf8e80000 - 0x00007ffcf8fa3000 	C:\Windows\System32\RPCRT4.dll
0x00007ffcf7bc0000 - 0x00007ffcf7be7000 	C:\Windows\System32\bcrypt.dll
0x00007ffcf14a0000 - 0x00007ffcf14a9000 	C:\Windows\SYSTEM32\WSOCK32.dll
0x00007ffcf9da0000 - 0x00007ffcf9e0b000 	C:\Windows\System32\WS2_32.dll
0x00007ffceada0000 - 0x00007ffceadc7000 	C:\Windows\SYSTEM32\WINMM.dll
0x00007ffceadd0000 - 0x00007ffceadda000 	C:\Windows\SYSTEM32\VERSION.dll
0x00007ffcf56c0000 - 0x00007ffcf56d2000 	C:\Windows\SYSTEM32\kernel.appcore.dll
0x00007ffcf0880000 - 0x00007ffcf088a000 	C:\Program Files\Android\Android Studio\jbr\bin\jimage.dll
0x00007ffceed60000 - 0x00007ffceef44000 	C:\Windows\SYSTEM32\DBGHELP.DLL
0x00007ffceece0000 - 0x00007ffceed14000 	C:\Windows\SYSTEM32\dbgcore.DLL
0x00007ffcf7f70000 - 0x00007ffcf7ff2000 	C:\Windows\System32\bcryptPrimitives.dll
0x00007ffce2450000 - 0x00007ffce2475000 	C:\Program Files\Android\Android Studio\jbr\bin\java.dll
0x00007ffce2430000 - 0x00007ffce2448000 	C:\Program Files\Android\Android Studio\jbr\bin\zip.dll
0x00007ffcf81d0000 - 0x00007ffcf893f000 	C:\Windows\System32\SHELL32.dll
0x00007ffcf58c0000 - 0x00007ffcf6063000 	C:\Windows\SYSTEM32\windows.storage.dll
0x00007ffcf9e10000 - 0x00007ffcfa165000 	C:\Windows\System32\combase.dll
0x00007ffcf71a0000 - 0x00007ffcf71cb000 	C:\Windows\SYSTEM32\Wldp.dll
0x00007ffcf9870000 - 0x00007ffcf993d000 	C:\Windows\System32\OLEAUT32.dll
0x00007ffcf8fd0000 - 0x00007ffcf907d000 	C:\Windows\System32\SHCORE.dll
0x00007ffcf8dc0000 - 0x00007ffcf8e15000 	C:\Windows\System32\shlwapi.dll
0x00007ffcf7770000 - 0x00007ffcf7795000 	C:\Windows\SYSTEM32\profapi.dll
0x00007ffcdcf90000 - 0x00007ffcdcfa9000 	C:\Program Files\Android\Android Studio\jbr\bin\net.dll
0x00007ffceef70000 - 0x00007ffcef07a000 	C:\Windows\SYSTEM32\WINHTTP.dll
0x00007ffcf6f00000 - 0x00007ffcf6f6c000 	C:\Windows\system32\mswsock.dll
0x00007ffcd6f70000 - 0x00007ffcd6f86000 	C:\Program Files\Android\Android Studio\jbr\bin\nio.dll
0x00007ffcef210000 - 0x00007ffcef220000 	C:\Program Files\Android\Android Studio\jbr\bin\verify.dll

dbghelp: loaded successfully - version: 4.0.5 - missing functions: none
symbol engine: initialized successfully - sym options: 0x614 - pdb path: .;C:\Program Files\Android\Android Studio\jbr\bin;C:\Windows\SYSTEM32;C:\Windows\WinSxS\amd64_microsoft.windows.common-controls_6595b64144ccf1df_6.0.19041.4355_none_60b8b9eb71f62e16;C:\Program Files\Android\Android Studio\jbr\bin\server

VM Arguments:
java_command: org.jetbrains.kotlin.cli.jvm.K2JVMCompiler @G:\Skripsi\WidyaAksara\app\build\20250415_2656570226601975790.compiler.options
java_class_path (initial): C:\Users\LENOVO\.gradle\caches\modules-2\files-2.1\org.jetbrains.kotlin\kotlin-compiler-embeddable\1.8.0\eb9118d4bcceaa2a94b2ae2a33a4ddba7c9a947f\kotlin-compiler-embeddable-1.8.0.jar;C:\Users\LENOVO\.gradle\caches\modules-2\files-2.1\org.jetbrains.kotlin\kotlin-stdlib\1.8.0\1796921c7a3e2e2665a83e6c8d33399336cd39bc\kotlin-stdlib-1.8.0.jar;C:\Users\LENOVO\.gradle\caches\modules-2\files-2.1\org.jetbrains.kotlin\kotlin-script-runtime\1.8.0\b2f7e760d283cb339974851c222a4c1d48f2d3d\kotlin-script-runtime-1.8.0.jar;C:\Users\LENOVO\.gradle\caches\modules-2\files-2.1\org.jetbrains.kotlin\kotlin-reflect\1.6.10\1cbe9c92c12a94eea200d23c2bbaedaf3daf5132\kotlin-reflect-1.6.10.jar;C:\Users\LENOVO\.gradle\caches\modules-2\files-2.1\org.jetbrains.kotlin\kotlin-daemon-embeddable\1.8.0\d255216c551685dc3a7e852b53617f5f01aaaa5c\kotlin-daemon-embeddable-1.8.0.jar;C:\Users\LENOVO\.gradle\caches\modules-2\files-2.1\org.jetbrains.intellij.deps\trove4j\1.0.20200330\3afb14d5f9ceb459d724e907a21145e8ff394f02\trove4j-1.0.20200330.jar;C:\Users\LENOVO\.gradle\caches\modules-2\files-2.1\net.java.dev.jna\jna\5.6.0\330f2244e9030119ab3030fc3fededc86713d9cc\jna-5.6.0.jar;C:\Users\LENOVO\.gradle\caches\modules-2\files-2.1\org.jetbrains.kotlin\kotlin-stdlib-common\1.8.0\f7197e7cc76453ac59f8b0f8d5137cc600becd36\kotlin-stdlib-common-1.8.0.jar;C:\Users\LENOVO\.gradle\caches\modules-2\files-2.1\org.jetbrains\annotations\13.0\919f0dfe192fb4e063e7dacadee7f8bb9a2672a9\annotations-13.0.jar
Launcher Type: SUN_STANDARD

[Global flags]
     intx CICompilerCount                          = 2                                         {product} {ergonomic}
     uint ConcGCThreads                            = 1                                         {product} {ergonomic}
     uint G1ConcRefinementThreads                  = 2                                         {product} {ergonomic}
   size_t G1HeapRegionSize                         = 2097152                                   {product} {ergonomic}
    uintx GCDrainStackTargetSize                   = 64                                        {product} {ergonomic}
   size_t InitialHeapSize                          = 192937984                                 {product} {ergonomic}
   size_t MarkStackSize                            = 4194304                                   {product} {ergonomic}
   size_t MaxHeapSize                              = 3063939072                                {product} {ergonomic}
   size_t MaxNewSize                               = 1837105152                                {product} {ergonomic}
   size_t MinHeapDeltaBytes                        = 2097152                                   {product} {ergonomic}
   size_t MinHeapSize                              = 8388608                                   {product} {ergonomic}
    uintx NonNMethodCodeHeapSize                   = 5826188                                {pd product} {ergonomic}
    uintx NonProfiledCodeHeapSize                  = 122916026                              {pd product} {ergonomic}
    uintx ProfiledCodeHeapSize                     = 122916026                              {pd product} {ergonomic}
    uintx ReservedCodeCacheSize                    = 251658240                              {pd product} {ergonomic}
     bool SegmentedCodeCache                       = true                                      {product} {ergonomic}
   size_t SoftMaxHeapSize                          = 3063939072                             {manageable} {ergonomic}
     bool UseCompressedClassPointers               = true                           {product lp64_product} {ergonomic}
     bool UseCompressedOops                        = true                           {product lp64_product} {ergonomic}
     bool UseG1GC                                  = true                                      {product} {ergonomic}
     bool UseLargePagesIndividualAllocation        = false                                  {pd product} {ergonomic}

Logging:
Log output configuration:
 #0: stdout all=warning uptime,level,tags
 #1: stderr all=off uptime,level,tags

Environment Variables:
JAVA_HOME=C:\Program Files\Java\jdk1.8.0_202
PATH=C:\Program Files\Java\jdk1.8.0_202\bin;C:\Program Files (x86)\Common Files\Oracle\Java\javapath;C:\Windows\system32;C:\Windows;C:\Windows\System32\Wbem;C:\Windows\System32\WindowsPowerShell\v1.0\;C:\Windows\System32\OpenSSH\;C:\Program Files (x86)\Rational\common;C:\Program Files\IBM\SPSS\Statistics\25\JRE\bin;C:\laragon\bin\php\php;C:\composer;C:\Program Files\Git\cmd;C:\Program Files\kotlinc\bin;C:\Users\LENOVO\AppData\Local\Programs\Python\Python311\Scripts\;C:\Users\LENOVO\AppData\Local\Programs\Python\Python311\;C:\Users\LENOVO\AppData\Local\Microsoft\WindowsApps;C:\Users\LENOVO\AppData\Local\Programs\Microsoft VS Code\bin;C:\Program Files\JetBrains\IntelliJ IDEA 2023.2\bin;C:\Program Files\kotlinc;;C:\Users\LENOVO\AppData\Local\JetBrains\IntelliJ IDEA Community Edition 2023.2.1\bin;;C:\Users\LENOVO\AppData\Roaming\Composer\vendor\bin;C:\Program Files\kotlinc;
USERNAME=DZAKY
OS=Windows_NT
PROCESSOR_IDENTIFIER=AMD64 Family 21 Model 112 Stepping 0, AuthenticAMD
TMP=C:\Users\LENOVO\AppData\Local\Temp
TEMP=C:\Users\LENOVO\AppData\Local\Temp


JNI global refs:
JNI global refs: 8, weak refs: 8

JNI global refs memory usage: 843, weak refs: 841


---------------  S Y S T E M  ---------------

OS:
 Windows 10 , 64 bit Build 19041 (10.0.19041.5678)
OS uptime: 5 days 12:15 hours

CPU: total 2 (initial active 2) (2 cores per cpu, 1 threads per core) family 21 model 112 stepping 0 microcode 0x0, cx8, cmov, fxsr, mmx, 3dnowpref, sse, sse2, sse3, ssse3, sse4a, sse4.1, sse4.2, popcnt, lzcnt, tsc, tscinvbit, avx, avx2, aes, clmul, bmi1, bmi2, fma, vzeroupper, clflush

Memory: 4k page, system-wide physical 11680M (2039M free)
TotalPageFile size 11680M (AvailPageFile size 69M)
current process WorkingSet (physical memory assigned to process): 373M, peak: 376M
current process commit charge ("private bytes"): 418M, peak: 540M

vm_info: OpenJDK 64-Bit Server VM (17.0.6+0-b2043.56-10027231) for windows-amd64 JRE (17.0.6+0-b2043.56-10027231), built on Apr 28 2023 00:43:19 by "androidbuild" with MS VC++ 16.10 / 16.11 (VS2019)

END.
