#
# There is insufficient memory for the Java Runtime Environment to continue.
# Native memory allocation (mmap) failed to map 245366784 bytes for G1 virtual space
# Possible reasons:
#   The system is out of physical RAM or swap space
#   The process is running with CompressedOops enabled, and the Java Heap may be blocking the growth of the native heap
# Possible solutions:
#   Reduce memory load on the system
#   Increase physical memory or swap space
#   Check if swap backing store is full
#   Decrease Java heap size (-Xmx/-Xms)
#   Decrease number of Java threads
#   Decrease Java thread stack sizes (-Xss)
#   Set larger code cache with -XX:ReservedCodeCacheSize=
#   JVM is running with Zero Based Compressed Oops mode in which the Java heap is
#     placed in the first 32GB address space. The Java Heap base address is the
#     maximum limit for the native heap growth. Please use -XX:HeapBaseMinAddress
#     to set the Java Heap base and to place the Java Heap above 32GB virtual address.
# This output file may be truncated or incomplete.
#
#  Out of Memory Error (os_windows.cpp:3769), pid=7308, tid=9960
#
# JRE version: OpenJDK Runtime Environment (17.0.6) (build 17.0.6+0-b2043.56-10027231)
# Java VM: OpenJDK 64-Bit Server VM (17.0.6+0-b2043.56-10027231, mixed mode, tiered, compressed oops, compressed class ptrs, g1 gc, windows-amd64)
# No core dump will be written. Minidumps are not enabled by default on client versions of Windows
#

---------------  S U M M A R Y ------------

Command Line: org.jetbrains.kotlin.cli.jvm.K2JVMCompiler @G:\Skripsi\WidyaAksara\app\build\20250319_12376829180117907548.compiler.options

Host: AMD A9-9420 RADEON R5, 5 COMPUTE CORES 2C+3G   , 2 cores, 11G,  Windows 10 , 64 bit Build 19041 (10.0.19041.5438)
Time: Wed Mar 19 08:14:17 2025 SE Asia Standard Time elapsed time: 63.021166 seconds (0d 0h 1m 3s)

---------------  T H R E A D  ---------------

Current thread (0x0000022325df9c70):  VMThread "VM Thread" [stack: 0x00000071a5200000,0x00000071a5300000] [id=9960]

Stack: [0x00000071a5200000,0x00000071a5300000]
Native frames: (J=compiled Java code, j=interpreted, Vv=VM code, C=native code)
V  [jvm.dll+0x683c9a]
V  [jvm.dll+0x8427a4]
V  [jvm.dll+0x843f9e]
V  [jvm.dll+0x844603]
V  [jvm.dll+0x249b75]
V  [jvm.dll+0x680b69]
V  [jvm.dll+0x67505a]
V  [jvm.dll+0x309acb]
V  [jvm.dll+0x310f86]
V  [jvm.dll+0x3608ee]
V  [jvm.dll+0x360b1f]
V  [jvm.dll+0x2dfbf8]
V  [jvm.dll+0x2ddec4]
V  [jvm.dll+0x2dd4cc]
V  [jvm.dll+0x321f3b]
V  [jvm.dll+0x848ccb]
V  [jvm.dll+0x849a04]
V  [jvm.dll+0x849f1d]
V  [jvm.dll+0x84a2f4]
V  [jvm.dll+0x84a3c0]
V  [jvm.dll+0x7f274a]
V  [jvm.dll+0x682ad5]
C  [ucrtbase.dll+0x21bb2]
C  [KERNEL32.DLL+0x17374]
C  [ntdll.dll+0x4cc91]

VM_Operation (0x00000071a4cfda90): G1CollectForAllocation, mode: safepoint, requested by thread 0x000002230aab4bc0


---------------  P R O C E S S  ---------------

Threads class SMR info:
_java_thread_list=0x00000223269b3490, length=12, elements={
0x000002230aab4bc0, 0x0000022325e1e630, 0x0000022326800680, 0x000002232682d6a0,
0x0000022326831790, 0x0000022326832260, 0x0000022326832b20, 0x0000022326833fd0,
0x000002232684aca0, 0x00000223268601c0, 0x00000223269aee00, 0x00000223269c8010
}

Java Threads: ( => current thread )
  0x000002230aab4bc0 JavaThread "main" [_thread_blocked, id=8532, stack(0x00000071a4c00000,0x00000071a4d00000)]
  0x0000022325e1e630 JavaThread "Reference Handler" daemon [_thread_blocked, id=5600, stack(0x00000071a5300000,0x00000071a5400000)]
  0x0000022326800680 JavaThread "Finalizer" daemon [_thread_blocked, id=372, stack(0x00000071a5400000,0x00000071a5500000)]
  0x000002232682d6a0 JavaThread "Signal Dispatcher" daemon [_thread_blocked, id=1844, stack(0x00000071a5500000,0x00000071a5600000)]
  0x0000022326831790 JavaThread "Attach Listener" daemon [_thread_blocked, id=5008, stack(0x00000071a5600000,0x00000071a5700000)]
  0x0000022326832260 JavaThread "Service Thread" daemon [_thread_blocked, id=9656, stack(0x00000071a5700000,0x00000071a5800000)]
  0x0000022326832b20 JavaThread "Monitor Deflation Thread" daemon [_thread_blocked, id=7812, stack(0x00000071a5800000,0x00000071a5900000)]
  0x0000022326833fd0 JavaThread "C2 CompilerThread0" daemon [_thread_blocked, id=4180, stack(0x00000071a5900000,0x00000071a5a00000)]
  0x000002232684aca0 JavaThread "C1 CompilerThread0" daemon [_thread_blocked, id=6984, stack(0x00000071a5a00000,0x00000071a5b00000)]
  0x00000223268601c0 JavaThread "Sweeper thread" daemon [_thread_blocked, id=9804, stack(0x00000071a5b00000,0x00000071a5c00000)]
  0x00000223269aee00 JavaThread "Notification Thread" daemon [_thread_blocked, id=5112, stack(0x00000071a5c00000,0x00000071a5d00000)]
  0x00000223269c8010 JavaThread "Common-Cleaner" daemon [_thread_blocked, id=10212, stack(0x00000071a5e00000,0x00000071a5f00000)]

Other Threads:
=>0x0000022325df9c70 VMThread "VM Thread" [stack: 0x00000071a5200000,0x00000071a5300000] [id=9960]
  0x00000223269b1f00 WatcherThread [stack: 0x00000071a5d00000,0x00000071a5e00000] [id=1208]
  0x000002230ab09550 GCTaskThread "GC Thread#0" [stack: 0x00000071a4d00000,0x00000071a4e00000] [id=6656]
  0x0000022326bfe850 GCTaskThread "GC Thread#1" [stack: 0x00000071a5f00000,0x00000071a6000000] [id=1176]
  0x000002230ab15a30 ConcurrentGCThread "G1 Main Marker" [stack: 0x00000071a4e00000,0x00000071a4f00000] [id=6280]
  0x000002230ab16af0 ConcurrentGCThread "G1 Conc#0" [stack: 0x00000071a4f00000,0x00000071a5000000] [id=1228]
  0x000002230ab6c620 ConcurrentGCThread "G1 Refine#0" [stack: 0x00000071a5000000,0x00000071a5100000] [id=10004]
  0x0000022328878040 ConcurrentGCThread "G1 Refine#1" [stack: 0x00000071a6000000,0x00000071a6100000] [id=5956]
  0x000002230ab6cf50 ConcurrentGCThread "G1 Service" [stack: 0x00000071a5100000,0x00000071a5200000] [id=7288]

Threads with active compile tasks:
C2 CompilerThread0    63043 17419       4       org.jetbrains.kotlin.backend.jvm.MemoizedInlineClassReplacements$replaceOverriddenSymbols$1::invoke (118 bytes)

VM state: at safepoint (normal execution)

VM Mutex/Monitor currently owned by a thread:  ([mutex/lock_event])
[0x000002230aaaf950] Threads_lock - owner thread: 0x0000022325df9c70
[0x000002230aab0f40] Heap_lock - owner thread: 0x000002230aab4bc0

Heap address: 0x0000000749600000, size: 2922 MB, Compressed Oops mode: Zero based, Oop shift amount: 3

CDS archive(s) not mapped
Compressed class space mapped at: 0x0000000800000000-0x0000000840000000, reserved size: 1073741824
Narrow klass base: 0x0000000800000000, Narrow klass shift: 0, Narrow klass range: 0x40000000

GC Precious Log:
 CPUs: 2 total, 2 available
 Memory: 11680M
 Large Page Support: Disabled
 NUMA Support: Disabled
 Compressed Oops: Enabled (Zero based)
 Heap Region Size: 2M
 Heap Min Capacity: 8M
 Heap Initial Capacity: 184M
 Heap Max Capacity: 2922M
 Pre-touch: Disabled
 Parallel Workers: 2
 Concurrent Workers: 1
 Concurrent Refinement Workers: 2
 Periodic GC: Disabled

Heap:
 garbage-first heap   total 239616K, used 129559K [0x0000000749600000, 0x0000000800000000)
  region size 2048K, 2 young (4096K), 2 survivors (4096K)
 Metaspace       used 86184K, committed 86656K, reserved 1130496K
  class space    used 9302K, committed 9536K, reserved 1048576K

Heap Regions: E=young(eden), S=young(survivor), O=old, HS=humongous(starts), HC=humongous(continues), CS=collection set, F=free, OA=open archive, CA=closed archive, TAMS=top-at-mark-start (previous, next)
|   0|0x0000000749600000, 0x0000000749800000, 0x0000000749800000|100%|HS|  |TAMS 0x0000000749800000, 0x0000000749600000| Complete 
|   1|0x0000000749800000, 0x0000000749a00000, 0x0000000749a00000|100%|HC|  |TAMS 0x0000000749a00000, 0x0000000749800000| Complete 
|   2|0x0000000749a00000, 0x0000000749c00000, 0x0000000749c00000|100%| O|  |TAMS 0x0000000749c00000, 0x0000000749a00000| Untracked 
|   3|0x0000000749c00000, 0x0000000749e00000, 0x0000000749e00000|100%|HS|  |TAMS 0x0000000749e00000, 0x0000000749c00000| Complete 
|   4|0x0000000749e00000, 0x000000074a000000, 0x000000074a000000|100%|HC|  |TAMS 0x000000074a000000, 0x0000000749e00000| Complete 
|   5|0x000000074a000000, 0x000000074a200000, 0x000000074a200000|100%| O|  |TAMS 0x000000074a200000, 0x000000074a000000| Untracked 
|   6|0x000000074a200000, 0x000000074a400000, 0x000000074a400000|100%| O|  |TAMS 0x000000074a400000, 0x000000074a200000| Untracked 
|   7|0x000000074a400000, 0x000000074a600000, 0x000000074a600000|100%| O|  |TAMS 0x000000074a600000, 0x000000074a400000| Untracked 
|   8|0x000000074a600000, 0x000000074a800000, 0x000000074a800000|100%| O|  |TAMS 0x000000074a800000, 0x000000074a600000| Untracked 
|   9|0x000000074a800000, 0x000000074aa00000, 0x000000074aa00000|100%| O|  |TAMS 0x000000074aa00000, 0x000000074a800000| Untracked 
|  10|0x000000074aa00000, 0x000000074ac00000, 0x000000074ac00000|100%| O|  |TAMS 0x000000074ac00000, 0x000000074aa00000| Untracked 
|  11|0x000000074ac00000, 0x000000074ae00000, 0x000000074ae00000|100%| O|  |TAMS 0x000000074ae00000, 0x000000074ac00000| Untracked 
|  12|0x000000074ae00000, 0x000000074b000000, 0x000000074b000000|100%| O|  |TAMS 0x000000074b000000, 0x000000074ae00000| Untracked 
|  13|0x000000074b000000, 0x000000074b200000, 0x000000074b200000|100%|HS|  |TAMS 0x000000074b200000, 0x000000074b000000| Complete 
|  14|0x000000074b200000, 0x000000074b400000, 0x000000074b400000|100%| O|  |TAMS 0x000000074b400000, 0x000000074b200000| Untracked 
|  15|0x000000074b400000, 0x000000074b600000, 0x000000074b600000|100%| O|  |TAMS 0x000000074b600000, 0x000000074b400000| Untracked 
|  16|0x000000074b600000, 0x000000074b800000, 0x000000074b800000|100%| O|  |TAMS 0x000000074b800000, 0x000000074b600000| Untracked 
|  17|0x000000074b800000, 0x000000074ba00000, 0x000000074ba00000|100%| O|  |TAMS 0x000000074ba00000, 0x000000074b800000| Untracked 
|  18|0x000000074ba00000, 0x000000074bc00000, 0x000000074bc00000|100%| O|  |TAMS 0x000000074bc00000, 0x000000074ba00000| Untracked 
|  19|0x000000074bc00000, 0x000000074be00000, 0x000000074be00000|100%| O|  |TAMS 0x000000074be00000, 0x000000074bc00000| Untracked 
|  20|0x000000074be00000, 0x000000074c000000, 0x000000074c000000|100%| O|  |TAMS 0x000000074c000000, 0x000000074be00000| Untracked 
|  21|0x000000074c000000, 0x000000074c200000, 0x000000074c200000|100%| O|  |TAMS 0x000000074c200000, 0x000000074c000000| Untracked 
|  22|0x000000074c200000, 0x000000074c400000, 0x000000074c400000|100%| O|  |TAMS 0x000000074c400000, 0x000000074c200000| Untracked 
|  23|0x000000074c400000, 0x000000074c600000, 0x000000074c600000|100%| O|  |TAMS 0x000000074c600000, 0x000000074c400000| Untracked 
|  24|0x000000074c600000, 0x000000074c800000, 0x000000074c800000|100%| O|  |TAMS 0x000000074c800000, 0x000000074c600000| Untracked 
|  25|0x000000074c800000, 0x000000074ca00000, 0x000000074ca00000|100%| O|  |TAMS 0x000000074c800000, 0x000000074c800000| Untracked 
|  26|0x000000074ca00000, 0x000000074cc00000, 0x000000074cc00000|100%| O|  |TAMS 0x000000074cc00000, 0x000000074ca00000| Untracked 
|  27|0x000000074cc00000, 0x000000074ce00000, 0x000000074ce00000|100%| O|  |TAMS 0x000000074ce00000, 0x000000074cc00000| Untracked 
|  28|0x000000074ce00000, 0x000000074d000000, 0x000000074d000000|100%| O|  |TAMS 0x000000074d000000, 0x000000074ce00000| Untracked 
|  29|0x000000074d000000, 0x000000074d200000, 0x000000074d200000|100%| O|  |TAMS 0x000000074d200000, 0x000000074d000000| Untracked 
|  30|0x000000074d200000, 0x000000074d400000, 0x000000074d400000|100%| O|  |TAMS 0x000000074d400000, 0x000000074d200000| Untracked 
|  31|0x000000074d400000, 0x000000074d600000, 0x000000074d600000|100%| O|  |TAMS 0x000000074d600000, 0x000000074d400000| Untracked 
|  32|0x000000074d600000, 0x000000074d800000, 0x000000074d800000|100%| O|  |TAMS 0x000000074d800000, 0x000000074d600000| Untracked 
|  33|0x000000074d800000, 0x000000074da00000, 0x000000074da00000|100%| O|  |TAMS 0x000000074da00000, 0x000000074d800000| Untracked 
|  34|0x000000074da00000, 0x000000074dc00000, 0x000000074dc00000|100%| O|  |TAMS 0x000000074dc00000, 0x000000074da00000| Untracked 
|  35|0x000000074dc00000, 0x000000074de00000, 0x000000074de00000|100%| O|  |TAMS 0x000000074de00000, 0x000000074dc00000| Untracked 
|  36|0x000000074de00000, 0x000000074e000000, 0x000000074e000000|100%| O|  |TAMS 0x000000074e000000, 0x000000074de00000| Untracked 
|  37|0x000000074e000000, 0x000000074e200000, 0x000000074e200000|100%| O|  |TAMS 0x000000074e000000, 0x000000074e000000| Untracked 
|  38|0x000000074e200000, 0x000000074e400000, 0x000000074e400000|100%|HS|  |TAMS 0x000000074e400000, 0x000000074e200000| Complete 
|  39|0x000000074e400000, 0x000000074e600000, 0x000000074e600000|100%| O|  |TAMS 0x000000074e600000, 0x000000074e400000| Untracked 
|  40|0x000000074e600000, 0x000000074e800000, 0x000000074e800000|100%| O|  |TAMS 0x000000074e800000, 0x000000074e600000| Untracked 
|  41|0x000000074e800000, 0x000000074ea00000, 0x000000074ea00000|100%| O|  |TAMS 0x000000074e954800, 0x000000074e800000| Untracked 
|  42|0x000000074ea00000, 0x000000074ec00000, 0x000000074ec00000|100%| O|  |TAMS 0x000000074ea00000, 0x000000074ea00000| Untracked 
|  43|0x000000074ec00000, 0x000000074ee00000, 0x000000074ee00000|100%| O|  |TAMS 0x000000074ec00000, 0x000000074ec00000| Untracked 
|  44|0x000000074ee00000, 0x000000074f000000, 0x000000074f000000|100%| O|  |TAMS 0x000000074ee00000, 0x000000074ee00000| Untracked 
|  45|0x000000074f000000, 0x000000074f200000, 0x000000074f200000|100%| O|  |TAMS 0x000000074f000000, 0x000000074f000000| Untracked 
|  46|0x000000074f200000, 0x000000074f400000, 0x000000074f400000|100%| O|  |TAMS 0x000000074f200000, 0x000000074f200000| Untracked 
|  47|0x000000074f400000, 0x000000074f600000, 0x000000074f600000|100%| O|  |TAMS 0x000000074f400000, 0x000000074f400000| Untracked 
|  48|0x000000074f600000, 0x000000074f800000, 0x000000074f800000|100%| O|  |TAMS 0x000000074f600000, 0x000000074f600000| Untracked 
|  49|0x000000074f800000, 0x000000074fa00000, 0x000000074fa00000|100%| O|  |TAMS 0x000000074f800000, 0x000000074f800000| Untracked 
|  50|0x000000074fa00000, 0x000000074fc00000, 0x000000074fc00000|100%| O|  |TAMS 0x000000074fa00000, 0x000000074fa00000| Untracked 
|  51|0x000000074fc00000, 0x000000074fe00000, 0x000000074fe00000|100%| O|  |TAMS 0x000000074fc00000, 0x000000074fc00000| Untracked 
|  52|0x000000074fe00000, 0x0000000750000000, 0x0000000750000000|100%| O|  |TAMS 0x000000074fe00000, 0x000000074fe00000| Untracked 
|  53|0x0000000750000000, 0x0000000750200000, 0x0000000750200000|100%| O|  |TAMS 0x0000000750000000, 0x0000000750000000| Untracked 
|  54|0x0000000750200000, 0x0000000750400000, 0x0000000750400000|100%| O|  |TAMS 0x0000000750200000, 0x0000000750200000| Untracked 
|  55|0x0000000750400000, 0x0000000750600000, 0x0000000750600000|100%| O|  |TAMS 0x0000000750400000, 0x0000000750400000| Untracked 
|  56|0x0000000750600000, 0x0000000750800000, 0x0000000750800000|100%| O|  |TAMS 0x0000000750600000, 0x0000000750600000| Untracked 
|  57|0x0000000750800000, 0x0000000750a00000, 0x0000000750a00000|100%| O|  |TAMS 0x0000000750800000, 0x0000000750800000| Untracked 
|  58|0x0000000750a00000, 0x0000000750c00000, 0x0000000750c00000|100%| O|  |TAMS 0x0000000750a00000, 0x0000000750a00000| Untracked 
|  59|0x0000000750c00000, 0x0000000750e00000, 0x0000000750e00000|100%| O|  |TAMS 0x0000000750c00000, 0x0000000750c00000| Untracked 
|  60|0x0000000750e00000, 0x0000000751000000, 0x0000000751000000|100%| O|  |TAMS 0x0000000750e00000, 0x0000000750e00000| Untracked 
|  61|0x0000000751000000, 0x0000000751200000, 0x0000000751200000|100%| O|  |TAMS 0x0000000751000000, 0x0000000751000000| Untracked 
|  62|0x0000000751200000, 0x0000000751200000, 0x0000000751400000|  0%| F|  |TAMS 0x0000000751200000, 0x0000000751200000| Untracked 
|  63|0x0000000751400000, 0x0000000751400000, 0x0000000751600000|  0%| F|  |TAMS 0x0000000751400000, 0x0000000751400000| Untracked 
|  64|0x0000000751600000, 0x0000000751600000, 0x0000000751800000|  0%| F|  |TAMS 0x0000000751600000, 0x0000000751600000| Untracked 
|  65|0x0000000751800000, 0x0000000751800000, 0x0000000751a00000|  0%| F|  |TAMS 0x0000000751800000, 0x0000000751800000| Untracked 
|  66|0x0000000751a00000, 0x0000000751a00000, 0x0000000751c00000|  0%| F|  |TAMS 0x0000000751a00000, 0x0000000751a00000| Untracked 
|  67|0x0000000751c00000, 0x0000000751c00000, 0x0000000751e00000|  0%| F|  |TAMS 0x0000000751c00000, 0x0000000751c00000| Untracked 
|  68|0x0000000751e00000, 0x0000000751e00000, 0x0000000752000000|  0%| F|  |TAMS 0x0000000751e00000, 0x0000000751e00000| Untracked 
|  69|0x0000000752000000, 0x0000000752000000, 0x0000000752200000|  0%| F|  |TAMS 0x0000000752000000, 0x0000000752000000| Untracked 
|  70|0x0000000752200000, 0x0000000752200000, 0x0000000752400000|  0%| F|  |TAMS 0x0000000752200000, 0x0000000752200000| Untracked 
|  71|0x0000000752400000, 0x0000000752400000, 0x0000000752600000|  0%| F|  |TAMS 0x0000000752400000, 0x0000000752400000| Untracked 
|  72|0x0000000752600000, 0x0000000752600000, 0x0000000752800000|  0%| F|  |TAMS 0x0000000752600000, 0x0000000752600000| Untracked 
|  73|0x0000000752800000, 0x0000000752800000, 0x0000000752a00000|  0%| F|  |TAMS 0x0000000752800000, 0x0000000752800000| Untracked 
|  74|0x0000000752a00000, 0x0000000752a00000, 0x0000000752c00000|  0%| F|  |TAMS 0x0000000752a00000, 0x0000000752a00000| Untracked 
|  75|0x0000000752c00000, 0x0000000752c00000, 0x0000000752e00000|  0%| F|  |TAMS 0x0000000752c00000, 0x0000000752c00000| Untracked 
|  76|0x0000000752e00000, 0x0000000752e00000, 0x0000000753000000|  0%| F|  |TAMS 0x0000000752e00000, 0x0000000752e00000| Untracked 
|  77|0x0000000753000000, 0x0000000753000000, 0x0000000753200000|  0%| F|  |TAMS 0x0000000753000000, 0x0000000753000000| Untracked 
|  78|0x0000000753200000, 0x0000000753200000, 0x0000000753400000|  0%| F|  |TAMS 0x0000000753200000, 0x0000000753200000| Untracked 
|  79|0x0000000753400000, 0x0000000753400000, 0x0000000753600000|  0%| F|  |TAMS 0x0000000753400000, 0x0000000753400000| Untracked 
|  80|0x0000000753600000, 0x0000000753600000, 0x0000000753800000|  0%| F|  |TAMS 0x0000000753600000, 0x0000000753600000| Untracked 
|  81|0x0000000753800000, 0x0000000753800000, 0x0000000753a00000|  0%| F|  |TAMS 0x0000000753800000, 0x0000000753800000| Untracked 
|  82|0x0000000753a00000, 0x0000000753a85de0, 0x0000000753c00000| 26%| S|CS|TAMS 0x0000000753a00000, 0x0000000753a00000| Complete 
|  83|0x0000000753c00000, 0x0000000753e00000, 0x0000000753e00000|100%| S|CS|TAMS 0x0000000753c00000, 0x0000000753c00000| Complete 
|  84|0x0000000753e00000, 0x0000000753e00000, 0x0000000754000000|  0%| F|  |TAMS 0x0000000753e00000, 0x0000000753e00000| Untracked 
|  85|0x0000000754000000, 0x0000000754000000, 0x0000000754200000|  0%| F|  |TAMS 0x0000000754000000, 0x0000000754000000| Untracked 
|  86|0x0000000754200000, 0x0000000754200000, 0x0000000754400000|  0%| F|  |TAMS 0x0000000754200000, 0x0000000754200000| Untracked 
|  87|0x0000000754400000, 0x0000000754400000, 0x0000000754600000|  0%| F|  |TAMS 0x0000000754400000, 0x0000000754400000| Untracked 
|  88|0x0000000754600000, 0x0000000754600000, 0x0000000754800000|  0%| F|  |TAMS 0x0000000754600000, 0x0000000754600000| Untracked 
|  89|0x0000000754800000, 0x0000000754800000, 0x0000000754a00000|  0%| F|  |TAMS 0x0000000754800000, 0x0000000754800000| Untracked 
|  90|0x0000000754a00000, 0x0000000754a00000, 0x0000000754c00000|  0%| F|  |TAMS 0x0000000754a00000, 0x0000000754a00000| Untracked 
|  91|0x0000000754c00000, 0x0000000754c00000, 0x0000000754e00000|  0%| F|  |TAMS 0x0000000754c00000, 0x0000000754c00000| Untracked 
|  92|0x0000000754e00000, 0x0000000754e00000, 0x0000000755000000|  0%| F|  |TAMS 0x0000000754e00000, 0x0000000754e00000| Untracked 
|  93|0x0000000755000000, 0x0000000755000000, 0x0000000755200000|  0%| F|  |TAMS 0x0000000755000000, 0x0000000755000000| Untracked 
|  94|0x0000000755200000, 0x0000000755200000, 0x0000000755400000|  0%| F|  |TAMS 0x0000000755200000, 0x0000000755200000| Untracked 
|  95|0x0000000755400000, 0x0000000755400000, 0x0000000755600000|  0%| F|  |TAMS 0x0000000755400000, 0x0000000755400000| Untracked 
|  96|0x0000000755600000, 0x0000000755600000, 0x0000000755800000|  0%| F|  |TAMS 0x0000000755600000, 0x0000000755600000| Untracked 
|  97|0x0000000755800000, 0x0000000755800000, 0x0000000755a00000|  0%| F|  |TAMS 0x0000000755800000, 0x0000000755800000| Untracked 
|  98|0x0000000755a00000, 0x0000000755a00000, 0x0000000755c00000|  0%| F|  |TAMS 0x0000000755a00000, 0x0000000755a00000| Untracked 
|  99|0x0000000755c00000, 0x0000000755c00000, 0x0000000755e00000|  0%| F|  |TAMS 0x0000000755c00000, 0x0000000755c00000| Untracked 
| 100|0x0000000755e00000, 0x0000000755e00000, 0x0000000756000000|  0%| F|  |TAMS 0x0000000755e00000, 0x0000000755e00000| Untracked 
| 101|0x0000000756000000, 0x0000000756000000, 0x0000000756200000|  0%| F|  |TAMS 0x0000000756000000, 0x0000000756000000| Untracked 
| 102|0x0000000756200000, 0x0000000756200000, 0x0000000756400000|  0%| F|  |TAMS 0x0000000756200000, 0x0000000756200000| Untracked 
| 103|0x0000000756400000, 0x0000000756400000, 0x0000000756600000|  0%| F|  |TAMS 0x0000000756400000, 0x0000000756400000| Untracked 
| 104|0x0000000756600000, 0x0000000756600000, 0x0000000756800000|  0%| F|  |TAMS 0x0000000756600000, 0x0000000756600000| Untracked 
| 105|0x0000000756800000, 0x0000000756800000, 0x0000000756a00000|  0%| F|  |TAMS 0x0000000756800000, 0x0000000756800000| Untracked 
| 106|0x0000000756a00000, 0x0000000756a00000, 0x0000000756c00000|  0%| F|  |TAMS 0x0000000756a00000, 0x0000000756a00000| Untracked 
| 107|0x0000000756c00000, 0x0000000756c00000, 0x0000000756e00000|  0%| F|  |TAMS 0x0000000756c00000, 0x0000000756c00000| Untracked 
| 108|0x0000000756e00000, 0x0000000756e00000, 0x0000000757000000|  0%| F|  |TAMS 0x0000000756e00000, 0x0000000756e00000| Untracked 
| 109|0x0000000757000000, 0x0000000757000000, 0x0000000757200000|  0%| F|  |TAMS 0x0000000757000000, 0x0000000757000000| Untracked 
| 110|0x0000000757200000, 0x0000000757200000, 0x0000000757400000|  0%| F|  |TAMS 0x0000000757200000, 0x0000000757200000| Untracked 
| 111|0x0000000757400000, 0x0000000757400000, 0x0000000757600000|  0%| F|  |TAMS 0x0000000757400000, 0x0000000757400000| Untracked 
| 112|0x0000000757600000, 0x0000000757600000, 0x0000000757800000|  0%| F|  |TAMS 0x0000000757600000, 0x0000000757600000| Untracked 
| 113|0x0000000757800000, 0x0000000757800000, 0x0000000757a00000|  0%| F|  |TAMS 0x0000000757800000, 0x0000000757800000| Untracked 
| 114|0x0000000757a00000, 0x0000000757a00000, 0x0000000757c00000|  0%| F|  |TAMS 0x0000000757a00000, 0x0000000757a00000| Untracked 
| 115|0x0000000757c00000, 0x0000000757c00000, 0x0000000757e00000|  0%| F|  |TAMS 0x0000000757c00000, 0x0000000757c00000| Untracked 
| 116|0x0000000757e00000, 0x0000000757e00000, 0x0000000758000000|  0%| F|  |TAMS 0x0000000757e00000, 0x0000000757e00000| Untracked 

Card table byte_map: [0x000002231d540000,0x000002231db00000] _byte_map_base: 0x0000022319af5000

Marking Bits (Prev, Next): (CMBitMap*) 0x000002230ab09a70, (CMBitMap*) 0x000002230ab09ab0
 Prev Bits: [0x000002231e0c0000, 0x0000022320e68000)
 Next Bits: [0x0000022320e70000, 0x0000022323c18000)

Polling page: 0x0000022308c30000

Metaspace:

Usage:
  Non-class:     75.08 MB used.
      Class:      9.08 MB used.
       Both:     84.16 MB used.

Virtual space:
  Non-class space:       80.00 MB reserved,      75.31 MB ( 94%) committed,  10 nodes.
      Class space:        1.00 GB reserved,       9.31 MB ( <1%) committed,  1 nodes.
             Both:        1.08 GB reserved,      84.62 MB (  8%) committed. 

Chunk freelists:
   Non-Class:  352.00 KB
       Class:  2.66 MB
        Both:  3.00 MB

MaxMetaspaceSize: unlimited
CompressedClassSpaceSize: 1.00 GB
Initial GC threshold: 21.00 MB
Current GC threshold: 110.25 MB
CDS: off
MetaspaceReclaimPolicy: balanced
 - commit_granule_bytes: 65536.
 - commit_granule_words: 8192.
 - virtual_space_node_default_size: 1048576.
 - enlarge_chunks_in_place: 1.
 - new_chunks_are_fully_committed: 0.
 - uncommit_free_chunks: 1.
 - use_allocation_guard: 0.
 - handle_deallocations: 1.


Internal statistics:

num_allocs_failed_limit: 9.
num_arena_births: 730.
num_arena_deaths: 0.
num_vsnodes_births: 11.
num_vsnodes_deaths: 0.
num_space_committed: 1352.
num_space_uncommitted: 0.
num_chunks_returned_to_freelist: 9.
num_chunks_taken_from_freelist: 3659.
num_chunk_merges: 6.
num_chunk_splits: 2785.
num_chunks_enlarged: 2252.
num_purges: 0.
num_inconsistent_stats: 0.

CodeHeap 'non-profiled nmethods': size=120064Kb used=7143Kb max_used=7143Kb free=112920Kb
 bounds [0x0000022315a40000, 0x0000022316140000, 0x000002231cf80000]
CodeHeap 'profiled nmethods': size=120000Kb used=38339Kb max_used=38339Kb free=81660Kb
 bounds [0x000002230df80000, 0x0000022310510000, 0x00000223154b0000]
CodeHeap 'non-nmethods': size=5696Kb used=1408Kb max_used=1443Kb free=4287Kb
 bounds [0x00000223154b0000, 0x0000022315720000, 0x0000022315a40000]
 total_blobs=14727 nmethods=13992 adapters=644
 compilation: enabled
              stopped_count=0, restarted_count=0
 full_count=0

Compilation events (20 events):
Event: 62.956 Thread 0x0000022326833fd0 nmethod 17412 0x0000022315c8d310 code [0x0000022315c8d4a0, 0x0000022315c8d578]
Event: 62.960 Thread 0x0000022326833fd0 17414       4       org.jetbrains.kotlin.ir.util.AdditionalIrUtilsKt::isLocal (132 bytes)
Event: 62.969 Thread 0x000002232684aca0 17420       3       org.jetbrains.kotlin.backend.common.lower.SharedVariablesLowering$SharedVariablesTransformer$collectSharedVariables$1::visitDeclaration (34 bytes)
Event: 62.970 Thread 0x0000022326833fd0 nmethod 17414 0x0000022315c8c890 code [0x0000022315c8ca40, 0x0000022315c8cf98]
Event: 62.970 Thread 0x0000022326833fd0 17419       4       org.jetbrains.kotlin.backend.jvm.MemoizedInlineClassReplacements$replaceOverriddenSymbols$1::invoke (118 bytes)
Event: 62.971 Thread 0x000002232684aca0 nmethod 17420 0x000002230f95be10 code [0x000002230f95c160, 0x000002230f95d588]
Event: 62.971 Thread 0x000002232684aca0 17421       3       org.jetbrains.kotlin.backend.common.lower.SharedVariablesLowering$SharedVariablesTransformer$collectSharedVariables$1::visitBody (13 bytes)
Event: 62.972 Thread 0x000002232684aca0 nmethod 17421 0x000002230ff40590 code [0x000002230ff40860, 0x000002230ff41688]
Event: 62.974 Thread 0x000002232684aca0 17422       1       org.jetbrains.kotlin.backend.common.lower.LocalDeclarationsLowering$LocalFunctionContext::getIndex (5 bytes)
Event: 62.974 Thread 0x000002232684aca0 nmethod 17422 0x0000022316139890 code [0x0000022316139a20, 0x0000022316139af8]
Event: 62.974 Thread 0x000002232684aca0 17423       1       org.jetbrains.kotlin.backend.common.lower.LocalDeclarationsLowering::getLocalNameSanitizer (5 bytes)
Event: 62.974 Thread 0x000002232684aca0 nmethod 17423 0x0000022316139b90 code [0x0000022316139d20, 0x0000022316139df8]
Event: 62.975 Thread 0x000002232684aca0 17424       3       org.jetbrains.kotlin.ir.util.SetDeclarationsParentVisitor::visitGetValue (13 bytes)
Event: 62.976 Thread 0x000002232684aca0 nmethod 17424 0x000002230ff58a90 code [0x000002230ff58d20, 0x000002230ff599f8]
Event: 62.976 Thread 0x000002232684aca0 17425       3       org.jetbrains.kotlin.backend.common.lower.LocalDeclarationsLowering$LocalDeclarationsTransformer$collectLocalDeclarations$1::visitBody (13 bytes)
Event: 62.978 Thread 0x000002232684aca0 nmethod 17425 0x000002231001ca90 code [0x000002231001cda0, 0x000002231001de68]
Event: 62.980 Thread 0x000002232684aca0 17426       3       org.jetbrains.kotlin.backend.common.lower.LocalClassPopupLowering::lower (270 bytes)
Event: 62.985 Thread 0x000002232684aca0 nmethod 17426 0x00000223104fc590 code [0x00000223104fcc00, 0x00000223105006d8]
Event: 62.995 Thread 0x000002232684aca0 17428       3       org.jetbrains.kotlin.backend.jvm.lower.ReplaceDefaultImplsOverriddenSymbols::visitBody (6 bytes)
Event: 62.996 Thread 0x000002232684aca0 nmethod 17428 0x000002231001b110 code [0x000002231001b440, 0x000002231001c4c8]

GC Heap History (20 events):
Event: 33.697 GC heap after
{Heap after GC invocations=38 (full 0):
 garbage-first heap   total 141312K, used 79899K [0x0000000749600000, 0x0000000800000000)
  region size 2048K, 2 young (4096K), 2 survivors (4096K)
 Metaspace       used 66673K, committed 66944K, reserved 1114112K
  class space    used 7471K, committed 7616K, reserved 1048576K
}
Event: 37.007 GC heap before
{Heap before GC invocations=39 (full 0):
 garbage-first heap   total 141312K, used 116763K [0x0000000749600000, 0x0000000800000000)
  region size 2048K, 19 young (38912K), 2 survivors (4096K)
 Metaspace       used 67188K, committed 67520K, reserved 1114112K
  class space    used 7509K, committed 7680K, reserved 1048576K
}
Event: 37.028 GC heap after
{Heap after GC invocations=40 (full 0):
 garbage-first heap   total 141312K, used 84016K [0x0000000749600000, 0x0000000800000000)
  region size 2048K, 3 young (6144K), 3 survivors (6144K)
 Metaspace       used 67188K, committed 67520K, reserved 1114112K
  class space    used 7509K, committed 7680K, reserved 1048576K
}
Event: 37.190 GC heap before
{Heap before GC invocations=40 (full 0):
 garbage-first heap   total 141312K, used 86064K [0x0000000749600000, 0x0000000800000000)
  region size 2048K, 4 young (8192K), 3 survivors (6144K)
 Metaspace       used 67200K, committed 67520K, reserved 1114112K
  class space    used 7509K, committed 7680K, reserved 1048576K
}
Event: 37.214 GC heap after
{Heap after GC invocations=41 (full 0):
 garbage-first heap   total 141312K, used 84248K [0x0000000749600000, 0x0000000800000000)
  region size 2048K, 1 young (2048K), 1 survivors (2048K)
 Metaspace       used 67200K, committed 67520K, reserved 1114112K
  class space    used 7509K, committed 7680K, reserved 1048576K
}
Event: 39.752 GC heap before
{Heap before GC invocations=41 (full 0):
 garbage-first heap   total 141312K, used 117016K [0x0000000749600000, 0x0000000800000000)
  region size 2048K, 17 young (34816K), 1 survivors (2048K)
 Metaspace       used 67429K, committed 67712K, reserved 1114112K
  class space    used 7521K, committed 7680K, reserved 1048576K
}
Event: 39.772 GC heap after
{Heap after GC invocations=42 (full 0):
 garbage-first heap   total 239616K, used 86140K [0x0000000749600000, 0x0000000800000000)
  region size 2048K, 2 young (4096K), 2 survivors (4096K)
 Metaspace       used 67429K, committed 67712K, reserved 1114112K
  class space    used 7521K, committed 7680K, reserved 1048576K
}
Event: 47.684 GC heap before
{Heap before GC invocations=43 (full 0):
 garbage-first heap   total 239616K, used 192636K [0x0000000749600000, 0x0000000800000000)
  region size 2048K, 54 young (110592K), 2 survivors (4096K)
 Metaspace       used 69216K, committed 69632K, reserved 1114112K
  class space    used 7664K, committed 7872K, reserved 1048576K
}
Event: 47.734 GC heap after
{Heap after GC invocations=44 (full 0):
 garbage-first heap   total 239616K, used 92860K [0x0000000749600000, 0x0000000800000000)
  region size 2048K, 5 young (10240K), 5 survivors (10240K)
 Metaspace       used 69216K, committed 69632K, reserved 1114112K
  class space    used 7664K, committed 7872K, reserved 1048576K
}
Event: 47.811 GC heap before
{Heap before GC invocations=44 (full 0):
 garbage-first heap   total 239616K, used 94908K [0x0000000749600000, 0x0000000800000000)
  region size 2048K, 6 young (12288K), 5 survivors (10240K)
 Metaspace       used 69222K, committed 69632K, reserved 1114112K
  class space    used 7664K, committed 7872K, reserved 1048576K
}
Event: 47.848 GC heap after
{Heap after GC invocations=45 (full 0):
 garbage-first heap   total 239616K, used 93483K [0x0000000749600000, 0x0000000800000000)
  region size 2048K, 1 young (2048K), 1 survivors (2048K)
 Metaspace       used 69222K, committed 69632K, reserved 1114112K
  class space    used 7664K, committed 7872K, reserved 1048576K
}
Event: 52.987 GC heap before
{Heap before GC invocations=45 (full 0):
 garbage-first heap   total 239616K, used 187691K [0x0000000749600000, 0x0000000800000000)
  region size 2048K, 47 young (96256K), 1 survivors (2048K)
 Metaspace       used 75258K, committed 75648K, reserved 1122304K
  class space    used 8233K, committed 8448K, reserved 1048576K
}
Event: 53.045 GC heap after
{Heap after GC invocations=46 (full 0):
 garbage-first heap   total 239616K, used 108112K [0x0000000749600000, 0x0000000800000000)
  region size 2048K, 6 young (12288K), 6 survivors (12288K)
 Metaspace       used 75258K, committed 75648K, reserved 1122304K
  class space    used 8233K, committed 8448K, reserved 1048576K
}
Event: 57.049 GC heap before
{Heap before GC invocations=46 (full 0):
 garbage-first heap   total 239616K, used 185936K [0x0000000749600000, 0x0000000800000000)
  region size 2048K, 44 young (90112K), 6 survivors (12288K)
 Metaspace       used 81605K, committed 82048K, reserved 1122304K
  class space    used 8912K, committed 9152K, reserved 1048576K
}
Event: 57.115 GC heap after
{Heap after GC invocations=47 (full 0):
 garbage-first heap   total 239616K, used 120645K [0x0000000749600000, 0x0000000800000000)
  region size 2048K, 6 young (12288K), 6 survivors (12288K)
 Metaspace       used 81605K, committed 82048K, reserved 1122304K
  class space    used 8912K, committed 9152K, reserved 1048576K
}
Event: 59.596 GC heap before
{Heap before GC invocations=47 (full 0):
 garbage-first heap   total 239616K, used 186181K [0x0000000749600000, 0x0000000800000000)
  region size 2048K, 38 young (77824K), 6 survivors (12288K)
 Metaspace       used 85184K, committed 85632K, reserved 1130496K
  class space    used 9255K, committed 9472K, reserved 1048576K
}
Event: 59.644 GC heap after
{Heap after GC invocations=48 (full 0):
 garbage-first heap   total 239616K, used 128000K [0x0000000749600000, 0x0000000800000000)
  region size 2048K, 4 young (8192K), 4 survivors (8192K)
 Metaspace       used 85184K, committed 85632K, reserved 1130496K
  class space    used 9255K, committed 9472K, reserved 1048576K
}
Event: 61.553 GC heap before
{Heap before GC invocations=48 (full 0):
 garbage-first heap   total 239616K, used 191488K [0x0000000749600000, 0x0000000800000000)
  region size 2048K, 35 young (71680K), 4 survivors (8192K)
 Metaspace       used 86031K, committed 86528K, reserved 1130496K
  class space    used 9292K, committed 9536K, reserved 1048576K
}
Event: 61.579 GC heap after
{Heap after GC invocations=49 (full 0):
 garbage-first heap   total 239616K, used 128991K [0x0000000749600000, 0x0000000800000000)
  region size 2048K, 1 young (2048K), 1 survivors (2048K)
 Metaspace       used 86031K, committed 86528K, reserved 1130496K
  class space    used 9292K, committed 9536K, reserved 1048576K
}
Event: 62.998 GC heap before
{Heap before GC invocations=49 (full 0):
 garbage-first heap   total 239616K, used 194527K [0x0000000749600000, 0x0000000800000000)
  region size 2048K, 33 young (67584K), 1 survivors (2048K)
 Metaspace       used 86184K, committed 86656K, reserved 1130496K
  class space    used 9302K, committed 9536K, reserved 1048576K
}

Dll operation events (2 events):
Event: 0.037 Loaded shared library C:\Program Files\Android\Android Studio\jbr\bin\java.dll
Event: 2.648 Loaded shared library C:\Program Files\Android\Android Studio\jbr\bin\verify.dll

Deoptimization events (20 events):
Event: 61.296 Thread 0x000002230aab4bc0 Uncommon trap: trap_request=0xffffffc6 fr.pc=0x000002231610e030 relative=0x00000000000003d0
Event: 61.296 Thread 0x000002230aab4bc0 Uncommon trap: reason=bimorphic_or_optimized_type_check action=maybe_recompile pc=0x000002231610e030 method=org.jetbrains.kotlin.ir.visitors.IrElementVisitorVoid$DefaultImpls.visitSimpleFunction(Lorg/jetbrains/kotlin/ir/visitors/IrElementVisitorVoid;Lorg/
Event: 61.296 Thread 0x000002230aab4bc0 DEOPT PACKING pc=0x000002231610e030 sp=0x00000071a4cfbb30
Event: 61.296 Thread 0x000002230aab4bc0 DEOPT UNPACKING pc=0x00000223155069a3 sp=0x00000071a4cfbb08 mode 2
Event: 61.598 Thread 0x000002230aab4bc0 DEOPT PACKING pc=0x0000022310473278 sp=0x00000071a4cfdfd0
Event: 61.598 Thread 0x000002230aab4bc0 DEOPT UNPACKING pc=0x0000022315507143 sp=0x00000071a4cfd498 mode 0
Event: 61.641 Thread 0x000002230aab4bc0 Uncommon trap: trap_request=0xffffff45 fr.pc=0x0000022315e58c1c relative=0x000000000000035c
Event: 61.641 Thread 0x000002230aab4bc0 Uncommon trap: reason=unstable_if action=reinterpret pc=0x0000022315e58c1c method=org.jetbrains.kotlin.ir.util.TransformKt.replaceInPlace(Ljava/util/List;Ljava/util/List;I)I @ 68 c2
Event: 61.641 Thread 0x000002230aab4bc0 DEOPT PACKING pc=0x0000022315e58c1c sp=0x00000071a4cfcf40
Event: 61.641 Thread 0x000002230aab4bc0 DEOPT UNPACKING pc=0x00000223155069a3 sp=0x00000071a4cfcee8 mode 2
Event: 61.718 Thread 0x000002230aab4bc0 Uncommon trap: trap_request=0xffffff45 fr.pc=0x0000022316119590 relative=0x0000000000002af0
Event: 61.719 Thread 0x000002230aab4bc0 Uncommon trap: reason=unstable_if action=reinterpret pc=0x0000022316119590 method=org.jetbrains.kotlin.backend.jvm.caches.BridgeLoweringCache.canHaveSpecialBridge(Lorg/jetbrains/kotlin/ir/declarations/IrSimpleFunction;)Z @ 14 c2
Event: 61.719 Thread 0x000002230aab4bc0 DEOPT PACKING pc=0x0000022316119590 sp=0x00000071a4cfd1c0
Event: 61.719 Thread 0x000002230aab4bc0 DEOPT UNPACKING pc=0x00000223155069a3 sp=0x00000071a4cfd178 mode 2
Event: 61.817 Thread 0x000002230aab4bc0 DEOPT PACKING pc=0x000002230eee0821 sp=0x00000071a4cfd2a0
Event: 61.817 Thread 0x000002230aab4bc0 DEOPT UNPACKING pc=0x0000022315507143 sp=0x00000071a4cfc780 mode 0
Event: 61.886 Thread 0x000002230aab4bc0 DEOPT PACKING pc=0x00000223104b4f9b sp=0x00000071a4cfe1a0
Event: 61.886 Thread 0x000002230aab4bc0 DEOPT UNPACKING pc=0x0000022315507143 sp=0x00000071a4cfd720 mode 0
Event: 61.897 Thread 0x000002230aab4bc0 DEOPT PACKING pc=0x00000223104d161f sp=0x00000071a4cfde50
Event: 61.897 Thread 0x000002230aab4bc0 DEOPT UNPACKING pc=0x0000022315507143 sp=0x00000071a4cfd328 mode 0

Classes unloaded (0 events):
No events

Classes redefined (0 events):
No events

Internal exceptions (20 events):
Event: 21.618 Thread 0x000002230aab4bc0 Exception <a 'java/lang/NoSuchMethodError'{0x0000000750dedfa8}: 'java.lang.Object java.lang.invoke.DirectMethodHandle$Holder.invokeInterface(java.lang.Object, java.lang.Object, java.lang.Object)'> (0x0000000750dedfa8) 
thrown [s\src\hotspot\share\interpreter\linkResolver.cpp, line 771]
Event: 21.619 Thread 0x000002230aab4bc0 Exception <a 'java/lang/IncompatibleClassChangeError'{0x0000000750df1bc0}: Found class java.lang.Object, but interface was expected> (0x0000000750df1bc0) 
thrown [s\src\hotspot\share\interpreter\linkResolver.cpp, line 838]
Event: 22.371 Thread 0x000002230aab4bc0 Implicit null exception at 0x0000022315d00ebe to 0x0000022315d0118c
Event: 22.434 Thread 0x000002230aab4bc0 Implicit null exception at 0x0000022315a597f2 to 0x0000022315a59de4
Event: 22.472 Thread 0x000002230aab4bc0 Implicit null exception at 0x0000022315a5a472 to 0x0000022315a5aa5c
Event: 23.101 Thread 0x000002230aab4bc0 Exception <a 'java/lang/NoSuchMethodError'{0x000000074ffe09e0}: 'java.lang.Object java.lang.invoke.DirectMethodHandle$Holder.newInvokeSpecial(java.lang.Object, java.lang.Object, java.lang.Object, java.lang.Object, java.lang.Object, java.lang.Object, java.lang.Object)'> (0x000000074ffe09e0) 
thrown [s\src\hotspot\share\interpreter\linkResolver.cpp, line 771]
Event: 23.102 Thread 0x000002230aab4bc0 Exception <a 'java/lang/NoSuchMethodError'{0x000000074ffe5840}: 'java.lang.Object java.lang.invoke.Invokers$Holder.linkToTargetMethod(java.lang.Object, java.lang.Object, java.lang.Object, java.lang.Object, java.lang.Object, java.lang.Object, java.lang.Object)'> (0x000000074ffe5840) 
thrown [s\src\hotspot\share\interpreter\linkResolver.cpp, line 771]
Event: 27.244 Thread 0x000002230aab4bc0 Exception <a 'java/lang/NoSuchMethodError'{0x000000075023d030}: 'java.lang.Object java.lang.invoke.DirectMethodHandle$Holder.invokeStatic(java.lang.Object, int, java.lang.Object)'> (0x000000075023d030) 
thrown [s\src\hotspot\share\interpreter\linkResolver.cpp, line 771]
Event: 29.558 Thread 0x000002230aab4bc0 Exception <a 'java/lang/NoSuchMethodError'{0x0000000752b423d8}: 'java.lang.Object java.lang.invoke.DirectMethodHandle$Holder.newInvokeSpecial(java.lang.Object, int, java.lang.Object, java.lang.Object)'> (0x0000000752b423d8) 
thrown [s\src\hotspot\share\interpreter\linkResolver.cpp, line 771]
Event: 36.144 Thread 0x000002230aab4bc0 Exception <a 'java/lang/NoSuchMethodError'{0x000000075058a678}: 'void java.lang.invoke.DirectMethodHandle$Holder.invokeStatic(java.lang.Object, java.lang.Object, java.lang.Object)'> (0x000000075058a678) 
thrown [s\src\hotspot\share\interpreter\linkResolver.cpp, line 771]
Event: 40.878 Thread 0x000002230aab4bc0 Implicit null exception at 0x0000022315f360a0 to 0x0000022315f3d324
Event: 46.711 Thread 0x000002230aab4bc0 Implicit null exception at 0x0000022315ad1914 to 0x0000022315ad1b84
Event: 48.020 Thread 0x000002230aab4bc0 Implicit null exception at 0x0000022315dc47d7 to 0x0000022315dc4aa4
Event: 48.764 Thread 0x000002230aab4bc0 Implicit null exception at 0x0000022315fe13cc to 0x0000022315fe1435
Event: 48.880 Thread 0x000002230aab4bc0 Exception <a 'java/lang/NoSuchMethodError'{0x0000000757327d28}: 'java.lang.Object java.lang.invoke.DirectMethodHandle$Holder.invokeStaticInit(java.lang.Object, java.lang.Object, java.lang.Object, java.lang.Object)'> (0x0000000757327d28) 
thrown [s\src\hotspot\share\interpreter\linkResolver.cpp, line 771]
Event: 49.512 Thread 0x000002230aab4bc0 Exception <a 'java/lang/NoSuchMethodError'{0x00000007564ee150}: 'java.lang.Object java.lang.invoke.DirectMethodHandle$Holder.newInvokeSpecial(java.lang.Object, java.lang.Object, java.lang.Object, int, int)'> (0x00000007564ee150) 
thrown [s\src\hotspot\share\interpreter\linkResolver.cpp, line 771]
Event: 49.513 Thread 0x000002230aab4bc0 Exception <a 'java/lang/NoSuchMethodError'{0x00000007564f1f90}: 'java.lang.Object java.lang.invoke.DirectMethodHandle$Holder.invokeSpecial(java.lang.Object, java.lang.Object, java.lang.Object, java.lang.Object, int, int)'> (0x00000007564f1f90) 
thrown [s\src\hotspot\share\interpreter\linkResolver.cpp, line 771]
Event: 49.604 Thread 0x000002230aab4bc0 Exception <a 'java/lang/NoSuchMethodError'{0x00000007562cc748}: 'java.lang.Object java.lang.invoke.Invokers$Holder.linkToTargetMethod(java.lang.Object, java.lang.Object, int, int, java.lang.Object, java.lang.Object, java.lang.Object, java.lang.Object, java.lang.Object)'> (0x00000007562cc748) 
thrown [s\src\hotspot\share\interpreter\linkResolver.cpp, line 771]
Event: 50.795 Thread 0x000002230aab4bc0 Implicit null exception at 0x0000022315aa9819 to 0x0000022315aa9ae4
Event: 53.814 Thread 0x000002230aab4bc0 Implicit null exception at 0x000002231602728c to 0x0000022316027b88

VM Operations (20 events):
Event: 58.899 Executing VM operation: HandshakeAllThreads done
Event: 58.924 Executing VM operation: ICBufferFull
Event: 58.926 Executing VM operation: ICBufferFull done
Event: 59.328 Executing VM operation: ICBufferFull
Event: 59.328 Executing VM operation: ICBufferFull done
Event: 59.596 Executing VM operation: G1CollectForAllocation
Event: 59.644 Executing VM operation: G1CollectForAllocation done
Event: 59.969 Executing VM operation: ICBufferFull
Event: 59.969 Executing VM operation: ICBufferFull done
Event: 60.371 Executing VM operation: ICBufferFull
Event: 60.371 Executing VM operation: ICBufferFull done
Event: 61.185 Executing VM operation: ICBufferFull
Event: 61.186 Executing VM operation: ICBufferFull done
Event: 61.553 Executing VM operation: G1CollectForAllocation
Event: 61.584 Executing VM operation: G1CollectForAllocation done
Event: 61.712 Executing VM operation: HandshakeAllThreads
Event: 61.712 Executing VM operation: HandshakeAllThreads done
Event: 62.163 Executing VM operation: HandshakeAllThreads
Event: 62.163 Executing VM operation: HandshakeAllThreads done
Event: 62.997 Executing VM operation: G1CollectForAllocation

Events (20 events):
Event: 62.208 Thread 0x00000223268601c0 flushing nmethod 0x000002230ff5b790
Event: 62.208 Thread 0x00000223268601c0 flushing nmethod 0x000002230ff5c810
Event: 62.208 Thread 0x00000223268601c0 flushing nmethod 0x000002230ff62d90
Event: 62.208 Thread 0x00000223268601c0 flushing nmethod 0x000002230ff68d90
Event: 62.208 Thread 0x00000223268601c0 flushing nmethod 0x000002230ff6b790
Event: 62.208 Thread 0x00000223268601c0 flushing nmethod 0x000002230ffa2810
Event: 62.209 Thread 0x00000223268601c0 flushing nmethod 0x0000022310003610
Event: 62.209 Thread 0x00000223268601c0 flushing nmethod 0x0000022310018810
Event: 62.209 Thread 0x00000223268601c0 flushing nmethod 0x0000022310019b10
Event: 62.209 Thread 0x00000223268601c0 flushing nmethod 0x000002231001af90
Event: 62.209 Thread 0x00000223268601c0 flushing nmethod 0x0000022310021f10
Event: 62.209 Thread 0x00000223268601c0 flushing nmethod 0x0000022310024110
Event: 62.209 Thread 0x00000223268601c0 flushing nmethod 0x0000022310027410
Event: 62.209 Thread 0x00000223268601c0 flushing nmethod 0x0000022310028990
Event: 62.209 Thread 0x00000223268601c0 flushing nmethod 0x0000022310070710
Event: 62.209 Thread 0x00000223268601c0 flushing nmethod 0x0000022310082890
Event: 62.209 Thread 0x00000223268601c0 flushing nmethod 0x0000022310084610
Event: 62.209 Thread 0x00000223268601c0 flushing nmethod 0x0000022310091c10
Event: 62.210 Thread 0x00000223268601c0 flushing nmethod 0x00000223100a1910
Event: 62.210 Thread 0x00000223268601c0 flushing nmethod 0x00000223100a8210


Dynamic libraries:
0x00007ff70cda0000 - 0x00007ff70cdaa000 	C:\Program Files\Android\Android Studio\jbr\bin\java.exe
0x00007ff918650000 - 0x00007ff918848000 	C:\Windows\SYSTEM32\ntdll.dll
0x00007ff916ee0000 - 0x00007ff916fa2000 	C:\Windows\System32\KERNEL32.DLL
0x00007ff915de0000 - 0x00007ff9160df000 	C:\Windows\System32\KERNELBASE.dll
0x00007ff916180000 - 0x00007ff916280000 	C:\Windows\System32\ucrtbase.dll
0x00007ff90f200000 - 0x00007ff90f217000 	C:\Program Files\Android\Android Studio\jbr\bin\jli.dll
0x00007ff917390000 - 0x00007ff91752d000 	C:\Windows\System32\USER32.dll
0x00007ff915cf0000 - 0x00007ff915d12000 	C:\Windows\System32\win32u.dll
0x00007ff9177b0000 - 0x00007ff9177db000 	C:\Windows\System32\GDI32.dll
0x00007ff916490000 - 0x00007ff9165aa000 	C:\Windows\System32\gdi32full.dll
0x00007ff9160e0000 - 0x00007ff91617d000 	C:\Windows\System32\msvcp_win.dll
0x00007ff90f760000 - 0x00007ff90f77b000 	C:\Program Files\Android\Android Studio\jbr\bin\VCRUNTIME140.dll
0x00007ff902130000 - 0x00007ff9023ca000 	C:\Windows\WinSxS\amd64_microsoft.windows.common-controls_6595b64144ccf1df_6.0.19041.4355_none_60b8b9eb71f62e16\COMCTL32.dll
0x00007ff917a90000 - 0x00007ff917b2e000 	C:\Windows\System32\msvcrt.dll
0x00007ff917300000 - 0x00007ff91732f000 	C:\Windows\System32\IMM32.DLL
0x00007ff9119c0000 - 0x00007ff9119cc000 	C:\Program Files\Android\Android Studio\jbr\bin\vcruntime140_1.dll
0x00007ff8ef3a0000 - 0x00007ff8ef42d000 	C:\Program Files\Android\Android Studio\jbr\bin\msvcp140.dll
0x00007ff8cf0c0000 - 0x00007ff8cfd2e000 	C:\Program Files\Android\Android Studio\jbr\bin\server\jvm.dll
0x00007ff917140000 - 0x00007ff9171ef000 	C:\Windows\System32\ADVAPI32.dll
0x00007ff9170a0000 - 0x00007ff91713f000 	C:\Windows\System32\sechost.dll
0x00007ff9177e0000 - 0x00007ff917903000 	C:\Windows\System32\RPCRT4.dll
0x00007ff915db0000 - 0x00007ff915dd7000 	C:\Windows\System32\bcrypt.dll
0x00007ff90ac90000 - 0x00007ff90ac99000 	C:\Windows\SYSTEM32\WSOCK32.dll
0x00007ff906f30000 - 0x00007ff906f57000 	C:\Windows\SYSTEM32\WINMM.dll
0x00007ff9176e0000 - 0x00007ff91774b000 	C:\Windows\System32\WS2_32.dll
0x00007ff9088a0000 - 0x00007ff9088aa000 	C:\Windows\SYSTEM32\VERSION.dll
0x00007ff913a90000 - 0x00007ff913aa2000 	C:\Windows\SYSTEM32\kernel.appcore.dll
0x00007ff9050d0000 - 0x00007ff9050da000 	C:\Program Files\Android\Android Studio\jbr\bin\jimage.dll
0x00007ff90d420000 - 0x00007ff90d604000 	C:\Windows\SYSTEM32\DBGHELP.DLL
0x00007ff90d170000 - 0x00007ff90d1a4000 	C:\Windows\SYSTEM32\dbgcore.DLL
0x00007ff915d20000 - 0x00007ff915da2000 	C:\Windows\System32\bcryptPrimitives.dll
0x00007ff8fcf00000 - 0x00007ff8fcf25000 	C:\Program Files\Android\Android Studio\jbr\bin\java.dll
0x00007ff8fc7a0000 - 0x00007ff8fc7b8000 	C:\Program Files\Android\Android Studio\jbr\bin\zip.dll
0x00007ff917b30000 - 0x00007ff91829d000 	C:\Windows\System32\SHELL32.dll
0x00007ff913d70000 - 0x00007ff914514000 	C:\Windows\SYSTEM32\windows.storage.dll
0x00007ff916af0000 - 0x00007ff916e45000 	C:\Windows\System32\combase.dll
0x00007ff915650000 - 0x00007ff91567b000 	C:\Windows\SYSTEM32\Wldp.dll
0x00007ff917990000 - 0x00007ff917a5d000 	C:\Windows\System32\OLEAUT32.dll
0x00007ff9182a0000 - 0x00007ff91834d000 	C:\Windows\System32\SHCORE.dll
0x00007ff917750000 - 0x00007ff9177a5000 	C:\Windows\System32\shlwapi.dll
0x00007ff915c20000 - 0x00007ff915c45000 	C:\Windows\SYSTEM32\profapi.dll
0x00007ff8f3140000 - 0x00007ff8f3159000 	C:\Program Files\Android\Android Studio\jbr\bin\net.dll
0x00007ff90d1d0000 - 0x00007ff90d2da000 	C:\Windows\SYSTEM32\WINHTTP.dll
0x00007ff9153b0000 - 0x00007ff91541c000 	C:\Windows\system32\mswsock.dll
0x00007ff8f2c60000 - 0x00007ff8f2c76000 	C:\Program Files\Android\Android Studio\jbr\bin\nio.dll
0x00007ff9100e0000 - 0x00007ff9100f0000 	C:\Program Files\Android\Android Studio\jbr\bin\verify.dll

dbghelp: loaded successfully - version: 4.0.5 - missing functions: none
symbol engine: initialized successfully - sym options: 0x614 - pdb path: .;C:\Program Files\Android\Android Studio\jbr\bin;C:\Windows\SYSTEM32;C:\Windows\WinSxS\amd64_microsoft.windows.common-controls_6595b64144ccf1df_6.0.19041.4355_none_60b8b9eb71f62e16;C:\Program Files\Android\Android Studio\jbr\bin\server

VM Arguments:
java_command: org.jetbrains.kotlin.cli.jvm.K2JVMCompiler @G:\Skripsi\WidyaAksara\app\build\20250319_12376829180117907548.compiler.options
java_class_path (initial): C:\Users\LENOVO\.gradle\caches\modules-2\files-2.1\org.jetbrains.kotlin\kotlin-compiler-embeddable\1.8.0\eb9118d4bcceaa2a94b2ae2a33a4ddba7c9a947f\kotlin-compiler-embeddable-1.8.0.jar;C:\Users\LENOVO\.gradle\caches\modules-2\files-2.1\org.jetbrains.kotlin\kotlin-stdlib\1.8.0\1796921c7a3e2e2665a83e6c8d33399336cd39bc\kotlin-stdlib-1.8.0.jar;C:\Users\LENOVO\.gradle\caches\modules-2\files-2.1\org.jetbrains.kotlin\kotlin-script-runtime\1.8.0\b2f7e760d283cb339974851c222a4c1d48f2d3d\kotlin-script-runtime-1.8.0.jar;C:\Users\LENOVO\.gradle\caches\modules-2\files-2.1\org.jetbrains.kotlin\kotlin-reflect\1.6.10\1cbe9c92c12a94eea200d23c2bbaedaf3daf5132\kotlin-reflect-1.6.10.jar;C:\Users\LENOVO\.gradle\caches\modules-2\files-2.1\org.jetbrains.kotlin\kotlin-daemon-embeddable\1.8.0\d255216c551685dc3a7e852b53617f5f01aaaa5c\kotlin-daemon-embeddable-1.8.0.jar;C:\Users\LENOVO\.gradle\caches\modules-2\files-2.1\org.jetbrains.intellij.deps\trove4j\1.0.20200330\3afb14d5f9ceb459d724e907a21145e8ff394f02\trove4j-1.0.20200330.jar;C:\Users\LENOVO\.gradle\caches\modules-2\files-2.1\net.java.dev.jna\jna\5.6.0\330f2244e9030119ab3030fc3fededc86713d9cc\jna-5.6.0.jar;C:\Users\LENOVO\.gradle\caches\modules-2\files-2.1\org.jetbrains.kotlin\kotlin-stdlib-common\1.8.0\f7197e7cc76453ac59f8b0f8d5137cc600becd36\kotlin-stdlib-common-1.8.0.jar;C:\Users\LENOVO\.gradle\caches\modules-2\files-2.1\org.jetbrains\annotations\13.0\919f0dfe192fb4e063e7dacadee7f8bb9a2672a9\annotations-13.0.jar
Launcher Type: SUN_STANDARD

[Global flags]
     intx CICompilerCount                          = 2                                         {product} {ergonomic}
     uint ConcGCThreads                            = 1                                         {product} {ergonomic}
     uint G1ConcRefinementThreads                  = 2                                         {product} {ergonomic}
   size_t G1HeapRegionSize                         = 2097152                                   {product} {ergonomic}
    uintx GCDrainStackTargetSize                   = 64                                        {product} {ergonomic}
   size_t InitialHeapSize                          = 192937984                                 {product} {ergonomic}
   size_t MarkStackSize                            = 4194304                                   {product} {ergonomic}
   size_t MaxHeapSize                              = 3063939072                                {product} {ergonomic}
   size_t MaxNewSize                               = 1837105152                                {product} {ergonomic}
   size_t MinHeapDeltaBytes                        = 2097152                                   {product} {ergonomic}
   size_t MinHeapSize                              = 8388608                                   {product} {ergonomic}
    uintx NonNMethodCodeHeapSize                   = 5826188                                {pd product} {ergonomic}
    uintx NonProfiledCodeHeapSize                  = 122916026                              {pd product} {ergonomic}
    uintx ProfiledCodeHeapSize                     = 122916026                              {pd product} {ergonomic}
    uintx ReservedCodeCacheSize                    = 251658240                              {pd product} {ergonomic}
     bool SegmentedCodeCache                       = true                                      {product} {ergonomic}
   size_t SoftMaxHeapSize                          = 3063939072                             {manageable} {ergonomic}
     bool UseCompressedClassPointers               = true                           {product lp64_product} {ergonomic}
     bool UseCompressedOops                        = true                           {product lp64_product} {ergonomic}
     bool UseG1GC                                  = true                                      {product} {ergonomic}
     bool UseLargePagesIndividualAllocation        = false                                  {pd product} {ergonomic}

Logging:
Log output configuration:
 #0: stdout all=warning uptime,level,tags
 #1: stderr all=off uptime,level,tags

Environment Variables:
JAVA_HOME=C:\Program Files\Java\jdk1.8.0_202
PATH=C:\Program Files\Java\jdk1.8.0_202\bin;C:\Program Files (x86)\Common Files\Oracle\Java\javapath;C:\Windows\system32;C:\Windows;C:\Windows\System32\Wbem;C:\Windows\System32\WindowsPowerShell\v1.0\;C:\Windows\System32\OpenSSH\;C:\Program Files (x86)\Rational\common;C:\Program Files\IBM\SPSS\Statistics\25\JRE\bin;C:\laragon\bin\php\php;C:\composer;C:\Program Files\Git\cmd;C:\Program Files\kotlinc\bin;C:\Users\LENOVO\AppData\Local\Programs\Python\Python311\Scripts\;C:\Users\LENOVO\AppData\Local\Programs\Python\Python311\;C:\Users\LENOVO\AppData\Local\Microsoft\WindowsApps;C:\Users\LENOVO\AppData\Local\Programs\Microsoft VS Code\bin;C:\Program Files\JetBrains\IntelliJ IDEA 2023.2\bin;C:\Program Files\kotlinc;;C:\Users\LENOVO\AppData\Local\JetBrains\IntelliJ IDEA Community Edition 2023.2.1\bin;;C:\Users\LENOVO\AppData\Roaming\Composer\vendor\bin;C:\Program Files\kotlinc;
USERNAME=DZAKY
OS=Windows_NT
PROCESSOR_IDENTIFIER=AMD64 Family 21 Model 112 Stepping 0, AuthenticAMD
TMP=C:\Users\LENOVO\AppData\Local\Temp
TEMP=C:\Users\LENOVO\AppData\Local\Temp


JNI global refs:
JNI global refs: 8, weak refs: 5

JNI global refs memory usage: 843, weak refs: 841


---------------  S Y S T E M  ---------------

OS:
 Windows 10 , 64 bit Build 19041 (10.0.19041.5438)
OS uptime: 2 days 14:03 hours

CPU: total 2 (initial active 2) (2 cores per cpu, 1 threads per core) family 21 model 112 stepping 0 microcode 0x0, cx8, cmov, fxsr, mmx, 3dnowpref, sse, sse2, sse3, ssse3, sse4a, sse4.1, sse4.2, popcnt, lzcnt, tsc, tscinvbit, avx, avx2, aes, clmul, bmi1, bmi2, fma, vzeroupper, clflush

Memory: 4k page, system-wide physical 11680M (2095M free)
TotalPageFile size 11680M (AvailPageFile size 222M)
current process WorkingSet (physical memory assigned to process): 461M, peak: 464M
current process commit charge ("private bytes"): 486M, peak: 720M

vm_info: OpenJDK 64-Bit Server VM (17.0.6+0-b2043.56-10027231) for windows-amd64 JRE (17.0.6+0-b2043.56-10027231), built on Apr 28 2023 00:43:19 by "androidbuild" with MS VC++ 16.10 / 16.11 (VS2019)

END.
