#
# There is insufficient memory for the Java Runtime Environment to continue.
# Native memory allocation (malloc) failed to allocate 98576 bytes for Chunk::new
# Possible reasons:
#   The system is out of physical RAM or swap space
#   The process is running with CompressedOops enabled, and the Java Heap may be blocking the growth of the native heap
# Possible solutions:
#   Reduce memory load on the system
#   Increase physical memory or swap space
#   Check if swap backing store is full
#   Decrease Java heap size (-Xmx/-Xms)
#   Decrease number of Java threads
#   Decrease Java thread stack sizes (-Xss)
#   Set larger code cache with -XX:ReservedCodeCacheSize=
#   JVM is running with Unscaled Compressed Oops mode in which the Java heap is
#     placed in the first 4GB address space. The Java Heap base address is the
#     maximum limit for the native heap growth. Please use -XX:HeapBaseMinAddress
#     to set the Java Heap base and to place the Java Heap above 4GB virtual address.
# This output file may be truncated or incomplete.
#
#  Out of Memory Error (arena.cpp:189), pid=11128, tid=1244
#
# JRE version: OpenJDK Runtime Environment (17.0.6) (build 17.0.6+0-b2043.56-10027231)
# Java VM: OpenJDK 64-Bit Server VM (17.0.6+0-b2043.56-10027231, mixed mode, tiered, compressed oops, compressed class ptrs, g1 gc, windows-amd64)
# No core dump will be written. Minidumps are not enabled by default on client versions of Windows
#

---------------  S U M M A R Y ------------

Command Line: --add-opens=java.base/java.util=ALL-UNNAMED --add-opens=java.base/java.lang=ALL-UNNAMED --add-opens=java.base/java.lang.invoke=ALL-UNNAMED --add-opens=java.prefs/java.util.prefs=ALL-UNNAMED --add-opens=java.base/java.nio.charset=ALL-UNNAMED --add-opens=java.base/java.net=ALL-UNNAMED --add-opens=java.base/java.util.concurrent.atomic=ALL-UNNAMED -Xmx2048m -Dfile.encoding=UTF-8 -Duser.country=ID -Duser.language=en -Duser.variant org.gradle.launcher.daemon.bootstrap.GradleDaemon 8.0

Host: AMD A9-9420 RADEON R5, 5 COMPUTE CORES 2C+3G   , 2 cores, 11G,  Windows 10 , 64 bit Build 19041 (10.0.19041.5438)
Time: Fri Mar 14 16:22:44 2025 SE Asia Standard Time elapsed time: 6993.656631 seconds (0d 1h 56m 33s)

---------------  T H R E A D  ---------------

Current thread (0x0000020b2f25eac0):  JavaThread "C2 CompilerThread0" daemon [_thread_in_native, id=1244, stack(0x0000004324200000,0x0000004324300000)]


Current CompileTask:
C2:6993656 24040       4       com.android.tools.r8.internal.M4::c (80 bytes)

Stack: [0x0000004324200000,0x0000004324300000]
Native frames: (J=compiled Java code, j=interpreted, Vv=VM code, C=native code)
V  [jvm.dll+0x683c9a]
V  [jvm.dll+0x8427a4]
V  [jvm.dll+0x843f9e]
V  [jvm.dll+0x844603]
V  [jvm.dll+0x249b75]
V  [jvm.dll+0xabcac]
V  [jvm.dll+0xac27c]
V  [jvm.dll+0x11f257]
V  [jvm.dll+0x615b35]
V  [jvm.dll+0x614204]
V  [jvm.dll+0x21c078]
V  [jvm.dll+0x21b621]
V  [jvm.dll+0x1a4fdd]
V  [jvm.dll+0x22b098]
V  [jvm.dll+0x229159]
V  [jvm.dll+0x7f81ec]
V  [jvm.dll+0x7f274a]
V  [jvm.dll+0x682ad5]
C  [ucrtbase.dll+0x21bb2]
C  [KERNEL32.DLL+0x17374]
C  [ntdll.dll+0x4cc91]


---------------  P R O C E S S  ---------------

Threads class SMR info:
_java_thread_list=0x0000020b344f4ee0, length=73, elements={
0x0000020b16121660, 0x0000020b2fc13620, 0x0000020b2fc143a0, 0x0000020b2f2593c0,
0x0000020b2f25cca0, 0x0000020b2f25d560, 0x0000020b2f25de20, 0x0000020b2f25eac0,
0x0000020b2fc976d0, 0x0000020b2fc99bf0, 0x0000020b2fd3bff0, 0x0000020b2fd3c4c0,
0x0000020b31100710, 0x0000020b310fe090, 0x0000020b310fd6f0, 0x0000020b311010b0,
0x0000020b310fef00, 0x0000020b30996640, 0x0000020b30996fe0, 0x0000020b309957d0,
0x0000020b30995ca0, 0x0000020b30999660, 0x0000020b30997980, 0x0000020b30993af0,
0x0000020b30995300, 0x0000020b33446640, 0x0000020b33ad0460, 0x0000020b33acc5d0,
0x0000020b33ad0930, 0x0000020b33acf120, 0x0000020b33ace2b0, 0x0000020b334422e0,
0x0000020b33445ca0, 0x0000020b334427b0, 0x0000020b33441e10, 0x0000020b33442c80,
0x0000020b33443fc0, 0x0000020b33448320, 0x0000020b33444960, 0x0000020b334487f0,
0x0000020b33441470, 0x0000020b33443150, 0x0000020b33444490, 0x0000020b39171d30,
0x0000020b39172200, 0x0000020b39172ba0, 0x0000020b3916fb80, 0x0000020b3916ed10,
0x0000020b39170050, 0x0000020b391726d0, 0x0000020b3916d500, 0x0000020b39170520,
0x0000020b39170ec0, 0x0000020b3916e370, 0x0000020b39173070, 0x0000020b39173540,
0x0000020b39173a10, 0x0000020b391743b0, 0x0000020b3916f6b0, 0x0000020b39173ee0,
0x0000020b3916cb60, 0x0000020b3916e840, 0x0000020b3916f1e0, 0x0000020b315a2700,
0x0000020b3159ed40, 0x0000020b315a5bf0, 0x0000020b3159f6e0, 0x0000020b315a60c0,
0x0000020b315a6590, 0x0000020b315a30a0, 0x0000020b315a3570, 0x0000020b315a3a40,
0x0000020b315a3f10
}

Java Threads: ( => current thread )
  0x0000020b16121660 JavaThread "main" [_thread_blocked, id=12168, stack(0x0000004323400000,0x0000004323500000)]
  0x0000020b2fc13620 JavaThread "Reference Handler" daemon [_thread_blocked, id=5948, stack(0x0000004323c00000,0x0000004323d00000)]
  0x0000020b2fc143a0 JavaThread "Finalizer" daemon [_thread_blocked, id=2616, stack(0x0000004323d00000,0x0000004323e00000)]
  0x0000020b2f2593c0 JavaThread "Signal Dispatcher" daemon [_thread_blocked, id=5712, stack(0x0000004323e00000,0x0000004323f00000)]
  0x0000020b2f25cca0 JavaThread "Attach Listener" daemon [_thread_blocked, id=6676, stack(0x0000004323f00000,0x0000004324000000)]
  0x0000020b2f25d560 JavaThread "Service Thread" daemon [_thread_blocked, id=8856, stack(0x0000004324000000,0x0000004324100000)]
  0x0000020b2f25de20 JavaThread "Monitor Deflation Thread" daemon [_thread_blocked, id=10108, stack(0x0000004324100000,0x0000004324200000)]
=>0x0000020b2f25eac0 JavaThread "C2 CompilerThread0" daemon [_thread_in_native, id=1244, stack(0x0000004324200000,0x0000004324300000)]
  0x0000020b2fc976d0 JavaThread "C1 CompilerThread0" daemon [_thread_in_vm, id=1144, stack(0x0000004324300000,0x0000004324400000)]
  0x0000020b2fc99bf0 JavaThread "Sweeper thread" daemon [_thread_blocked, id=276, stack(0x0000004324400000,0x0000004324500000)]
  0x0000020b2fd3bff0 JavaThread "Common-Cleaner" daemon [_thread_blocked, id=1396, stack(0x0000004324500000,0x0000004324600000)]
  0x0000020b2fd3c4c0 JavaThread "Notification Thread" daemon [_thread_blocked, id=11668, stack(0x0000004324600000,0x0000004324700000)]
  0x0000020b31100710 JavaThread "Daemon health stats" [_thread_blocked, id=4700, stack(0x0000004324900000,0x0000004324a00000)]
  0x0000020b310fe090 JavaThread "Incoming local TCP Connector on port 52955" [_thread_in_native, id=6224, stack(0x0000004324a00000,0x0000004324b00000)]
  0x0000020b310fd6f0 JavaThread "Daemon periodic checks" [_thread_blocked, id=2708, stack(0x0000004324b00000,0x0000004324c00000)]
  0x0000020b311010b0 JavaThread "Cache worker for journal cache (C:\Users\LENOVO\.gradle\caches\journal-1)" [_thread_blocked, id=7624, stack(0x0000004325300000,0x0000004325400000)]
  0x0000020b310fef00 JavaThread "File lock request listener" [_thread_in_native, id=2204, stack(0x0000004325400000,0x0000004325500000)]
  0x0000020b30996640 JavaThread "Cache worker for file hash cache (C:\Users\LENOVO\.gradle\caches\8.0\fileHashes)" [_thread_blocked, id=3612, stack(0x0000004325500000,0x0000004325600000)]
  0x0000020b30996fe0 JavaThread "File watcher server" daemon [_thread_in_native, id=6704, stack(0x0000004325600000,0x0000004325700000)]
  0x0000020b309957d0 JavaThread "File watcher consumer" daemon [_thread_blocked, id=9416, stack(0x0000004325700000,0x0000004325800000)]
  0x0000020b30995ca0 JavaThread "Cache worker for file content cache (C:\Users\LENOVO\.gradle\caches\8.0\fileContent)" [_thread_blocked, id=1224, stack(0x0000004325a00000,0x0000004325b00000)]
  0x0000020b30999660 JavaThread "Cache worker for execution history cache (C:\Users\LENOVO\.gradle\caches\8.0\executionHistory)" [_thread_blocked, id=2684, stack(0x0000004325d00000,0x0000004325e00000)]
  0x0000020b30997980 JavaThread "jar transforms" [_thread_blocked, id=9780, stack(0x0000004325e00000,0x0000004325f00000)]
  0x0000020b30993af0 JavaThread "jar transforms Thread 2" [_thread_blocked, id=10988, stack(0x0000004325f00000,0x0000004326000000)]
  0x0000020b30995300 JavaThread "Cache worker for kotlin-dsl (C:\Users\LENOVO\.gradle\caches\8.0\kotlin-dsl)" [_thread_blocked, id=3832, stack(0x0000004326000000,0x0000004326100000)]
  0x0000020b33446640 JavaThread "Memory manager" [_thread_blocked, id=10312, stack(0x0000004327900000,0x0000004327a00000)]
  0x0000020b33ad0460 JavaThread "RMI Scheduler(0)" daemon [_thread_blocked, id=60, stack(0x0000004327d00000,0x0000004327e00000)]
  0x0000020b33acc5d0 JavaThread "RMI RenewClean-[127.0.0.1:17576,org.jetbrains.kotlin.daemon.common.LoopbackNetworkInterface$ClientLoopbackSocketFactory@40409a12]" daemon [_thread_blocked, id=6380, stack(0x0000004327e00000,0x0000004327f00000)]
  0x0000020b33ad0930 JavaThread "RMI GC Daemon" daemon [_thread_blocked, id=7384, stack(0x0000004327f00000,0x0000004328000000)]
  0x0000020b33acf120 JavaThread "RMI TCP Accept-0" daemon [_thread_in_native, id=4220, stack(0x0000004328000000,0x0000004328100000)]
  0x0000020b33ace2b0 JavaThread "RMI Reaper" [_thread_blocked, id=6256, stack(0x0000004328100000,0x0000004328200000)]
  0x0000020b334422e0 JavaThread "Daemon Thread 7" [_thread_blocked, id=6976, stack(0x0000004323300000,0x0000004323400000)]
  0x0000020b33445ca0 JavaThread "Handler for socket connection from /127.0.0.1:52955 to /127.0.0.1:53603" [_thread_in_native, id=5208, stack(0x0000004323500000,0x0000004323600000)]
  0x0000020b334427b0 JavaThread "Cancel handler" [_thread_blocked, id=1624, stack(0x0000004324c00000,0x0000004324d00000)]
  0x0000020b33441e10 JavaThread "Daemon worker Thread 7" [_thread_blocked, id=9956, stack(0x0000004324d00000,0x0000004324e00000)]
  0x0000020b33442c80 JavaThread "Asynchronous log dispatcher for DefaultDaemonConnection: socket connection from /127.0.0.1:52955 to /127.0.0.1:53603" [_thread_blocked, id=5256, stack(0x0000004324e00000,0x0000004324f00000)]
  0x0000020b33443fc0 JavaThread "Stdin handler" [_thread_blocked, id=2408, stack(0x0000004324f00000,0x0000004325000000)]
  0x0000020b33448320 JavaThread "Daemon client event forwarder" [_thread_blocked, id=5792, stack(0x0000004325000000,0x0000004325100000)]
  0x0000020b33444960 JavaThread "Cache worker for checksums cache (G:\Skripsi\WidyaAksara\.gradle\8.0\checksums)" [_thread_blocked, id=6776, stack(0x0000004325100000,0x0000004325200000)]
  0x0000020b334487f0 JavaThread "Cache worker for cache directory md-rule (C:\Users\LENOVO\.gradle\caches\8.0\md-rule)" [_thread_blocked, id=10244, stack(0x0000004325200000,0x0000004325300000)]
  0x0000020b33441470 JavaThread "Cache worker for file hash cache (G:\Skripsi\WidyaAksara\.gradle\8.0\fileHashes)" [_thread_blocked, id=11792, stack(0x0000004325800000,0x0000004325900000)]
  0x0000020b33443150 JavaThread "Cache worker for cache directory md-supplier (C:\Users\LENOVO\.gradle\caches\8.0\md-supplier)" [_thread_blocked, id=11584, stack(0x0000004325900000,0x0000004325a00000)]
  0x0000020b33444490 JavaThread "Cache worker for dependencies-accessors (G:\Skripsi\WidyaAksara\.gradle\8.0\dependencies-accessors)" [_thread_blocked, id=9916, stack(0x0000004325b00000,0x0000004325c00000)]
  0x0000020b39171d30 JavaThread "Cache worker for Build Output Cleanup Cache (G:\Skripsi\WidyaAksara\.gradle\buildOutputCleanup)" [_thread_blocked, id=5688, stack(0x0000004325c00000,0x0000004325d00000)]
  0x0000020b39172200 JavaThread "Unconstrained build operations" [_thread_blocked, id=2444, stack(0x0000004326100000,0x0000004326200000)]
  0x0000020b39172ba0 JavaThread "Unconstrained build operations Thread 2" [_thread_blocked, id=6360, stack(0x0000004326200000,0x0000004326300000)]
  0x0000020b3916fb80 JavaThread "Unconstrained build operations Thread 3" [_thread_blocked, id=10216, stack(0x0000004326300000,0x0000004326400000)]
  0x0000020b3916ed10 JavaThread "Unconstrained build operations Thread 4" [_thread_blocked, id=4292, stack(0x0000004326400000,0x0000004326500000)]
  0x0000020b39170050 JavaThread "Unconstrained build operations Thread 5" [_thread_blocked, id=8740, stack(0x0000004326500000,0x0000004326600000)]
  0x0000020b391726d0 JavaThread "Unconstrained build operations Thread 6" [_thread_blocked, id=2796, stack(0x0000004326600000,0x0000004326700000)]
  0x0000020b3916d500 JavaThread "Unconstrained build operations Thread 7" [_thread_blocked, id=6100, stack(0x0000004326700000,0x0000004326800000)]
  0x0000020b39170520 JavaThread "Unconstrained build operations Thread 8" [_thread_blocked, id=4868, stack(0x0000004326800000,0x0000004326900000)]
  0x0000020b39170ec0 JavaThread "Unconstrained build operations Thread 9" [_thread_blocked, id=6712, stack(0x0000004326900000,0x0000004326a00000)]
  0x0000020b3916e370 JavaThread "Unconstrained build operations Thread 10" [_thread_blocked, id=8148, stack(0x0000004326a00000,0x0000004326b00000)]
  0x0000020b39173070 JavaThread "Unconstrained build operations Thread 11" [_thread_blocked, id=8720, stack(0x0000004326b00000,0x0000004326c00000)]
  0x0000020b39173540 JavaThread "Unconstrained build operations Thread 12" [_thread_blocked, id=6308, stack(0x0000004326c00000,0x0000004326d00000)]
  0x0000020b39173a10 JavaThread "Unconstrained build operations Thread 13" [_thread_blocked, id=1972, stack(0x0000004326d00000,0x0000004326e00000)]
  0x0000020b391743b0 JavaThread "Unconstrained build operations Thread 14" [_thread_blocked, id=11340, stack(0x0000004326e00000,0x0000004326f00000)]
  0x0000020b3916f6b0 JavaThread "Unconstrained build operations Thread 15" [_thread_blocked, id=952, stack(0x0000004326f00000,0x0000004327000000)]
  0x0000020b39173ee0 JavaThread "Unconstrained build operations Thread 16" [_thread_blocked, id=11572, stack(0x0000004327000000,0x0000004327100000)]
  0x0000020b3916cb60 JavaThread "Unconstrained build operations Thread 17" [_thread_blocked, id=9732, stack(0x0000004327100000,0x0000004327200000)]
  0x0000020b3916e840 JavaThread "Unconstrained build operations Thread 18" [_thread_blocked, id=10192, stack(0x0000004327200000,0x0000004327300000)]
  0x0000020b3916f1e0 JavaThread "Unconstrained build operations Thread 19" [_thread_blocked, id=11708, stack(0x0000004327300000,0x0000004327400000)]
  0x0000020b315a2700 JavaThread "Unconstrained build operations Thread 20" [_thread_blocked, id=1956, stack(0x0000004327400000,0x0000004327500000)]
  0x0000020b3159ed40 JavaThread "build event listener" [_thread_blocked, id=6984, stack(0x0000004327500000,0x0000004327600000)]
  0x0000020b315a5bf0 JavaThread "included builds" [_thread_blocked, id=6240, stack(0x0000004327600000,0x0000004327700000)]
  0x0000020b3159f6e0 JavaThread "Execution worker" [_thread_blocked, id=2108, stack(0x0000004327700000,0x0000004327800000)]
  0x0000020b315a60c0 JavaThread "Cache worker for execution history cache (G:\Skripsi\WidyaAksara\.gradle\8.0\executionHistory)" [_thread_blocked, id=5940, stack(0x0000004327a00000,0x0000004327b00000)]
  0x0000020b315a6590 JavaThread "WorkerExecutor Queue" [_thread_blocked, id=11072, stack(0x0000004327b00000,0x0000004327c00000)]
  0x0000020b315a30a0 JavaThread "RMI RenewClean-[127.0.0.1:17576,org.jetbrains.kotlin.daemon.common.LoopbackNetworkInterface$ClientLoopbackSocketFactory@7b0a1324]" daemon [_thread_blocked, id=11748, stack(0x0000004327c00000,0x0000004327d00000)]
  0x0000020b315a3570 JavaThread "RMI TCP Connection(18)-127.0.0.1" daemon [_thread_in_native, id=1384, stack(0x0000004328200000,0x0000004328300000)]
  0x0000020b315a3a40 JavaThread "WorkerExecutor Queue Thread 2" [_thread_in_Java, id=1156, stack(0x0000004328300000,0x0000004328400000)]
  0x0000020b315a3f10 JavaThread "WorkerExecutor Queue Thread 3" [_thread_blocked, id=2596, stack(0x0000004328400000,0x0000004328500000)]

Other Threads:
  0x0000020b2f2407d0 VMThread "VM Thread" [stack: 0x0000004323b00000,0x0000004323c00000] [id=4912]
  0x0000020b2fd19f30 WatcherThread [stack: 0x0000004324700000,0x0000004324800000] [id=11644]
  0x0000020b1617cea0 GCTaskThread "GC Thread#0" [stack: 0x0000004323600000,0x0000004323700000] [id=3816]
  0x0000020b2ff8a0a0 GCTaskThread "GC Thread#1" [stack: 0x0000004324800000,0x0000004324900000] [id=1688]
  0x0000020b1618dcf0 ConcurrentGCThread "G1 Main Marker" [stack: 0x0000004323700000,0x0000004323800000] [id=1032]
  0x0000020b1618e610 ConcurrentGCThread "G1 Conc#0" [stack: 0x0000004323800000,0x0000004323900000] [id=6840]
  0x0000020b161ede20 ConcurrentGCThread "G1 Refine#0" [stack: 0x0000004323900000,0x0000004323a00000] [id=11388]
  0x0000020b344cd3c0 ConcurrentGCThread "G1 Refine#1" [stack: 0x0000004327800000,0x0000004327900000] [id=11816]
  0x0000020b161ee750 ConcurrentGCThread "G1 Service" [stack: 0x0000004323a00000,0x0000004323b00000] [id=7772]

Threads with active compile tasks:
C2 CompilerThread0  6993696 24040       4       com.android.tools.r8.internal.M4::c (80 bytes)
C1 CompilerThread0  6993696 24054 % !   3       com.sun.crypto.provider.PKCS12PBECipherCore::derive @ 227 (381 bytes)

VM state: not at safepoint (normal execution)

VM Mutex/Monitor currently owned by a thread:  ([mutex/lock_event])
[0x0000020b1407d590] Metaspace_lock - owner thread: 0x0000020b2fc976d0
[0x0000020b1611edb0] MethodData_lock - owner thread: 0x0000020b2fc976d0

Heap address: 0x0000000080000000, size: 2048 MB, Compressed Oops mode: 32-bit

CDS archive(s) not mapped
Compressed class space mapped at: 0x0000000100000000-0x0000000140000000, reserved size: 1073741824
Narrow klass base: 0x0000000000000000, Narrow klass shift: 3, Narrow klass range: 0x140000000

GC Precious Log:
 CPUs: 2 total, 2 available
 Memory: 11680M
 Large Page Support: Disabled
 NUMA Support: Disabled
 Compressed Oops: Enabled (32-bit)
 Heap Region Size: 1M
 Heap Min Capacity: 8M
 Heap Initial Capacity: 184M
 Heap Max Capacity: 2G
 Pre-touch: Disabled
 Parallel Workers: 2
 Concurrent Workers: 1
 Concurrent Refinement Workers: 2
 Periodic GC: Disabled

Heap:
 garbage-first heap   total 302080K, used 231967K [0x0000000080000000, 0x0000000100000000)
  region size 1024K, 55 young (56320K), 2 survivors (2048K)
 Metaspace       used 132625K, committed 133952K, reserved 1171456K
  class space    used 17672K, committed 18304K, reserved 1048576K

Heap Regions: E=young(eden), S=young(survivor), O=old, HS=humongous(starts), HC=humongous(continues), CS=collection set, F=free, OA=open archive, CA=closed archive, TAMS=top-at-mark-start (previous, next)
|   0|0x0000000080000000, 0x0000000080100000, 0x0000000080100000|100%|HS|  |TAMS 0x0000000080100000, 0x0000000080100000| Untracked 
|   1|0x0000000080100000, 0x0000000080200000, 0x0000000080200000|100%|HC|  |TAMS 0x0000000080200000, 0x0000000080200000| Untracked 
|   2|0x0000000080200000, 0x0000000080300000, 0x0000000080300000|100%|HC|  |TAMS 0x0000000080300000, 0x0000000080300000| Untracked 
|   3|0x0000000080300000, 0x0000000080400000, 0x0000000080400000|100%|HC|  |TAMS 0x0000000080400000, 0x0000000080400000| Untracked 
|   4|0x0000000080400000, 0x00000000804ffef0, 0x0000000080500000| 99%| O|  |TAMS 0x0000000080400000, 0x00000000804ffef0| Untracked 
|   5|0x0000000080500000, 0x0000000080600000, 0x0000000080600000|100%| O|  |TAMS 0x0000000080600000, 0x0000000080600000| Untracked 
|   6|0x0000000080600000, 0x00000000806e5ff0, 0x0000000080700000| 89%| O|  |TAMS 0x0000000080600000, 0x00000000806e5ff0| Untracked 
|   7|0x0000000080700000, 0x00000000807ffde0, 0x0000000080800000| 99%| O|  |TAMS 0x0000000080700000, 0x00000000807ffde0| Untracked 
|   8|0x0000000080800000, 0x00000000808c7498, 0x0000000080900000| 77%| O|  |TAMS 0x0000000080800000, 0x00000000808c7498| Untracked 
|   9|0x0000000080900000, 0x00000000809ffff8, 0x0000000080a00000| 99%| O|  |TAMS 0x0000000080900000, 0x00000000809ffff8| Untracked 
|  10|0x0000000080a00000, 0x0000000080b00000, 0x0000000080b00000|100%| O|  |TAMS 0x0000000080b00000, 0x0000000080b00000| Untracked 
|  11|0x0000000080b00000, 0x0000000080bfffe8, 0x0000000080c00000| 99%| O|  |TAMS 0x0000000080b00000, 0x0000000080bfffe8| Untracked 
|  12|0x0000000080c00000, 0x0000000080d00000, 0x0000000080d00000|100%| O|  |TAMS 0x0000000080d00000, 0x0000000080d00000| Untracked 
|  13|0x0000000080d00000, 0x0000000080dfffd0, 0x0000000080e00000| 99%| O|  |TAMS 0x0000000080d00000, 0x0000000080dfffd0| Untracked 
|  14|0x0000000080e00000, 0x0000000080f00000, 0x0000000080f00000|100%| O|  |TAMS 0x0000000080f00000, 0x0000000080f00000| Untracked 
|  15|0x0000000080f00000, 0x0000000080ffffd0, 0x0000000081000000| 99%| O|  |TAMS 0x0000000080f00000, 0x0000000080ffffd0| Untracked 
|  16|0x0000000081000000, 0x00000000810fffa8, 0x0000000081100000| 99%| O|  |TAMS 0x0000000081000000, 0x00000000810fffa8| Untracked 
|  17|0x0000000081100000, 0x00000000811ffff8, 0x0000000081200000| 99%| O|  |TAMS 0x0000000081100000, 0x00000000811ffff8| Untracked 
|  18|0x0000000081200000, 0x00000000812ffff8, 0x0000000081300000| 99%| O|  |TAMS 0x0000000081200000, 0x00000000812ffff8| Untracked 
|  19|0x0000000081300000, 0x00000000813fffe8, 0x0000000081400000| 99%| O|  |TAMS 0x0000000081300000, 0x00000000813fffe8| Untracked 
|  20|0x0000000081400000, 0x0000000081500000, 0x0000000081500000|100%| O|  |TAMS 0x0000000081400000, 0x0000000081500000| Untracked 
|  21|0x0000000081500000, 0x00000000815ffff0, 0x0000000081600000| 99%| O|  |TAMS 0x0000000081500000, 0x00000000815ffff0| Untracked 
|  22|0x0000000081600000, 0x0000000081700000, 0x0000000081700000|100%| O|  |TAMS 0x0000000081600000, 0x0000000081700000| Untracked 
|  23|0x0000000081700000, 0x00000000817fe648, 0x0000000081800000| 99%| O|  |TAMS 0x0000000081700000, 0x00000000817fe648| Untracked 
|  24|0x0000000081800000, 0x0000000081900000, 0x0000000081900000|100%|HS|  |TAMS 0x0000000081900000, 0x0000000081900000| Untracked 
|  25|0x0000000081900000, 0x0000000081a00000, 0x0000000081a00000|100%|HS|  |TAMS 0x0000000081a00000, 0x0000000081a00000| Untracked 
|  26|0x0000000081a00000, 0x0000000081afffe8, 0x0000000081b00000| 99%| O|  |TAMS 0x0000000081a00000, 0x0000000081afffe8| Untracked 
|  27|0x0000000081b00000, 0x0000000081c00000, 0x0000000081c00000|100%| O|  |TAMS 0x0000000081c00000, 0x0000000081c00000| Untracked 
|  28|0x0000000081c00000, 0x0000000081cfffe0, 0x0000000081d00000| 99%| O|  |TAMS 0x0000000081c00000, 0x0000000081cfffe0| Untracked 
|  29|0x0000000081d00000, 0x0000000081df6fc0, 0x0000000081e00000| 96%| O|  |TAMS 0x0000000081d00000, 0x0000000081df6fc0| Untracked 
|  30|0x0000000081e00000, 0x0000000081f00000, 0x0000000081f00000|100%|HS|  |TAMS 0x0000000081f00000, 0x0000000081f00000| Untracked 
|  31|0x0000000081f00000, 0x0000000082000000, 0x0000000082000000|100%|HC|  |TAMS 0x0000000082000000, 0x0000000082000000| Untracked 
|  32|0x0000000082000000, 0x0000000082100000, 0x0000000082100000|100%|HS|  |TAMS 0x0000000082100000, 0x0000000082100000| Untracked 
|  33|0x0000000082100000, 0x0000000082200000, 0x0000000082200000|100%|HS|  |TAMS 0x0000000082200000, 0x0000000082200000| Untracked 
|  34|0x0000000082200000, 0x0000000082300000, 0x0000000082300000|100%|HC|  |TAMS 0x0000000082300000, 0x0000000082300000| Untracked 
|  35|0x0000000082300000, 0x0000000082400000, 0x0000000082400000|100%|HC|  |TAMS 0x0000000082400000, 0x0000000082400000| Untracked 
|  36|0x0000000082400000, 0x0000000082500000, 0x0000000082500000|100%|HC|  |TAMS 0x0000000082500000, 0x0000000082500000| Untracked 
|  37|0x0000000082500000, 0x0000000082600000, 0x0000000082600000|100%| O|  |TAMS 0x0000000082500000, 0x0000000082600000| Untracked 
|  38|0x0000000082600000, 0x00000000826fffc8, 0x0000000082700000| 99%| O|  |TAMS 0x0000000082600000, 0x00000000826fffc8| Untracked 
|  39|0x0000000082700000, 0x00000000827fffa0, 0x0000000082800000| 99%| O|  |TAMS 0x0000000082700000, 0x00000000827fffa0| Untracked 
|  40|0x0000000082800000, 0x00000000828fffa8, 0x0000000082900000| 99%| O|  |TAMS 0x0000000082800000, 0x00000000828fffa8| Untracked 
|  41|0x0000000082900000, 0x0000000082a00000, 0x0000000082a00000|100%| O|  |TAMS 0x0000000082900000, 0x0000000082a00000| Untracked 
|  42|0x0000000082a00000, 0x0000000082b00000, 0x0000000082b00000|100%| O|  |TAMS 0x0000000082b00000, 0x0000000082b00000| Untracked 
|  43|0x0000000082b00000, 0x0000000082c00000, 0x0000000082c00000|100%| O|  |TAMS 0x0000000082c00000, 0x0000000082c00000| Untracked 
|  44|0x0000000082c00000, 0x0000000082cfdff0, 0x0000000082d00000| 99%| O|  |TAMS 0x0000000082c00000, 0x0000000082cfdff0| Untracked 
|  45|0x0000000082d00000, 0x0000000082e00000, 0x0000000082e00000|100%| O|  |TAMS 0x0000000082e00000, 0x0000000082e00000| Untracked 
|  46|0x0000000082e00000, 0x0000000082f00000, 0x0000000082f00000|100%| O|  |TAMS 0x0000000082f00000, 0x0000000082f00000| Untracked 
|  47|0x0000000082f00000, 0x0000000082fffff0, 0x0000000083000000| 99%| O|  |TAMS 0x0000000082f00000, 0x0000000082fffff0| Untracked 
|  48|0x0000000083000000, 0x0000000083100000, 0x0000000083100000|100%| O|  |TAMS 0x0000000083000000, 0x0000000083100000| Untracked 
|  49|0x0000000083100000, 0x00000000831ffff0, 0x0000000083200000| 99%| O|  |TAMS 0x0000000083100000, 0x00000000831ffff0| Untracked 
|  50|0x0000000083200000, 0x00000000832ffff0, 0x0000000083300000| 99%| O|  |TAMS 0x0000000083200000, 0x00000000832ffff0| Untracked 
|  51|0x0000000083300000, 0x00000000833fffe8, 0x0000000083400000| 99%| O|  |TAMS 0x0000000083300000, 0x00000000833fffe8| Untracked 
|  52|0x0000000083400000, 0x0000000083500000, 0x0000000083500000|100%| O|  |TAMS 0x0000000083400000, 0x0000000083500000| Untracked 
|  53|0x0000000083500000, 0x0000000083600000, 0x0000000083600000|100%| O|  |TAMS 0x0000000083500000, 0x0000000083600000| Untracked 
|  54|0x0000000083600000, 0x0000000083700000, 0x0000000083700000|100%| O|  |TAMS 0x0000000083700000, 0x0000000083700000| Untracked 
|  55|0x0000000083700000, 0x00000000837ffff8, 0x0000000083800000| 99%| O|  |TAMS 0x0000000083700000, 0x00000000837ffff8| Untracked 
|  56|0x0000000083800000, 0x00000000838fffe0, 0x0000000083900000| 99%| O|  |TAMS 0x0000000083800000, 0x00000000838fffe0| Untracked 
|  57|0x0000000083900000, 0x00000000839ffff8, 0x0000000083a00000| 99%| O|  |TAMS 0x0000000083900000, 0x00000000839ffff8| Untracked 
|  58|0x0000000083a00000, 0x0000000083affff0, 0x0000000083b00000| 99%| O|  |TAMS 0x0000000083a00000, 0x0000000083affff0| Untracked 
|  59|0x0000000083b00000, 0x0000000083c00000, 0x0000000083c00000|100%| O|  |TAMS 0x0000000083b00000, 0x0000000083c00000| Untracked 
|  60|0x0000000083c00000, 0x0000000083cffff8, 0x0000000083d00000| 99%| O|  |TAMS 0x0000000083c00000, 0x0000000083cffff8| Untracked 
|  61|0x0000000083d00000, 0x0000000083dffff0, 0x0000000083e00000| 99%| O|  |TAMS 0x0000000083d00000, 0x0000000083dffff0| Untracked 
|  62|0x0000000083e00000, 0x0000000083efffe8, 0x0000000083f00000| 99%| O|  |TAMS 0x0000000083e00000, 0x0000000083efffe8| Untracked 
|  63|0x0000000083f00000, 0x0000000083fffff8, 0x0000000084000000| 99%| O|  |TAMS 0x0000000083f00000, 0x0000000083fffff8| Untracked 
|  64|0x0000000084000000, 0x00000000840ffff0, 0x0000000084100000| 99%| O|  |TAMS 0x0000000084000000, 0x00000000840ffff0| Untracked 
|  65|0x0000000084100000, 0x00000000841fffe0, 0x0000000084200000| 99%| O|  |TAMS 0x0000000084100000, 0x00000000841fffe0| Untracked 
|  66|0x0000000084200000, 0x00000000842ffff0, 0x0000000084300000| 99%| O|  |TAMS 0x0000000084200000, 0x00000000842ffff0| Untracked 
|  67|0x0000000084300000, 0x0000000084400000, 0x0000000084400000|100%| O|  |TAMS 0x0000000084300000, 0x0000000084400000| Untracked 
|  68|0x0000000084400000, 0x00000000844ffff0, 0x0000000084500000| 99%| O|  |TAMS 0x0000000084400000, 0x00000000844ffff0| Untracked 
|  69|0x0000000084500000, 0x00000000845ffff0, 0x0000000084600000| 99%| O|  |TAMS 0x0000000084500000, 0x00000000845ffff0| Untracked 
|  70|0x0000000084600000, 0x00000000846fffe0, 0x0000000084700000| 99%| O|  |TAMS 0x0000000084600000, 0x00000000846fffe0| Untracked 
|  71|0x0000000084700000, 0x00000000847ffff0, 0x0000000084800000| 99%| O|  |TAMS 0x0000000084700000, 0x00000000847ffff0| Untracked 
|  72|0x0000000084800000, 0x00000000848ffff8, 0x0000000084900000| 99%| O|  |TAMS 0x0000000084800000, 0x00000000848ffff8| Untracked 
|  73|0x0000000084900000, 0x00000000849ffff8, 0x0000000084a00000| 99%| O|  |TAMS 0x0000000084900000, 0x00000000849ffff8| Untracked 
|  74|0x0000000084a00000, 0x0000000084affff8, 0x0000000084b00000| 99%| O|  |TAMS 0x0000000084a00000, 0x0000000084affff8| Untracked 
|  75|0x0000000084b00000, 0x0000000084bffff8, 0x0000000084c00000| 99%| O|  |TAMS 0x0000000084b00000, 0x0000000084bffff8| Untracked 
|  76|0x0000000084c00000, 0x0000000084cff410, 0x0000000084d00000| 99%| O|  |TAMS 0x0000000084c00000, 0x0000000084cff410| Untracked 
|  77|0x0000000084d00000, 0x0000000084e00000, 0x0000000084e00000|100%| O|  |TAMS 0x0000000084e00000, 0x0000000084e00000| Untracked 
|  78|0x0000000084e00000, 0x0000000084effff0, 0x0000000084f00000| 99%| O|  |TAMS 0x0000000084e00000, 0x0000000084effff0| Untracked 
|  79|0x0000000084f00000, 0x0000000084ffffe8, 0x0000000085000000| 99%| O|  |TAMS 0x0000000084f00000, 0x0000000084ffffe8| Untracked 
|  80|0x0000000085000000, 0x0000000085100000, 0x0000000085100000|100%| O|  |TAMS 0x0000000085100000, 0x0000000085100000| Untracked 
|  81|0x0000000085100000, 0x00000000851132b8, 0x0000000085200000|  7%| O|  |TAMS 0x0000000085100000, 0x00000000851132b8| Untracked 
|  82|0x0000000085200000, 0x0000000085300000, 0x0000000085300000|100%| O|  |TAMS 0x0000000085300000, 0x0000000085300000| Untracked 
|  83|0x0000000085300000, 0x00000000853630b8, 0x0000000085400000| 38%| O|  |TAMS 0x0000000085300000, 0x00000000853630b8| Untracked 
|  84|0x0000000085400000, 0x0000000085500000, 0x0000000085500000|100%| O|  |TAMS 0x0000000085400000, 0x0000000085500000| Untracked 
|  85|0x0000000085500000, 0x0000000085600000, 0x0000000085600000|100%| O|  |TAMS 0x0000000085500000, 0x0000000085600000| Untracked 
|  86|0x0000000085600000, 0x0000000085700000, 0x0000000085700000|100%| O|  |TAMS 0x0000000085700000, 0x0000000085700000| Untracked 
|  87|0x0000000085700000, 0x0000000085800000, 0x0000000085800000|100%| O|  |TAMS 0x0000000085700000, 0x0000000085800000| Untracked 
|  88|0x0000000085800000, 0x0000000085900000, 0x0000000085900000|100%| O|  |TAMS 0x0000000085800000, 0x0000000085900000| Untracked 
|  89|0x0000000085900000, 0x0000000085a00000, 0x0000000085a00000|100%| O|  |TAMS 0x0000000085900000, 0x0000000085a00000| Untracked 
|  90|0x0000000085a00000, 0x0000000085b00000, 0x0000000085b00000|100%| O|  |TAMS 0x0000000085a00000, 0x0000000085b00000| Untracked 
|  91|0x0000000085b00000, 0x0000000085c00000, 0x0000000085c00000|100%| O|  |TAMS 0x0000000085b00000, 0x0000000085c00000| Untracked 
|  92|0x0000000085c00000, 0x0000000085d00000, 0x0000000085d00000|100%| O|  |TAMS 0x0000000085c00000, 0x0000000085d00000| Untracked 
|  93|0x0000000085d00000, 0x0000000085e00000, 0x0000000085e00000|100%| O|  |TAMS 0x0000000085e00000, 0x0000000085e00000| Untracked 
|  94|0x0000000085e00000, 0x0000000085f00000, 0x0000000085f00000|100%| O|  |TAMS 0x0000000085f00000, 0x0000000085f00000| Untracked 
|  95|0x0000000085f00000, 0x0000000086000000, 0x0000000086000000|100%| O|  |TAMS 0x0000000086000000, 0x0000000086000000| Untracked 
|  96|0x0000000086000000, 0x0000000086100000, 0x0000000086100000|100%| O|  |TAMS 0x0000000086100000, 0x0000000086100000| Untracked 
|  97|0x0000000086100000, 0x0000000086200000, 0x0000000086200000|100%| O|  |TAMS 0x0000000086100000, 0x0000000086200000| Untracked 
|  98|0x0000000086200000, 0x0000000086300000, 0x0000000086300000|100%| O|  |TAMS 0x0000000086200000, 0x0000000086300000| Untracked 
|  99|0x0000000086300000, 0x0000000086400000, 0x0000000086400000|100%| O|  |TAMS 0x0000000086300000, 0x0000000086400000| Untracked 
| 100|0x0000000086400000, 0x0000000086500000, 0x0000000086500000|100%| O|  |TAMS 0x0000000086400000, 0x0000000086500000| Untracked 
| 101|0x0000000086500000, 0x0000000086600000, 0x0000000086600000|100%| O|  |TAMS 0x0000000086500000, 0x0000000086600000| Untracked 
| 102|0x0000000086600000, 0x0000000086700000, 0x0000000086700000|100%| O|  |TAMS 0x0000000086600000, 0x0000000086700000| Untracked 
| 103|0x0000000086700000, 0x0000000086800000, 0x0000000086800000|100%| O|  |TAMS 0x0000000086700000, 0x0000000086800000| Untracked 
| 104|0x0000000086800000, 0x0000000086900000, 0x0000000086900000|100%| O|  |TAMS 0x0000000086800000, 0x0000000086900000| Untracked 
| 105|0x0000000086900000, 0x0000000086a00000, 0x0000000086a00000|100%| O|  |TAMS 0x0000000086a00000, 0x0000000086a00000| Untracked 
| 106|0x0000000086a00000, 0x0000000086b00000, 0x0000000086b00000|100%| O|  |TAMS 0x0000000086b00000, 0x0000000086b00000| Untracked 
| 107|0x0000000086b00000, 0x0000000086c00000, 0x0000000086c00000|100%| O|  |TAMS 0x0000000086c00000, 0x0000000086c00000| Untracked 
| 108|0x0000000086c00000, 0x0000000086d00000, 0x0000000086d00000|100%| O|  |TAMS 0x0000000086c00000, 0x0000000086d00000| Untracked 
| 109|0x0000000086d00000, 0x0000000086e00000, 0x0000000086e00000|100%| O|  |TAMS 0x0000000086d00000, 0x0000000086e00000| Untracked 
| 110|0x0000000086e00000, 0x0000000086f00000, 0x0000000086f00000|100%| O|  |TAMS 0x0000000086e00000, 0x0000000086f00000| Untracked 
| 111|0x0000000086f00000, 0x0000000087000000, 0x0000000087000000|100%| O|  |TAMS 0x0000000086f00000, 0x0000000087000000| Untracked 
| 112|0x0000000087000000, 0x0000000087100000, 0x0000000087100000|100%| O|  |TAMS 0x0000000087000000, 0x0000000087100000| Untracked 
| 113|0x0000000087100000, 0x0000000087200000, 0x0000000087200000|100%| O|  |TAMS 0x0000000087100000, 0x0000000087200000| Untracked 
| 114|0x0000000087200000, 0x0000000087300000, 0x0000000087300000|100%| O|  |TAMS 0x0000000087200000, 0x0000000087300000| Untracked 
| 115|0x0000000087300000, 0x0000000087400000, 0x0000000087400000|100%| O|  |TAMS 0x0000000087300000, 0x0000000087400000| Untracked 
| 116|0x0000000087400000, 0x0000000087500000, 0x0000000087500000|100%| O|  |TAMS 0x0000000087400000, 0x0000000087500000| Untracked 
| 117|0x0000000087500000, 0x0000000087600000, 0x0000000087600000|100%| O|  |TAMS 0x0000000087500000, 0x0000000087600000| Untracked 
| 118|0x0000000087600000, 0x0000000087700000, 0x0000000087700000|100%| O|  |TAMS 0x0000000087600000, 0x0000000087700000| Untracked 
| 119|0x0000000087700000, 0x0000000087800000, 0x0000000087800000|100%| O|  |TAMS 0x0000000087700000, 0x0000000087800000| Untracked 
| 120|0x0000000087800000, 0x0000000087900000, 0x0000000087900000|100%| O|  |TAMS 0x0000000087800000, 0x0000000087900000| Untracked 
| 121|0x0000000087900000, 0x0000000087a00000, 0x0000000087a00000|100%| O|  |TAMS 0x0000000087900000, 0x0000000087a00000| Untracked 
| 122|0x0000000087a00000, 0x0000000087b00000, 0x0000000087b00000|100%| O|  |TAMS 0x0000000087a00000, 0x0000000087b00000| Untracked 
| 123|0x0000000087b00000, 0x0000000087c00000, 0x0000000087c00000|100%| O|  |TAMS 0x0000000087b00000, 0x0000000087c00000| Untracked 
| 124|0x0000000087c00000, 0x0000000087d00000, 0x0000000087d00000|100%| O|  |TAMS 0x0000000087c00000, 0x0000000087d00000| Untracked 
| 125|0x0000000087d00000, 0x0000000087e00000, 0x0000000087e00000|100%| O|  |TAMS 0x0000000087d00000, 0x0000000087e00000| Untracked 
| 126|0x0000000087e00000, 0x0000000087f00000, 0x0000000087f00000|100%| O|  |TAMS 0x0000000087e00000, 0x0000000087f00000| Untracked 
| 127|0x0000000087f00000, 0x0000000088000000, 0x0000000088000000|100%| O|  |TAMS 0x0000000087f00000, 0x0000000088000000| Untracked 
| 128|0x0000000088000000, 0x0000000088100000, 0x0000000088100000|100%| O|  |TAMS 0x0000000088000000, 0x0000000088100000| Untracked 
| 129|0x0000000088100000, 0x0000000088200000, 0x0000000088200000|100%| O|  |TAMS 0x0000000088100000, 0x0000000088200000| Untracked 
| 130|0x0000000088200000, 0x0000000088300000, 0x0000000088300000|100%| O|  |TAMS 0x0000000088200000, 0x0000000088300000| Untracked 
| 131|0x0000000088300000, 0x0000000088400000, 0x0000000088400000|100%| O|  |TAMS 0x0000000088300000, 0x0000000088400000| Untracked 
| 132|0x0000000088400000, 0x0000000088500000, 0x0000000088500000|100%| O|  |TAMS 0x0000000088400000, 0x0000000088500000| Untracked 
| 133|0x0000000088500000, 0x0000000088600000, 0x0000000088600000|100%| O|  |TAMS 0x0000000088500000, 0x0000000088600000| Untracked 
| 134|0x0000000088600000, 0x0000000088700000, 0x0000000088700000|100%| O|  |TAMS 0x0000000088600000, 0x0000000088700000| Untracked 
| 135|0x0000000088700000, 0x0000000088800000, 0x0000000088800000|100%| O|  |TAMS 0x0000000088700000, 0x0000000088800000| Untracked 
| 136|0x0000000088800000, 0x0000000088900000, 0x0000000088900000|100%| O|  |TAMS 0x0000000088900000, 0x0000000088900000| Untracked 
| 137|0x0000000088900000, 0x0000000088a00000, 0x0000000088a00000|100%| O|  |TAMS 0x0000000088a00000, 0x0000000088a00000| Untracked 
| 138|0x0000000088a00000, 0x0000000088b00000, 0x0000000088b00000|100%| O|  |TAMS 0x0000000088a00000, 0x0000000088b00000| Untracked 
| 139|0x0000000088b00000, 0x0000000088c00000, 0x0000000088c00000|100%| O|  |TAMS 0x0000000088b00000, 0x0000000088c00000| Untracked 
| 140|0x0000000088c00000, 0x0000000088d00000, 0x0000000088d00000|100%| O|  |TAMS 0x0000000088c00000, 0x0000000088d00000| Untracked 
| 141|0x0000000088d00000, 0x0000000088e00000, 0x0000000088e00000|100%| O|  |TAMS 0x0000000088d00000, 0x0000000088e00000| Untracked 
| 142|0x0000000088e00000, 0x0000000088f00000, 0x0000000088f00000|100%| O|  |TAMS 0x0000000088e00000, 0x0000000088f00000| Untracked 
| 143|0x0000000088f00000, 0x0000000089000000, 0x0000000089000000|100%| O|  |TAMS 0x0000000088f00000, 0x0000000089000000| Untracked 
| 144|0x0000000089000000, 0x0000000089100000, 0x0000000089100000|100%| O|  |TAMS 0x0000000089000000, 0x0000000089100000| Untracked 
| 145|0x0000000089100000, 0x0000000089200000, 0x0000000089200000|100%| O|  |TAMS 0x0000000089100000, 0x0000000089200000| Untracked 
| 146|0x0000000089200000, 0x0000000089300000, 0x0000000089300000|100%| O|  |TAMS 0x0000000089200000, 0x000000008928f200| Untracked 
| 147|0x0000000089300000, 0x0000000089400000, 0x0000000089400000|100%| O|  |TAMS 0x0000000089300000, 0x0000000089300000| Untracked 
| 148|0x0000000089400000, 0x0000000089500000, 0x0000000089500000|100%| O|  |TAMS 0x0000000089400000, 0x0000000089400000| Untracked 
| 149|0x0000000089500000, 0x0000000089600000, 0x0000000089600000|100%| O|  |TAMS 0x0000000089500000, 0x0000000089500000| Untracked 
| 150|0x0000000089600000, 0x0000000089700000, 0x0000000089700000|100%| O|  |TAMS 0x0000000089600000, 0x0000000089600000| Untracked 
| 151|0x0000000089700000, 0x0000000089800000, 0x0000000089800000|100%| O|  |TAMS 0x0000000089700000, 0x0000000089700000| Untracked 
| 152|0x0000000089800000, 0x0000000089900000, 0x0000000089900000|100%| O|  |TAMS 0x0000000089800000, 0x0000000089800000| Untracked 
| 153|0x0000000089900000, 0x0000000089a00000, 0x0000000089a00000|100%| O|  |TAMS 0x0000000089900000, 0x0000000089900000| Untracked 
| 154|0x0000000089a00000, 0x0000000089b00000, 0x0000000089b00000|100%| O|  |TAMS 0x0000000089a00000, 0x0000000089a00000| Untracked 
| 155|0x0000000089b00000, 0x0000000089c00000, 0x0000000089c00000|100%| O|  |TAMS 0x0000000089b00000, 0x0000000089b00000| Untracked 
| 156|0x0000000089c00000, 0x0000000089d00000, 0x0000000089d00000|100%| O|  |TAMS 0x0000000089c00000, 0x0000000089c00000| Untracked 
| 157|0x0000000089d00000, 0x0000000089e00000, 0x0000000089e00000|100%| O|  |TAMS 0x0000000089d00000, 0x0000000089d00000| Untracked 
| 158|0x0000000089e00000, 0x0000000089f00000, 0x0000000089f00000|100%| O|  |TAMS 0x0000000089e00000, 0x0000000089e00000| Untracked 
| 159|0x0000000089f00000, 0x000000008a000000, 0x000000008a000000|100%| O|  |TAMS 0x0000000089f00000, 0x0000000089f00000| Untracked 
| 160|0x000000008a000000, 0x000000008a100000, 0x000000008a100000|100%| O|  |TAMS 0x000000008a000000, 0x000000008a000000| Untracked 
| 161|0x000000008a100000, 0x000000008a200000, 0x000000008a200000|100%| O|  |TAMS 0x000000008a100000, 0x000000008a100000| Untracked 
| 162|0x000000008a200000, 0x000000008a300000, 0x000000008a300000|100%| O|  |TAMS 0x000000008a200000, 0x000000008a200000| Untracked 
| 163|0x000000008a300000, 0x000000008a400000, 0x000000008a400000|100%| O|  |TAMS 0x000000008a300000, 0x000000008a300000| Untracked 
| 164|0x000000008a400000, 0x000000008a500000, 0x000000008a500000|100%| O|  |TAMS 0x000000008a400000, 0x000000008a400000| Untracked 
| 165|0x000000008a500000, 0x000000008a600000, 0x000000008a600000|100%| O|  |TAMS 0x000000008a500000, 0x000000008a500000| Untracked 
| 166|0x000000008a600000, 0x000000008a700000, 0x000000008a700000|100%| O|  |TAMS 0x000000008a600000, 0x000000008a600000| Untracked 
| 167|0x000000008a700000, 0x000000008a800000, 0x000000008a800000|100%| O|  |TAMS 0x000000008a700000, 0x000000008a700000| Untracked 
| 168|0x000000008a800000, 0x000000008a900000, 0x000000008a900000|100%| O|  |TAMS 0x000000008a800000, 0x000000008a800000| Untracked 
| 169|0x000000008a900000, 0x000000008aa00000, 0x000000008aa00000|100%| O|  |TAMS 0x000000008a900000, 0x000000008a900000| Untracked 
| 170|0x000000008aa00000, 0x000000008ab00000, 0x000000008ab00000|100%| O|  |TAMS 0x000000008aa00000, 0x000000008aa00000| Untracked 
| 171|0x000000008ab00000, 0x000000008ac00000, 0x000000008ac00000|100%| O|  |TAMS 0x000000008ab00000, 0x000000008ab00000| Untracked 
| 172|0x000000008ac00000, 0x000000008ad00000, 0x000000008ad00000|100%| O|  |TAMS 0x000000008ac00000, 0x000000008ac00000| Untracked 
| 173|0x000000008ad00000, 0x000000008ae00000, 0x000000008ae00000|100%| O|  |TAMS 0x000000008ad00000, 0x000000008ad00000| Untracked 
| 174|0x000000008ae00000, 0x000000008af00000, 0x000000008af00000|100%| O|  |TAMS 0x000000008ae00000, 0x000000008ae00000| Untracked 
| 175|0x000000008af00000, 0x000000008af72400, 0x000000008b000000| 44%| O|  |TAMS 0x000000008af00000, 0x000000008af00000| Untracked 
| 176|0x000000008b000000, 0x000000008b000000, 0x000000008b100000|  0%| F|  |TAMS 0x000000008b000000, 0x000000008b000000| Untracked 
| 177|0x000000008b100000, 0x000000008b100000, 0x000000008b200000|  0%| F|  |TAMS 0x000000008b100000, 0x000000008b100000| Untracked 
| 178|0x000000008b200000, 0x000000008b200000, 0x000000008b300000|  0%| F|  |TAMS 0x000000008b200000, 0x000000008b200000| Untracked 
| 179|0x000000008b300000, 0x000000008b300000, 0x000000008b400000|  0%| F|  |TAMS 0x000000008b300000, 0x000000008b300000| Untracked 
| 180|0x000000008b400000, 0x000000008b400000, 0x000000008b500000|  0%| F|  |TAMS 0x000000008b400000, 0x000000008b400000| Untracked 
| 181|0x000000008b500000, 0x000000008b500000, 0x000000008b600000|  0%| F|  |TAMS 0x000000008b500000, 0x000000008b500000| Untracked 
| 182|0x000000008b600000, 0x000000008b600000, 0x000000008b700000|  0%| F|  |TAMS 0x000000008b600000, 0x000000008b600000| Untracked 
| 183|0x000000008b700000, 0x000000008b700000, 0x000000008b800000|  0%| F|  |TAMS 0x000000008b700000, 0x000000008b700000| Untracked 
| 184|0x000000008b800000, 0x000000008b800000, 0x000000008b900000|  0%| F|  |TAMS 0x000000008b800000, 0x000000008b800000| Untracked 
| 185|0x000000008b900000, 0x000000008b900000, 0x000000008ba00000|  0%| F|  |TAMS 0x000000008b900000, 0x000000008b900000| Untracked 
| 186|0x000000008ba00000, 0x000000008ba00000, 0x000000008bb00000|  0%| F|  |TAMS 0x000000008ba00000, 0x000000008ba00000| Untracked 
| 187|0x000000008bb00000, 0x000000008bb00000, 0x000000008bc00000|  0%| F|  |TAMS 0x000000008bb00000, 0x000000008bb00000| Untracked 
| 188|0x000000008bc00000, 0x000000008bc00000, 0x000000008bd00000|  0%| F|  |TAMS 0x000000008bc00000, 0x000000008bc00000| Untracked 
| 189|0x000000008bd00000, 0x000000008bd00000, 0x000000008be00000|  0%| F|  |TAMS 0x000000008bd00000, 0x000000008bd00000| Untracked 
| 190|0x000000008be00000, 0x000000008be00000, 0x000000008bf00000|  0%| F|  |TAMS 0x000000008be00000, 0x000000008be00000| Untracked 
| 191|0x000000008bf00000, 0x000000008bf00000, 0x000000008c000000|  0%| F|  |TAMS 0x000000008bf00000, 0x000000008bf00000| Untracked 
| 192|0x000000008c000000, 0x000000008c000000, 0x000000008c100000|  0%| F|  |TAMS 0x000000008c000000, 0x000000008c000000| Untracked 
| 193|0x000000008c100000, 0x000000008c100000, 0x000000008c200000|  0%| F|  |TAMS 0x000000008c100000, 0x000000008c100000| Untracked 
| 194|0x000000008c200000, 0x000000008c200000, 0x000000008c300000|  0%| F|  |TAMS 0x000000008c200000, 0x000000008c200000| Untracked 
| 195|0x000000008c300000, 0x000000008c300000, 0x000000008c400000|  0%| F|  |TAMS 0x000000008c300000, 0x000000008c300000| Untracked 
| 196|0x000000008c400000, 0x000000008c400000, 0x000000008c500000|  0%| F|  |TAMS 0x000000008c400000, 0x000000008c400000| Untracked 
| 197|0x000000008c500000, 0x000000008c500000, 0x000000008c600000|  0%| F|  |TAMS 0x000000008c500000, 0x000000008c500000| Untracked 
| 198|0x000000008c600000, 0x000000008c600000, 0x000000008c700000|  0%| F|  |TAMS 0x000000008c600000, 0x000000008c600000| Untracked 
| 199|0x000000008c700000, 0x000000008c800000, 0x000000008c800000|100%| S|CS|TAMS 0x000000008c700000, 0x000000008c700000| Complete 
| 200|0x000000008c800000, 0x000000008c900000, 0x000000008c900000|100%| S|CS|TAMS 0x000000008c800000, 0x000000008c800000| Complete 
| 201|0x000000008c900000, 0x000000008c900000, 0x000000008ca00000|  0%| F|  |TAMS 0x000000008c900000, 0x000000008c900000| Untracked 
| 202|0x000000008ca00000, 0x000000008ca00000, 0x000000008cb00000|  0%| F|  |TAMS 0x000000008ca00000, 0x000000008ca00000| Untracked 
| 203|0x000000008cb00000, 0x000000008cb00000, 0x000000008cc00000|  0%| F|  |TAMS 0x000000008cb00000, 0x000000008cb00000| Untracked 
| 204|0x000000008cc00000, 0x000000008cc00000, 0x000000008cd00000|  0%| F|  |TAMS 0x000000008cc00000, 0x000000008cc00000| Untracked 
| 205|0x000000008cd00000, 0x000000008cd00000, 0x000000008ce00000|  0%| F|  |TAMS 0x000000008cd00000, 0x000000008cd00000| Untracked 
| 206|0x000000008ce00000, 0x000000008ce00000, 0x000000008cf00000|  0%| F|  |TAMS 0x000000008ce00000, 0x000000008ce00000| Untracked 
| 207|0x000000008cf00000, 0x000000008cf00000, 0x000000008d000000|  0%| F|  |TAMS 0x000000008cf00000, 0x000000008cf00000| Untracked 
| 208|0x000000008d000000, 0x000000008d000000, 0x000000008d100000|  0%| F|  |TAMS 0x000000008d000000, 0x000000008d000000| Untracked 
| 209|0x000000008d100000, 0x000000008d100000, 0x000000008d200000|  0%| F|  |TAMS 0x000000008d100000, 0x000000008d100000| Untracked 
| 210|0x000000008d200000, 0x000000008d200000, 0x000000008d300000|  0%| F|  |TAMS 0x000000008d200000, 0x000000008d200000| Untracked 
| 211|0x000000008d300000, 0x000000008d300000, 0x000000008d400000|  0%| F|  |TAMS 0x000000008d300000, 0x000000008d300000| Untracked 
| 212|0x000000008d400000, 0x000000008d400000, 0x000000008d500000|  0%| F|  |TAMS 0x000000008d400000, 0x000000008d400000| Untracked 
| 213|0x000000008d500000, 0x000000008d500000, 0x000000008d600000|  0%| F|  |TAMS 0x000000008d500000, 0x000000008d500000| Untracked 
| 214|0x000000008d600000, 0x000000008d600000, 0x000000008d700000|  0%| F|  |TAMS 0x000000008d600000, 0x000000008d600000| Untracked 
| 215|0x000000008d700000, 0x000000008d700000, 0x000000008d800000|  0%| F|  |TAMS 0x000000008d700000, 0x000000008d700000| Untracked 
| 216|0x000000008d800000, 0x000000008d800000, 0x000000008d900000|  0%| F|  |TAMS 0x000000008d800000, 0x000000008d800000| Untracked 
| 217|0x000000008d900000, 0x000000008d900000, 0x000000008da00000|  0%| F|  |TAMS 0x000000008d900000, 0x000000008d900000| Untracked 
| 218|0x000000008da00000, 0x000000008da00000, 0x000000008db00000|  0%| F|  |TAMS 0x000000008da00000, 0x000000008da00000| Untracked 
| 219|0x000000008db00000, 0x000000008db00000, 0x000000008dc00000|  0%| F|  |TAMS 0x000000008db00000, 0x000000008db00000| Untracked 
| 220|0x000000008dc00000, 0x000000008dc00000, 0x000000008dd00000|  0%| F|  |TAMS 0x000000008dc00000, 0x000000008dc00000| Untracked 
| 221|0x000000008dd00000, 0x000000008dd00000, 0x000000008de00000|  0%| F|  |TAMS 0x000000008dd00000, 0x000000008dd00000| Untracked 
| 222|0x000000008de00000, 0x000000008de00000, 0x000000008df00000|  0%| F|  |TAMS 0x000000008de00000, 0x000000008de00000| Untracked 
| 223|0x000000008df00000, 0x000000008df00000, 0x000000008e000000|  0%| F|  |TAMS 0x000000008df00000, 0x000000008df00000| Untracked 
| 224|0x000000008e000000, 0x000000008e000000, 0x000000008e100000|  0%| F|  |TAMS 0x000000008e000000, 0x000000008e000000| Untracked 
| 225|0x000000008e100000, 0x000000008e100000, 0x000000008e200000|  0%| F|  |TAMS 0x000000008e100000, 0x000000008e100000| Untracked 
| 226|0x000000008e200000, 0x000000008e200000, 0x000000008e300000|  0%| F|  |TAMS 0x000000008e200000, 0x000000008e200000| Untracked 
| 227|0x000000008e300000, 0x000000008e300000, 0x000000008e400000|  0%| F|  |TAMS 0x000000008e300000, 0x000000008e300000| Untracked 
| 228|0x000000008e400000, 0x000000008e400000, 0x000000008e500000|  0%| F|  |TAMS 0x000000008e400000, 0x000000008e400000| Untracked 
| 229|0x000000008e500000, 0x000000008e500000, 0x000000008e600000|  0%| F|  |TAMS 0x000000008e500000, 0x000000008e500000| Untracked 
| 230|0x000000008e600000, 0x000000008e600000, 0x000000008e700000|  0%| F|  |TAMS 0x000000008e600000, 0x000000008e600000| Untracked 
| 231|0x000000008e700000, 0x000000008e700000, 0x000000008e800000|  0%| F|  |TAMS 0x000000008e700000, 0x000000008e700000| Untracked 
| 232|0x000000008e800000, 0x000000008e800000, 0x000000008e900000|  0%| F|  |TAMS 0x000000008e800000, 0x000000008e800000| Untracked 
| 233|0x000000008e900000, 0x000000008e900000, 0x000000008ea00000|  0%| F|  |TAMS 0x000000008e900000, 0x000000008e900000| Untracked 
| 234|0x000000008ea00000, 0x000000008ea00000, 0x000000008eb00000|  0%| F|  |TAMS 0x000000008ea00000, 0x000000008ea00000| Untracked 
| 235|0x000000008eb00000, 0x000000008eb00000, 0x000000008ec00000|  0%| F|  |TAMS 0x000000008eb00000, 0x000000008eb00000| Untracked 
| 236|0x000000008ec00000, 0x000000008ec00000, 0x000000008ed00000|  0%| F|  |TAMS 0x000000008ec00000, 0x000000008ec00000| Untracked 
| 237|0x000000008ed00000, 0x000000008ed00000, 0x000000008ee00000|  0%| F|  |TAMS 0x000000008ed00000, 0x000000008ed00000| Untracked 
| 238|0x000000008ee00000, 0x000000008ee00000, 0x000000008ef00000|  0%| F|  |TAMS 0x000000008ee00000, 0x000000008ee00000| Untracked 
| 239|0x000000008ef00000, 0x000000008ef00000, 0x000000008f000000|  0%| F|  |TAMS 0x000000008ef00000, 0x000000008ef00000| Untracked 
| 240|0x000000008f000000, 0x000000008f000000, 0x000000008f100000|  0%| F|  |TAMS 0x000000008f000000, 0x000000008f000000| Untracked 
| 241|0x000000008f100000, 0x000000008f100000, 0x000000008f200000|  0%| F|  |TAMS 0x000000008f100000, 0x000000008f100000| Untracked 
| 242|0x000000008f200000, 0x000000008f300000, 0x000000008f300000|100%| E|  |TAMS 0x000000008f200000, 0x000000008f200000| Complete 
| 243|0x000000008f300000, 0x000000008f400000, 0x000000008f400000|100%| E|CS|TAMS 0x000000008f300000, 0x000000008f300000| Complete 
| 244|0x000000008f400000, 0x000000008f500000, 0x000000008f500000|100%| E|CS|TAMS 0x000000008f400000, 0x000000008f400000| Complete 
| 245|0x000000008f500000, 0x000000008f600000, 0x000000008f600000|100%| E|CS|TAMS 0x000000008f500000, 0x000000008f500000| Complete 
| 246|0x000000008f600000, 0x000000008f700000, 0x000000008f700000|100%| E|CS|TAMS 0x000000008f600000, 0x000000008f600000| Complete 
| 247|0x000000008f700000, 0x000000008f800000, 0x000000008f800000|100%| E|CS|TAMS 0x000000008f700000, 0x000000008f700000| Complete 
| 248|0x000000008f800000, 0x000000008f900000, 0x000000008f900000|100%| E|CS|TAMS 0x000000008f800000, 0x000000008f800000| Complete 
| 249|0x000000008f900000, 0x000000008fa00000, 0x000000008fa00000|100%| E|CS|TAMS 0x000000008f900000, 0x000000008f900000| Complete 
| 250|0x000000008fa00000, 0x000000008fb00000, 0x000000008fb00000|100%| E|CS|TAMS 0x000000008fa00000, 0x000000008fa00000| Complete 
| 251|0x000000008fb00000, 0x000000008fc00000, 0x000000008fc00000|100%| E|CS|TAMS 0x000000008fb00000, 0x000000008fb00000| Complete 
| 252|0x000000008fc00000, 0x000000008fd00000, 0x000000008fd00000|100%| E|CS|TAMS 0x000000008fc00000, 0x000000008fc00000| Complete 
| 253|0x000000008fd00000, 0x000000008fe00000, 0x000000008fe00000|100%| E|CS|TAMS 0x000000008fd00000, 0x000000008fd00000| Complete 
| 254|0x000000008fe00000, 0x000000008ff00000, 0x000000008ff00000|100%| E|CS|TAMS 0x000000008fe00000, 0x000000008fe00000| Complete 
| 255|0x000000008ff00000, 0x0000000090000000, 0x0000000090000000|100%| E|CS|TAMS 0x000000008ff00000, 0x000000008ff00000| Complete 
| 256|0x0000000090000000, 0x0000000090100000, 0x0000000090100000|100%| E|CS|TAMS 0x0000000090000000, 0x0000000090000000| Complete 
| 257|0x0000000090100000, 0x0000000090200000, 0x0000000090200000|100%| E|CS|TAMS 0x0000000090100000, 0x0000000090100000| Complete 
| 258|0x0000000090200000, 0x0000000090300000, 0x0000000090300000|100%| E|CS|TAMS 0x0000000090200000, 0x0000000090200000| Complete 
| 259|0x0000000090300000, 0x0000000090400000, 0x0000000090400000|100%| E|CS|TAMS 0x0000000090300000, 0x0000000090300000| Complete 
| 260|0x0000000090400000, 0x0000000090500000, 0x0000000090500000|100%| E|CS|TAMS 0x0000000090400000, 0x0000000090400000| Complete 
| 261|0x0000000090500000, 0x0000000090600000, 0x0000000090600000|100%| E|CS|TAMS 0x0000000090500000, 0x0000000090500000| Complete 
| 262|0x0000000090600000, 0x0000000090700000, 0x0000000090700000|100%| E|CS|TAMS 0x0000000090600000, 0x0000000090600000| Complete 
| 263|0x0000000090700000, 0x0000000090800000, 0x0000000090800000|100%| E|CS|TAMS 0x0000000090700000, 0x0000000090700000| Complete 
| 264|0x0000000090800000, 0x0000000090900000, 0x0000000090900000|100%| E|CS|TAMS 0x0000000090800000, 0x0000000090800000| Complete 
| 265|0x0000000090900000, 0x0000000090a00000, 0x0000000090a00000|100%| E|CS|TAMS 0x0000000090900000, 0x0000000090900000| Complete 
| 266|0x0000000090a00000, 0x0000000090b00000, 0x0000000090b00000|100%| E|CS|TAMS 0x0000000090a00000, 0x0000000090a00000| Complete 
| 267|0x0000000090b00000, 0x0000000090c00000, 0x0000000090c00000|100%| E|CS|TAMS 0x0000000090b00000, 0x0000000090b00000| Complete 
| 268|0x0000000090c00000, 0x0000000090d00000, 0x0000000090d00000|100%| E|CS|TAMS 0x0000000090c00000, 0x0000000090c00000| Complete 
| 269|0x0000000090d00000, 0x0000000090e00000, 0x0000000090e00000|100%| E|  |TAMS 0x0000000090d00000, 0x0000000090d00000| Complete 
| 270|0x0000000090e00000, 0x0000000090f00000, 0x0000000090f00000|100%| E|CS|TAMS 0x0000000090e00000, 0x0000000090e00000| Complete 
| 271|0x0000000090f00000, 0x0000000091000000, 0x0000000091000000|100%| E|CS|TAMS 0x0000000090f00000, 0x0000000090f00000| Complete 
| 272|0x0000000091000000, 0x0000000091100000, 0x0000000091100000|100%| E|CS|TAMS 0x0000000091000000, 0x0000000091000000| Complete 
| 273|0x0000000091100000, 0x0000000091200000, 0x0000000091200000|100%| E|CS|TAMS 0x0000000091100000, 0x0000000091100000| Complete 
| 274|0x0000000091200000, 0x0000000091300000, 0x0000000091300000|100%| E|CS|TAMS 0x0000000091200000, 0x0000000091200000| Complete 
| 275|0x0000000091300000, 0x0000000091400000, 0x0000000091400000|100%| E|CS|TAMS 0x0000000091300000, 0x0000000091300000| Complete 
| 276|0x0000000091400000, 0x0000000091500000, 0x0000000091500000|100%| E|CS|TAMS 0x0000000091400000, 0x0000000091400000| Complete 
| 277|0x0000000091500000, 0x0000000091600000, 0x0000000091600000|100%| E|CS|TAMS 0x0000000091500000, 0x0000000091500000| Complete 
| 278|0x0000000091600000, 0x0000000091700000, 0x0000000091700000|100%| E|CS|TAMS 0x0000000091600000, 0x0000000091600000| Complete 
| 279|0x0000000091700000, 0x0000000091800000, 0x0000000091800000|100%| E|CS|TAMS 0x0000000091700000, 0x0000000091700000| Complete 
| 280|0x0000000091800000, 0x0000000091900000, 0x0000000091900000|100%| E|CS|TAMS 0x0000000091800000, 0x0000000091800000| Complete 
| 281|0x0000000091900000, 0x0000000091a00000, 0x0000000091a00000|100%| E|CS|TAMS 0x0000000091900000, 0x0000000091900000| Complete 
| 282|0x0000000091a00000, 0x0000000091b00000, 0x0000000091b00000|100%| E|CS|TAMS 0x0000000091a00000, 0x0000000091a00000| Complete 
| 283|0x0000000091b00000, 0x0000000091c00000, 0x0000000091c00000|100%| E|CS|TAMS 0x0000000091b00000, 0x0000000091b00000| Complete 
| 284|0x0000000091c00000, 0x0000000091d00000, 0x0000000091d00000|100%| E|CS|TAMS 0x0000000091c00000, 0x0000000091c00000| Complete 
| 285|0x0000000091d00000, 0x0000000091e00000, 0x0000000091e00000|100%| E|CS|TAMS 0x0000000091d00000, 0x0000000091d00000| Complete 
| 286|0x0000000091e00000, 0x0000000091f00000, 0x0000000091f00000|100%| E|CS|TAMS 0x0000000091e00000, 0x0000000091e00000| Complete 
| 287|0x0000000091f00000, 0x0000000092000000, 0x0000000092000000|100%| E|CS|TAMS 0x0000000091f00000, 0x0000000091f00000| Complete 
| 288|0x0000000092000000, 0x0000000092100000, 0x0000000092100000|100%| E|CS|TAMS 0x0000000092000000, 0x0000000092000000| Complete 
| 289|0x0000000092100000, 0x0000000092200000, 0x0000000092200000|100%| E|CS|TAMS 0x0000000092100000, 0x0000000092100000| Complete 
| 290|0x0000000092200000, 0x0000000092300000, 0x0000000092300000|100%| E|CS|TAMS 0x0000000092200000, 0x0000000092200000| Complete 
| 291|0x0000000092300000, 0x0000000092400000, 0x0000000092400000|100%| E|CS|TAMS 0x0000000092300000, 0x0000000092300000| Complete 
| 292|0x0000000092400000, 0x0000000092500000, 0x0000000092500000|100%| E|CS|TAMS 0x0000000092400000, 0x0000000092400000| Complete 
| 293|0x0000000092500000, 0x0000000092600000, 0x0000000092600000|100%| E|CS|TAMS 0x0000000092500000, 0x0000000092500000| Complete 
|2047|0x00000000fff00000, 0x0000000100000000, 0x0000000100000000|100%| E|CS|TAMS 0x00000000fff00000, 0x00000000fff00000| Complete 

Card table byte_map: [0x0000020b285f0000,0x0000020b289f0000] _byte_map_base: 0x0000020b281f0000

Marking Bits (Prev, Next): (CMBitMap*) 0x0000020b1617d400, (CMBitMap*) 0x0000020b1617d3c0
 Prev Bits: [0x0000020b2adf0000, 0x0000020b2cdf0000)
 Next Bits: [0x0000020b28df0000, 0x0000020b2adf0000)

Polling page: 0x0000020b13f40000

Metaspace:

Usage:
  Non-class:    112.26 MB used.
      Class:     17.26 MB used.
       Both:    129.52 MB used.

Virtual space:
  Non-class space:      120.00 MB reserved,     112.94 MB ( 94%) committed,  15 nodes.
      Class space:        1.00 GB reserved,      17.88 MB (  2%) committed,  1 nodes.
             Both:        1.12 GB reserved,     130.81 MB ( 11%) committed. 

Chunk freelists:
   Non-Class:  2.72 MB
       Class:  2.14 MB
        Both:  4.86 MB

MaxMetaspaceSize: unlimited
CompressedClassSpaceSize: 1.00 GB
Initial GC threshold: 21.00 MB
Current GC threshold: 182.94 MB
CDS: off
MetaspaceReclaimPolicy: balanced
 - commit_granule_bytes: 65536.
 - commit_granule_words: 8192.
 - virtual_space_node_default_size: 1048576.
 - enlarge_chunks_in_place: 1.
 - new_chunks_are_fully_committed: 0.
 - uncommit_free_chunks: 1.
 - use_allocation_guard: 0.
 - handle_deallocations: 1.


Internal statistics:

num_allocs_failed_limit: 9.
num_arena_births: 2742.
num_arena_deaths: 276.
num_vsnodes_births: 16.
num_vsnodes_deaths: 0.
num_space_committed: 2092.
num_space_uncommitted: 0.
num_chunks_returned_to_freelist: 323.
num_chunks_taken_from_freelist: 8140.
num_chunk_merges: 120.
num_chunk_splits: 4979.
num_chunks_enlarged: 2937.
num_purges: 2.
num_inconsistent_stats: 0.

CodeHeap 'non-profiled nmethods': size=120064Kb used=14150Kb max_used=14150Kb free=105913Kb
 bounds [0x0000020b210b0000, 0x0000020b21e90000, 0x0000020b285f0000]
CodeHeap 'profiled nmethods': size=120000Kb used=37970Kb max_used=38851Kb free=82029Kb
 bounds [0x0000020b195f0000, 0x0000020b1bbf0000, 0x0000020b20b20000]
CodeHeap 'non-nmethods': size=5696Kb used=2496Kb max_used=2553Kb free=3200Kb
 bounds [0x0000020b20b20000, 0x0000020b20db0000, 0x0000020b210b0000]
 total_blobs=20832 nmethods=19785 adapters=958
 compilation: enabled
              stopped_count=0, restarted_count=0
 full_count=0

Compilation events (20 events):
Event: 6993.590 Thread 0x0000020b2fc976d0 24043       2       org.gradle.internal.properties.bean.AbstractNestedRuntimeBeanNode$BeanPropertyValue::maybeFinalizeValue (27 bytes)
Event: 6993.591 Thread 0x0000020b2fc976d0 nmethod 24043 0x0000020b1a69e610 code [0x0000020b1a69e7e0, 0x0000020b1a69e9c8]
Event: 6993.594 Thread 0x0000020b2fc976d0 24044       2       com.sun.org.apache.xerces.internal.impl.XMLScanner::scanComment (112 bytes)
Event: 6993.595 Thread 0x0000020b2fc976d0 nmethod 24044 0x0000020b1a69ce90 code [0x0000020b1a69d0c0, 0x0000020b1a69d5c8]
Event: 6993.603 Thread 0x0000020b2fc976d0 24047       1       com.google.common.collect.RegularImmutableBiMap::access$200 (5 bytes)
Event: 6993.603 Thread 0x0000020b2fc976d0 nmethod 24047 0x0000020b21e7e090 code [0x0000020b21e7e220, 0x0000020b21e7e2d8]
Event: 6993.604 Thread 0x0000020b2fc976d0 24048       1       com.android.build.gradle.internal.dsl.SigningConfig$AgpDecorated::get_storeFilePath (5 bytes)
Event: 6993.604 Thread 0x0000020b2fc976d0 nmethod 24048 0x0000020b21e7e390 code [0x0000020b21e7e520, 0x0000020b21e7e5f8]
Event: 6993.604 Thread 0x0000020b2fc976d0 24049       1       com.android.build.gradle.internal.dsl.SigningConfig$AgpDecorated::getStorePassword (5 bytes)
Event: 6993.604 Thread 0x0000020b2fc976d0 nmethod 24049 0x0000020b21e7e690 code [0x0000020b21e7e820, 0x0000020b21e7e8f8]
Event: 6993.604 Thread 0x0000020b2fc976d0 24050       1       com.android.build.gradle.internal.dsl.SigningConfig$AgpDecorated::getKeyAlias (5 bytes)
Event: 6993.604 Thread 0x0000020b2fc976d0 nmethod 24050 0x0000020b21e7e990 code [0x0000020b21e7eb20, 0x0000020b21e7ebf8]
Event: 6993.604 Thread 0x0000020b2fc976d0 24051       1       com.android.build.gradle.internal.dsl.SigningConfig$AgpDecorated::getKeyPassword (5 bytes)
Event: 6993.604 Thread 0x0000020b2fc976d0 nmethod 24051 0x0000020b21e7ec90 code [0x0000020b21e7ee20, 0x0000020b21e7eef8]
Event: 6993.605 Thread 0x0000020b2fc976d0 24052   !   2       java.io.ObjectStreamClass::invokeWriteReplace (73 bytes)
Event: 6993.606 Thread 0x0000020b2fc976d0 nmethod 24052 0x0000020b1a608890 code [0x0000020b1a608ae0, 0x0000020b1a609138]
Event: 6993.607 Thread 0x0000020b2fc976d0 24053       2       com.google.common.collect.ImmutableList::hashCode (42 bytes)
Event: 6993.607 Thread 0x0000020b2fc976d0 nmethod 24053 0x0000020b1a6a3010 code [0x0000020b1a6a31c0, 0x0000020b1a6a33e8]
Event: 6993.633 Thread 0x0000020b2f25eac0 nmethod 24028 0x0000020b21e7ef90 code [0x0000020b21e7f200, 0x0000020b21e80bf0]
Event: 6993.633 Thread 0x0000020b2f25eac0 24040       4       com.android.tools.r8.internal.M4::c (80 bytes)

GC Heap History (20 events):
Event: 6882.638 GC heap before
{Heap before GC invocations=83 (full 1):
 garbage-first heap   total 214016K, used 181572K [0x0000000080000000, 0x0000000100000000)
  region size 1024K, 22 young (22528K), 3 survivors (3072K)
 Metaspace       used 132273K, committed 133696K, reserved 1171456K
  class space    used 17671K, committed 18304K, reserved 1048576K
}
Event: 6882.652 GC heap after
{Heap after GC invocations=84 (full 1):
 garbage-first heap   total 214016K, used 164197K [0x0000000080000000, 0x0000000100000000)
  region size 1024K, 2 young (2048K), 2 survivors (2048K)
 Metaspace       used 132273K, committed 133696K, reserved 1171456K
  class space    used 17671K, committed 18304K, reserved 1048576K
}
Event: 6884.503 GC heap before
{Heap before GC invocations=84 (full 1):
 garbage-first heap   total 214016K, used 181605K [0x0000000080000000, 0x0000000100000000)
  region size 1024K, 20 young (20480K), 2 survivors (2048K)
 Metaspace       used 132334K, committed 133696K, reserved 1171456K
  class space    used 17671K, committed 18304K, reserved 1048576K
}
Event: 6884.517 GC heap after
{Heap after GC invocations=85 (full 1):
 garbage-first heap   total 214016K, used 166287K [0x0000000080000000, 0x0000000100000000)
  region size 1024K, 3 young (3072K), 3 survivors (3072K)
 Metaspace       used 132334K, committed 133696K, reserved 1171456K
  class space    used 17671K, committed 18304K, reserved 1048576K
}
Event: 6886.901 GC heap before
{Heap before GC invocations=85 (full 1):
 garbage-first heap   total 214016K, used 182671K [0x0000000080000000, 0x0000000100000000)
  region size 1024K, 19 young (19456K), 3 survivors (3072K)
 Metaspace       used 132395K, committed 133760K, reserved 1171456K
  class space    used 17672K, committed 18304K, reserved 1048576K
}
Event: 6886.920 GC heap after
{Heap after GC invocations=86 (full 1):
 garbage-first heap   total 214016K, used 169982K [0x0000000080000000, 0x0000000100000000)
  region size 1024K, 3 young (3072K), 3 survivors (3072K)
 Metaspace       used 132395K, committed 133760K, reserved 1171456K
  class space    used 17672K, committed 18304K, reserved 1048576K
}
Event: 6887.194 GC heap before
{Heap before GC invocations=86 (full 1):
 garbage-first heap   total 214016K, used 183294K [0x0000000080000000, 0x0000000100000000)
  region size 1024K, 16 young (16384K), 3 survivors (3072K)
 Metaspace       used 132411K, committed 133760K, reserved 1171456K
  class space    used 17672K, committed 18304K, reserved 1048576K
}
Event: 6887.215 GC heap after
{Heap after GC invocations=87 (full 1):
 garbage-first heap   total 214016K, used 172208K [0x0000000080000000, 0x0000000100000000)
  region size 1024K, 2 young (2048K), 2 survivors (2048K)
 Metaspace       used 132411K, committed 133760K, reserved 1171456K
  class space    used 17672K, committed 18304K, reserved 1048576K
}
Event: 6887.517 GC heap before
{Heap before GC invocations=87 (full 1):
 garbage-first heap   total 214016K, used 183472K [0x0000000080000000, 0x0000000100000000)
  region size 1024K, 13 young (13312K), 2 survivors (2048K)
 Metaspace       used 132423K, committed 133760K, reserved 1171456K
  class space    used 17672K, committed 18304K, reserved 1048576K
}
Event: 6887.531 GC heap after
{Heap after GC invocations=88 (full 1):
 garbage-first heap   total 214016K, used 173366K [0x0000000080000000, 0x0000000100000000)
  region size 1024K, 2 young (2048K), 2 survivors (2048K)
 Metaspace       used 132423K, committed 133760K, reserved 1171456K
  class space    used 17672K, committed 18304K, reserved 1048576K
}
Event: 6984.969 GC heap before
{Heap before GC invocations=88 (full 1):
 garbage-first heap   total 214016K, used 184630K [0x0000000080000000, 0x0000000100000000)
  region size 1024K, 13 young (13312K), 2 survivors (2048K)
 Metaspace       used 132437K, committed 133760K, reserved 1171456K
  class space    used 17672K, committed 18304K, reserved 1048576K
}
Event: 6984.979 GC heap after
{Heap after GC invocations=89 (full 1):
 garbage-first heap   total 214016K, used 174106K [0x0000000080000000, 0x0000000100000000)
  region size 1024K, 1 young (1024K), 1 survivors (1024K)
 Metaspace       used 132437K, committed 133760K, reserved 1171456K
  class space    used 17672K, committed 18304K, reserved 1048576K
}
Event: 6985.555 GC heap before
{Heap before GC invocations=89 (full 1):
 garbage-first heap   total 214016K, used 185370K [0x0000000080000000, 0x0000000100000000)
  region size 1024K, 12 young (12288K), 1 survivors (1024K)
 Metaspace       used 132439K, committed 133760K, reserved 1171456K
  class space    used 17672K, committed 18304K, reserved 1048576K
}
Event: 6985.564 GC heap after
{Heap after GC invocations=90 (full 1):
 garbage-first heap   total 214016K, used 175501K [0x0000000080000000, 0x0000000100000000)
  region size 1024K, 2 young (2048K), 2 survivors (2048K)
 Metaspace       used 132439K, committed 133760K, reserved 1171456K
  class space    used 17672K, committed 18304K, reserved 1048576K
}
Event: 6985.859 GC heap before
{Heap before GC invocations=90 (full 1):
 garbage-first heap   total 214016K, used 184717K [0x0000000080000000, 0x0000000100000000)
  region size 1024K, 12 young (12288K), 2 survivors (2048K)
 Metaspace       used 132439K, committed 133760K, reserved 1171456K
  class space    used 17672K, committed 18304K, reserved 1048576K
}
Event: 6985.875 GC heap after
{Heap after GC invocations=91 (full 1):
 garbage-first heap   total 214016K, used 176209K [0x0000000080000000, 0x0000000100000000)
  region size 1024K, 1 young (1024K), 1 survivors (1024K)
 Metaspace       used 132439K, committed 133760K, reserved 1171456K
  class space    used 17672K, committed 18304K, reserved 1048576K
}
Event: 6986.210 GC heap before
{Heap before GC invocations=91 (full 1):
 garbage-first heap   total 214016K, used 186449K [0x0000000080000000, 0x0000000100000000)
  region size 1024K, 11 young (11264K), 1 survivors (1024K)
 Metaspace       used 132464K, committed 133824K, reserved 1171456K
  class space    used 17672K, committed 18304K, reserved 1048576K
}
Event: 6986.219 GC heap after
{Heap after GC invocations=92 (full 1):
 garbage-first heap   total 214016K, used 177643K [0x0000000080000000, 0x0000000100000000)
  region size 1024K, 2 young (2048K), 2 survivors (2048K)
 Metaspace       used 132464K, committed 133824K, reserved 1171456K
  class space    used 17672K, committed 18304K, reserved 1048576K
}
Event: 6986.527 GC heap before
{Heap before GC invocations=92 (full 1):
 garbage-first heap   total 214016K, used 185835K [0x0000000080000000, 0x0000000100000000)
  region size 1024K, 10 young (10240K), 2 survivors (2048K)
 Metaspace       used 132486K, committed 133824K, reserved 1171456K
  class space    used 17672K, committed 18304K, reserved 1048576K
}
Event: 6986.542 GC heap after
{Heap after GC invocations=93 (full 1):
 garbage-first heap   total 302080K, used 179743K [0x0000000080000000, 0x0000000100000000)
  region size 1024K, 2 young (2048K), 2 survivors (2048K)
 Metaspace       used 132486K, committed 133824K, reserved 1171456K
  class space    used 17672K, committed 18304K, reserved 1048576K
}

Dll operation events (2 events):
Event: 0.048 Loaded shared library C:\Program Files\Android\Android Studio\jbr\bin\java.dll
Event: 1.670 Loaded shared library C:\Program Files\Android\Android Studio\jbr\bin\verify.dll

Deoptimization events (20 events):
Event: 6868.372 Thread 0x0000020b3159f6e0 DEOPT PACKING pc=0x0000020b21d53258 sp=0x00000043276fa890
Event: 6868.372 Thread 0x0000020b3159f6e0 DEOPT UNPACKING pc=0x0000020b20b769a3 sp=0x00000043276fa818 mode 2
Event: 6868.372 Thread 0x0000020b3159f6e0 Uncommon trap: trap_request=0xffffffd6 fr.pc=0x0000020b21d53258 relative=0x0000000000000438
Event: 6868.372 Thread 0x0000020b3159f6e0 Uncommon trap: reason=array_check action=maybe_recompile pc=0x0000020b21d53258 method=java.util.HashMap.keysToArray([Ljava/lang/Object;)[Ljava/lang/Object; @ 62 c2
Event: 6868.372 Thread 0x0000020b3159f6e0 DEOPT PACKING pc=0x0000020b21d53258 sp=0x00000043276fa820
Event: 6868.372 Thread 0x0000020b3159f6e0 DEOPT UNPACKING pc=0x0000020b20b769a3 sp=0x00000043276fa7a8 mode 2
Event: 6868.404 Thread 0x0000020b3159f6e0 DEOPT PACKING pc=0x0000020b1981020d sp=0x00000043276fa830
Event: 6868.404 Thread 0x0000020b3159f6e0 DEOPT UNPACKING pc=0x0000020b20b77143 sp=0x00000043276f9ce0 mode 0
Event: 6869.249 Thread 0x0000020b315a1890 DEOPT PACKING pc=0x0000020b1a662228 sp=0x00000043277fd840
Event: 6869.249 Thread 0x0000020b315a1890 DEOPT UNPACKING pc=0x0000020b20b77143 sp=0x00000043277fcd10 mode 0
Event: 6884.010 Thread 0x0000020b334422e0 DEOPT PACKING pc=0x0000020b1a319565 sp=0x0000004324df9770
Event: 6884.010 Thread 0x0000020b334422e0 DEOPT UNPACKING pc=0x0000020b20b77143 sp=0x0000004324df8bf8 mode 0
Event: 6985.628 Thread 0x0000020b33441e10 DEOPT PACKING pc=0x0000020b1acdd882 sp=0x0000004324df8de0
Event: 6985.628 Thread 0x0000020b33441e10 DEOPT UNPACKING pc=0x0000020b20b77143 sp=0x0000004324df8178 mode 0
Event: 6988.167 Thread 0x0000020b3159f6e0 DEOPT PACKING pc=0x0000020b1a592627 sp=0x00000043277fea60
Event: 6988.167 Thread 0x0000020b3159f6e0 DEOPT UNPACKING pc=0x0000020b20b77143 sp=0x00000043277fdf50 mode 0
Event: 6993.133 Thread 0x0000020b315a5bf0 Uncommon trap: trap_request=0xfffffff4 fr.pc=0x0000020b21e6a128 relative=0x00000000000004e8
Event: 6993.133 Thread 0x0000020b315a5bf0 Uncommon trap: reason=null_check action=make_not_entrant pc=0x0000020b21e6a128 method=org.gradle.internal.properties.bean.AbstractNestedRuntimeBeanNode$BeanPropertyValue.isConfigurable()Z @ 9 c2
Event: 6993.133 Thread 0x0000020b315a5bf0 DEOPT PACKING pc=0x0000020b21e6a128 sp=0x00000043276fd9a0
Event: 6993.133 Thread 0x0000020b315a5bf0 DEOPT UNPACKING pc=0x0000020b20b769a3 sp=0x00000043276fd8f8 mode 2

Classes unloaded (20 events):
Event: 3974.542 Thread 0x0000020b2f2407d0 Unloading class 0x000000010028e000 'java/lang/invoke/LambdaForm$MH+0x000000010028e000'
Event: 3974.542 Thread 0x0000020b2f2407d0 Unloading class 0x000000010028dc00 'java/lang/invoke/LambdaForm$MH+0x000000010028dc00'
Event: 3974.542 Thread 0x0000020b2f2407d0 Unloading class 0x000000010028d800 'java/lang/invoke/LambdaForm$MH+0x000000010028d800'
Event: 3974.542 Thread 0x0000020b2f2407d0 Unloading class 0x000000010028c800 'java/lang/invoke/LambdaForm$MH+0x000000010028c800'
Event: 3974.542 Thread 0x0000020b2f2407d0 Unloading class 0x000000010028c400 'java/lang/invoke/LambdaForm$BMH+0x000000010028c400'
Event: 3974.542 Thread 0x0000020b2f2407d0 Unloading class 0x0000000100200400 'java/lang/invoke/LambdaForm$DMH+0x0000000100200400'
Event: 3974.542 Thread 0x0000020b2f2407d0 Unloading class 0x00000001001bdc00 'java/lang/invoke/LambdaForm$DMH+0x00000001001bdc00'
Event: 3974.542 Thread 0x0000020b2f2407d0 Unloading class 0x00000001001bd800 'java/lang/invoke/LambdaForm$MH+0x00000001001bd800'
Event: 3974.542 Thread 0x0000020b2f2407d0 Unloading class 0x00000001001bd400 'java/lang/invoke/LambdaForm$MH+0x00000001001bd400'
Event: 3974.542 Thread 0x0000020b2f2407d0 Unloading class 0x00000001001bd000 'java/lang/invoke/LambdaForm$MH+0x00000001001bd000'
Event: 3974.542 Thread 0x0000020b2f2407d0 Unloading class 0x00000001001bcc00 'java/lang/invoke/LambdaForm$MH+0x00000001001bcc00'
Event: 3974.542 Thread 0x0000020b2f2407d0 Unloading class 0x0000000100192800 'java/lang/invoke/LambdaForm$MH+0x0000000100192800'
Event: 3974.542 Thread 0x0000020b2f2407d0 Unloading class 0x0000000100192000 'java/lang/invoke/LambdaForm$MH+0x0000000100192000'
Event: 3974.542 Thread 0x0000020b2f2407d0 Unloading class 0x0000000100191c00 'java/lang/invoke/LambdaForm$MH+0x0000000100191c00'
Event: 3974.542 Thread 0x0000020b2f2407d0 Unloading class 0x0000000100191800 'java/lang/invoke/LambdaForm$MH+0x0000000100191800'
Event: 3974.542 Thread 0x0000020b2f2407d0 Unloading class 0x0000000100191400 'java/lang/invoke/LambdaForm$MH+0x0000000100191400'
Event: 3974.542 Thread 0x0000020b2f2407d0 Unloading class 0x0000000100190c00 'java/lang/invoke/LambdaForm$MH+0x0000000100190c00'
Event: 3974.542 Thread 0x0000020b2f2407d0 Unloading class 0x00000001000a6c00 'java/lang/invoke/LambdaForm$MH+0x00000001000a6c00'
Event: 3974.542 Thread 0x0000020b2f2407d0 Unloading class 0x00000001000a6800 'java/lang/invoke/LambdaForm$MH+0x00000001000a6800'
Event: 3974.542 Thread 0x0000020b2f2407d0 Unloading class 0x00000001000a4400 'java/lang/invoke/LambdaForm$MH+0x00000001000a4400'

Classes redefined (0 events):
No events

Internal exceptions (20 events):
Event: 6986.496 Thread 0x0000020b33441e10 Exception <a 'sun/nio/fs/WindowsException'{0x000000008c926528}> (0x000000008c926528) 
thrown [s\src\hotspot\share\prims\jni.cpp, line 517]
Event: 6986.518 Thread 0x0000020b33441e10 Exception <a 'sun/nio/fs/WindowsException'{0x000000008c9c3460}> (0x000000008c9c3460) 
thrown [s\src\hotspot\share\prims\jni.cpp, line 517]
Event: 6986.519 Thread 0x0000020b33441e10 Exception <a 'sun/nio/fs/WindowsException'{0x000000008c9c46d0}> (0x000000008c9c46d0) 
thrown [s\src\hotspot\share\prims\jni.cpp, line 517]
Event: 6986.519 Thread 0x0000020b33441e10 Exception <a 'sun/nio/fs/WindowsException'{0x000000008c9c5990}> (0x000000008c9c5990) 
thrown [s\src\hotspot\share\prims\jni.cpp, line 517]
Event: 6986.519 Thread 0x0000020b33441e10 Exception <a 'sun/nio/fs/WindowsException'{0x000000008c9c6f48}> (0x000000008c9c6f48) 
thrown [s\src\hotspot\share\prims\jni.cpp, line 517]
Event: 6986.713 Thread 0x0000020b3159f6e0 Exception <a 'sun/nio/fs/WindowsException'{0x0000000092225080}> (0x0000000092225080) 
thrown [s\src\hotspot\share\prims\jni.cpp, line 517]
Event: 6987.994 Thread 0x0000020b3159f6e0 Exception <a 'sun/nio/fs/WindowsException'{0x0000000090616238}> (0x0000000090616238) 
thrown [s\src\hotspot\share\prims\jni.cpp, line 517]
Event: 6988.155 Thread 0x0000020b3159f6e0 Exception <a 'sun/nio/fs/WindowsException'{0x00000000902e4070}> (0x00000000902e4070) 
thrown [s\src\hotspot\share\prims\jni.cpp, line 517]
Event: 6988.169 Thread 0x0000020b3159f6e0 Exception <a 'sun/nio/fs/WindowsException'{0x00000000901d2358}> (0x00000000901d2358) 
thrown [s\src\hotspot\share\prims\jni.cpp, line 517]
Event: 6988.190 Thread 0x0000020b315a30a0 Exception <a 'java/lang/InterruptedException'{0x000000009001b060}> (0x000000009001b060) 
thrown [s\src\hotspot\share\runtime\objectMonitor.cpp, line 1648]
Event: 6993.133 Thread 0x0000020b315a5bf0 Implicit null exception at 0x0000020b21e69c78 to 0x0000020b21e6a114
Event: 6993.133 Thread 0x0000020b315a5bf0 Exception <a 'sun/nio/fs/WindowsException'{0x000000008fd11f00}> (0x000000008fd11f00) 
thrown [s\src\hotspot\share\prims\jni.cpp, line 517]
Event: 6993.134 Thread 0x0000020b315a5bf0 Exception <a 'sun/nio/fs/WindowsException'{0x000000008fd137d0}> (0x000000008fd137d0) 
thrown [s\src\hotspot\share\prims\jni.cpp, line 517]
Event: 6993.134 Thread 0x0000020b315a5bf0 Exception <a 'sun/nio/fs/WindowsException'{0x000000008fd14fa0}> (0x000000008fd14fa0) 
thrown [s\src\hotspot\share\prims\jni.cpp, line 517]
Event: 6993.238 Thread 0x0000020b315a6590 Exception <a 'sun/nio/fs/WindowsException'{0x000000008fa043c8}> (0x000000008fa043c8) 
thrown [s\src\hotspot\share\prims\jni.cpp, line 517]
Event: 6993.522 Thread 0x0000020b315a6590 Exception <a 'sun/nio/fs/WindowsException'{0x000000008f6a9400}> (0x000000008f6a9400) 
thrown [s\src\hotspot\share\prims\jni.cpp, line 517]
Event: 6993.560 Thread 0x0000020b315a6590 Exception <a 'sun/nio/fs/WindowsException'{0x000000008f5ee8b8}> (0x000000008f5ee8b8) 
thrown [s\src\hotspot\share\prims\jni.cpp, line 517]
Event: 6993.560 Thread 0x0000020b315a6590 Exception <a 'sun/nio/fs/WindowsException'{0x000000008f5eec10}> (0x000000008f5eec10) 
thrown [s\src\hotspot\share\prims\jni.cpp, line 517]
Event: 6993.563 Thread 0x0000020b315a3a40 Exception <a 'sun/nio/fs/WindowsException'{0x000000008f83d060}> (0x000000008f83d060) 
thrown [s\src\hotspot\share\prims\jni.cpp, line 517]
Event: 6993.581 Thread 0x0000020b315a3a40 Exception <a 'sun/nio/fs/WindowsException'{0x000000008f4ce150}> (0x000000008f4ce150) 
thrown [s\src\hotspot\share\prims\jni.cpp, line 517]

VM Operations (20 events):
Event: 6887.517 Executing VM operation: G1CollectForAllocation
Event: 6887.532 Executing VM operation: G1CollectForAllocation done
Event: 6888.558 Executing VM operation: Cleanup
Event: 6888.558 Executing VM operation: Cleanup done
Event: 6984.969 Executing VM operation: G1CollectForAllocation
Event: 6984.979 Executing VM operation: G1CollectForAllocation done
Event: 6985.555 Executing VM operation: G1CollectForAllocation
Event: 6985.564 Executing VM operation: G1CollectForAllocation done
Event: 6985.859 Executing VM operation: G1CollectForAllocation
Event: 6985.876 Executing VM operation: G1CollectForAllocation done
Event: 6986.209 Executing VM operation: G1CollectForAllocation
Event: 6986.219 Executing VM operation: G1CollectForAllocation done
Event: 6986.526 Executing VM operation: G1CollectForAllocation
Event: 6986.542 Executing VM operation: G1CollectForAllocation done
Event: 6987.542 Executing VM operation: Cleanup
Event: 6987.545 Executing VM operation: Cleanup done
Event: 6989.545 Executing VM operation: Cleanup
Event: 6989.545 Executing VM operation: Cleanup done
Event: 6993.548 Executing VM operation: Cleanup
Event: 6993.548 Executing VM operation: Cleanup done

Events (20 events):
Event: 6985.742 Thread 0x0000020b3916e370 Thread added: 0x0000020b3916e370
Event: 6985.742 Thread 0x0000020b39173070 Thread added: 0x0000020b39173070
Event: 6985.743 Thread 0x0000020b39173540 Thread added: 0x0000020b39173540
Event: 6985.743 Thread 0x0000020b39173a10 Thread added: 0x0000020b39173a10
Event: 6985.743 Thread 0x0000020b391743b0 Thread added: 0x0000020b391743b0
Event: 6985.744 Thread 0x0000020b3916f6b0 Thread added: 0x0000020b3916f6b0
Event: 6985.744 Thread 0x0000020b39173ee0 Thread added: 0x0000020b39173ee0
Event: 6985.744 Thread 0x0000020b3916cb60 Thread added: 0x0000020b3916cb60
Event: 6985.744 Thread 0x0000020b3916e840 Thread added: 0x0000020b3916e840
Event: 6985.745 Thread 0x0000020b3916f1e0 Thread added: 0x0000020b3916f1e0
Event: 6985.746 Thread 0x0000020b315a2700 Thread added: 0x0000020b315a2700
Event: 6985.932 Thread 0x0000020b3159ed40 Thread added: 0x0000020b3159ed40
Event: 6986.656 Thread 0x0000020b315a5bf0 Thread added: 0x0000020b315a5bf0
Event: 6986.657 Thread 0x0000020b3159f6e0 Thread added: 0x0000020b3159f6e0
Event: 6986.668 Thread 0x0000020b315a60c0 Thread added: 0x0000020b315a60c0
Event: 6987.977 Thread 0x0000020b315a6590 Thread added: 0x0000020b315a6590
Event: 6988.187 Thread 0x0000020b315a30a0 Thread added: 0x0000020b315a30a0
Event: 6988.210 Thread 0x0000020b315a3570 Thread added: 0x0000020b315a3570
Event: 6993.230 Thread 0x0000020b315a3a40 Thread added: 0x0000020b315a3a40
Event: 6993.231 Thread 0x0000020b315a3f10 Thread added: 0x0000020b315a3f10


Dynamic libraries:
0x00007ff7c75a0000 - 0x00007ff7c75aa000 	C:\Program Files\Android\Android Studio\jbr\bin\java.exe
0x00007fffc46d0000 - 0x00007fffc48c8000 	C:\Windows\SYSTEM32\ntdll.dll
0x00007fffc45c0000 - 0x00007fffc4682000 	C:\Windows\System32\KERNEL32.DLL
0x00007fffc1e10000 - 0x00007fffc210f000 	C:\Windows\System32\KERNELBASE.dll
0x00007fffc2540000 - 0x00007fffc2640000 	C:\Windows\System32\ucrtbase.dll
0x00007fffb8840000 - 0x00007fffb8857000 	C:\Program Files\Android\Android Studio\jbr\bin\jli.dll
0x00007fffc2d60000 - 0x00007fffc2efd000 	C:\Windows\System32\USER32.dll
0x00007fffc2380000 - 0x00007fffc23a2000 	C:\Windows\System32\win32u.dll
0x00007fffc3ca0000 - 0x00007fffc3ccb000 	C:\Windows\System32\GDI32.dll
0x00007fffc2260000 - 0x00007fffc237a000 	C:\Windows\System32\gdi32full.dll
0x00007fffc1d70000 - 0x00007fffc1e0d000 	C:\Windows\System32\msvcp_win.dll
0x00007fffb4350000 - 0x00007fffb436b000 	C:\Program Files\Android\Android Studio\jbr\bin\VCRUNTIME140.dll
0x00007fffaa8a0000 - 0x00007fffaab3a000 	C:\Windows\WinSxS\amd64_microsoft.windows.common-controls_6595b64144ccf1df_6.0.19041.4355_none_60b8b9eb71f62e16\COMCTL32.dll
0x00007fffc3da0000 - 0x00007fffc3e3e000 	C:\Windows\System32\msvcrt.dll
0x00007fffc2c10000 - 0x00007fffc2c3f000 	C:\Windows\System32\IMM32.DLL
0x00007fffbfae0000 - 0x00007fffbfaec000 	C:\Program Files\Android\Android Studio\jbr\bin\vcruntime140_1.dll
0x00007fffaa110000 - 0x00007fffaa19d000 	C:\Program Files\Android\Android Studio\jbr\bin\msvcp140.dll
0x00007fff8cb90000 - 0x00007fff8d7fe000 	C:\Program Files\Android\Android Studio\jbr\bin\server\jvm.dll
0x00007fffc2cb0000 - 0x00007fffc2d5f000 	C:\Windows\System32\ADVAPI32.dll
0x00007fffc3c00000 - 0x00007fffc3c9f000 	C:\Windows\System32\sechost.dll
0x00007fffc2ae0000 - 0x00007fffc2c03000 	C:\Windows\System32\RPCRT4.dll
0x00007fffc2510000 - 0x00007fffc2537000 	C:\Windows\System32\bcrypt.dll
0x00007fffb2420000 - 0x00007fffb2429000 	C:\Windows\SYSTEM32\WSOCK32.dll
0x00007fffc3410000 - 0x00007fffc347b000 	C:\Windows\System32\WS2_32.dll
0x00007fffb6db0000 - 0x00007fffb6dd7000 	C:\Windows\SYSTEM32\WINMM.dll
0x00007fffbfb80000 - 0x00007fffbfb8a000 	C:\Windows\SYSTEM32\VERSION.dll
0x00007fffbfdd0000 - 0x00007fffbfde2000 	C:\Windows\SYSTEM32\kernel.appcore.dll
0x00007fffb2350000 - 0x00007fffb235a000 	C:\Program Files\Android\Android Studio\jbr\bin\jimage.dll
0x00007fffa45e0000 - 0x00007fffa47c4000 	C:\Windows\SYSTEM32\DBGHELP.DLL
0x00007fffa45a0000 - 0x00007fffa45d4000 	C:\Windows\SYSTEM32\dbgcore.DLL
0x00007fffc2110000 - 0x00007fffc2192000 	C:\Windows\System32\bcryptPrimitives.dll
0x00007fffa3830000 - 0x00007fffa3855000 	C:\Program Files\Android\Android Studio\jbr\bin\java.dll
0x00007fffa4b60000 - 0x00007fffa4b78000 	C:\Program Files\Android\Android Studio\jbr\bin\zip.dll
0x00007fffc3e50000 - 0x00007fffc45bd000 	C:\Windows\System32\SHELL32.dll
0x00007fffbfdf0000 - 0x00007fffc0594000 	C:\Windows\SYSTEM32\windows.storage.dll
0x00007fffc2f00000 - 0x00007fffc3255000 	C:\Windows\System32\combase.dll
0x00007fffc16d0000 - 0x00007fffc16ff000 	C:\Windows\SYSTEM32\Wldp.dll
0x00007fffc27a0000 - 0x00007fffc286d000 	C:\Windows\System32\OLEAUT32.dll
0x00007fffc3cf0000 - 0x00007fffc3d9d000 	C:\Windows\System32\SHCORE.dll
0x00007fffc2c40000 - 0x00007fffc2c95000 	C:\Windows\System32\shlwapi.dll
0x00007fffc1ca0000 - 0x00007fffc1cc4000 	C:\Windows\SYSTEM32\profapi.dll
0x00007fffb3ea0000 - 0x00007fffb3eb9000 	C:\Program Files\Android\Android Studio\jbr\bin\net.dll
0x00007fffb7c70000 - 0x00007fffb7d7a000 	C:\Windows\SYSTEM32\WINHTTP.dll
0x00007fffc1430000 - 0x00007fffc149c000 	C:\Windows\system32\mswsock.dll
0x00007fffb3e80000 - 0x00007fffb3e96000 	C:\Program Files\Android\Android Studio\jbr\bin\nio.dll
0x00007fffb3e70000 - 0x00007fffb3e80000 	C:\Program Files\Android\Android Studio\jbr\bin\verify.dll
0x00007fffb25e0000 - 0x00007fffb2607000 	C:\Users\LENOVO\.gradle\native\68d5fa5c4cc2d200863cafc0d521ce42e7d3e7ee720ec0a83991735586a16f82\windows-amd64\native-platform.dll
0x00007fff94c10000 - 0x00007fff94d54000 	C:\Users\LENOVO\.gradle\native\e376f236ea51e6404a007f0833ffe2c6e607c4080706a723a18a27aeea778392\windows-amd64\native-platform-file-events.dll
0x00007fffbaf80000 - 0x00007fffbaf89000 	C:\Program Files\Android\Android Studio\jbr\bin\management.dll
0x00007fffbaf70000 - 0x00007fffbaf7b000 	C:\Program Files\Android\Android Studio\jbr\bin\management_ext.dll
0x00007fffc3e40000 - 0x00007fffc3e48000 	C:\Windows\System32\PSAPI.DLL
0x00007fffc1630000 - 0x00007fffc1648000 	C:\Windows\SYSTEM32\CRYPTSP.dll
0x00007fffc0d50000 - 0x00007fffc0d84000 	C:\Windows\system32\rsaenh.dll
0x00007fffc1c20000 - 0x00007fffc1c4e000 	C:\Windows\SYSTEM32\USERENV.dll
0x00007fffc1620000 - 0x00007fffc162c000 	C:\Windows\SYSTEM32\CRYPTBASE.dll
0x00007fffc1110000 - 0x00007fffc114b000 	C:\Windows\SYSTEM32\IPHLPAPI.DLL
0x00007fffc2ca0000 - 0x00007fffc2ca8000 	C:\Windows\System32\NSI.dll
0x00007fffb7d80000 - 0x00007fffb7d97000 	C:\Windows\SYSTEM32\dhcpcsvc6.DLL
0x00007fffb8370000 - 0x00007fffb838d000 	C:\Windows\SYSTEM32\dhcpcsvc.DLL
0x00007fffc1150000 - 0x00007fffc121a000 	C:\Windows\SYSTEM32\DNSAPI.dll
0x00007fffb8830000 - 0x00007fffb8837000 	C:\Windows\system32\wshunix.dll
0x00007fffbc3f0000 - 0x00007fffbc407000 	C:\Windows\system32\napinsp.dll
0x00007fffbc340000 - 0x00007fffbc35b000 	C:\Windows\system32\pnrpnsp.dll
0x00007fffbd6b0000 - 0x00007fffbd6c5000 	C:\Windows\system32\wshbth.dll
0x00007fffbbe80000 - 0x00007fffbbe9d000 	C:\Windows\system32\NLAapi.dll
0x00007fffbaf40000 - 0x00007fffbaf52000 	C:\Windows\System32\winrnr.dll
0x00007fffb2410000 - 0x00007fffb241a000 	C:\Windows\System32\rasadhlp.dll
0x00007fffb2fe0000 - 0x00007fffb3060000 	C:\Windows\System32\fwpuclnt.dll
0x00007fffb7160000 - 0x00007fffb7167000 	C:\Program Files\Android\Android Studio\jbr\bin\rmi.dll

dbghelp: loaded successfully - version: 4.0.5 - missing functions: none
symbol engine: initialized successfully - sym options: 0x614 - pdb path: .;C:\Program Files\Android\Android Studio\jbr\bin;C:\Windows\SYSTEM32;C:\Windows\WinSxS\amd64_microsoft.windows.common-controls_6595b64144ccf1df_6.0.19041.4355_none_60b8b9eb71f62e16;C:\Program Files\Android\Android Studio\jbr\bin\server;C:\Users\LENOVO\.gradle\native\68d5fa5c4cc2d200863cafc0d521ce42e7d3e7ee720ec0a83991735586a16f82\windows-amd64;C:\Users\LENOVO\.gradle\native\e376f236ea51e6404a007f0833ffe2c6e607c4080706a723a18a27aeea778392\windows-amd64

VM Arguments:
jvm_args: --add-opens=java.base/java.util=ALL-UNNAMED --add-opens=java.base/java.lang=ALL-UNNAMED --add-opens=java.base/java.lang.invoke=ALL-UNNAMED --add-opens=java.prefs/java.util.prefs=ALL-UNNAMED --add-opens=java.base/java.nio.charset=ALL-UNNAMED --add-opens=java.base/java.net=ALL-UNNAMED --add-opens=java.base/java.util.concurrent.atomic=ALL-UNNAMED -Xmx2048m -Dfile.encoding=UTF-8 -Duser.country=ID -Duser.language=en -Duser.variant 
java_command: org.gradle.launcher.daemon.bootstrap.GradleDaemon 8.0
java_class_path (initial): C:\Users\LENOVO\.gradle\wrapper\dists\gradle-8.0-bin\ca5e32bp14vu59qr306oxotwh\gradle-8.0\lib\gradle-launcher-8.0.jar
Launcher Type: SUN_STANDARD

[Global flags]
     intx CICompilerCount                          = 2                                         {product} {ergonomic}
     uint ConcGCThreads                            = 1                                         {product} {ergonomic}
     uint G1ConcRefinementThreads                  = 2                                         {product} {ergonomic}
   size_t G1HeapRegionSize                         = 1048576                                   {product} {ergonomic}
    uintx GCDrainStackTargetSize                   = 64                                        {product} {ergonomic}
   size_t InitialHeapSize                          = 192937984                                 {product} {ergonomic}
   size_t MarkStackSize                            = 4194304                                   {product} {ergonomic}
   size_t MaxHeapSize                              = 2147483648                                {product} {command line}
   size_t MaxNewSize                               = 1287651328                                {product} {ergonomic}
   size_t MinHeapDeltaBytes                        = 1048576                                   {product} {ergonomic}
   size_t MinHeapSize                              = 8388608                                   {product} {ergonomic}
    uintx NonNMethodCodeHeapSize                   = 5826188                                {pd product} {ergonomic}
    uintx NonProfiledCodeHeapSize                  = 122916026                              {pd product} {ergonomic}
    uintx ProfiledCodeHeapSize                     = 122916026                              {pd product} {ergonomic}
    uintx ReservedCodeCacheSize                    = 251658240                              {pd product} {ergonomic}
     bool SegmentedCodeCache                       = true                                      {product} {ergonomic}
   size_t SoftMaxHeapSize                          = 2147483648                             {manageable} {ergonomic}
     bool UseCompressedClassPointers               = true                           {product lp64_product} {ergonomic}
     bool UseCompressedOops                        = true                           {product lp64_product} {ergonomic}
     bool UseG1GC                                  = true                                      {product} {ergonomic}
     bool UseLargePagesIndividualAllocation        = false                                  {pd product} {ergonomic}

Logging:
Log output configuration:
 #0: stdout all=warning uptime,level,tags
 #1: stderr all=off uptime,level,tags

Environment Variables:
JAVA_HOME=C:\Program Files\Java\jdk1.8.0_202
PATH=C:\Program Files\Java\jdk1.8.0_202\bin;C:\Program Files (x86)\Common Files\Oracle\Java\javapath;C:\Windows\system32;C:\Windows;C:\Windows\System32\Wbem;C:\Windows\System32\WindowsPowerShell\v1.0\;C:\Windows\System32\OpenSSH\;C:\Program Files (x86)\Rational\common;C:\Program Files\IBM\SPSS\Statistics\25\JRE\bin;C:\laragon\bin\php\php;C:\composer;C:\Program Files\Git\cmd;C:\Program Files\kotlinc\bin;C:\Users\LENOVO\AppData\Local\Programs\Python\Python311\Scripts\;C:\Users\LENOVO\AppData\Local\Programs\Python\Python311\;C:\Users\LENOVO\AppData\Local\Microsoft\WindowsApps;C:\Users\LENOVO\AppData\Local\Programs\Microsoft VS Code\bin;C:\Program Files\JetBrains\IntelliJ IDEA 2023.2\bin;C:\Program Files\kotlinc;;C:\Users\LENOVO\AppData\Local\JetBrains\IntelliJ IDEA Community Edition 2023.2.1\bin;;C:\Users\LENOVO\AppData\Roaming\Composer\vendor\bin;C:\Program Files\kotlinc;
USERNAME=DZAKY
OS=Windows_NT
PROCESSOR_IDENTIFIER=AMD64 Family 21 Model 112 Stepping 0, AuthenticAMD
TMP=C:\Users\LENOVO\AppData\Local\Temp
TEMP=C:\Users\LENOVO\AppData\Local\Temp


JNI global refs:
JNI global refs: 25, weak refs: 6

JNI global refs memory usage: 843, weak refs: 841


---------------  S Y S T E M  ---------------

OS:
 Windows 10 , 64 bit Build 19041 (10.0.19041.5438)
OS uptime: 7 days 3:38 hours

CPU: total 2 (initial active 2) (2 cores per cpu, 1 threads per core) family 21 model 112 stepping 0 microcode 0x0, cx8, cmov, fxsr, mmx, 3dnowpref, sse, sse2, sse3, ssse3, sse4a, sse4.1, sse4.2, popcnt, lzcnt, tsc, tscinvbit, avx, avx2, aes, clmul, bmi1, bmi2, fma, vzeroupper, clflush

Memory: 4k page, system-wide physical 11680M (2453M free)
TotalPageFile size 11680M (AvailPageFile size 4M)
current process WorkingSet (physical memory assigned to process): 540M, peak: 540M
current process commit charge ("private bytes"): 630M, peak: 640M

vm_info: OpenJDK 64-Bit Server VM (17.0.6+0-b2043.56-10027231) for windows-amd64 JRE (17.0.6+0-b2043.56-10027231), built on Apr 28 2023 00:43:19 by "androidbuild" with MS VC++ 16.10 / 16.11 (VS2019)

END.
